#
# There is insufficient memory for the Java Runtime Environment to continue.
# Native memory allocation (mmap) failed to map 52428800 bytes for G1 virtual space
# Possible reasons:
#   The system is out of physical RAM or swap space
#   The process is running with CompressedOops enabled, and the Java Heap may be blocking the growth of the native heap
# Possible solutions:
#   Reduce memory load on the system
#   Increase physical memory or swap space
#   Check if swap backing store is full
#   Decrease Java heap size (-Xmx/-Xms)
#   Decrease number of Java threads
#   Decrease Java thread stack sizes (-Xss)
#   Set larger code cache with -XX:ReservedCodeCacheSize=
#   JVM is running with Zero Based Compressed Oops mode in which the Java heap is
#     placed in the first 32GB address space. The Java Heap base address is the
#     maximum limit for the native heap growth. Please use -XX:HeapBaseMinAddress
#     to set the Java Heap base and to place the Java Heap above 32GB virtual address.
# This output file may be truncated or incomplete.
#
#  Out of Memory Error (os_windows.cpp:3769), pid=17160, tid=7612
#
# JRE version: OpenJDK Runtime Environment (17.0.6) (build 17.0.6+0-b2043.56-10027231)
# Java VM: OpenJDK 64-Bit Server VM (17.0.6+0-b2043.56-10027231, mixed mode, tiered, compressed oops, compressed class ptrs, g1 gc, windows-amd64)
# No core dump will be written. Minidumps are not enabled by default on client versions of Windows
#

---------------  S U M M A R Y ------------

Command Line: --add-opens=java.base/java.util=ALL-UNNAMED --add-opens=java.base/java.lang=ALL-UNNAMED --add-opens=java.base/java.lang.invoke=ALL-UNNAMED --add-opens=java.prefs/java.util.prefs=ALL-UNNAMED --add-opens=java.base/java.nio.charset=ALL-UNNAMED --add-opens=java.base/java.net=ALL-UNNAMED --add-opens=java.base/java.util.concurrent.atomic=ALL-UNNAMED -Xmx4096m -Dfile.encoding=UTF-8 -Duser.country=ID -Duser.language=en -Duser.variant org.gradle.launcher.daemon.bootstrap.GradleDaemon 8.0

Host: AMD Ryzen 3 3250U with Radeon Graphics         , 4 cores, 9G,  Windows 11 , 64 bit Build 22543 (10.0.22543.1000)
Time: Sat Dec 23 16:22:24 2023 SE Asia Standard Time elapsed time: 85.365951 seconds (0d 0h 1m 25s)

---------------  T H R E A D  ---------------

Current thread (0x00000257b6112610):  VMThread "VM Thread" [stack: 0x0000006afaa00000,0x0000006afab00000] [id=7612]

Stack: [0x0000006afaa00000,0x0000006afab00000]
Native frames: (J=compiled Java code, j=interpreted, Vv=VM code, C=native code)
V  [jvm.dll+0x683c9a]
V  [jvm.dll+0x8427a4]
V  [jvm.dll+0x843f9e]
V  [jvm.dll+0x844603]
V  [jvm.dll+0x249b75]
V  [jvm.dll+0x680b69]
V  [jvm.dll+0x67505a]
V  [jvm.dll+0x309acb]
V  [jvm.dll+0x310f86]
V  [jvm.dll+0x3608ee]
V  [jvm.dll+0x360b1f]
V  [jvm.dll+0x2dfbf8]
V  [jvm.dll+0x2ddec4]
V  [jvm.dll+0x2dd4cc]
V  [jvm.dll+0x321f3b]
V  [jvm.dll+0x848ccb]
V  [jvm.dll+0x849a04]
V  [jvm.dll+0x849f1d]
V  [jvm.dll+0x84a2f4]
V  [jvm.dll+0x84a3c0]
V  [jvm.dll+0x7f274a]
V  [jvm.dll+0x682ad5]
C  [ucrtbase.dll+0x293cc]
C  [KERNEL32.DLL+0x11350]
C  [ntdll.dll+0x51dc8]

VM_Operation (0x0000006afc0f1070): G1CollectForAllocation, mode: safepoint, requested by thread 0x00000257b7d593e0


---------------  P R O C E S S  ---------------

Threads class SMR info:
_java_thread_list=0x00000257c4752830, length=81, elements={
0x0000025795ede780, 0x00000257b6156930, 0x00000257b61574e0, 0x00000257b6178250,
0x00000257b6178d10, 0x00000257b617c070, 0x00000257b617ea30, 0x00000257b6c38350,
0x00000257b6c3c9e0, 0x00000257b6c3f290, 0x00000257b6dae9d0, 0x00000257b6daf2b0,
0x00000257b8653900, 0x00000257b8774020, 0x00000257b97b1900, 0x00000257b9224020,
0x00000257b900b870, 0x00000257b7d58f10, 0x00000257b7d593e0, 0x00000257b7d58a40,
0x00000257b7d59d80, 0x00000257b7018570, 0x00000257b701a250, 0x00000257b701a720,
0x00000257b7018f10, 0x00000257b70193e0, 0x00000257b701b0c0, 0x00000257b7018a40,
0x00000257b70198b0, 0x00000257b7019d80, 0x00000257b7017bd0, 0x00000257b701abf0,
0x00000257b70180a0, 0x00000257bc591a00, 0x00000257bc5970a0, 0x00000257bc596700,
0x00000257bc594550, 0x00000257bcb68a50, 0x00000257bcb668a0, 0x00000257bcb64bc0,
0x00000257bcb68580, 0x00000257bcb698c0, 0x00000257bcb65560, 0x00000257bcb65a30,
0x00000257bcb62ee0, 0x00000257bcb68f20, 0x00000257bcb62540, 0x00000257bcb67be0,
0x00000257bcb62a10, 0x00000257bcb693f0, 0x00000257bcb633b0, 0x00000257bcb663d0,
0x00000257bcb65f00, 0x00000257bcb66d70, 0x00000257bcb67240, 0x00000257bcb67710,
0x00000257bcb680b0, 0x00000257b7d598b0, 0x00000257c4cfb980, 0x00000257c4cf7150,
0x00000257c4cf4ad0, 0x00000257c4cf4130, 0x00000257c4cf8e30, 0x00000257c4cfb4b0,
0x00000257c4cfab10, 0x00000257c4cf97d0, 0x00000257c4cf8490, 0x00000257c4cf4600,
0x00000257c4cf62e0, 0x00000257c4cfafe0, 0x00000257c4cf4fa0, 0x00000257c4cf5470,
0x00000257c4cf5940, 0x00000257c4cf9ca0, 0x00000257c4cf5e10, 0x00000257c4cf67b0,
0x00000257c4cf6c80, 0x00000257c4cf8960, 0x00000257c4cfa170, 0x00000257c4cf9300,
0x00000257bccf5f00
}

Java Threads: ( => current thread )
  0x0000025795ede780 JavaThread "main" [_thread_blocked, id=9836, stack(0x0000006afa400000,0x0000006afa500000)]
  0x00000257b6156930 JavaThread "Reference Handler" daemon [_thread_blocked, id=14348, stack(0x0000006afab00000,0x0000006afac00000)]
  0x00000257b61574e0 JavaThread "Finalizer" daemon [_thread_blocked, id=16288, stack(0x0000006afac00000,0x0000006afad00000)]
  0x00000257b6178250 JavaThread "Signal Dispatcher" daemon [_thread_blocked, id=14460, stack(0x0000006afad00000,0x0000006afae00000)]
  0x00000257b6178d10 JavaThread "Attach Listener" daemon [_thread_blocked, id=3912, stack(0x0000006afae00000,0x0000006afaf00000)]
  0x00000257b617c070 JavaThread "Service Thread" daemon [_thread_blocked, id=1492, stack(0x0000006afaf00000,0x0000006afb000000)]
  0x00000257b617ea30 JavaThread "Monitor Deflation Thread" daemon [_thread_blocked, id=14156, stack(0x0000006afb000000,0x0000006afb100000)]
  0x00000257b6c38350 JavaThread "C2 CompilerThread0" daemon [_thread_in_native, id=11500, stack(0x0000006afb100000,0x0000006afb200000)]
  0x00000257b6c3c9e0 JavaThread "C1 CompilerThread0" daemon [_thread_blocked, id=13580, stack(0x0000006afb200000,0x0000006afb300000)]
  0x00000257b6c3f290 JavaThread "Sweeper thread" daemon [_thread_blocked, id=2768, stack(0x0000006afb300000,0x0000006afb400000)]
  0x00000257b6dae9d0 JavaThread "Common-Cleaner" daemon [_thread_blocked, id=7124, stack(0x0000006afb400000,0x0000006afb500000)]
  0x00000257b6daf2b0 JavaThread "Notification Thread" daemon [_thread_blocked, id=16504, stack(0x0000006afb500000,0x0000006afb600000)]
  0x00000257b8653900 JavaThread "Daemon health stats" [_thread_blocked, id=12108, stack(0x0000006afbb00000,0x0000006afbc00000)]
  0x00000257b8774020 JavaThread "Incoming local TCP Connector on port 44326" [_thread_in_native, id=7512, stack(0x0000006afb700000,0x0000006afb800000)]
  0x00000257b97b1900 JavaThread "Daemon periodic checks" [_thread_blocked, id=7812, stack(0x0000006afbc00000,0x0000006afbd00000)]
  0x00000257b9224020 JavaThread "Daemon" [_thread_blocked, id=16468, stack(0x0000006afbd00000,0x0000006afbe00000)]
  0x00000257b900b870 JavaThread "Handler for socket connection from /127.0.0.1:44326 to /127.0.0.1:44327" [_thread_in_native, id=16428, stack(0x0000006afbe00000,0x0000006afbf00000)]
  0x00000257b7d58f10 JavaThread "Cancel handler" [_thread_blocked, id=10316, stack(0x0000006afbf00000,0x0000006afc000000)]
  0x00000257b7d593e0 JavaThread "Daemon worker" [_thread_blocked, id=6048, stack(0x0000006afc000000,0x0000006afc100000)]
  0x00000257b7d58a40 JavaThread "Asynchronous log dispatcher for DefaultDaemonConnection: socket connection from /127.0.0.1:44326 to /127.0.0.1:44327" [_thread_blocked, id=2632, stack(0x0000006afc100000,0x0000006afc200000)]
  0x00000257b7d59d80 JavaThread "Daemon client event forwarder" [_thread_blocked, id=10628, stack(0x0000006afc300000,0x0000006afc400000)]
  0x00000257b7018570 JavaThread "Cache worker for journal cache (C:\Users\wilda\.gradle\caches\journal-1)" [_thread_blocked, id=14940, stack(0x0000006afc400000,0x0000006afc500000)]
  0x00000257b701a250 JavaThread "File lock request listener" [_thread_in_native, id=16616, stack(0x0000006afc500000,0x0000006afc600000)]
  0x00000257b701a720 JavaThread "Cache worker for file hash cache (C:\Users\wilda\.gradle\caches\8.0\fileHashes)" [_thread_blocked, id=4800, stack(0x0000006afc600000,0x0000006afc700000)]
  0x00000257b7018f10 JavaThread "File watcher server" daemon [_thread_in_native, id=15144, stack(0x0000006afc900000,0x0000006afca00000)]
  0x00000257b70193e0 JavaThread "File watcher consumer" daemon [_thread_blocked, id=2988, stack(0x0000006afca00000,0x0000006afcb00000)]
  0x00000257b701b0c0 JavaThread "jar transforms" [_thread_blocked, id=6100, stack(0x0000006afcb00000,0x0000006afcc00000)]
  0x00000257b7018a40 JavaThread "jar transforms Thread 2" [_thread_blocked, id=11576, stack(0x0000006afcc00000,0x0000006afcd00000)]
  0x00000257b70198b0 JavaThread "jar transforms Thread 3" [_thread_blocked, id=11448, stack(0x0000006afcd00000,0x0000006afce00000)]
  0x00000257b7019d80 JavaThread "jar transforms Thread 4" [_thread_blocked, id=16216, stack(0x0000006afce00000,0x0000006afcf00000)]
  0x00000257b7017bd0 JavaThread "Cache worker for checksums cache (C:\Users\wilda\AndroidStudioProjects\FilmKu\.gradle\8.0\checksums)" [_thread_blocked, id=15240, stack(0x0000006afc800000,0x0000006afc900000)]
  0x00000257b701abf0 JavaThread "Cache worker for cache directory md-rule (C:\Users\wilda\.gradle\caches\8.0\md-rule)" [_thread_blocked, id=15068, stack(0x0000006afcf00000,0x0000006afd000000)]
  0x00000257b70180a0 JavaThread "Cache worker for file content cache (C:\Users\wilda\.gradle\caches\8.0\fileContent)" [_thread_blocked, id=15228, stack(0x0000006afd000000,0x0000006afd100000)]
  0x00000257bc591a00 JavaThread "Cache worker for file hash cache (C:\Users\wilda\AndroidStudioProjects\FilmKu\.gradle\8.0\fileHashes)" [_thread_blocked, id=4672, stack(0x0000006afd200000,0x0000006afd300000)]
  0x00000257bc5970a0 JavaThread "Cache worker for cache directory md-supplier (C:\Users\wilda\.gradle\caches\8.0\md-supplier)" [_thread_blocked, id=3256, stack(0x0000006afd100000,0x0000006afd200000)]
  0x00000257bc596700 JavaThread "Cache worker for execution history cache (C:\Users\wilda\.gradle\caches\8.0\executionHistory)" [_thread_blocked, id=6288, stack(0x0000006afd300000,0x0000006afd400000)]
  0x00000257bc594550 JavaThread "Cache worker for kotlin-dsl (C:\Users\wilda\.gradle\caches\8.0\kotlin-dsl)" [_thread_blocked, id=5640, stack(0x0000006afd500000,0x0000006afd600000)]
  0x00000257bcb68a50 JavaThread "Cache worker for dependencies-accessors (C:\Users\wilda\AndroidStudioProjects\FilmKu\.gradle\8.0\dependencies-accessors)" [_thread_blocked, id=13856, stack(0x0000006afa300000,0x0000006afa400000)]
  0x00000257bcb668a0 JavaThread "Cache worker for Build Output Cleanup Cache (C:\Users\wilda\AndroidStudioProjects\FilmKu\.gradle\buildOutputCleanup)" [_thread_blocked, id=1168, stack(0x0000006afa200000,0x0000006afa300000)]
  0x00000257bcb64bc0 JavaThread "Unconstrained build operations" [_thread_blocked, id=16172, stack(0x0000006afd800000,0x0000006afd900000)]
  0x00000257bcb68580 JavaThread "Unconstrained build operations Thread 2" [_thread_blocked, id=15532, stack(0x0000006afd900000,0x0000006afda00000)]
  0x00000257bcb698c0 JavaThread "Unconstrained build operations Thread 3" [_thread_blocked, id=16356, stack(0x0000006afda00000,0x0000006afdb00000)]
  0x00000257bcb65560 JavaThread "Unconstrained build operations Thread 4" [_thread_blocked, id=5676, stack(0x0000006afdb00000,0x0000006afdc00000)]
  0x00000257bcb65a30 JavaThread "Unconstrained build operations Thread 5" [_thread_blocked, id=9564, stack(0x0000006afdc00000,0x0000006afdd00000)]
  0x00000257bcb62ee0 JavaThread "Unconstrained build operations Thread 6" [_thread_blocked, id=4104, stack(0x0000006afdd00000,0x0000006afde00000)]
  0x00000257bcb68f20 JavaThread "Unconstrained build operations Thread 7" [_thread_blocked, id=14368, stack(0x0000006afde00000,0x0000006afdf00000)]
  0x00000257bcb62540 JavaThread "Unconstrained build operations Thread 8" [_thread_blocked, id=10824, stack(0x0000006afdf00000,0x0000006afe000000)]
  0x00000257bcb67be0 JavaThread "Unconstrained build operations Thread 9" [_thread_blocked, id=13472, stack(0x0000006afe000000,0x0000006afe100000)]
  0x00000257bcb62a10 JavaThread "Unconstrained build operations Thread 10" [_thread_blocked, id=6600, stack(0x0000006afe100000,0x0000006afe200000)]
  0x00000257bcb693f0 JavaThread "Unconstrained build operations Thread 11" [_thread_blocked, id=16576, stack(0x0000006afe200000,0x0000006afe300000)]
  0x00000257bcb633b0 JavaThread "Unconstrained build operations Thread 12" [_thread_blocked, id=11396, stack(0x0000006afe300000,0x0000006afe400000)]
  0x00000257bcb663d0 JavaThread "Unconstrained build operations Thread 13" [_thread_blocked, id=14384, stack(0x0000006afe400000,0x0000006afe500000)]
  0x00000257bcb65f00 JavaThread "Unconstrained build operations Thread 14" [_thread_blocked, id=10280, stack(0x0000006afe500000,0x0000006afe600000)]
  0x00000257bcb66d70 JavaThread "Unconstrained build operations Thread 15" [_thread_blocked, id=15680, stack(0x0000006afe600000,0x0000006afe700000)]
  0x00000257bcb67240 JavaThread "Unconstrained build operations Thread 16" [_thread_blocked, id=16748, stack(0x0000006afe700000,0x0000006afe800000)]
  0x00000257bcb67710 JavaThread "Unconstrained build operations Thread 17" [_thread_blocked, id=1812, stack(0x0000006afe800000,0x0000006afe900000)]
  0x00000257bcb680b0 JavaThread "Unconstrained build operations Thread 18" [_thread_blocked, id=6264, stack(0x0000006afe900000,0x0000006afea00000)]
  0x00000257b7d598b0 JavaThread "Unconstrained build operations Thread 19" [_thread_blocked, id=14276, stack(0x0000006afea00000,0x0000006afeb00000)]
  0x00000257c4cfb980 JavaThread "Unconstrained build operations Thread 20" [_thread_blocked, id=17288, stack(0x0000006afeb00000,0x0000006afec00000)]
  0x00000257c4cf7150 JavaThread "Unconstrained build operations Thread 21" [_thread_blocked, id=4036, stack(0x0000006afec00000,0x0000006afed00000)]
  0x00000257c4cf4ad0 JavaThread "Unconstrained build operations Thread 22" [_thread_blocked, id=1856, stack(0x0000006afed00000,0x0000006afee00000)]
  0x00000257c4cf4130 JavaThread "Unconstrained build operations Thread 23" [_thread_blocked, id=16348, stack(0x0000006afee00000,0x0000006afef00000)]
  0x00000257c4cf8e30 JavaThread "Unconstrained build operations Thread 24" [_thread_blocked, id=13984, stack(0x0000006afef00000,0x0000006aff000000)]
  0x00000257c4cfb4b0 JavaThread "Unconstrained build operations Thread 25" [_thread_blocked, id=11116, stack(0x0000006aff000000,0x0000006aff100000)]
  0x00000257c4cfab10 JavaThread "Unconstrained build operations Thread 26" [_thread_blocked, id=7780, stack(0x0000006aff100000,0x0000006aff200000)]
  0x00000257c4cf97d0 JavaThread "Unconstrained build operations Thread 27" [_thread_blocked, id=14096, stack(0x0000006aff200000,0x0000006aff300000)]
  0x00000257c4cf8490 JavaThread "Unconstrained build operations Thread 28" [_thread_blocked, id=4044, stack(0x0000006aff300000,0x0000006aff400000)]
  0x00000257c4cf4600 JavaThread "Unconstrained build operations Thread 29" [_thread_blocked, id=13428, stack(0x0000006aff400000,0x0000006aff500000)]
  0x00000257c4cf62e0 JavaThread "Unconstrained build operations Thread 30" [_thread_blocked, id=13780, stack(0x0000006aff500000,0x0000006aff600000)]
  0x00000257c4cfafe0 JavaThread "Unconstrained build operations Thread 31" [_thread_blocked, id=8500, stack(0x0000006aff600000,0x0000006aff700000)]
  0x00000257c4cf4fa0 JavaThread "Unconstrained build operations Thread 32" [_thread_blocked, id=17152, stack(0x0000006aff700000,0x0000006aff800000)]
  0x00000257c4cf5470 JavaThread "Unconstrained build operations Thread 33" [_thread_blocked, id=15716, stack(0x0000006aff800000,0x0000006aff900000)]
  0x00000257c4cf5940 JavaThread "Unconstrained build operations Thread 34" [_thread_blocked, id=8200, stack(0x0000006aff900000,0x0000006affa00000)]
  0x00000257c4cf9ca0 JavaThread "Unconstrained build operations Thread 35" [_thread_blocked, id=3068, stack(0x0000006affa00000,0x0000006affb00000)]
  0x00000257c4cf5e10 JavaThread "Unconstrained build operations Thread 36" [_thread_blocked, id=16116, stack(0x0000006affb00000,0x0000006affc00000)]
  0x00000257c4cf67b0 JavaThread "Unconstrained build operations Thread 37" [_thread_blocked, id=16152, stack(0x0000006affc00000,0x0000006affd00000)]
  0x00000257c4cf6c80 JavaThread "Unconstrained build operations Thread 38" [_thread_blocked, id=15396, stack(0x0000006affd00000,0x0000006affe00000)]
  0x00000257c4cf8960 JavaThread "Unconstrained build operations Thread 39" [_thread_blocked, id=15204, stack(0x0000006affe00000,0x0000006afff00000)]
  0x00000257c4cfa170 JavaThread "Unconstrained build operations Thread 40" [_thread_blocked, id=14036, stack(0x0000006afff00000,0x0000006b00000000)]
  0x00000257c4cf9300 JavaThread "Memory manager" [_thread_blocked, id=15304, stack(0x0000006a80000000,0x0000006a80100000)]
  0x00000257bccf5f00 JavaThread "C2 CompilerThread1" daemon [_thread_blocked, id=17336, stack(0x0000006a80100000,0x0000006a80200000)]

Other Threads:
=>0x00000257b6112610 VMThread "VM Thread" [stack: 0x0000006afaa00000,0x0000006afab00000] [id=7612]
  0x00000257b6daf780 WatcherThread [stack: 0x0000006afb600000,0x0000006afb700000] [id=14680]
  0x0000025796097cd0 GCTaskThread "GC Thread#0" [stack: 0x0000006afa500000,0x0000006afa600000] [id=14172]
  0x00000257b708dbc0 GCTaskThread "GC Thread#1" [stack: 0x0000006afb800000,0x0000006afb900000] [id=4652]
  0x00000257b76ac810 GCTaskThread "GC Thread#2" [stack: 0x0000006afb900000,0x0000006afba00000] [id=17252]
  0x00000257b77d6590 GCTaskThread "GC Thread#3" [stack: 0x0000006afba00000,0x0000006afbb00000] [id=16192]
  0x00000257960a8c10 ConcurrentGCThread "G1 Main Marker" [stack: 0x0000006afa600000,0x0000006afa700000] [id=17296]
  0x00000257960a9620 ConcurrentGCThread "G1 Conc#0" [stack: 0x0000006afa700000,0x0000006afa800000] [id=3160]
  0x00000257960e4bc0 ConcurrentGCThread "G1 Refine#0" [stack: 0x0000006afa800000,0x0000006afa900000] [id=7220]
  0x00000257b97a3d50 ConcurrentGCThread "G1 Refine#1" [stack: 0x0000006afc700000,0x0000006afc800000] [id=8208]
  0x00000257b9fb6cc0 ConcurrentGCThread "G1 Refine#2" [stack: 0x0000006afd600000,0x0000006afd700000] [id=11736]
  0x00000257b5fc2700 ConcurrentGCThread "G1 Service" [stack: 0x0000006afa900000,0x0000006afaa00000] [id=16692]

Threads with active compile tasks:
C2 CompilerThread0    85484 12637   !   4       org.jetbrains.kotlin.metadata.jvm.JvmModuleProtoBuf$PackageParts::<init> (1103 bytes)
C1 CompilerThread0    85484 12712       1       org.jetbrains.kotlin.cli.jvm.modules.CoreJrtVirtualFile::isValid (2 bytes)
C2 CompilerThread1    85484 12707       4       org.jetbrains.kotlin.com.intellij.openapi.vfs.VirtualFile::findChild (62 bytes)

VM state: at safepoint (normal execution)

VM Mutex/Monitor currently owned by a thread:  ([mutex/lock_event])
[0x0000025795edbe90] Threads_lock - owner thread: 0x00000257b6112610
[0x0000025795edb470] Heap_lock - owner thread: 0x00000257b7d593e0

Heap address: 0x0000000700000000, size: 4096 MB, Compressed Oops mode: Zero based, Oop shift amount: 3

CDS archive(s) not mapped
Compressed class space mapped at: 0x0000000800000000-0x0000000840000000, reserved size: 1073741824
Narrow klass base: 0x0000000800000000, Narrow klass shift: 0, Narrow klass range: 0x40000000

GC Precious Log:
 CPUs: 4 total, 4 available
 Memory: 10177M
 Large Page Support: Disabled
 NUMA Support: Disabled
 Compressed Oops: Enabled (Zero based)
 Heap Region Size: 2M
 Heap Min Capacity: 8M
 Heap Initial Capacity: 160M
 Heap Max Capacity: 4G
 Pre-touch: Disabled
 Parallel Workers: 4
 Concurrent Workers: 1
 Concurrent Refinement Workers: 4
 Periodic GC: Disabled

Heap:
 garbage-first heap   total 249856K, used 167411K [0x0000000700000000, 0x0000000800000000)
  region size 2048K, 3 young (6144K), 3 survivors (6144K)
 Metaspace       used 134700K, committed 135424K, reserved 1171456K
  class space    used 17320K, committed 17664K, reserved 1048576K

Heap Regions: E=young(eden), S=young(survivor), O=old, HS=humongous(starts), HC=humongous(continues), CS=collection set, F=free, OA=open archive, CA=closed archive, TAMS=top-at-mark-start (previous, next)
|   0|0x0000000700000000, 0x0000000700200000, 0x0000000700200000|100%| O|  |TAMS 0x0000000700200000, 0x0000000700000000| Untracked 
|   1|0x0000000700200000, 0x0000000700400000, 0x0000000700400000|100%|HS|  |TAMS 0x0000000700400000, 0x0000000700200000| Complete 
|   2|0x0000000700400000, 0x0000000700600000, 0x0000000700600000|100%|HC|  |TAMS 0x0000000700600000, 0x0000000700400000| Complete 
|   3|0x0000000700600000, 0x0000000700800000, 0x0000000700800000|100%|HS|  |TAMS 0x0000000700800000, 0x0000000700600000| Complete 
|   4|0x0000000700800000, 0x0000000700a00000, 0x0000000700a00000|100%| O|  |TAMS 0x0000000700a00000, 0x0000000700800000| Untracked 
|   5|0x0000000700a00000, 0x0000000700c00000, 0x0000000700c00000|100%| O|  |TAMS 0x0000000700c00000, 0x0000000700a00000| Untracked 
|   6|0x0000000700c00000, 0x0000000700e00000, 0x0000000700e00000|100%| O|  |TAMS 0x0000000700e00000, 0x0000000700c00000| Untracked 
|   7|0x0000000700e00000, 0x0000000701000000, 0x0000000701000000|100%| O|  |TAMS 0x0000000701000000, 0x0000000700e00000| Untracked 
|   8|0x0000000701000000, 0x0000000701200000, 0x0000000701200000|100%| O|  |TAMS 0x0000000701200000, 0x0000000701000000| Untracked 
|   9|0x0000000701200000, 0x0000000701400000, 0x0000000701400000|100%| O|  |TAMS 0x0000000701400000, 0x0000000701200000| Untracked 
|  10|0x0000000701400000, 0x0000000701600000, 0x0000000701600000|100%| O|  |TAMS 0x0000000701600000, 0x0000000701400000| Untracked 
|  11|0x0000000701600000, 0x0000000701800000, 0x0000000701800000|100%|HS|  |TAMS 0x0000000701800000, 0x0000000701600000| Complete 
|  12|0x0000000701800000, 0x0000000701a00000, 0x0000000701a00000|100%|HC|  |TAMS 0x0000000701a00000, 0x0000000701800000| Complete 
|  13|0x0000000701a00000, 0x0000000701c00000, 0x0000000701c00000|100%|HS|  |TAMS 0x0000000701c00000, 0x0000000701a00000| Complete 
|  14|0x0000000701c00000, 0x0000000701e00000, 0x0000000701e00000|100%|HC|  |TAMS 0x0000000701e00000, 0x0000000701c00000| Complete 
|  15|0x0000000701e00000, 0x0000000702000000, 0x0000000702000000|100%| O|  |TAMS 0x0000000702000000, 0x0000000701e00000| Untracked 
|  16|0x0000000702000000, 0x0000000702200000, 0x0000000702200000|100%| O|  |TAMS 0x0000000702200000, 0x0000000702000000| Untracked 
|  17|0x0000000702200000, 0x0000000702400000, 0x0000000702400000|100%|HS|  |TAMS 0x0000000702400000, 0x0000000702200000| Complete 
|  18|0x0000000702400000, 0x0000000702600000, 0x0000000702600000|100%| O|  |TAMS 0x0000000702600000, 0x0000000702400000| Untracked 
|  19|0x0000000702600000, 0x0000000702800000, 0x0000000702800000|100%| O|  |TAMS 0x0000000702800000, 0x0000000702600000| Untracked 
|  20|0x0000000702800000, 0x0000000702a00000, 0x0000000702a00000|100%| O|  |TAMS 0x0000000702a00000, 0x0000000702800000| Untracked 
|  21|0x0000000702a00000, 0x0000000702c00000, 0x0000000702c00000|100%|HS|  |TAMS 0x0000000702c00000, 0x0000000702a00000| Complete 
|  22|0x0000000702c00000, 0x0000000702e00000, 0x0000000702e00000|100%|HC|  |TAMS 0x0000000702e00000, 0x0000000702c00000| Complete 
|  23|0x0000000702e00000, 0x0000000703000000, 0x0000000703000000|100%|HC|  |TAMS 0x0000000703000000, 0x0000000702e00000| Complete 
|  24|0x0000000703000000, 0x0000000703200000, 0x0000000703200000|100%|HC|  |TAMS 0x0000000703200000, 0x0000000703000000| Complete 
|  25|0x0000000703200000, 0x0000000703400000, 0x0000000703400000|100%|HC|  |TAMS 0x0000000703400000, 0x0000000703200000| Complete 
|  26|0x0000000703400000, 0x0000000703600000, 0x0000000703600000|100%|HC|  |TAMS 0x0000000703600000, 0x0000000703400000| Complete 
|  27|0x0000000703600000, 0x0000000703800000, 0x0000000703800000|100%| O|  |TAMS 0x0000000703800000, 0x0000000703600000| Untracked 
|  28|0x0000000703800000, 0x0000000703a00000, 0x0000000703a00000|100%|HS|  |TAMS 0x0000000703a00000, 0x0000000703800000| Complete 
|  29|0x0000000703a00000, 0x0000000703c00000, 0x0000000703c00000|100%|HC|  |TAMS 0x0000000703c00000, 0x0000000703a00000| Complete 
|  30|0x0000000703c00000, 0x0000000703e00000, 0x0000000703e00000|100%| O|  |TAMS 0x0000000703e00000, 0x0000000703c00000| Untracked 
|  31|0x0000000703e00000, 0x0000000704000000, 0x0000000704000000|100%|HS|  |TAMS 0x0000000704000000, 0x0000000703e00000| Complete 
|  32|0x0000000704000000, 0x0000000704200000, 0x0000000704200000|100%|HC|  |TAMS 0x0000000704200000, 0x0000000704000000| Complete 
|  33|0x0000000704200000, 0x0000000704400000, 0x0000000704400000|100%| O|  |TAMS 0x0000000704400000, 0x0000000704200000| Untracked 
|  34|0x0000000704400000, 0x0000000704600000, 0x0000000704600000|100%| O|  |TAMS 0x0000000704600000, 0x0000000704400000| Untracked 
|  35|0x0000000704600000, 0x0000000704800000, 0x0000000704800000|100%|HS|  |TAMS 0x0000000704800000, 0x0000000704600000| Complete 
|  36|0x0000000704800000, 0x0000000704a00000, 0x0000000704a00000|100%|HC|  |TAMS 0x0000000704a00000, 0x0000000704800000| Complete 
|  37|0x0000000704a00000, 0x0000000704c00000, 0x0000000704c00000|100%| O|  |TAMS 0x0000000704c00000, 0x0000000704a00000| Untracked 
|  38|0x0000000704c00000, 0x0000000704e00000, 0x0000000704e00000|100%| O|  |TAMS 0x0000000704e00000, 0x0000000704c00000| Untracked 
|  39|0x0000000704e00000, 0x0000000705000000, 0x0000000705000000|100%| O|  |TAMS 0x0000000705000000, 0x0000000704e00000| Untracked 
|  40|0x0000000705000000, 0x0000000705200000, 0x0000000705200000|100%| O|  |TAMS 0x0000000705200000, 0x0000000705000000| Untracked 
|  41|0x0000000705200000, 0x0000000705400000, 0x0000000705400000|100%| O|  |TAMS 0x0000000705400000, 0x0000000705200000| Untracked 
|  42|0x0000000705400000, 0x0000000705600000, 0x0000000705600000|100%| O|  |TAMS 0x0000000705600000, 0x0000000705400000| Untracked 
|  43|0x0000000705600000, 0x0000000705800000, 0x0000000705800000|100%| O|  |TAMS 0x0000000705800000, 0x0000000705600000| Untracked 
|  44|0x0000000705800000, 0x0000000705a00000, 0x0000000705a00000|100%|HS|  |TAMS 0x0000000705a00000, 0x0000000705800000| Complete 
|  45|0x0000000705a00000, 0x0000000705c00000, 0x0000000705c00000|100%|HC|  |TAMS 0x0000000705c00000, 0x0000000705a00000| Complete 
|  46|0x0000000705c00000, 0x0000000705e00000, 0x0000000705e00000|100%|HC|  |TAMS 0x0000000705e00000, 0x0000000705c00000| Complete 
|  47|0x0000000705e00000, 0x0000000706000000, 0x0000000706000000|100%| O|  |TAMS 0x0000000706000000, 0x0000000705e00000| Untracked 
|  48|0x0000000706000000, 0x0000000706200000, 0x0000000706200000|100%| O|  |TAMS 0x0000000706200000, 0x0000000706000000| Untracked 
|  49|0x0000000706200000, 0x0000000706400000, 0x0000000706400000|100%| O|  |TAMS 0x0000000706400000, 0x0000000706200000| Untracked 
|  50|0x0000000706400000, 0x0000000706600000, 0x0000000706600000|100%| O|  |TAMS 0x0000000706600000, 0x0000000706400000| Untracked 
|  51|0x0000000706600000, 0x0000000706800000, 0x0000000706800000|100%| O|  |TAMS 0x0000000706800000, 0x0000000706600000| Untracked 
|  52|0x0000000706800000, 0x0000000706a00000, 0x0000000706a00000|100%| O|  |TAMS 0x0000000706a00000, 0x0000000706800000| Untracked 
|  53|0x0000000706a00000, 0x0000000706c00000, 0x0000000706c00000|100%| O|  |TAMS 0x0000000706c00000, 0x0000000706a00000| Untracked 
|  54|0x0000000706c00000, 0x0000000706e00000, 0x0000000706e00000|100%| O|  |TAMS 0x0000000706c00000, 0x0000000706c00000| Untracked 
|  55|0x0000000706e00000, 0x0000000707000000, 0x0000000707000000|100%| O|  |TAMS 0x0000000707000000, 0x0000000706e00000| Untracked 
|  56|0x0000000707000000, 0x0000000707200000, 0x0000000707200000|100%| O|  |TAMS 0x0000000707200000, 0x0000000707000000| Untracked 
|  57|0x0000000707200000, 0x0000000707400000, 0x0000000707400000|100%| O|  |TAMS 0x0000000707400000, 0x0000000707200000| Untracked 
|  58|0x0000000707400000, 0x0000000707600000, 0x0000000707600000|100%| O|  |TAMS 0x0000000707600000, 0x0000000707400000| Untracked 
|  59|0x0000000707600000, 0x0000000707800000, 0x0000000707800000|100%|HS|  |TAMS 0x0000000707800000, 0x0000000707600000| Complete 
|  60|0x0000000707800000, 0x0000000707a00000, 0x0000000707a00000|100%|HS|  |TAMS 0x0000000707a00000, 0x0000000707800000| Complete 
|  61|0x0000000707a00000, 0x0000000707c00000, 0x0000000707c00000|100%|HC|  |TAMS 0x0000000707c00000, 0x0000000707a00000| Complete 
|  62|0x0000000707c00000, 0x0000000707e00000, 0x0000000707e00000|100%| O|  |TAMS 0x0000000707e00000, 0x0000000707c00000| Untracked 
|  63|0x0000000707e00000, 0x0000000708000000, 0x0000000708000000|100%| O|  |TAMS 0x0000000708000000, 0x0000000707e00000| Untracked 
|  64|0x0000000708000000, 0x0000000708200000, 0x0000000708200000|100%| O|  |TAMS 0x0000000708200000, 0x0000000708000000| Untracked 
|  65|0x0000000708200000, 0x0000000708400000, 0x0000000708400000|100%| O|  |TAMS 0x0000000708400000, 0x0000000708200000| Untracked 
|  66|0x0000000708400000, 0x0000000708600000, 0x0000000708600000|100%| O|  |TAMS 0x0000000708600000, 0x0000000708400000| Untracked 
|  67|0x0000000708600000, 0x0000000708800000, 0x0000000708800000|100%| O|  |TAMS 0x0000000708800000, 0x0000000708600000| Untracked 
|  68|0x0000000708800000, 0x0000000708a00000, 0x0000000708a00000|100%| O|  |TAMS 0x0000000708800000, 0x0000000708800000| Untracked 
|  69|0x0000000708a00000, 0x0000000708c00000, 0x0000000708c00000|100%| O|  |TAMS 0x0000000708a00000, 0x0000000708a00000| Untracked 
|  70|0x0000000708c00000, 0x0000000708e00000, 0x0000000708e00000|100%| O|  |TAMS 0x0000000708c00000, 0x0000000708c00000| Untracked 
|  71|0x0000000708e00000, 0x0000000709000000, 0x0000000709000000|100%| O|  |TAMS 0x0000000708e00000, 0x0000000708e00000| Untracked 
|  72|0x0000000709000000, 0x0000000709200000, 0x0000000709200000|100%| O|  |TAMS 0x0000000709000000, 0x0000000709000000| Untracked 
|  73|0x0000000709200000, 0x0000000709400000, 0x0000000709400000|100%| O|  |TAMS 0x0000000709200000, 0x0000000709200000| Untracked 
|  74|0x0000000709400000, 0x0000000709600000, 0x0000000709600000|100%| O|  |TAMS 0x0000000709400000, 0x0000000709400000| Untracked 
|  75|0x0000000709600000, 0x0000000709800000, 0x0000000709800000|100%| O|  |TAMS 0x0000000709600000, 0x0000000709600000| Untracked 
|  76|0x0000000709800000, 0x0000000709a00000, 0x0000000709a00000|100%| O|  |TAMS 0x0000000709800000, 0x0000000709800000| Untracked 
|  77|0x0000000709a00000, 0x0000000709c00000, 0x0000000709c00000|100%| O|  |TAMS 0x0000000709a00000, 0x0000000709a00000| Untracked 
|  78|0x0000000709c00000, 0x0000000709d7cc00, 0x0000000709e00000| 74%| O|  |TAMS 0x0000000709c00000, 0x0000000709c00000| Untracked 
|  79|0x0000000709e00000, 0x0000000709e00000, 0x000000070a000000|  0%| F|  |TAMS 0x0000000709e00000, 0x0000000709e00000| Untracked 
|  80|0x000000070a000000, 0x000000070a000000, 0x000000070a200000|  0%| F|  |TAMS 0x000000070a000000, 0x000000070a000000| Untracked 
|  81|0x000000070a200000, 0x000000070a200000, 0x000000070a400000|  0%| F|  |TAMS 0x000000070a200000, 0x000000070a200000| Untracked 
|  82|0x000000070a400000, 0x000000070a400000, 0x000000070a600000|  0%| F|  |TAMS 0x000000070a400000, 0x000000070a400000| Untracked 
|  83|0x000000070a600000, 0x000000070a600000, 0x000000070a800000|  0%| F|  |TAMS 0x000000070a600000, 0x000000070a600000| Untracked 
|  84|0x000000070a800000, 0x000000070a800000, 0x000000070aa00000|  0%| F|  |TAMS 0x000000070a800000, 0x000000070a800000| Untracked 
|  85|0x000000070aa00000, 0x000000070aa00000, 0x000000070ac00000|  0%| F|  |TAMS 0x000000070aa00000, 0x000000070aa00000| Untracked 
|  86|0x000000070ac00000, 0x000000070ac00000, 0x000000070ae00000|  0%| F|  |TAMS 0x000000070ac00000, 0x000000070ac00000| Untracked 
|  87|0x000000070ae00000, 0x000000070ae00000, 0x000000070b000000|  0%| F|  |TAMS 0x000000070ae00000, 0x000000070ae00000| Untracked 
|  88|0x000000070b000000, 0x000000070b000000, 0x000000070b200000|  0%| F|  |TAMS 0x000000070b000000, 0x000000070b000000| Untracked 
|  89|0x000000070b200000, 0x000000070b200000, 0x000000070b400000|  0%| F|  |TAMS 0x000000070b200000, 0x000000070b200000| Untracked 
|  90|0x000000070b400000, 0x000000070b400000, 0x000000070b600000|  0%| F|  |TAMS 0x000000070b400000, 0x000000070b400000| Untracked 
|  91|0x000000070b600000, 0x000000070b600000, 0x000000070b800000|  0%| F|  |TAMS 0x000000070b600000, 0x000000070b600000| Untracked 
|  92|0x000000070b800000, 0x000000070b800000, 0x000000070ba00000|  0%| F|  |TAMS 0x000000070b800000, 0x000000070b800000| Untracked 
|  93|0x000000070ba00000, 0x000000070ba00000, 0x000000070bc00000|  0%| F|  |TAMS 0x000000070ba00000, 0x000000070ba00000| Untracked 
|  94|0x000000070bc00000, 0x000000070bc00000, 0x000000070be00000|  0%| F|  |TAMS 0x000000070bc00000, 0x000000070bc00000| Untracked 
|  95|0x000000070be00000, 0x000000070be00000, 0x000000070c000000|  0%| F|  |TAMS 0x000000070be00000, 0x000000070be00000| Untracked 
|  96|0x000000070c000000, 0x000000070c000000, 0x000000070c200000|  0%| F|  |TAMS 0x000000070c000000, 0x000000070c000000| Untracked 
|  97|0x000000070c200000, 0x000000070c400000, 0x000000070c400000|100%| S|CS|TAMS 0x000000070c200000, 0x000000070c200000| Complete 
|  98|0x000000070c400000, 0x000000070c600000, 0x000000070c600000|100%| S|CS|TAMS 0x000000070c400000, 0x000000070c400000| Complete 
|  99|0x000000070c600000, 0x000000070c800000, 0x000000070c800000|100%| S|CS|TAMS 0x000000070c600000, 0x000000070c600000| Complete 
| 100|0x000000070c800000, 0x000000070c800000, 0x000000070ca00000|  0%| F|  |TAMS 0x000000070c800000, 0x000000070c800000| Untracked 
| 101|0x000000070ca00000, 0x000000070ca00000, 0x000000070cc00000|  0%| F|  |TAMS 0x000000070ca00000, 0x000000070ca00000| Untracked 
| 102|0x000000070cc00000, 0x000000070cc00000, 0x000000070ce00000|  0%| F|  |TAMS 0x000000070cc00000, 0x000000070cc00000| Untracked 
| 103|0x000000070ce00000, 0x000000070ce00000, 0x000000070d000000|  0%| F|  |TAMS 0x000000070ce00000, 0x000000070ce00000| Untracked 
| 104|0x000000070d000000, 0x000000070d000000, 0x000000070d200000|  0%| F|  |TAMS 0x000000070d000000, 0x000000070d000000| Untracked 
| 105|0x000000070d200000, 0x000000070d200000, 0x000000070d400000|  0%| F|  |TAMS 0x000000070d200000, 0x000000070d200000| Untracked 
| 106|0x000000070d400000, 0x000000070d400000, 0x000000070d600000|  0%| F|  |TAMS 0x000000070d400000, 0x000000070d400000| Untracked 
| 107|0x000000070d600000, 0x000000070d600000, 0x000000070d800000|  0%| F|  |TAMS 0x000000070d600000, 0x000000070d600000| Untracked 
| 108|0x000000070d800000, 0x000000070d800000, 0x000000070da00000|  0%| F|  |TAMS 0x000000070d800000, 0x000000070d800000| Untracked 
| 109|0x000000070da00000, 0x000000070da00000, 0x000000070dc00000|  0%| F|  |TAMS 0x000000070da00000, 0x000000070da00000| Untracked 
| 110|0x000000070dc00000, 0x000000070dc00000, 0x000000070de00000|  0%| F|  |TAMS 0x000000070dc00000, 0x000000070dc00000| Untracked 
| 111|0x000000070de00000, 0x000000070de00000, 0x000000070e000000|  0%| F|  |TAMS 0x000000070de00000, 0x000000070de00000| Untracked 
| 112|0x000000070e000000, 0x000000070e000000, 0x000000070e200000|  0%| F|  |TAMS 0x000000070e000000, 0x000000070e000000| Untracked 
| 113|0x000000070e200000, 0x000000070e200000, 0x000000070e400000|  0%| F|  |TAMS 0x000000070e200000, 0x000000070e200000| Untracked 
| 114|0x000000070e400000, 0x000000070e400000, 0x000000070e600000|  0%| F|  |TAMS 0x000000070e400000, 0x000000070e400000| Untracked 
| 115|0x000000070e600000, 0x000000070e600000, 0x000000070e800000|  0%| F|  |TAMS 0x000000070e600000, 0x000000070e600000| Untracked 
| 116|0x000000070e800000, 0x000000070e800000, 0x000000070ea00000|  0%| F|  |TAMS 0x000000070e800000, 0x000000070e800000| Untracked 
| 117|0x000000070ea00000, 0x000000070ea00000, 0x000000070ec00000|  0%| F|  |TAMS 0x000000070ea00000, 0x000000070ea00000| Untracked 
| 118|0x000000070ec00000, 0x000000070ec00000, 0x000000070ee00000|  0%| F|  |TAMS 0x000000070ec00000, 0x000000070ec00000| Untracked 
| 119|0x000000070ee00000, 0x000000070ee00000, 0x000000070f000000|  0%| F|  |TAMS 0x000000070ee00000, 0x000000070ee00000| Untracked 
| 120|0x000000070f000000, 0x000000070f000000, 0x000000070f200000|  0%| F|  |TAMS 0x000000070f000000, 0x000000070f000000| Untracked 
| 121|0x000000070f200000, 0x000000070f200000, 0x000000070f400000|  0%| F|  |TAMS 0x000000070f200000, 0x000000070f200000| Untracked 

Card table byte_map: [0x00000257aaaf0000,0x00000257ab2f0000] _byte_map_base: 0x00000257a72f0000

Marking Bits (Prev, Next): (CMBitMap*) 0x0000025796098320, (CMBitMap*) 0x00000257960982e0
 Prev Bits: [0x00000257afaf0000, 0x00000257b3af0000)
 Next Bits: [0x00000257abaf0000, 0x00000257afaf0000)

Polling page: 0x00000257960f0000

Metaspace:

Usage:
  Non-class:    114.63 MB used.
      Class:     16.91 MB used.
       Both:    131.54 MB used.

Virtual space:
  Non-class space:      120.00 MB reserved,     115.00 MB ( 96%) committed,  15 nodes.
      Class space:        1.00 GB reserved,      17.25 MB (  2%) committed,  1 nodes.
             Both:        1.12 GB reserved,     132.25 MB ( 12%) committed. 

Chunk freelists:
   Non-Class:  880.00 KB
       Class:  2.70 MB
        Both:  3.56 MB

MaxMetaspaceSize: unlimited
CompressedClassSpaceSize: 1.00 GB
Initial GC threshold: 21.00 MB
Current GC threshold: 220.12 MB
CDS: off
MetaspaceReclaimPolicy: balanced
 - commit_granule_bytes: 65536.
 - commit_granule_words: 8192.
 - virtual_space_node_default_size: 1048576.
 - enlarge_chunks_in_place: 1.
 - new_chunks_are_fully_committed: 0.
 - uncommit_free_chunks: 1.
 - use_allocation_guard: 0.
 - handle_deallocations: 1.


Internal statistics:

num_allocs_failed_limit: 3.
num_arena_births: 942.
num_arena_deaths: 0.
num_vsnodes_births: 16.
num_vsnodes_deaths: 0.
num_space_committed: 2114.
num_space_uncommitted: 0.
num_chunks_returned_to_freelist: 3.
num_chunks_taken_from_freelist: 5504.
num_chunk_merges: 3.
num_chunk_splits: 4175.
num_chunks_enlarged: 3356.
num_purges: 0.
num_inconsistent_stats: 0.

CodeHeap 'non-profiled nmethods': size=120000Kb used=6958Kb max_used=6958Kb free=113041Kb
 bounds [0x00000257a2790000, 0x00000257a2e60000, 0x00000257a9cc0000]
CodeHeap 'profiled nmethods': size=120000Kb used=24866Kb max_used=24866Kb free=95133Kb
 bounds [0x000002579acc0000, 0x000002579c510000, 0x00000257a21f0000]
CodeHeap 'non-nmethods': size=5760Kb used=2526Kb max_used=2584Kb free=3233Kb
 bounds [0x00000257a21f0000, 0x00000257a2490000, 0x00000257a2790000]
 total_blobs=12439 nmethods=11355 adapters=994
 compilation: enabled
              stopped_count=0, restarted_count=0
 full_count=0

Compilation events (20 events):
Event: 85.304 Thread 0x00000257b6c3c9e0 nmethod 12703 0x00000257a2e54710 code [0x00000257a2e548a0, 0x00000257a2e54978]
Event: 85.304 Thread 0x00000257b6c3c9e0 12705       3       org.jetbrains.kotlin.load.java.structure.impl.classFiles.BinaryJavaAnnotationVisitor::<init> (36 bytes)
Event: 85.307 Thread 0x00000257b6c3c9e0 nmethod 12705 0x000002579c502110 code [0x000002579c502440, 0x000002579c5035a8]
Event: 85.307 Thread 0x00000257b6c3c9e0 12706       3       org.jetbrains.kotlin.load.java.structure.impl.classFiles.BinaryJavaAnnotationVisitor$1::<init> (11 bytes)
Event: 85.307 Thread 0x00000257b6c3c9e0 nmethod 12706 0x000002579c503c10 code [0x000002579c503dc0, 0x000002579c503ff8]
Event: 85.307 Thread 0x00000257b6c3c9e0 12704       3       org.jetbrains.kotlin.cli.jvm.compiler.KotlinCliJavaFileManagerImpl$findVirtualFileForTopLevelClass$$inlined$getOrPut$lambda$1::invoke (13 bytes)
Event: 85.309 Thread 0x00000257b6c3c9e0 nmethod 12704 0x000002579c504110 code [0x000002579c5043c0, 0x000002579c505148]
Event: 85.310 Thread 0x00000257bccf5f00 nmethod 12686 0x00000257a2e54a10 code [0x00000257a2e54ee0, 0x00000257a2e59770]
Event: 85.312 Thread 0x00000257bccf5f00 12707       4       org.jetbrains.kotlin.com.intellij.openapi.vfs.VirtualFile::findChild (62 bytes)
Event: 85.312 Thread 0x00000257b6c3c9e0 12708       3       java.util.AbstractList$SubList$1::hasNext (20 bytes)
Event: 85.315 Thread 0x00000257b6c3c9e0 nmethod 12708 0x000002579c505610 code [0x000002579c5057c0, 0x000002579c505a88]
Event: 85.315 Thread 0x00000257b6c3c9e0 12710       3       gnu.trove.TObjectHash::index (146 bytes)
Event: 85.319 Thread 0x00000257b6c3c9e0 nmethod 12710 0x000002579c505b90 code [0x000002579c505da0, 0x000002579c5065c8]
Event: 85.320 Thread 0x00000257b6c3c9e0 12709       3       java.util.AbstractList$SubList$1::nextIndex (18 bytes)
Event: 85.320 Thread 0x00000257b6c3c9e0 nmethod 12709 0x000002579c506890 code [0x000002579c506a40, 0x000002579c506c48]
Event: 85.320 Thread 0x00000257b6c3c9e0 12711       3       kotlin.text.StringsKt__StringsKt::contains (69 bytes)
Event: 85.323 Thread 0x00000257b6c3c9e0 nmethod 12711 0x000002579c506d10 code [0x000002579c506fe0, 0x000002579c507f28]
Event: 85.324 Thread 0x00000257b6c3c9e0 12713       3       org.jetbrains.kotlin.serialization.deserialization.descriptors.DeserializedClassDescriptor::getDeclaredTypeParameters (11 bytes)
Event: 85.325 Thread 0x00000257b6c3c9e0 nmethod 12713 0x000002579c508390 code [0x000002579c508560, 0x000002579c5088f8]
Event: 85.325 Thread 0x00000257b6c3c9e0 12712       1       org.jetbrains.kotlin.cli.jvm.modules.CoreJrtVirtualFile::isValid (2 bytes)

GC Heap History (20 events):
Event: 67.875 GC heap after
{Heap after GC invocations=45 (full 0):
 garbage-first heap   total 202752K, used 117386K [0x0000000700000000, 0x0000000800000000)
  region size 2048K, 1 young (2048K), 1 survivors (2048K)
 Metaspace       used 110675K, committed 111296K, reserved 1146880K
  class space    used 14139K, committed 14400K, reserved 1048576K
}
Event: 71.017 GC heap before
{Heap before GC invocations=46 (full 0):
 garbage-first heap   total 204800K, used 170634K [0x0000000700000000, 0x0000000800000000)
  region size 2048K, 27 young (55296K), 1 survivors (2048K)
 Metaspace       used 115773K, committed 116416K, reserved 1155072K
  class space    used 14960K, committed 15232K, reserved 1048576K
}
Event: 71.032 GC heap after
{Heap after GC invocations=47 (full 0):
 garbage-first heap   total 204800K, used 120825K [0x0000000700000000, 0x0000000800000000)
  region size 2048K, 3 young (6144K), 3 survivors (6144K)
 Metaspace       used 115773K, committed 116416K, reserved 1155072K
  class space    used 14960K, committed 15232K, reserved 1048576K
}
Event: 72.309 GC heap before
{Heap before GC invocations=47 (full 0):
 garbage-first heap   total 204800K, used 141305K [0x0000000700000000, 0x0000000800000000)
  region size 2048K, 15 young (30720K), 3 survivors (6144K)
 Metaspace       used 116282K, committed 116928K, reserved 1155072K
  class space    used 14993K, committed 15296K, reserved 1048576K
}
Event: 72.318 GC heap after
{Heap after GC invocations=48 (full 0):
 garbage-first heap   total 204800K, used 124053K [0x0000000700000000, 0x0000000800000000)
  region size 2048K, 2 young (4096K), 2 survivors (4096K)
 Metaspace       used 116282K, committed 116928K, reserved 1155072K
  class space    used 14993K, committed 15296K, reserved 1048576K
}
Event: 74.959 GC heap before
{Heap before GC invocations=49 (full 0):
 garbage-first heap   total 219136K, used 175253K [0x0000000700000000, 0x0000000800000000)
  region size 2048K, 25 young (51200K), 2 survivors (4096K)
 Metaspace       used 122205K, committed 122880K, reserved 1163264K
  class space    used 15712K, committed 16000K, reserved 1048576K
}
Event: 74.972 GC heap after
{Heap after GC invocations=50 (full 0):
 garbage-first heap   total 219136K, used 136980K [0x0000000700000000, 0x0000000800000000)
  region size 2048K, 4 young (8192K), 4 survivors (8192K)
 Metaspace       used 122205K, committed 122880K, reserved 1163264K
  class space    used 15712K, committed 16000K, reserved 1048576K
}
Event: 75.086 GC heap before
{Heap before GC invocations=50 (full 0):
 garbage-first heap   total 219136K, used 139028K [0x0000000700000000, 0x0000000800000000)
  region size 2048K, 5 young (10240K), 4 survivors (8192K)
 Metaspace       used 122624K, committed 123328K, reserved 1163264K
  class space    used 15752K, committed 16064K, reserved 1048576K
}
Event: 75.097 GC heap after
{Heap after GC invocations=51 (full 0):
 garbage-first heap   total 219136K, used 135069K [0x0000000700000000, 0x0000000800000000)
  region size 2048K, 1 young (2048K), 1 survivors (2048K)
 Metaspace       used 122624K, committed 123328K, reserved 1163264K
  class space    used 15752K, committed 16064K, reserved 1048576K
}
Event: 77.427 GC heap before
{Heap before GC invocations=51 (full 0):
 garbage-first heap   total 219136K, used 178077K [0x0000000700000000, 0x0000000800000000)
  region size 2048K, 23 young (47104K), 1 survivors (2048K)
 Metaspace       used 127709K, committed 128448K, reserved 1163264K
  class space    used 16460K, committed 16832K, reserved 1048576K
}
Event: 77.438 GC heap after
{Heap after GC invocations=52 (full 0):
 garbage-first heap   total 219136K, used 139237K [0x0000000700000000, 0x0000000800000000)
  region size 2048K, 3 young (6144K), 3 survivors (6144K)
 Metaspace       used 127709K, committed 128448K, reserved 1163264K
  class space    used 16460K, committed 16832K, reserved 1048576K
}
Event: 79.478 GC heap before
{Heap before GC invocations=52 (full 0):
 garbage-first heap   total 219136K, used 180197K [0x0000000700000000, 0x0000000800000000)
  region size 2048K, 23 young (47104K), 3 survivors (6144K)
 Metaspace       used 131883K, committed 132608K, reserved 1171456K
  class space    used 16985K, committed 17344K, reserved 1048576K
}
Event: 79.491 GC heap after
{Heap after GC invocations=53 (full 0):
 garbage-first heap   total 219136K, used 142317K [0x0000000700000000, 0x0000000800000000)
  region size 2048K, 2 young (4096K), 2 survivors (4096K)
 Metaspace       used 131883K, committed 132608K, reserved 1171456K
  class space    used 16985K, committed 17344K, reserved 1048576K
}
Event: 81.709 GC heap before
{Heap before GC invocations=53 (full 0):
 garbage-first heap   total 219136K, used 183277K [0x0000000700000000, 0x0000000800000000)
  region size 2048K, 22 young (45056K), 2 survivors (4096K)
 Metaspace       used 134551K, committed 135232K, reserved 1171456K
  class space    used 17319K, committed 17664K, reserved 1048576K
}
Event: 81.725 GC heap after
{Heap after GC invocations=54 (full 0):
 garbage-first heap   total 219136K, used 145040K [0x0000000700000000, 0x0000000800000000)
  region size 2048K, 3 young (6144K), 3 survivors (6144K)
 Metaspace       used 134551K, committed 135232K, reserved 1171456K
  class space    used 17319K, committed 17664K, reserved 1048576K
}
Event: 82.895 GC heap before
{Heap before GC invocations=55 (full 0):
 garbage-first heap   total 249856K, used 181904K [0x0000000700000000, 0x0000000800000000)
  region size 2048K, 21 young (43008K), 3 survivors (6144K)
 Metaspace       used 134594K, committed 135296K, reserved 1171456K
  class space    used 17320K, committed 17664K, reserved 1048576K
}
Event: 82.924 GC heap after
{Heap after GC invocations=56 (full 0):
 garbage-first heap   total 249856K, used 155420K [0x0000000700000000, 0x0000000800000000)
  region size 2048K, 3 young (6144K), 3 survivors (6144K)
 Metaspace       used 134594K, committed 135296K, reserved 1171456K
  class space    used 17320K, committed 17664K, reserved 1048576K
}
Event: 83.009 GC heap before
{Heap before GC invocations=56 (full 0):
 garbage-first heap   total 249856K, used 161564K [0x0000000700000000, 0x0000000800000000)
  region size 2048K, 6 young (12288K), 3 survivors (6144K)
 Metaspace       used 134594K, committed 135296K, reserved 1171456K
  class space    used 17320K, committed 17664K, reserved 1048576K
}
Event: 83.026 GC heap after
{Heap after GC invocations=57 (full 0):
 garbage-first heap   total 249856K, used 158073K [0x0000000700000000, 0x0000000800000000)
  region size 2048K, 1 young (2048K), 1 survivors (2048K)
 Metaspace       used 134594K, committed 135296K, reserved 1171456K
  class space    used 17320K, committed 17664K, reserved 1048576K
}
Event: 85.325 GC heap before
{Heap before GC invocations=57 (full 0):
 garbage-first heap   total 249856K, used 201081K [0x0000000700000000, 0x0000000800000000)
  region size 2048K, 22 young (45056K), 1 survivors (2048K)
 Metaspace       used 134700K, committed 135424K, reserved 1171456K
  class space    used 17320K, committed 17664K, reserved 1048576K
}

Dll operation events (2 events):
Event: 0.018 Loaded shared library C:\Program Files\Android\Android Studio1\jbr\bin\java.dll
Event: 2.144 Loaded shared library C:\Program Files\Android\Android Studio1\jbr\bin\verify.dll

Deoptimization events (20 events):
Event: 84.125 Thread 0x00000257b7d593e0 DEOPT PACKING pc=0x00000257a2ad40d4 sp=0x0000006afc0f5450
Event: 84.125 Thread 0x00000257b7d593e0 DEOPT UNPACKING pc=0x00000257a22469a3 sp=0x0000006afc0f5458 mode 2
Event: 84.308 Thread 0x00000257b7d593e0 Uncommon trap: trap_request=0xffffffc6 fr.pc=0x00000257a2ad40d4 relative=0x00000000000030f4
Event: 84.308 Thread 0x00000257b7d593e0 Uncommon trap: reason=bimorphic_or_optimized_type_check action=maybe_recompile pc=0x00000257a2ad40d4 method=org.jetbrains.kotlin.com.intellij.openapi.vfs.VirtualFile.findChild(Ljava/lang/String;)Lorg/jetbrains/kotlin/com/intellij/openapi/vfs/VirtualFile; 
Event: 84.308 Thread 0x00000257b7d593e0 DEOPT PACKING pc=0x00000257a2ad40d4 sp=0x0000006afc0f5450
Event: 84.308 Thread 0x00000257b7d593e0 DEOPT UNPACKING pc=0x00000257a22469a3 sp=0x0000006afc0f5458 mode 2
Event: 84.392 Thread 0x00000257b7d593e0 Uncommon trap: trap_request=0xffffffc6 fr.pc=0x00000257a2ad40d4 relative=0x00000000000030f4
Event: 84.392 Thread 0x00000257b7d593e0 Uncommon trap: reason=bimorphic_or_optimized_type_check action=maybe_recompile pc=0x00000257a2ad40d4 method=org.jetbrains.kotlin.com.intellij.openapi.vfs.VirtualFile.findChild(Ljava/lang/String;)Lorg/jetbrains/kotlin/com/intellij/openapi/vfs/VirtualFile; 
Event: 84.392 Thread 0x00000257b7d593e0 DEOPT PACKING pc=0x00000257a2ad40d4 sp=0x0000006afc0f3c40
Event: 84.392 Thread 0x00000257b7d593e0 DEOPT UNPACKING pc=0x00000257a22469a3 sp=0x0000006afc0f3c38 mode 2
Event: 84.392 Thread 0x00000257b7d593e0 Uncommon trap: trap_request=0xffffffc6 fr.pc=0x00000257a2ad40d4 relative=0x00000000000030f4
Event: 84.392 Thread 0x00000257b7d593e0 Uncommon trap: reason=bimorphic_or_optimized_type_check action=maybe_recompile pc=0x00000257a2ad40d4 method=org.jetbrains.kotlin.com.intellij.openapi.vfs.VirtualFile.findChild(Ljava/lang/String;)Lorg/jetbrains/kotlin/com/intellij/openapi/vfs/VirtualFile; 
Event: 84.392 Thread 0x00000257b7d593e0 DEOPT PACKING pc=0x00000257a2ad40d4 sp=0x0000006afc0f3c40
Event: 84.392 Thread 0x00000257b7d593e0 DEOPT UNPACKING pc=0x00000257a22469a3 sp=0x0000006afc0f3c38 mode 2
Event: 84.436 Thread 0x00000257b7d593e0 Uncommon trap: trap_request=0xffffff45 fr.pc=0x00000257a2b7a1f0 relative=0x0000000000002b70
Event: 84.436 Thread 0x00000257b7d593e0 Uncommon trap: reason=unstable_if action=reinterpret pc=0x00000257a2b7a1f0 method=org.jetbrains.org.objectweb.asm.ClassReader.readMethod(Lorg/jetbrains/org/objectweb/asm/ClassVisitor;Lorg/jetbrains/org/objectweb/asm/Context;I)I @ 754 c2
Event: 84.436 Thread 0x00000257b7d593e0 DEOPT PACKING pc=0x00000257a2b7a1f0 sp=0x0000006afc0f3530
Event: 84.436 Thread 0x00000257b7d593e0 DEOPT UNPACKING pc=0x00000257a22469a3 sp=0x0000006afc0f34c8 mode 2
Event: 84.454 Thread 0x00000257b7d593e0 DEOPT PACKING pc=0x000002579b95f314 sp=0x0000006afc0f3130
Event: 84.454 Thread 0x00000257b7d593e0 DEOPT UNPACKING pc=0x00000257a2247143 sp=0x0000006afc0f25d0 mode 0

Classes unloaded (0 events):
No events

Classes redefined (0 events):
No events

Internal exceptions (20 events):
Event: 79.709 Thread 0x00000257b7d593e0 Exception <a 'java/lang/ClassNotFoundException'{0x000000070d1c2790}: org/gradle/api/plugins/internal/DefaultBasePluginConventionCustomizer> (0x000000070d1c2790) 
thrown [s\src\hotspot\share\classfile\systemDictionary.cpp, line 256]
Event: 79.714 Thread 0x00000257b7d593e0 Exception <a 'java/lang/ClassNotFoundException'{0x000000070d1eb358}: org/gradle/api/plugins/internal/DefaultBasePluginConvention_DecoratedCustomizer> (0x000000070d1eb358) 
thrown [s\src\hotspot\share\classfile\systemDictionary.cpp, line 256]
Event: 79.732 Thread 0x00000257b7d593e0 Exception <a 'java/lang/ClassNotFoundException'{0x000000070ce5ac50}: org/gradle/api/plugins/internal/DefaultJavaPluginConvention_DecoratedBeanInfo> (0x000000070ce5ac50) 
thrown [s\src\hotspot\share\classfile\systemDictionary.cpp, line 256]
Event: 79.733 Thread 0x00000257b7d593e0 Exception <a 'java/lang/ClassNotFoundException'{0x000000070ce72300}: org/gradle/api/plugins/internal/DefaultJavaPluginConventionBeanInfo> (0x000000070ce72300) 
thrown [s\src\hotspot\share\classfile\systemDictionary.cpp, line 256]
Event: 79.735 Thread 0x00000257b7d593e0 Exception <a 'java/lang/ClassNotFoundException'{0x000000070ce89ad0}: org/gradle/api/plugins/JavaPluginConventionBeanInfo> (0x000000070ce89ad0) 
thrown [s\src\hotspot\share\classfile\systemDictionary.cpp, line 256]
Event: 79.738 Thread 0x00000257b7d593e0 Exception <a 'java/lang/ClassNotFoundException'{0x000000070cea0a70}: org/gradle/api/plugins/JavaPluginConventionCustomizer> (0x000000070cea0a70) 
thrown [s\src\hotspot\share\classfile\systemDictionary.cpp, line 256]
Event: 79.740 Thread 0x00000257b7d593e0 Exception <a 'java/lang/ClassNotFoundException'{0x000000070cecbb70}: org/gradle/api/plugins/internal/DefaultJavaPluginConventionCustomizer> (0x000000070cecbb70) 
thrown [s\src\hotspot\share\classfile\systemDictionary.cpp, line 256]
Event: 79.744 Thread 0x00000257b7d593e0 Exception <a 'java/lang/ClassNotFoundException'{0x000000070cf08928}: org/gradle/api/plugins/internal/DefaultJavaPluginConvention_DecoratedCustomizer> (0x000000070cf08928) 
thrown [s\src\hotspot\share\classfile\systemDictionary.cpp, line 256]
Event: 80.657 Thread 0x00000257b7d593e0 Exception <a 'java/lang/ClassNotFoundException'{0x000000070c3e4ed0}: org/jetbrains/kotlin/gradle/targets/js/npm/DefaultNpmDependencyExtensionBeanInfo> (0x000000070c3e4ed0) 
thrown [s\src\hotspot\share\classfile\systemDictionary.cpp, line 256]
Event: 80.657 Thread 0x00000257b7d593e0 Exception <a 'java/lang/ClassNotFoundException'{0x000000070c3f0510}: org/jetbrains/kotlin/gradle/targets/js/npm/DefaultNpmDependencyExtensionCustomizer> (0x000000070c3f0510) 
thrown [s\src\hotspot\share\classfile\systemDictionary.cpp, line 256]
Event: 80.668 Thread 0x00000257b7d593e0 Exception <a 'java/lang/ClassNotFoundException'{0x000000070c05cca0}: org/jetbrains/kotlin/gradle/targets/js/npm/NpmDependencyExtensionKt$defaultNpmDependencyDelegate$1BeanInfo> (0x000000070c05cca0) 
thrown [s\src\hotspot\share\classfile\systemDictionary.cpp, line 256]
Event: 80.669 Thread 0x00000257b7d593e0 Exception <a 'java/lang/ClassNotFoundException'{0x000000070c068328}: org/jetbrains/kotlin/gradle/targets/js/npm/NpmDependencyExtensionDelegateBeanInfo> (0x000000070c068328) 
thrown [s\src\hotspot\share\classfile\systemDictionary.cpp, line 256]
Event: 80.671 Thread 0x00000257b7d593e0 Exception <a 'java/lang/ClassNotFoundException'{0x000000070c073978}: org/jetbrains/kotlin/gradle/targets/js/npm/NpmDependencyExtensionDelegateCustomizer> (0x000000070c073978) 
thrown [s\src\hotspot\share\classfile\systemDictionary.cpp, line 256]
Event: 80.675 Thread 0x00000257b7d593e0 Exception <a 'java/lang/ClassNotFoundException'{0x000000070c097450}: org/jetbrains/kotlin/gradle/targets/js/npm/NpmDependencyExtensionKt$defaultNpmDependencyDelegate$1Customizer> (0x000000070c097450) 
thrown [s\src\hotspot\share\classfile\systemDictionary.cpp, line 256]
Event: 80.683 Thread 0x00000257b7d593e0 Exception <a 'java/lang/ClassNotFoundException'{0x000000070c0cc9c8}: org/jetbrains/kotlin/gradle/targets/js/npm/DefaultDevNpmDependencyExtensionBeanInfo> (0x000000070c0cc9c8) 
thrown [s\src\hotspot\share\classfile\systemDictionary.cpp, line 256]
Event: 80.683 Thread 0x00000257b7d593e0 Exception <a 'java/lang/ClassNotFoundException'{0x000000070c0d8020}: org/jetbrains/kotlin/gradle/targets/js/npm/DefaultDevNpmDependencyExtensionCustomizer> (0x000000070c0d8020) 
thrown [s\src\hotspot\share\classfile\systemDictionary.cpp, line 256]
Event: 80.689 Thread 0x00000257b7d593e0 Exception <a 'java/lang/ClassNotFoundException'{0x000000070c112570}: org/jetbrains/kotlin/gradle/targets/js/npm/DefaultPeerNpmDependencyExtensionBeanInfo> (0x000000070c112570) 
thrown [s\src\hotspot\share\classfile\systemDictionary.cpp, line 256]
Event: 80.690 Thread 0x00000257b7d593e0 Exception <a 'java/lang/ClassNotFoundException'{0x000000070c11dbf8}: org/jetbrains/kotlin/gradle/targets/js/npm/DefaultPeerNpmDependencyExtensionCustomizer> (0x000000070c11dbf8) 
thrown [s\src\hotspot\share\classfile\systemDictionary.cpp, line 256]
Event: 80.694 Thread 0x00000257b7d593e0 Exception <a 'java/lang/ClassNotFoundException'{0x000000070c15f160}: org/jetbrains/kotlin/gradle/targets/js/npm/DefaultPeerNpmDependencyExtension$delegate$1BeanInfo> (0x000000070c15f160) 
thrown [s\src\hotspot\share\classfile\systemDictionary.cpp, line 256]
Event: 80.695 Thread 0x00000257b7d593e0 Exception <a 'java/lang/ClassNotFoundException'{0x000000070c16a9b0}: org/jetbrains/kotlin/gradle/targets/js/npm/DefaultPeerNpmDependencyExtension$delegate$1Customizer> (0x000000070c16a9b0) 
thrown [s\src\hotspot\share\classfile\systemDictionary.cpp, line 256]

VM Operations (20 events):
Event: 79.491 Executing VM operation: G1CollectForAllocation done
Event: 79.691 Executing VM operation: HandshakeAllThreads
Event: 79.692 Executing VM operation: HandshakeAllThreads done
Event: 80.702 Executing VM operation: Cleanup
Event: 80.706 Executing VM operation: Cleanup done
Event: 81.708 Executing VM operation: G1CollectForAllocation
Event: 81.733 Executing VM operation: G1CollectForAllocation done
Event: 82.092 Executing VM operation: G1Concurrent
Event: 82.122 Executing VM operation: G1Concurrent done
Event: 82.227 Executing VM operation: G1Concurrent
Event: 82.227 Executing VM operation: G1Concurrent done
Event: 82.895 Executing VM operation: G1CollectForAllocation
Event: 82.924 Executing VM operation: G1CollectForAllocation done
Event: 83.009 Executing VM operation: G1CollectForAllocation
Event: 83.027 Executing VM operation: G1CollectForAllocation done
Event: 84.032 Executing VM operation: Cleanup
Event: 84.081 Executing VM operation: Cleanup done
Event: 85.097 Executing VM operation: Cleanup
Event: 85.320 Executing VM operation: Cleanup done
Event: 85.325 Executing VM operation: G1CollectForAllocation

Events (20 events):
Event: 79.220 loading class org/xml/sax/EntityResolver
Event: 79.220 loading class org/xml/sax/EntityResolver done
Event: 79.220 loading class org/xml/sax/DTDHandler
Event: 79.220 loading class org/xml/sax/DTDHandler done
Event: 79.241 loading class java/util/Spliterators$IntArraySpliterator
Event: 79.242 loading class java/util/Spliterators$IntArraySpliterator done
Event: 79.252 loading class java/text/ParsePosition
Event: 79.253 loading class java/text/ParsePosition done
Event: 79.453 loading class java/time/format/DateTimeFormatterBuilder$WeekBasedFieldPrinterParser
Event: 79.453 loading class java/time/format/DateTimeFormatterBuilder$WeekBasedFieldPrinterParser done
Event: 79.500 loading class com/sun/jmx/mbeanserver/StandardMBeanSupport
Event: 79.501 loading class com/sun/jmx/mbeanserver/StandardMBeanSupport done
Event: 79.501 loading class com/sun/jmx/mbeanserver/StandardMBeanIntrospector
Event: 79.501 loading class com/sun/jmx/mbeanserver/StandardMBeanIntrospector done
Event: 81.103 Thread 0x00000257bcceefa0 Thread exited: 0x00000257bcceefa0
Event: 81.489 Thread 0x00000257bccf2750 Thread added: 0x00000257bccf2750
Event: 82.359 Thread 0x00000257bccf2750 Thread exited: 0x00000257bccf2750
Event: 83.500 Thread 0x00000257bccf08f0 Thread added: 0x00000257bccf08f0
Event: 84.110 Thread 0x00000257bccf08f0 Thread exited: 0x00000257bccf08f0
Event: 84.407 Thread 0x00000257bccf5f00 Thread added: 0x00000257bccf5f00


Dynamic libraries:
0x00007ff76dfe0000 - 0x00007ff76dfea000 	C:\Program Files\Android\Android Studio1\jbr\bin\java.exe
0x00007ffb4f9c0000 - 0x00007ffb4fbcf000 	C:\WINDOWS\SYSTEM32\ntdll.dll
0x00007ffb4f140000 - 0x00007ffb4f1fd000 	C:\WINDOWS\System32\KERNEL32.DLL
0x00007ffb4cfd0000 - 0x00007ffb4d364000 	C:\WINDOWS\System32\KERNELBASE.dll
0x00007ffb4ce40000 - 0x00007ffb4cf51000 	C:\WINDOWS\System32\ucrtbase.dll
0x00007ffafa7a0000 - 0x00007ffafa7b7000 	C:\Program Files\Android\Android Studio1\jbr\bin\jli.dll
0x00007ffb4f650000 - 0x00007ffb4f7fa000 	C:\WINDOWS\System32\USER32.dll
0x00007ffb4d670000 - 0x00007ffb4d696000 	C:\WINDOWS\System32\win32u.dll
0x00007ffb4e900000 - 0x00007ffb4e929000 	C:\WINDOWS\System32\GDI32.dll
0x00007ffb4d3f0000 - 0x00007ffb4d507000 	C:\WINDOWS\System32\gdi32full.dll
0x00007ffb4d510000 - 0x00007ffb4d5aa000 	C:\WINDOWS\System32\msvcp_win.dll
0x00007ffb45cc0000 - 0x00007ffb45cdb000 	C:\Program Files\Android\Android Studio1\jbr\bin\VCRUNTIME140.dll
0x00007ffb35a60000 - 0x00007ffb35d01000 	C:\WINDOWS\WinSxS\amd64_microsoft.windows.common-controls_6595b64144ccf1df_6.0.22543.1000_none_25f07d7fa9409c95\COMCTL32.dll
0x00007ffb4f8d0000 - 0x00007ffb4f974000 	C:\WINDOWS\System32\msvcrt.dll
0x00007ffb4f890000 - 0x00007ffb4f8c1000 	C:\WINDOWS\System32\IMM32.DLL
0x00007ffb48180000 - 0x00007ffb4818c000 	C:\Program Files\Android\Android Studio1\jbr\bin\vcruntime140_1.dll
0x00007ffb12e00000 - 0x00007ffb12e8d000 	C:\Program Files\Android\Android Studio1\jbr\bin\msvcp140.dll
0x00007ffb0d040000 - 0x00007ffb0dcae000 	C:\Program Files\Android\Android Studio1\jbr\bin\server\jvm.dll
0x00007ffb4f260000 - 0x00007ffb4f30e000 	C:\WINDOWS\System32\ADVAPI32.dll
0x00007ffb4e5e0000 - 0x00007ffb4e685000 	C:\WINDOWS\System32\sechost.dll
0x00007ffb4f510000 - 0x00007ffb4f62f000 	C:\WINDOWS\System32\RPCRT4.dll
0x00007ffb2d130000 - 0x00007ffb2d139000 	C:\WINDOWS\SYSTEM32\WSOCK32.dll
0x00007ffb4f490000 - 0x00007ffb4f501000 	C:\WINDOWS\System32\WS2_32.dll
0x00007ffb45220000 - 0x00007ffb45254000 	C:\WINDOWS\SYSTEM32\WINMM.dll
0x00007ffb45210000 - 0x00007ffb4521a000 	C:\WINDOWS\SYSTEM32\VERSION.dll
0x00007ffb4be80000 - 0x00007ffb4be97000 	C:\WINDOWS\SYSTEM32\kernel.appcore.dll
0x00007ffb3c7a0000 - 0x00007ffb3c7aa000 	C:\Program Files\Android\Android Studio1\jbr\bin\jimage.dll
0x00007ffb4a960000 - 0x00007ffb4ab84000 	C:\WINDOWS\SYSTEM32\DBGHELP.DLL
0x00007ffb4d8f0000 - 0x00007ffb4dc61000 	C:\WINDOWS\System32\combase.dll
0x00007ffb4e930000 - 0x00007ffb4ea07000 	C:\WINDOWS\System32\OLEAUT32.dll
0x00007ffb35d70000 - 0x00007ffb35da1000 	C:\WINDOWS\SYSTEM32\dbgcore.DLL
0x00007ffb4d370000 - 0x00007ffb4d3eb000 	C:\WINDOWS\System32\bcryptPrimitives.dll
0x00007ffb0d010000 - 0x00007ffb0d035000 	C:\Program Files\Android\Android Studio1\jbr\bin\java.dll
0x00007ffb0cff0000 - 0x00007ffb0d008000 	C:\Program Files\Android\Android Studio1\jbr\bin\zip.dll
0x00007ffb4dc70000 - 0x00007ffb4e42d000 	C:\WINDOWS\System32\SHELL32.dll
0x00007ffb4aea0000 - 0x00007ffb4b6f9000 	C:\WINDOWS\SYSTEM32\windows.storage.dll
0x00007ffb4ad60000 - 0x00007ffb4ae9c000 	C:\WINDOWS\SYSTEM32\wintypes.dll
0x00007ffb4f310000 - 0x00007ffb4f401000 	C:\WINDOWS\System32\SHCORE.dll
0x00007ffb4ea20000 - 0x00007ffb4ea7b000 	C:\WINDOWS\System32\shlwapi.dll
0x00007ffb4cd70000 - 0x00007ffb4cd91000 	C:\WINDOWS\SYSTEM32\profapi.dll
0x00007ffb0cfd0000 - 0x00007ffb0cfe9000 	C:\Program Files\Android\Android Studio1\jbr\bin\net.dll
0x00007ffb44bf0000 - 0x00007ffb44d01000 	C:\WINDOWS\SYSTEM32\WINHTTP.dll
0x00007ffb4c340000 - 0x00007ffb4c3a9000 	C:\WINDOWS\system32\mswsock.dll
0x00007ffb0cfb0000 - 0x00007ffb0cfc6000 	C:\Program Files\Android\Android Studio1\jbr\bin\nio.dll
0x00007ffb3a0f0000 - 0x00007ffb3a100000 	C:\Program Files\Android\Android Studio1\jbr\bin\verify.dll
0x00007ffb166b0000 - 0x00007ffb166d7000 	C:\Users\wilda\.gradle\native\68d5fa5c4cc2d200863cafc0d521ce42e7d3e7ee720ec0a83991735586a16f82\windows-amd64\native-platform.dll
0x00007ffb16c80000 - 0x00007ffb16dc4000 	C:\Users\wilda\.gradle\native\e376f236ea51e6404a007f0833ffe2c6e607c4080706a723a18a27aeea778392\windows-amd64\native-platform-file-events.dll
0x00007ffb39de0000 - 0x00007ffb39de9000 	C:\Program Files\Android\Android Studio1\jbr\bin\management.dll
0x00007ffb39d00000 - 0x00007ffb39d0b000 	C:\Program Files\Android\Android Studio1\jbr\bin\management_ext.dll
0x00007ffb4e430000 - 0x00007ffb4e438000 	C:\WINDOWS\System32\PSAPI.DLL
0x00007ffb4c590000 - 0x00007ffb4c5ac000 	C:\WINDOWS\SYSTEM32\CRYPTSP.dll
0x00007ffb4bde0000 - 0x00007ffb4be15000 	C:\WINDOWS\system32\rsaenh.dll
0x00007ffb4c440000 - 0x00007ffb4c467000 	C:\WINDOWS\SYSTEM32\USERENV.dll
0x00007ffb4c720000 - 0x00007ffb4c748000 	C:\WINDOWS\SYSTEM32\bcrypt.dll
0x00007ffb4c5b0000 - 0x00007ffb4c5bc000 	C:\WINDOWS\SYSTEM32\CRYPTBASE.dll
0x00007ffb4b950000 - 0x00007ffb4b97d000 	C:\WINDOWS\SYSTEM32\IPHLPAPI.DLL
0x00007ffb4ea10000 - 0x00007ffb4ea19000 	C:\WINDOWS\System32\NSI.dll
0x00007ffb45290000 - 0x00007ffb452a9000 	C:\WINDOWS\SYSTEM32\dhcpcsvc6.DLL
0x00007ffb44e60000 - 0x00007ffb44e7f000 	C:\WINDOWS\SYSTEM32\dhcpcsvc.DLL
0x00007ffb4b980000 - 0x00007ffb4ba76000 	C:\WINDOWS\SYSTEM32\DNSAPI.dll
0x00007ffb2d4e0000 - 0x00007ffb2d4e8000 	C:\WINDOWS\system32\wshunix.dll

dbghelp: loaded successfully - version: 4.0.5 - missing functions: none
symbol engine: initialized successfully - sym options: 0x614 - pdb path: .;C:\Program Files\Android\Android Studio1\jbr\bin;C:\WINDOWS\SYSTEM32;C:\WINDOWS\WinSxS\amd64_microsoft.windows.common-controls_6595b64144ccf1df_6.0.22543.1000_none_25f07d7fa9409c95;C:\Program Files\Android\Android Studio1\jbr\bin\server;C:\Users\wilda\.gradle\native\68d5fa5c4cc2d200863cafc0d521ce42e7d3e7ee720ec0a83991735586a16f82\windows-amd64;C:\Users\wilda\.gradle\native\e376f236ea51e6404a007f0833ffe2c6e607c4080706a723a18a27aeea778392\windows-amd64

VM Arguments:
jvm_args: --add-opens=java.base/java.util=ALL-UNNAMED --add-opens=java.base/java.lang=ALL-UNNAMED --add-opens=java.base/java.lang.invoke=ALL-UNNAMED --add-opens=java.prefs/java.util.prefs=ALL-UNNAMED --add-opens=java.base/java.nio.charset=ALL-UNNAMED --add-opens=java.base/java.net=ALL-UNNAMED --add-opens=java.base/java.util.concurrent.atomic=ALL-UNNAMED -Xmx4096m -Dfile.encoding=UTF-8 -Duser.country=ID -Duser.language=en -Duser.variant 
java_command: org.gradle.launcher.daemon.bootstrap.GradleDaemon 8.0
java_class_path (initial): C:\Users\wilda\.gradle\wrapper\dists\gradle-8.0-bin\ca5e32bp14vu59qr306oxotwh\gradle-8.0\lib\gradle-launcher-8.0.jar
Launcher Type: SUN_STANDARD

[Global flags]
     intx CICompilerCount                          = 3                                         {product} {ergonomic}
     uint ConcGCThreads                            = 1                                         {product} {ergonomic}
     uint G1ConcRefinementThreads                  = 4                                         {product} {ergonomic}
   size_t G1HeapRegionSize                         = 2097152                                   {product} {ergonomic}
    uintx GCDrainStackTargetSize                   = 64                                        {product} {ergonomic}
   size_t InitialHeapSize                          = 167772160                                 {product} {ergonomic}
   size_t MarkStackSize                            = 4194304                                   {product} {ergonomic}
   size_t MaxHeapSize                              = 4294967296                                {product} {command line}
   size_t MaxNewSize                               = 2575302656                                {product} {ergonomic}
   size_t MinHeapDeltaBytes                        = 2097152                                   {product} {ergonomic}
   size_t MinHeapSize                              = 8388608                                   {product} {ergonomic}
    uintx NonNMethodCodeHeapSize                   = 5832780                                {pd product} {ergonomic}
    uintx NonProfiledCodeHeapSize                  = 122912730                              {pd product} {ergonomic}
    uintx ProfiledCodeHeapSize                     = 122912730                              {pd product} {ergonomic}
    uintx ReservedCodeCacheSize                    = 251658240                              {pd product} {ergonomic}
     bool SegmentedCodeCache                       = true                                      {product} {ergonomic}
   size_t SoftMaxHeapSize                          = 4294967296                             {manageable} {ergonomic}
     bool UseCompressedClassPointers               = true                           {product lp64_product} {ergonomic}
     bool UseCompressedOops                        = true                           {product lp64_product} {ergonomic}
     bool UseG1GC                                  = true                                      {product} {ergonomic}
     bool UseLargePagesIndividualAllocation        = false                                  {pd product} {ergonomic}

Logging:
Log output configuration:
 #0: stdout all=warning uptime,level,tags
 #1: stderr all=off uptime,level,tags

Environment Variables:
JAVA_HOME=C:\Users\wilda\AppData\Local\jdk-19.0.2
PATH=C:\Program Files (x86)\VMware\VMware Workstation\bin\;C:\Program Files (x86)\Common Files\Oracle\Java\javapath;C:\WINDOWS\system32;C:\WINDOWS;C:\WINDOWS\System32\Wbem;C:\WINDOWS\System32\WindowsPowerShell\v1.0\;C:\WINDOWS\System32\OpenSSH\;C:\ProgramData\chocolatey\bin;C:\Program Files\PuTTY\;C:\Program Files\Git\cmd;C:\Program Files\Docker\Docker\resources\bin;C:\ProgramData\DockerDesktop\version-bin;C:\Program Files\PowerShell\7\;C:\Program Files\nodejs\;C:\Users\wilda\AppData\Local\jdk-19.0.2;C:\Program Files (x86)\NoteBook FanControl\;C:\Users\wilda\AppData\Local\Programs\Python\Python38\;C:\Users\wilda\AppData\Local\Programs\Python\Python310\Scripts\;C:\Users\wilda\AppData\Local\Programs\Python\Python310\;C:\Users\wilda\AppData\Local\Programs\Python\Python39\Scripts\;C:\Users\wilda\AppData\Local\Programs\Python\Python39\;C:\Users\wilda\AppData\Local\Microsoft\WindowsApps;C:\Program Files\heroku\bin;C:\Program Files (x86)\Nmap;C:\Users\wilda\AppData\Local\Programs\Microsoft VS Code\bin;C:\Users\wilda\AppData\Roaming\npm;C:\Program Files\JetBrains\PyCharm 2023.1.3\bin;;C:\Users\wilda\flutter_windows_3.7.12-stable\flutter\bin;C:\tools\dart-sdk\bin;C:\Users\wilda\AppData\Roaming\Pub\Cache\bin;C:\Users\wilda\AppData\Local\Android\Sdk\tools\bin;C:\Users\wilda\AppData\Local\Gradle\gradle-8.0.2\bin;C:\Users\wilda\AppData\Local\jdk-19.0.2\bin;C:\Program Files\Java\jdk1.8.0_271\bin;C:\Users\wilda\dart-sdk\bin;C:\Program Files\JetBrains\PyCharm Community Edition 2023.2.1\bin;;;C:\Program Files\JetBrains\IntelliJ IDEA Community Edition 2023.2.1\bin;
USERNAME=wildanassyidiq142
OS=Windows_NT
PROCESSOR_IDENTIFIER=AMD64 Family 23 Model 24 Stepping 1, AuthenticAMD
TMP=C:\Users\wilda\AppData\Local\Temp
TEMP=C:\Users\wilda\AppData\Local\Temp


JNI global refs:
JNI global refs: 26, weak refs: 2

JNI global refs memory usage: 843, weak refs: 841


---------------  S Y S T E M  ---------------

OS:
 Windows 11 , 64 bit Build 22543 (10.0.22543.1000)
OS uptime: 0 days 15:21 hours
Hyper-V role detected

CPU: total 4 (initial active 4) (4 cores per cpu, 2 threads per core) family 23 model 24 stepping 1 microcode 0x0, cx8, cmov, fxsr, ht, mmx, 3dnowpref, sse, sse2, sse3, ssse3, sse4a, sse4.1, sse4.2, popcnt, lzcnt, tsc, tscinvbit, avx, avx2, aes, clmul, bmi1, bmi2, adx, sha, fma, vzeroupper, clflush, clflushopt, hv

Memory: 4k page, system-wide physical 10177M (1488M free)
TotalPageFile size 13177M (AvailPageFile size 16M)
current process WorkingSet (physical memory assigned to process): 564M, peak: 566M
current process commit charge ("private bytes"): 595M, peak: 645M

vm_info: OpenJDK 64-Bit Server VM (17.0.6+0-b2043.56-10027231) for windows-amd64 JRE (17.0.6+0-b2043.56-10027231), built on Apr 28 2023 00:43:19 by "androidbuild" with MS VC++ 16.10 / 16.11 (VS2019)

END.
