#
# There is insufficient memory for the Java Runtime Environment to continue.
# Native memory allocation (mmap) failed to map 419430400 bytes for G1 virtual space
# Possible reasons:
#   The system is out of physical RAM or swap space
#   The process is running with CompressedOops enabled, and the Java Heap may be blocking the growth of the native heap
# Possible solutions:
#   Reduce memory load on the system
#   Increase physical memory or swap space
#   Check if swap backing store is full
#   Decrease Java heap size (-Xmx/-Xms)
#   Decrease number of Java threads
#   Decrease Java thread stack sizes (-Xss)
#   Set larger code cache with -XX:ReservedCodeCacheSize=
#   JVM is running with Zero Based Compressed Oops mode in which the Java heap is
#     placed in the first 32GB address space. The Java Heap base address is the
#     maximum limit for the native heap growth. Please use -XX:HeapBaseMinAddress
#     to set the Java Heap base and to place the Java Heap above 32GB virtual address.
# This output file may be truncated or incomplete.
#
#  Out of Memory Error (os_windows.cpp:3769), pid=16008, tid=9252
#
# JRE version: OpenJDK Runtime Environment (17.0.6) (build 17.0.6+0-b2043.56-10027231)
# Java VM: OpenJDK 64-Bit Server VM (17.0.6+0-b2043.56-10027231, mixed mode, tiered, compressed oops, compressed class ptrs, g1 gc, windows-amd64)
# No core dump will be written. Minidumps are not enabled by default on client versions of Windows
#

---------------  S U M M A R Y ------------

Command Line: --add-opens=java.base/java.util=ALL-UNNAMED --add-opens=java.base/java.lang=ALL-UNNAMED --add-opens=java.base/java.lang.invoke=ALL-UNNAMED --add-opens=java.prefs/java.util.prefs=ALL-UNNAMED --add-opens=java.base/java.nio.charset=ALL-UNNAMED --add-opens=java.base/java.net=ALL-UNNAMED --add-opens=java.base/java.util.concurrent.atomic=ALL-UNNAMED -Xmx4096m -Dfile.encoding=UTF-8 -Duser.country=ID -Duser.language=en -Duser.variant org.gradle.launcher.daemon.bootstrap.GradleDaemon 8.0

Host: AMD Ryzen 3 3250U with Radeon Graphics         , 4 cores, 9G,  Windows 11 , 64 bit Build 22543 (10.0.22543.1000)
Time: Sat Dec 23 17:00:42 2023 SE Asia Standard Time elapsed time: 166.992161 seconds (0d 0h 2m 46s)

---------------  T H R E A D  ---------------

Current thread (0x0000019379176c30):  VMThread "VM Thread" [stack: 0x0000003998e00000,0x0000003998f00000] [id=9252]

Stack: [0x0000003998e00000,0x0000003998f00000]
Native frames: (J=compiled Java code, j=interpreted, Vv=VM code, C=native code)
V  [jvm.dll+0x683c9a]
V  [jvm.dll+0x8427a4]
V  [jvm.dll+0x843f9e]
V  [jvm.dll+0x844603]
V  [jvm.dll+0x249b75]
V  [jvm.dll+0x680b69]
V  [jvm.dll+0x67505a]
V  [jvm.dll+0x309acb]
V  [jvm.dll+0x310f86]
V  [jvm.dll+0x3608ee]
V  [jvm.dll+0x360b1f]
V  [jvm.dll+0x2dfbf8]
V  [jvm.dll+0x2ddec4]
V  [jvm.dll+0x2dd4cc]
V  [jvm.dll+0x321f3b]
V  [jvm.dll+0x848ccb]
V  [jvm.dll+0x849a04]
V  [jvm.dll+0x849f1d]
V  [jvm.dll+0x84a2f4]
V  [jvm.dll+0x84a3c0]
V  [jvm.dll+0x7f274a]
V  [jvm.dll+0x682ad5]
C  [ucrtbase.dll+0x293cc]
C  [KERNEL32.DLL+0x11350]
C  [ntdll.dll+0x51dc8]

VM_Operation (0x000000399e9f6410): G1CollectForAllocation, mode: safepoint, requested by thread 0x000001937cb72a00


---------------  P R O C E S S  ---------------

Threads class SMR info:
_java_thread_list=0x0000019301d7fa30, length=93, elements={
0x0000019358fbe790, 0x00000193791c6b00, 0x00000193791c76b0, 0x00000193791e7130,
0x00000193791e7ce0, 0x00000193791ea8a0, 0x00000193791ed260, 0x00000193791edff0,
0x00000193791eea90, 0x0000019379c397c0, 0x0000019379dad6e0, 0x0000019379dadbb0,
0x000001937b3fea40, 0x000001937b7c9a30, 0x000001937b3735d0, 0x000001937b195610,
0x000001937a955810, 0x000001937b2c7c60, 0x000001937b3f1630, 0x0000019379f65010,
0x0000019379f68500, 0x0000019379f68030, 0x0000019379f65e80, 0x0000019379f66350,
0x0000019379f689d0, 0x0000019379f66820, 0x0000019379f67b60, 0x0000019379f67690,
0x0000019379f654e0, 0x0000019379f659b0, 0x000001937a6d2870, 0x000001937a6d5890,
0x000001937a6d6bd0, 0x000001937a6d6230, 0x000001937a6d1060, 0x000001937a6d88b0,
0x000001937a6d7570, 0x000001937a6d1a00, 0x000001937a6d1ed0, 0x000001937a6d3bb0,
0x000001937a6d5d60, 0x000001937a6d6700, 0x000001937a6d4550, 0x000001937a6d83e0,
0x000001937a6d7a40, 0x000001937a6d23a0, 0x000001937a6d70a0, 0x000001937a6d4a20,
0x0000019379f66cf0, 0x0000019300d4dc30, 0x0000019300d4a740, 0x0000019300d4fde0,
0x0000019300d50c50, 0x0000019300d4f440, 0x0000019300d4ac10, 0x0000019300d4ef70,
0x0000019300d4e100, 0x0000019300d4c420, 0x0000019300d4f910, 0x0000019300d51f90,
0x0000019300d502b0, 0x0000019300d4e5d0, 0x0000019300d4c8f0, 0x0000019300d4d760,
0x0000019300d50780, 0x0000019300d4eaa0, 0x0000019300d51120, 0x0000019300d4cdc0,
0x0000019300d515f0, 0x0000019300d51ac0, 0x0000019300d4b0e0, 0x0000019300d4b5b0,
0x0000019300d4ba80, 0x0000019300d4bf50, 0x0000019300d4d290, 0x000001937cb746e0,
0x000001937cb780a0, 0x000001937cb72530, 0x000001937cb763c0, 0x000001937cb73d40,
0x000001937cb78a40, 0x000001937cb733a0, 0x000001937cb77700, 0x000001937cb77bd0,
0x000001937cb73870, 0x000001937cb78f10, 0x000001937cb72a00, 0x000001937cb75a20,
0x00000193011d08c0, 0x00000193011d4c20, 0x00000193011d5f60, 0x00000193011d50f0,
0x0000019301af28b0
}

Java Threads: ( => current thread )
  0x0000019358fbe790 JavaThread "main" [_thread_blocked, id=15844, stack(0x0000003998800000,0x0000003998900000)]
  0x00000193791c6b00 JavaThread "Reference Handler" daemon [_thread_blocked, id=3824, stack(0x0000003998f00000,0x0000003999000000)]
  0x00000193791c76b0 JavaThread "Finalizer" daemon [_thread_blocked, id=6536, stack(0x0000003999000000,0x0000003999100000)]
  0x00000193791e7130 JavaThread "Signal Dispatcher" daemon [_thread_blocked, id=15784, stack(0x0000003999100000,0x0000003999200000)]
  0x00000193791e7ce0 JavaThread "Attach Listener" daemon [_thread_blocked, id=6732, stack(0x0000003999200000,0x0000003999300000)]
  0x00000193791ea8a0 JavaThread "Service Thread" daemon [_thread_blocked, id=13976, stack(0x0000003999300000,0x0000003999400000)]
  0x00000193791ed260 JavaThread "Monitor Deflation Thread" daemon [_thread_blocked, id=10344, stack(0x0000003999400000,0x0000003999500000)]
  0x00000193791edff0 JavaThread "C2 CompilerThread0" daemon [_thread_blocked, id=9788, stack(0x0000003999500000,0x0000003999600000)]
  0x00000193791eea90 JavaThread "C1 CompilerThread0" daemon [_thread_blocked, id=15920, stack(0x0000003999600000,0x0000003999700000)]
  0x0000019379c397c0 JavaThread "Sweeper thread" daemon [_thread_blocked, id=16628, stack(0x0000003999700000,0x0000003999800000)]
  0x0000019379dad6e0 JavaThread "Common-Cleaner" daemon [_thread_blocked, id=3800, stack(0x0000003999800000,0x0000003999900000)]
  0x0000019379dadbb0 JavaThread "Notification Thread" daemon [_thread_blocked, id=8188, stack(0x0000003999900000,0x0000003999a00000)]
  0x000001937b3fea40 JavaThread "Daemon health stats" [_thread_blocked, id=13636, stack(0x0000003999e00000,0x0000003999f00000)]
  0x000001937b7c9a30 JavaThread "Incoming local TCP Connector on port 44530" [_thread_in_native, id=15008, stack(0x0000003999f00000,0x000000399a000000)]
  0x000001937b3735d0 JavaThread "Daemon periodic checks" [_thread_blocked, id=11692, stack(0x000000399a000000,0x000000399a100000)]
  0x000001937b195610 JavaThread "Daemon" [_thread_blocked, id=12384, stack(0x000000399a100000,0x000000399a200000)]
  0x000001937a955810 JavaThread "Handler for socket connection from /127.0.0.1:44530 to /127.0.0.1:44531" [_thread_in_native, id=5808, stack(0x000000399a200000,0x000000399a300000)]
  0x000001937b2c7c60 JavaThread "Cancel handler" [_thread_blocked, id=4512, stack(0x000000399a300000,0x000000399a400000)]
  0x000001937b3f1630 JavaThread "Daemon worker" [_thread_blocked, id=10312, stack(0x000000399a400000,0x000000399a500000)]
  0x0000019379f65010 JavaThread "Asynchronous log dispatcher for DefaultDaemonConnection: socket connection from /127.0.0.1:44530 to /127.0.0.1:44531" [_thread_blocked, id=392, stack(0x000000399a500000,0x000000399a600000)]
  0x0000019379f68500 JavaThread "Daemon client event forwarder" [_thread_blocked, id=15908, stack(0x000000399a700000,0x000000399a800000)]
  0x0000019379f68030 JavaThread "Cache worker for journal cache (C:\Users\wilda\caches\journal-1)" [_thread_blocked, id=7952, stack(0x000000399a800000,0x000000399a900000)]
  0x0000019379f65e80 JavaThread "File lock request listener" [_thread_in_native, id=3812, stack(0x000000399a900000,0x000000399aa00000)]
  0x0000019379f66350 JavaThread "Cache worker for file hash cache (C:\Users\wilda\caches\8.0\fileHashes)" [_thread_blocked, id=12904, stack(0x000000399aa00000,0x000000399ab00000)]
  0x0000019379f689d0 JavaThread "File watcher server" daemon [_thread_blocked, id=13684, stack(0x000000399ae00000,0x000000399af00000)]
  0x0000019379f66820 JavaThread "File watcher consumer" daemon [_thread_blocked, id=15124, stack(0x000000399af00000,0x000000399b000000)]
  0x0000019379f67b60 JavaThread "Cache worker for checksums cache (C:\Users\wilda\AndroidStudioProjects\FilmKu\.gradle\8.0\checksums)" [_thread_blocked, id=15568, stack(0x000000399b000000,0x000000399b100000)]
  0x0000019379f67690 JavaThread "Cache worker for cache directory md-rule (C:\Users\wilda\caches\8.0\md-rule)" [_thread_blocked, id=17040, stack(0x000000399b100000,0x000000399b200000)]
  0x0000019379f654e0 JavaThread "Cache worker for file content cache (C:\Users\wilda\caches\8.0\fileContent)" [_thread_blocked, id=10212, stack(0x000000399b200000,0x000000399b300000)]
  0x0000019379f659b0 JavaThread "Cache worker for file hash cache (C:\Users\wilda\AndroidStudioProjects\FilmKu\.gradle\8.0\fileHashes)" [_thread_blocked, id=236, stack(0x000000399b300000,0x000000399b400000)]
  0x000001937a6d2870 JavaThread "Cache worker for cache directory md-supplier (C:\Users\wilda\caches\8.0\md-supplier)" [_thread_blocked, id=13788, stack(0x000000399b400000,0x000000399b500000)]
  0x000001937a6d5890 JavaThread "Cache worker for execution history cache (C:\Users\wilda\caches\8.0\executionHistory)" [_thread_blocked, id=14448, stack(0x0000003998600000,0x0000003998700000)]
  0x000001937a6d6bd0 JavaThread "jar transforms" [_thread_blocked, id=16260, stack(0x0000003998700000,0x0000003998800000)]
  0x000001937a6d6230 JavaThread "jar transforms Thread 2" [_thread_blocked, id=4576, stack(0x000000399b500000,0x000000399b600000)]
  0x000001937a6d1060 JavaThread "Cache worker for kotlin-dsl (C:\Users\wilda\caches\8.0\kotlin-dsl)" [_thread_blocked, id=9464, stack(0x000000399b600000,0x000000399b700000)]
  0x000001937a6d88b0 JavaThread "jar transforms Thread 3" [_thread_blocked, id=15396, stack(0x000000399b800000,0x000000399b900000)]
  0x000001937a6d7570 JavaThread "jar transforms Thread 4" [_thread_blocked, id=15068, stack(0x000000399a600000,0x000000399a700000)]
  0x000001937a6d1a00 JavaThread "Cache worker for dependencies-accessors (C:\Users\wilda\AndroidStudioProjects\FilmKu\.gradle\8.0\dependencies-accessors)" [_thread_blocked, id=13436, stack(0x000000399b700000,0x000000399b800000)]
  0x000001937a6d1ed0 JavaThread "Cache worker for Build Output Cleanup Cache (C:\Users\wilda\AndroidStudioProjects\FilmKu\.gradle\buildOutputCleanup)" [_thread_blocked, id=11396, stack(0x000000399b900000,0x000000399ba00000)]
  0x000001937a6d3bb0 JavaThread "Unconstrained build operations" [_thread_blocked, id=15468, stack(0x000000399bb00000,0x000000399bc00000)]
  0x000001937a6d5d60 JavaThread "Unconstrained build operations Thread 2" [_thread_blocked, id=15904, stack(0x000000399bc00000,0x000000399bd00000)]
  0x000001937a6d6700 JavaThread "Unconstrained build operations Thread 3" [_thread_blocked, id=14160, stack(0x000000399bd00000,0x000000399be00000)]
  0x000001937a6d4550 JavaThread "Unconstrained build operations Thread 4" [_thread_blocked, id=6188, stack(0x000000399be00000,0x000000399bf00000)]
  0x000001937a6d83e0 JavaThread "Unconstrained build operations Thread 5" [_thread_blocked, id=3700, stack(0x000000399bf00000,0x000000399c000000)]
  0x000001937a6d7a40 JavaThread "Unconstrained build operations Thread 6" [_thread_blocked, id=2352, stack(0x000000399c000000,0x000000399c100000)]
  0x000001937a6d23a0 JavaThread "Unconstrained build operations Thread 7" [_thread_blocked, id=14108, stack(0x000000399c100000,0x000000399c200000)]
  0x000001937a6d70a0 JavaThread "Unconstrained build operations Thread 8" [_thread_blocked, id=5576, stack(0x000000399c200000,0x000000399c300000)]
  0x000001937a6d4a20 JavaThread "Unconstrained build operations Thread 9" [_thread_blocked, id=16712, stack(0x000000399c300000,0x000000399c400000)]
  0x0000019379f66cf0 JavaThread "Unconstrained build operations Thread 10" [_thread_blocked, id=9664, stack(0x000000399c400000,0x000000399c500000)]
  0x0000019300d4dc30 JavaThread "Unconstrained build operations Thread 11" [_thread_blocked, id=2804, stack(0x000000399c500000,0x000000399c600000)]
  0x0000019300d4a740 JavaThread "Unconstrained build operations Thread 12" [_thread_blocked, id=4300, stack(0x000000399c600000,0x000000399c700000)]
  0x0000019300d4fde0 JavaThread "Unconstrained build operations Thread 13" [_thread_blocked, id=10520, stack(0x000000399c700000,0x000000399c800000)]
  0x0000019300d50c50 JavaThread "Unconstrained build operations Thread 14" [_thread_blocked, id=3176, stack(0x000000399c800000,0x000000399c900000)]
  0x0000019300d4f440 JavaThread "Unconstrained build operations Thread 15" [_thread_blocked, id=16100, stack(0x000000399c900000,0x000000399ca00000)]
  0x0000019300d4ac10 JavaThread "Unconstrained build operations Thread 16" [_thread_blocked, id=11220, stack(0x000000399ca00000,0x000000399cb00000)]
  0x0000019300d4ef70 JavaThread "Unconstrained build operations Thread 17" [_thread_blocked, id=1608, stack(0x000000399cb00000,0x000000399cc00000)]
  0x0000019300d4e100 JavaThread "Unconstrained build operations Thread 18" [_thread_blocked, id=15824, stack(0x000000399cc00000,0x000000399cd00000)]
  0x0000019300d4c420 JavaThread "Unconstrained build operations Thread 19" [_thread_blocked, id=11864, stack(0x000000399cd00000,0x000000399ce00000)]
  0x0000019300d4f910 JavaThread "Unconstrained build operations Thread 20" [_thread_blocked, id=17008, stack(0x000000399ce00000,0x000000399cf00000)]
  0x0000019300d51f90 JavaThread "Unconstrained build operations Thread 21" [_thread_blocked, id=10976, stack(0x000000399cf00000,0x000000399d000000)]
  0x0000019300d502b0 JavaThread "Unconstrained build operations Thread 22" [_thread_blocked, id=16228, stack(0x000000399d000000,0x000000399d100000)]
  0x0000019300d4e5d0 JavaThread "Unconstrained build operations Thread 23" [_thread_blocked, id=13792, stack(0x000000399d100000,0x000000399d200000)]
  0x0000019300d4c8f0 JavaThread "Unconstrained build operations Thread 24" [_thread_blocked, id=11800, stack(0x000000399d200000,0x000000399d300000)]
  0x0000019300d4d760 JavaThread "Unconstrained build operations Thread 25" [_thread_blocked, id=13628, stack(0x000000399d300000,0x000000399d400000)]
  0x0000019300d50780 JavaThread "Unconstrained build operations Thread 26" [_thread_blocked, id=4536, stack(0x000000399d400000,0x000000399d500000)]
  0x0000019300d4eaa0 JavaThread "Unconstrained build operations Thread 27" [_thread_blocked, id=7652, stack(0x000000399d500000,0x000000399d600000)]
  0x0000019300d51120 JavaThread "Unconstrained build operations Thread 28" [_thread_blocked, id=12668, stack(0x000000399d600000,0x000000399d700000)]
  0x0000019300d4cdc0 JavaThread "Unconstrained build operations Thread 29" [_thread_blocked, id=2716, stack(0x000000399d700000,0x000000399d800000)]
  0x0000019300d515f0 JavaThread "Unconstrained build operations Thread 30" [_thread_blocked, id=9232, stack(0x000000399d800000,0x000000399d900000)]
  0x0000019300d51ac0 JavaThread "Unconstrained build operations Thread 31" [_thread_blocked, id=5716, stack(0x000000399d900000,0x000000399da00000)]
  0x0000019300d4b0e0 JavaThread "Unconstrained build operations Thread 32" [_thread_blocked, id=16496, stack(0x000000399da00000,0x000000399db00000)]
  0x0000019300d4b5b0 JavaThread "Unconstrained build operations Thread 33" [_thread_blocked, id=5392, stack(0x000000399db00000,0x000000399dc00000)]
  0x0000019300d4ba80 JavaThread "Unconstrained build operations Thread 34" [_thread_blocked, id=10148, stack(0x000000399dc00000,0x000000399dd00000)]
  0x0000019300d4bf50 JavaThread "Unconstrained build operations Thread 35" [_thread_blocked, id=13076, stack(0x000000399dd00000,0x000000399de00000)]
  0x0000019300d4d290 JavaThread "Unconstrained build operations Thread 36" [_thread_blocked, id=11780, stack(0x000000399de00000,0x000000399df00000)]
  0x000001937cb746e0 JavaThread "Unconstrained build operations Thread 37" [_thread_blocked, id=15100, stack(0x000000399df00000,0x000000399e000000)]
  0x000001937cb780a0 JavaThread "Unconstrained build operations Thread 38" [_thread_blocked, id=15500, stack(0x000000399e000000,0x000000399e100000)]
  0x000001937cb72530 JavaThread "Unconstrained build operations Thread 39" [_thread_blocked, id=11512, stack(0x000000399e100000,0x000000399e200000)]
  0x000001937cb763c0 JavaThread "Unconstrained build operations Thread 40" [_thread_blocked, id=11896, stack(0x000000399e200000,0x000000399e300000)]
  0x000001937cb73d40 JavaThread "build event listener" [_thread_blocked, id=4952, stack(0x000000399ba00000,0x000000399bb00000)]
  0x000001937cb78a40 JavaThread "Memory manager" [_thread_blocked, id=16740, stack(0x000000399e300000,0x000000399e400000)]
  0x000001937cb733a0 JavaThread "pool-3-thread-1" [_thread_blocked, id=14268, stack(0x000000399e400000,0x000000399e500000)]
  0x000001937cb77700 JavaThread "build event listener" [_thread_blocked, id=1340, stack(0x000000399e500000,0x000000399e600000)]
  0x000001937cb77bd0 JavaThread "included builds" [_thread_blocked, id=9584, stack(0x000000399e600000,0x000000399e700000)]
  0x000001937cb73870 JavaThread "Execution worker" [_thread_in_native, id=9328, stack(0x000000399e700000,0x000000399e800000)]
  0x000001937cb78f10 JavaThread "Execution worker Thread 2" [_thread_blocked, id=11000, stack(0x000000399e800000,0x000000399e900000)]
  0x000001937cb72a00 JavaThread "Execution worker Thread 3" [_thread_blocked, id=4980, stack(0x000000399e900000,0x000000399ea00000)]
  0x000001937cb75a20 JavaThread "Cache worker for execution history cache (C:\Users\wilda\AndroidStudioProjects\FilmKu\.gradle\8.0\executionHistory)" [_thread_blocked, id=10704, stack(0x000000399eb00000,0x000000399ec00000)]
  0x00000193011d08c0 JavaThread "WorkerExecutor Queue" [_thread_blocked, id=14552, stack(0x000000399ec00000,0x000000399ed00000)]
  0x00000193011d4c20 JavaThread "pool-4-thread-1" [_thread_blocked, id=17308, stack(0x000000399ea00000,0x000000399eb00000)]
  0x00000193011d5f60 JavaThread "stderr" [_thread_in_native, id=11948, stack(0x000000399ed00000,0x000000399ee00000)]
  0x00000193011d50f0 JavaThread "stdout" [_thread_in_native, id=13844, stack(0x000000399ee00000,0x000000399ef00000)]
  0x0000019301af28b0 JavaThread "C2 CompilerThread1" daemon [_thread_blocked, id=3240, stack(0x000000399ef00000,0x000000399f000000)]

Other Threads:
=>0x0000019379176c30 VMThread "VM Thread" [stack: 0x0000003998e00000,0x0000003998f00000] [id=9252]
  0x0000019379dd02b0 WatcherThread [stack: 0x0000003999a00000,0x0000003999b00000] [id=11472]
  0x000001935b067d10 GCTaskThread "GC Thread#0" [stack: 0x0000003998900000,0x0000003998a00000] [id=12708]
  0x000001937a2a3d40 GCTaskThread "GC Thread#1" [stack: 0x0000003999b00000,0x0000003999c00000] [id=1628]
  0x000001937a249a50 GCTaskThread "GC Thread#2" [stack: 0x0000003999c00000,0x0000003999d00000] [id=17400]
  0x000001937a0c5370 GCTaskThread "GC Thread#3" [stack: 0x0000003999d00000,0x0000003999e00000] [id=10064]
  0x000001935b078c50 ConcurrentGCThread "G1 Main Marker" [stack: 0x0000003998a00000,0x0000003998b00000] [id=17048]
  0x000001935b0797c0 ConcurrentGCThread "G1 Conc#0" [stack: 0x0000003998b00000,0x0000003998c00000] [id=3560]
  0x00000193790324b0 ConcurrentGCThread "G1 Refine#0" [stack: 0x0000003998c00000,0x0000003998d00000] [id=1696]
  0x000001937cfd0890 ConcurrentGCThread "G1 Refine#1" [stack: 0x000000399ab00000,0x000000399ac00000] [id=11604]
  0x000001930152b470 ConcurrentGCThread "G1 Refine#2" [stack: 0x000000399f000000,0x000000399f100000] [id=12560]
  0x000001930152b750 ConcurrentGCThread "G1 Refine#3" [stack: 0x000000399f100000,0x000000399f200000] [id=3720]
  0x000001935b0b7870 ConcurrentGCThread "G1 Service" [stack: 0x0000003998d00000,0x0000003998e00000] [id=10648]

Threads with active compile tasks:
C2 CompilerThread0   167062 17209       4       com.android.tools.r8.ir.optimize.M::a (604 bytes)
C2 CompilerThread1   167062 17208 %     4       com.android.tools.r8.ir.regalloc.b::c @ 2110 (4041 bytes)

VM state: at safepoint (normal execution)

VM Mutex/Monitor currently owned by a thread:  ([mutex/lock_event])
[0x0000019358fba790] Threads_lock - owner thread: 0x0000019379176c30
[0x0000019358fbb240] Heap_lock - owner thread: 0x000001937cb72a00

Heap address: 0x0000000700000000, size: 4096 MB, Compressed Oops mode: Zero based, Oop shift amount: 3

CDS archive(s) not mapped
Compressed class space mapped at: 0x0000000800000000-0x0000000840000000, reserved size: 1073741824
Narrow klass base: 0x0000000800000000, Narrow klass shift: 0, Narrow klass range: 0x40000000

GC Precious Log:
 CPUs: 4 total, 4 available
 Memory: 10177M
 Large Page Support: Disabled
 NUMA Support: Disabled
 Compressed Oops: Enabled (Zero based)
 Heap Region Size: 2M
 Heap Min Capacity: 8M
 Heap Initial Capacity: 160M
 Heap Max Capacity: 4G
 Pre-touch: Disabled
 Parallel Workers: 4
 Concurrent Workers: 1
 Concurrent Refinement Workers: 4
 Periodic GC: Disabled

Heap:
 garbage-first heap   total 464896K, used 195690K [0x0000000700000000, 0x0000000800000000)
  region size 2048K, 1 young (2048K), 1 survivors (2048K)
 Metaspace       used 115556K, committed 116288K, reserved 1155072K
  class space    used 15493K, committed 15872K, reserved 1048576K

Heap Regions: E=young(eden), S=young(survivor), O=old, HS=humongous(starts), HC=humongous(continues), CS=collection set, F=free, OA=open archive, CA=closed archive, TAMS=top-at-mark-start (previous, next)
|   0|0x0000000700000000, 0x0000000700200000, 0x0000000700200000|100%| O|  |TAMS 0x0000000700200000, 0x0000000700000000| Untracked 
|   1|0x0000000700200000, 0x0000000700400000, 0x0000000700400000|100%|HS|  |TAMS 0x0000000700400000, 0x0000000700200000| Complete 
|   2|0x0000000700400000, 0x0000000700600000, 0x0000000700600000|100%|HC|  |TAMS 0x0000000700600000, 0x0000000700400000| Complete 
|   3|0x0000000700600000, 0x0000000700800000, 0x0000000700800000|100%| O|  |TAMS 0x0000000700800000, 0x0000000700600000| Untracked 
|   4|0x0000000700800000, 0x0000000700a00000, 0x0000000700a00000|100%| O|  |TAMS 0x0000000700a00000, 0x0000000700800000| Untracked 
|   5|0x0000000700a00000, 0x0000000700c00000, 0x0000000700c00000|100%| O|  |TAMS 0x0000000700c00000, 0x0000000700a00000| Untracked 
|   6|0x0000000700c00000, 0x0000000700e00000, 0x0000000700e00000|100%| O|  |TAMS 0x0000000700e00000, 0x0000000700c00000| Untracked 
|   7|0x0000000700e00000, 0x0000000701000000, 0x0000000701000000|100%| O|  |TAMS 0x0000000701000000, 0x0000000700e00000| Untracked 
|   8|0x0000000701000000, 0x0000000701200000, 0x0000000701200000|100%| O|  |TAMS 0x0000000701200000, 0x0000000701000000| Untracked 
|   9|0x0000000701200000, 0x0000000701400000, 0x0000000701400000|100%| O|  |TAMS 0x0000000701400000, 0x0000000701200000| Untracked 
|  10|0x0000000701400000, 0x0000000701600000, 0x0000000701600000|100%| O|  |TAMS 0x0000000701600000, 0x0000000701400000| Untracked 
|  11|0x0000000701600000, 0x0000000701800000, 0x0000000701800000|100%| O|  |TAMS 0x0000000701800000, 0x0000000701600000| Untracked 
|  12|0x0000000701800000, 0x0000000701a00000, 0x0000000701a00000|100%| O|  |TAMS 0x0000000701a00000, 0x0000000701800000| Untracked 
|  13|0x0000000701a00000, 0x0000000701c00000, 0x0000000701c00000|100%| O|  |TAMS 0x0000000701c00000, 0x0000000701a00000| Untracked 
|  14|0x0000000701c00000, 0x0000000701e00000, 0x0000000701e00000|100%| O|  |TAMS 0x0000000701e00000, 0x0000000701c00000| Untracked 
|  15|0x0000000701e00000, 0x0000000702000000, 0x0000000702000000|100%| O|  |TAMS 0x0000000702000000, 0x0000000701e00000| Untracked 
|  16|0x0000000702000000, 0x0000000702200000, 0x0000000702200000|100%| O|  |TAMS 0x0000000702200000, 0x0000000702000000| Untracked 
|  17|0x0000000702200000, 0x0000000702400000, 0x0000000702400000|100%| O|  |TAMS 0x0000000702400000, 0x0000000702200000| Untracked 
|  18|0x0000000702400000, 0x0000000702600000, 0x0000000702600000|100%|HS|  |TAMS 0x0000000702600000, 0x0000000702400000| Complete 
|  19|0x0000000702600000, 0x0000000702800000, 0x0000000702800000|100%| O|  |TAMS 0x0000000702800000, 0x0000000702600000| Untracked 
|  20|0x0000000702800000, 0x0000000702a00000, 0x0000000702a00000|100%| O|  |TAMS 0x0000000702a00000, 0x0000000702800000| Untracked 
|  21|0x0000000702a00000, 0x0000000702c00000, 0x0000000702c00000|100%|HS|  |TAMS 0x0000000702c00000, 0x0000000702a00000| Complete 
|  22|0x0000000702c00000, 0x0000000702e00000, 0x0000000702e00000|100%|HC|  |TAMS 0x0000000702e00000, 0x0000000702c00000| Complete 
|  23|0x0000000702e00000, 0x0000000703000000, 0x0000000703000000|100%| O|  |TAMS 0x0000000703000000, 0x0000000702e00000| Untracked 
|  24|0x0000000703000000, 0x0000000703200000, 0x0000000703200000|100%| O|  |TAMS 0x0000000703200000, 0x0000000703000000| Untracked 
|  25|0x0000000703200000, 0x0000000703400000, 0x0000000703400000|100%| O|  |TAMS 0x0000000703400000, 0x0000000703200000| Untracked 
|  26|0x0000000703400000, 0x0000000703600000, 0x0000000703600000|100%| O|  |TAMS 0x0000000703600000, 0x0000000703400000| Untracked 
|  27|0x0000000703600000, 0x0000000703800000, 0x0000000703800000|100%| O|  |TAMS 0x0000000703800000, 0x0000000703600000| Untracked 
|  28|0x0000000703800000, 0x0000000703a00000, 0x0000000703a00000|100%| O|  |TAMS 0x0000000703a00000, 0x0000000703800000| Untracked 
|  29|0x0000000703a00000, 0x0000000703c00000, 0x0000000703c00000|100%| O|  |TAMS 0x0000000703c00000, 0x0000000703a00000| Untracked 
|  30|0x0000000703c00000, 0x0000000703e00000, 0x0000000703e00000|100%| O|  |TAMS 0x0000000703e00000, 0x0000000703c00000| Untracked 
|  31|0x0000000703e00000, 0x0000000704000000, 0x0000000704000000|100%| O|  |TAMS 0x0000000704000000, 0x0000000703e00000| Untracked 
|  32|0x0000000704000000, 0x0000000704200000, 0x0000000704200000|100%| O|  |TAMS 0x0000000704200000, 0x0000000704000000| Untracked 
|  33|0x0000000704200000, 0x0000000704400000, 0x0000000704400000|100%| O|  |TAMS 0x0000000704400000, 0x0000000704200000| Untracked 
|  34|0x0000000704400000, 0x0000000704600000, 0x0000000704600000|100%| O|  |TAMS 0x0000000704600000, 0x0000000704400000| Untracked 
|  35|0x0000000704600000, 0x0000000704800000, 0x0000000704800000|100%| O|  |TAMS 0x0000000704800000, 0x0000000704600000| Untracked 
|  36|0x0000000704800000, 0x0000000704a00000, 0x0000000704a00000|100%| O|  |TAMS 0x0000000704a00000, 0x0000000704800000| Untracked 
|  37|0x0000000704a00000, 0x0000000704c00000, 0x0000000704c00000|100%| O|  |TAMS 0x0000000704c00000, 0x0000000704a00000| Untracked 
|  38|0x0000000704c00000, 0x0000000704e00000, 0x0000000704e00000|100%| O|  |TAMS 0x0000000704e00000, 0x0000000704c00000| Untracked 
|  39|0x0000000704e00000, 0x0000000705000000, 0x0000000705000000|100%| O|  |TAMS 0x0000000705000000, 0x0000000704e00000| Untracked 
|  40|0x0000000705000000, 0x0000000705200000, 0x0000000705200000|100%| O|  |TAMS 0x0000000705200000, 0x0000000705000000| Untracked 
|  41|0x0000000705200000, 0x0000000705400000, 0x0000000705400000|100%| O|  |TAMS 0x0000000705400000, 0x0000000705200000| Untracked 
|  42|0x0000000705400000, 0x0000000705600000, 0x0000000705600000|100%| O|  |TAMS 0x0000000705600000, 0x0000000705400000| Untracked 
|  43|0x0000000705600000, 0x0000000705800000, 0x0000000705800000|100%| O|  |TAMS 0x0000000705800000, 0x0000000705600000| Untracked 
|  44|0x0000000705800000, 0x0000000705a00000, 0x0000000705a00000|100%| O|  |TAMS 0x0000000705a00000, 0x0000000705800000| Untracked 
|  45|0x0000000705a00000, 0x0000000705c00000, 0x0000000705c00000|100%| O|  |TAMS 0x0000000705c00000, 0x0000000705a00000| Untracked 
|  46|0x0000000705c00000, 0x0000000705e00000, 0x0000000705e00000|100%| O|  |TAMS 0x0000000705e00000, 0x0000000705c00000| Untracked 
|  47|0x0000000705e00000, 0x0000000706000000, 0x0000000706000000|100%| O|  |TAMS 0x0000000706000000, 0x0000000705e00000| Untracked 
|  48|0x0000000706000000, 0x0000000706200000, 0x0000000706200000|100%| O|  |TAMS 0x0000000706200000, 0x0000000706000000| Untracked 
|  49|0x0000000706200000, 0x0000000706400000, 0x0000000706400000|100%| O|  |TAMS 0x0000000706400000, 0x0000000706200000| Untracked 
|  50|0x0000000706400000, 0x0000000706600000, 0x0000000706600000|100%| O|  |TAMS 0x0000000706600000, 0x0000000706400000| Untracked 
|  51|0x0000000706600000, 0x0000000706800000, 0x0000000706800000|100%| O|  |TAMS 0x0000000706800000, 0x0000000706600000| Untracked 
|  52|0x0000000706800000, 0x0000000706a00000, 0x0000000706a00000|100%| O|  |TAMS 0x0000000706a00000, 0x0000000706800000| Untracked 
|  53|0x0000000706a00000, 0x0000000706c00000, 0x0000000706c00000|100%| O|  |TAMS 0x0000000706c00000, 0x0000000706a00000| Untracked 
|  54|0x0000000706c00000, 0x0000000706e00000, 0x0000000706e00000|100%| O|  |TAMS 0x0000000706e00000, 0x0000000706c00000| Untracked 
|  55|0x0000000706e00000, 0x0000000707000000, 0x0000000707000000|100%| O|  |TAMS 0x0000000707000000, 0x0000000706e00000| Untracked 
|  56|0x0000000707000000, 0x0000000707200000, 0x0000000707200000|100%| O|  |TAMS 0x0000000707200000, 0x0000000707000000| Untracked 
|  57|0x0000000707200000, 0x0000000707400000, 0x0000000707400000|100%| O|  |TAMS 0x0000000707400000, 0x0000000707200000| Untracked 
|  58|0x0000000707400000, 0x0000000707600000, 0x0000000707600000|100%| O|  |TAMS 0x0000000707600000, 0x0000000707400000| Untracked 
|  59|0x0000000707600000, 0x0000000707800000, 0x0000000707800000|100%| O|  |TAMS 0x0000000707800000, 0x0000000707600000| Untracked 
|  60|0x0000000707800000, 0x0000000707a00000, 0x0000000707a00000|100%| O|  |TAMS 0x0000000707a00000, 0x0000000707800000| Untracked 
|  61|0x0000000707a00000, 0x0000000707c00000, 0x0000000707c00000|100%| O|  |TAMS 0x0000000707c00000, 0x0000000707a00000| Untracked 
|  62|0x0000000707c00000, 0x0000000707e00000, 0x0000000707e00000|100%| O|  |TAMS 0x0000000707e00000, 0x0000000707c00000| Untracked 
|  63|0x0000000707e00000, 0x0000000708000000, 0x0000000708000000|100%| O|  |TAMS 0x0000000708000000, 0x0000000707e00000| Untracked 
|  64|0x0000000708000000, 0x0000000708200000, 0x0000000708200000|100%| O|  |TAMS 0x0000000708200000, 0x0000000708000000| Untracked 
|  65|0x0000000708200000, 0x0000000708400000, 0x0000000708400000|100%| O|  |TAMS 0x0000000708400000, 0x0000000708200000| Untracked 
|  66|0x0000000708400000, 0x0000000708600000, 0x0000000708600000|100%| O|  |TAMS 0x0000000708600000, 0x0000000708400000| Untracked 
|  67|0x0000000708600000, 0x0000000708800000, 0x0000000708800000|100%| O|  |TAMS 0x0000000708800000, 0x0000000708600000| Untracked 
|  68|0x0000000708800000, 0x0000000708a00000, 0x0000000708a00000|100%| O|  |TAMS 0x0000000708a00000, 0x0000000708800000| Untracked 
|  69|0x0000000708a00000, 0x0000000708c00000, 0x0000000708c00000|100%| O|  |TAMS 0x0000000708c00000, 0x0000000708a00000| Untracked 
|  70|0x0000000708c00000, 0x0000000708e00000, 0x0000000708e00000|100%| O|  |TAMS 0x0000000708e00000, 0x0000000708c00000| Untracked 
|  71|0x0000000708e00000, 0x0000000709000000, 0x0000000709000000|100%| O|  |TAMS 0x0000000709000000, 0x0000000708e00000| Untracked 
|  72|0x0000000709000000, 0x0000000709200000, 0x0000000709200000|100%| O|  |TAMS 0x0000000709200000, 0x0000000709000000| Untracked 
|  73|0x0000000709200000, 0x0000000709400000, 0x0000000709400000|100%| O|  |TAMS 0x0000000709400000, 0x0000000709200000| Untracked 
|  74|0x0000000709400000, 0x0000000709600000, 0x0000000709600000|100%| O|  |TAMS 0x0000000709600000, 0x0000000709400000| Untracked 
|  75|0x0000000709600000, 0x0000000709800000, 0x0000000709800000|100%| O|  |TAMS 0x0000000709800000, 0x0000000709600000| Untracked 
|  76|0x0000000709800000, 0x0000000709a00000, 0x0000000709a00000|100%| O|  |TAMS 0x0000000709a00000, 0x0000000709800000| Untracked 
|  77|0x0000000709a00000, 0x0000000709c00000, 0x0000000709c00000|100%| O|  |TAMS 0x0000000709c00000, 0x0000000709a00000| Untracked 
|  78|0x0000000709c00000, 0x0000000709e00000, 0x0000000709e00000|100%| O|  |TAMS 0x0000000709e00000, 0x0000000709c00000| Untracked 
|  79|0x0000000709e00000, 0x0000000709e00000, 0x000000070a000000|  0%| F|  |TAMS 0x0000000709e00000, 0x0000000709e00000| Untracked 
|  80|0x000000070a000000, 0x000000070a200000, 0x000000070a200000|100%| O|  |TAMS 0x000000070a200000, 0x000000070a000000| Untracked 
|  81|0x000000070a200000, 0x000000070a400000, 0x000000070a400000|100%| O|  |TAMS 0x000000070a400000, 0x000000070a200000| Untracked 
|  82|0x000000070a400000, 0x000000070a600000, 0x000000070a600000|100%| O|  |TAMS 0x000000070a600000, 0x000000070a400000| Untracked 
|  83|0x000000070a600000, 0x000000070a800000, 0x000000070a800000|100%| O|  |TAMS 0x000000070a800000, 0x000000070a600000| Untracked 
|  84|0x000000070a800000, 0x000000070aa00000, 0x000000070aa00000|100%| O|  |TAMS 0x000000070aa00000, 0x000000070a800000| Untracked 
|  85|0x000000070aa00000, 0x000000070ac00000, 0x000000070ac00000|100%| O|  |TAMS 0x000000070ac00000, 0x000000070aa00000| Untracked 
|  86|0x000000070ac00000, 0x000000070ae00000, 0x000000070ae00000|100%| O|  |TAMS 0x000000070ae00000, 0x000000070ac00000| Untracked 
|  87|0x000000070ae00000, 0x000000070b000000, 0x000000070b000000|100%| O|  |TAMS 0x000000070b000000, 0x000000070ae00000| Untracked 
|  88|0x000000070b000000, 0x000000070b200000, 0x000000070b200000|100%| O|  |TAMS 0x000000070b200000, 0x000000070b000000| Untracked 
|  89|0x000000070b200000, 0x000000070b400000, 0x000000070b400000|100%| O|  |TAMS 0x000000070b400000, 0x000000070b200000| Untracked 
|  90|0x000000070b400000, 0x000000070b600000, 0x000000070b600000|100%| O|  |TAMS 0x000000070b600000, 0x000000070b400000| Untracked 
|  91|0x000000070b600000, 0x000000070b800000, 0x000000070b800000|100%| O|  |TAMS 0x000000070b600000, 0x000000070b600000| Untracked 
|  92|0x000000070b800000, 0x000000070ba00000, 0x000000070ba00000|100%| O|  |TAMS 0x000000070b800000, 0x000000070b800000| Untracked 
|  93|0x000000070ba00000, 0x000000070bc00000, 0x000000070bc00000|100%| O|  |TAMS 0x000000070ba00000, 0x000000070ba00000| Untracked 
|  94|0x000000070bc00000, 0x000000070be00000, 0x000000070be00000|100%| O|  |TAMS 0x000000070bc00000, 0x000000070bc00000| Untracked 
|  95|0x000000070be00000, 0x000000070bf3f008, 0x000000070c000000| 62%| O|  |TAMS 0x000000070be00000, 0x000000070be00000| Untracked 
|  96|0x000000070c000000, 0x000000070c000000, 0x000000070c200000|  0%| F|  |TAMS 0x000000070c000000, 0x000000070c000000| Untracked 
|  97|0x000000070c200000, 0x000000070c200000, 0x000000070c400000|  0%| F|  |TAMS 0x000000070c200000, 0x000000070c200000| Untracked 
|  98|0x000000070c400000, 0x000000070c400000, 0x000000070c600000|  0%| F|  |TAMS 0x000000070c400000, 0x000000070c400000| Untracked 
|  99|0x000000070c600000, 0x000000070c600000, 0x000000070c800000|  0%| F|  |TAMS 0x000000070c600000, 0x000000070c600000| Untracked 
| 100|0x000000070c800000, 0x000000070c800000, 0x000000070ca00000|  0%| F|  |TAMS 0x000000070c800000, 0x000000070c800000| Untracked 
| 101|0x000000070ca00000, 0x000000070ca00000, 0x000000070cc00000|  0%| F|  |TAMS 0x000000070ca00000, 0x000000070ca00000| Untracked 
| 102|0x000000070cc00000, 0x000000070cc00000, 0x000000070ce00000|  0%| F|  |TAMS 0x000000070cc00000, 0x000000070cc00000| Untracked 
| 103|0x000000070ce00000, 0x000000070ce00000, 0x000000070d000000|  0%| F|  |TAMS 0x000000070ce00000, 0x000000070ce00000| Untracked 
| 104|0x000000070d000000, 0x000000070d000000, 0x000000070d200000|  0%| F|  |TAMS 0x000000070d000000, 0x000000070d000000| Untracked 
| 105|0x000000070d200000, 0x000000070d200000, 0x000000070d400000|  0%| F|  |TAMS 0x000000070d200000, 0x000000070d200000| Untracked 
| 106|0x000000070d400000, 0x000000070d400000, 0x000000070d600000|  0%| F|  |TAMS 0x000000070d400000, 0x000000070d400000| Untracked 
| 107|0x000000070d600000, 0x000000070d600000, 0x000000070d800000|  0%| F|  |TAMS 0x000000070d600000, 0x000000070d600000| Untracked 
| 108|0x000000070d800000, 0x000000070d800000, 0x000000070da00000|  0%| F|  |TAMS 0x000000070d800000, 0x000000070d800000| Untracked 
| 109|0x000000070da00000, 0x000000070da00000, 0x000000070dc00000|  0%| F|  |TAMS 0x000000070da00000, 0x000000070da00000| Untracked 
| 110|0x000000070dc00000, 0x000000070dc00000, 0x000000070de00000|  0%| F|  |TAMS 0x000000070dc00000, 0x000000070dc00000| Untracked 
| 111|0x000000070de00000, 0x000000070de00000, 0x000000070e000000|  0%| F|  |TAMS 0x000000070de00000, 0x000000070de00000| Untracked 
| 112|0x000000070e000000, 0x000000070e000000, 0x000000070e200000|  0%| F|  |TAMS 0x000000070e000000, 0x000000070e000000| Untracked 
| 113|0x000000070e200000, 0x000000070e200000, 0x000000070e400000|  0%| F|  |TAMS 0x000000070e200000, 0x000000070e200000| Untracked 
| 114|0x000000070e400000, 0x000000070e400000, 0x000000070e600000|  0%| F|  |TAMS 0x000000070e400000, 0x000000070e400000| Untracked 
| 115|0x000000070e600000, 0x000000070e600000, 0x000000070e800000|  0%| F|  |TAMS 0x000000070e600000, 0x000000070e600000| Untracked 
| 116|0x000000070e800000, 0x000000070e800000, 0x000000070ea00000|  0%| F|  |TAMS 0x000000070e800000, 0x000000070e800000| Untracked 
| 117|0x000000070ea00000, 0x000000070ea00000, 0x000000070ec00000|  0%| F|  |TAMS 0x000000070ea00000, 0x000000070ea00000| Untracked 
| 118|0x000000070ec00000, 0x000000070ec00000, 0x000000070ee00000|  0%| F|  |TAMS 0x000000070ec00000, 0x000000070ec00000| Untracked 
| 119|0x000000070ee00000, 0x000000070ee00000, 0x000000070f000000|  0%| F|  |TAMS 0x000000070ee00000, 0x000000070ee00000| Untracked 
| 120|0x000000070f000000, 0x000000070f000000, 0x000000070f200000|  0%| F|  |TAMS 0x000000070f000000, 0x000000070f000000| Untracked 
| 121|0x000000070f200000, 0x000000070f200000, 0x000000070f400000|  0%| F|  |TAMS 0x000000070f200000, 0x000000070f200000| Untracked 
| 122|0x000000070f400000, 0x000000070f400000, 0x000000070f600000|  0%| F|  |TAMS 0x000000070f400000, 0x000000070f400000| Untracked 
| 123|0x000000070f600000, 0x000000070f600000, 0x000000070f800000|  0%| F|  |TAMS 0x000000070f600000, 0x000000070f600000| Untracked 
| 124|0x000000070f800000, 0x000000070f800000, 0x000000070fa00000|  0%| F|  |TAMS 0x000000070f800000, 0x000000070f800000| Untracked 
| 125|0x000000070fa00000, 0x000000070fa00000, 0x000000070fc00000|  0%| F|  |TAMS 0x000000070fa00000, 0x000000070fa00000| Untracked 
| 126|0x000000070fc00000, 0x000000070fc00000, 0x000000070fe00000|  0%| F|  |TAMS 0x000000070fc00000, 0x000000070fc00000| Untracked 
| 127|0x000000070fe00000, 0x000000070fe00000, 0x0000000710000000|  0%| F|  |TAMS 0x000000070fe00000, 0x000000070fe00000| Untracked 
| 128|0x0000000710000000, 0x0000000710000000, 0x0000000710200000|  0%| F|  |TAMS 0x0000000710000000, 0x0000000710000000| Untracked 
| 129|0x0000000710200000, 0x0000000710200000, 0x0000000710400000|  0%| F|  |TAMS 0x0000000710200000, 0x0000000710200000| Untracked 
| 130|0x0000000710400000, 0x0000000710400000, 0x0000000710600000|  0%| F|  |TAMS 0x0000000710400000, 0x0000000710400000| Untracked 
| 131|0x0000000710600000, 0x0000000710600000, 0x0000000710800000|  0%| F|  |TAMS 0x0000000710600000, 0x0000000710600000| Untracked 
| 132|0x0000000710800000, 0x0000000710800000, 0x0000000710a00000|  0%| F|  |TAMS 0x0000000710800000, 0x0000000710800000| Untracked 
| 133|0x0000000710a00000, 0x0000000710a00000, 0x0000000710c00000|  0%| F|  |TAMS 0x0000000710a00000, 0x0000000710a00000| Untracked 
| 134|0x0000000710c00000, 0x0000000710c00000, 0x0000000710e00000|  0%| F|  |TAMS 0x0000000710c00000, 0x0000000710c00000| Untracked 
| 135|0x0000000710e00000, 0x0000000710e00000, 0x0000000711000000|  0%| F|  |TAMS 0x0000000710e00000, 0x0000000710e00000| Untracked 
| 136|0x0000000711000000, 0x0000000711000000, 0x0000000711200000|  0%| F|  |TAMS 0x0000000711000000, 0x0000000711000000| Untracked 
| 137|0x0000000711200000, 0x0000000711200000, 0x0000000711400000|  0%| F|  |TAMS 0x0000000711200000, 0x0000000711200000| Untracked 
| 138|0x0000000711400000, 0x0000000711400000, 0x0000000711600000|  0%| F|  |TAMS 0x0000000711400000, 0x0000000711400000| Untracked 
| 139|0x0000000711600000, 0x0000000711600000, 0x0000000711800000|  0%| F|  |TAMS 0x0000000711600000, 0x0000000711600000| Untracked 
| 140|0x0000000711800000, 0x0000000711800000, 0x0000000711a00000|  0%| F|  |TAMS 0x0000000711800000, 0x0000000711800000| Untracked 
| 141|0x0000000711a00000, 0x0000000711a00000, 0x0000000711c00000|  0%| F|  |TAMS 0x0000000711a00000, 0x0000000711a00000| Untracked 
| 142|0x0000000711c00000, 0x0000000711c00000, 0x0000000711e00000|  0%| F|  |TAMS 0x0000000711c00000, 0x0000000711c00000| Untracked 
| 143|0x0000000711e00000, 0x0000000711e00000, 0x0000000712000000|  0%| F|  |TAMS 0x0000000711e00000, 0x0000000711e00000| Untracked 
| 144|0x0000000712000000, 0x0000000712000000, 0x0000000712200000|  0%| F|  |TAMS 0x0000000712000000, 0x0000000712000000| Untracked 
| 145|0x0000000712200000, 0x0000000712200000, 0x0000000712400000|  0%| F|  |TAMS 0x0000000712200000, 0x0000000712200000| Untracked 
| 146|0x0000000712400000, 0x0000000712400000, 0x0000000712600000|  0%| F|  |TAMS 0x0000000712400000, 0x0000000712400000| Untracked 
| 147|0x0000000712600000, 0x0000000712600000, 0x0000000712800000|  0%| F|  |TAMS 0x0000000712600000, 0x0000000712600000| Untracked 
| 148|0x0000000712800000, 0x0000000712800000, 0x0000000712a00000|  0%| F|  |TAMS 0x0000000712800000, 0x0000000712800000| Untracked 
| 149|0x0000000712a00000, 0x0000000712a00000, 0x0000000712c00000|  0%| F|  |TAMS 0x0000000712a00000, 0x0000000712a00000| Untracked 
| 150|0x0000000712c00000, 0x0000000712c00000, 0x0000000712e00000|  0%| F|  |TAMS 0x0000000712c00000, 0x0000000712c00000| Untracked 
| 151|0x0000000712e00000, 0x0000000712e00000, 0x0000000713000000|  0%| F|  |TAMS 0x0000000712e00000, 0x0000000712e00000| Untracked 
| 152|0x0000000713000000, 0x0000000713000000, 0x0000000713200000|  0%| F|  |TAMS 0x0000000713000000, 0x0000000713000000| Untracked 
| 153|0x0000000713200000, 0x0000000713200000, 0x0000000713400000|  0%| F|  |TAMS 0x0000000713200000, 0x0000000713200000| Untracked 
| 154|0x0000000713400000, 0x0000000713400000, 0x0000000713600000|  0%| F|  |TAMS 0x0000000713400000, 0x0000000713400000| Untracked 
| 155|0x0000000713600000, 0x0000000713600000, 0x0000000713800000|  0%| F|  |TAMS 0x0000000713600000, 0x0000000713600000| Untracked 
| 156|0x0000000713800000, 0x0000000713800000, 0x0000000713a00000|  0%| F|  |TAMS 0x0000000713800000, 0x0000000713800000| Untracked 
| 157|0x0000000713a00000, 0x0000000713a00000, 0x0000000713c00000|  0%| F|  |TAMS 0x0000000713a00000, 0x0000000713a00000| Untracked 
| 158|0x0000000713c00000, 0x0000000713c00000, 0x0000000713e00000|  0%| F|  |TAMS 0x0000000713c00000, 0x0000000713c00000| Untracked 
| 159|0x0000000713e00000, 0x0000000713e00000, 0x0000000714000000|  0%| F|  |TAMS 0x0000000713e00000, 0x0000000713e00000| Untracked 
| 160|0x0000000714000000, 0x0000000714000000, 0x0000000714200000|  0%| F|  |TAMS 0x0000000714000000, 0x0000000714000000| Untracked 
| 161|0x0000000714200000, 0x0000000714200000, 0x0000000714400000|  0%| F|  |TAMS 0x0000000714200000, 0x0000000714200000| Untracked 
| 162|0x0000000714400000, 0x0000000714400000, 0x0000000714600000|  0%| F|  |TAMS 0x0000000714400000, 0x0000000714400000| Untracked 
| 163|0x0000000714600000, 0x0000000714600000, 0x0000000714800000|  0%| F|  |TAMS 0x0000000714600000, 0x0000000714600000| Untracked 
| 164|0x0000000714800000, 0x0000000714800000, 0x0000000714a00000|  0%| F|  |TAMS 0x0000000714800000, 0x0000000714800000| Untracked 
| 165|0x0000000714a00000, 0x0000000714a00000, 0x0000000714c00000|  0%| F|  |TAMS 0x0000000714a00000, 0x0000000714a00000| Untracked 
| 166|0x0000000714c00000, 0x0000000714c00000, 0x0000000714e00000|  0%| F|  |TAMS 0x0000000714c00000, 0x0000000714c00000| Untracked 
| 167|0x0000000714e00000, 0x0000000714e00000, 0x0000000715000000|  0%| F|  |TAMS 0x0000000714e00000, 0x0000000714e00000| Untracked 
| 168|0x0000000715000000, 0x0000000715000000, 0x0000000715200000|  0%| F|  |TAMS 0x0000000715000000, 0x0000000715000000| Untracked 
| 169|0x0000000715200000, 0x0000000715200000, 0x0000000715400000|  0%| F|  |TAMS 0x0000000715200000, 0x0000000715200000| Untracked 
| 170|0x0000000715400000, 0x0000000715400000, 0x0000000715600000|  0%| F|  |TAMS 0x0000000715400000, 0x0000000715400000| Untracked 
| 171|0x0000000715600000, 0x0000000715600000, 0x0000000715800000|  0%| F|  |TAMS 0x0000000715600000, 0x0000000715600000| Untracked 
| 172|0x0000000715800000, 0x0000000715800000, 0x0000000715a00000|  0%| F|  |TAMS 0x0000000715800000, 0x0000000715800000| Untracked 
| 173|0x0000000715a00000, 0x0000000715a00000, 0x0000000715c00000|  0%| F|  |TAMS 0x0000000715a00000, 0x0000000715a00000| Untracked 
| 174|0x0000000715c00000, 0x0000000715c00000, 0x0000000715e00000|  0%| F|  |TAMS 0x0000000715c00000, 0x0000000715c00000| Untracked 
| 175|0x0000000715e00000, 0x0000000715e00000, 0x0000000716000000|  0%| F|  |TAMS 0x0000000715e00000, 0x0000000715e00000| Untracked 
| 176|0x0000000716000000, 0x0000000716000000, 0x0000000716200000|  0%| F|  |TAMS 0x0000000716000000, 0x0000000716000000| Untracked 
| 177|0x0000000716200000, 0x0000000716200000, 0x0000000716400000|  0%| F|  |TAMS 0x0000000716200000, 0x0000000716200000| Untracked 
| 178|0x0000000716400000, 0x0000000716400000, 0x0000000716600000|  0%| F|  |TAMS 0x0000000716400000, 0x0000000716400000| Untracked 
| 179|0x0000000716600000, 0x0000000716600000, 0x0000000716800000|  0%| F|  |TAMS 0x0000000716600000, 0x0000000716600000| Untracked 
| 180|0x0000000716800000, 0x0000000716800000, 0x0000000716a00000|  0%| F|  |TAMS 0x0000000716800000, 0x0000000716800000| Untracked 
| 181|0x0000000716a00000, 0x0000000716a00000, 0x0000000716c00000|  0%| F|  |TAMS 0x0000000716a00000, 0x0000000716a00000| Untracked 
| 182|0x0000000716c00000, 0x0000000716c00000, 0x0000000716e00000|  0%| F|  |TAMS 0x0000000716c00000, 0x0000000716c00000| Untracked 
| 183|0x0000000716e00000, 0x0000000716e00000, 0x0000000717000000|  0%| F|  |TAMS 0x0000000716e00000, 0x0000000716e00000| Untracked 
| 184|0x0000000717000000, 0x0000000717000000, 0x0000000717200000|  0%| F|  |TAMS 0x0000000717000000, 0x0000000717000000| Untracked 
| 185|0x0000000717200000, 0x0000000717200000, 0x0000000717400000|  0%| F|  |TAMS 0x0000000717200000, 0x0000000717200000| Untracked 
| 186|0x0000000717400000, 0x0000000717400000, 0x0000000717600000|  0%| F|  |TAMS 0x0000000717400000, 0x0000000717400000| Untracked 
| 187|0x0000000717600000, 0x0000000717600000, 0x0000000717800000|  0%| F|  |TAMS 0x0000000717600000, 0x0000000717600000| Untracked 
| 188|0x0000000717800000, 0x0000000717800000, 0x0000000717a00000|  0%| F|  |TAMS 0x0000000717800000, 0x0000000717800000| Untracked 
| 189|0x0000000717a00000, 0x0000000717a00000, 0x0000000717c00000|  0%| F|  |TAMS 0x0000000717a00000, 0x0000000717a00000| Untracked 
| 190|0x0000000717c00000, 0x0000000717c00000, 0x0000000717e00000|  0%| F|  |TAMS 0x0000000717c00000, 0x0000000717c00000| Untracked 
| 191|0x0000000717e00000, 0x0000000717e00000, 0x0000000718000000|  0%| F|  |TAMS 0x0000000717e00000, 0x0000000717e00000| Untracked 
| 192|0x0000000718000000, 0x0000000718000000, 0x0000000718200000|  0%| F|  |TAMS 0x0000000718000000, 0x0000000718000000| Untracked 
| 193|0x0000000718200000, 0x0000000718200000, 0x0000000718400000|  0%| F|  |TAMS 0x0000000718200000, 0x0000000718200000| Untracked 
| 194|0x0000000718400000, 0x0000000718400000, 0x0000000718600000|  0%| F|  |TAMS 0x0000000718400000, 0x0000000718400000| Untracked 
| 195|0x0000000718600000, 0x0000000718600000, 0x0000000718800000|  0%| F|  |TAMS 0x0000000718600000, 0x0000000718600000| Untracked 
| 196|0x0000000718800000, 0x0000000718800000, 0x0000000718a00000|  0%| F|  |TAMS 0x0000000718800000, 0x0000000718800000| Untracked 
| 197|0x0000000718a00000, 0x0000000718a00000, 0x0000000718c00000|  0%| F|  |TAMS 0x0000000718a00000, 0x0000000718a00000| Untracked 
| 198|0x0000000718c00000, 0x0000000718c00000, 0x0000000718e00000|  0%| F|  |TAMS 0x0000000718c00000, 0x0000000718c00000| Untracked 
| 199|0x0000000718e00000, 0x0000000718e00000, 0x0000000719000000|  0%| F|  |TAMS 0x0000000718e00000, 0x0000000718e00000| Untracked 
| 200|0x0000000719000000, 0x0000000719000000, 0x0000000719200000|  0%| F|  |TAMS 0x0000000719000000, 0x0000000719000000| Untracked 
| 201|0x0000000719200000, 0x0000000719200000, 0x0000000719400000|  0%| F|  |TAMS 0x0000000719200000, 0x0000000719200000| Untracked 
| 202|0x0000000719400000, 0x0000000719400000, 0x0000000719600000|  0%| F|  |TAMS 0x0000000719400000, 0x0000000719400000| Untracked 
| 203|0x0000000719600000, 0x0000000719600000, 0x0000000719800000|  0%| F|  |TAMS 0x0000000719600000, 0x0000000719600000| Untracked 
| 204|0x0000000719800000, 0x0000000719800000, 0x0000000719a00000|  0%| F|  |TAMS 0x0000000719800000, 0x0000000719800000| Untracked 
| 205|0x0000000719a00000, 0x0000000719a00000, 0x0000000719c00000|  0%| F|  |TAMS 0x0000000719a00000, 0x0000000719a00000| Untracked 
| 206|0x0000000719c00000, 0x0000000719c00000, 0x0000000719e00000|  0%| F|  |TAMS 0x0000000719c00000, 0x0000000719c00000| Untracked 
| 207|0x0000000719e00000, 0x0000000719e00000, 0x000000071a000000|  0%| F|  |TAMS 0x0000000719e00000, 0x0000000719e00000| Untracked 
| 208|0x000000071a000000, 0x000000071a000000, 0x000000071a200000|  0%| F|  |TAMS 0x000000071a000000, 0x000000071a000000| Untracked 
| 209|0x000000071a200000, 0x000000071a200000, 0x000000071a400000|  0%| F|  |TAMS 0x000000071a200000, 0x000000071a200000| Untracked 
| 210|0x000000071a400000, 0x000000071a400000, 0x000000071a600000|  0%| F|  |TAMS 0x000000071a400000, 0x000000071a400000| Untracked 
| 211|0x000000071a600000, 0x000000071a600000, 0x000000071a800000|  0%| F|  |TAMS 0x000000071a600000, 0x000000071a600000| Untracked 
| 212|0x000000071a800000, 0x000000071a800000, 0x000000071aa00000|  0%| F|  |TAMS 0x000000071a800000, 0x000000071a800000| Untracked 
| 213|0x000000071aa00000, 0x000000071aa00000, 0x000000071ac00000|  0%| F|  |TAMS 0x000000071aa00000, 0x000000071aa00000| Untracked 
| 214|0x000000071ac00000, 0x000000071ac00000, 0x000000071ae00000|  0%| F|  |TAMS 0x000000071ac00000, 0x000000071ac00000| Untracked 
| 215|0x000000071ae00000, 0x000000071ae00000, 0x000000071b000000|  0%| F|  |TAMS 0x000000071ae00000, 0x000000071ae00000| Untracked 
| 216|0x000000071b000000, 0x000000071b000000, 0x000000071b200000|  0%| F|  |TAMS 0x000000071b000000, 0x000000071b000000| Untracked 
| 217|0x000000071b200000, 0x000000071b200000, 0x000000071b400000|  0%| F|  |TAMS 0x000000071b200000, 0x000000071b200000| Untracked 
| 218|0x000000071b400000, 0x000000071b400000, 0x000000071b600000|  0%| F|  |TAMS 0x000000071b400000, 0x000000071b400000| Untracked 
| 219|0x000000071b600000, 0x000000071b600000, 0x000000071b800000|  0%| F|  |TAMS 0x000000071b600000, 0x000000071b600000| Untracked 
| 220|0x000000071b800000, 0x000000071b800000, 0x000000071ba00000|  0%| F|  |TAMS 0x000000071b800000, 0x000000071b800000| Untracked 
| 221|0x000000071ba00000, 0x000000071bbdb880, 0x000000071bc00000| 92%| S|CS|TAMS 0x000000071ba00000, 0x000000071ba00000| Complete 
| 222|0x000000071bc00000, 0x000000071bc00000, 0x000000071be00000|  0%| F|  |TAMS 0x000000071bc00000, 0x000000071bc00000| Untracked 
| 223|0x000000071be00000, 0x000000071be00000, 0x000000071c000000|  0%| F|  |TAMS 0x000000071be00000, 0x000000071be00000| Untracked 
| 224|0x000000071c000000, 0x000000071c000000, 0x000000071c200000|  0%| F|  |TAMS 0x000000071c000000, 0x000000071c000000| Untracked 
| 225|0x000000071c200000, 0x000000071c200000, 0x000000071c400000|  0%| F|  |TAMS 0x000000071c200000, 0x000000071c200000| Untracked 
| 226|0x000000071c400000, 0x000000071c400000, 0x000000071c600000|  0%| F|  |TAMS 0x000000071c400000, 0x000000071c400000| Untracked 

Card table byte_map: [0x000001936dcc0000,0x000001936e4c0000] _byte_map_base: 0x000001936a4c0000

Marking Bits (Prev, Next): (CMBitMap*) 0x000001935b068320, (CMBitMap*) 0x000001935b068360
 Prev Bits: [0x000001936ecc0000, 0x0000019372cc0000)
 Next Bits: [0x0000019372cc0000, 0x0000019376cc0000)

Polling page: 0x0000019358ea0000

Metaspace:

Usage:
  Non-class:     97.72 MB used.
      Class:     15.13 MB used.
       Both:    112.85 MB used.

Virtual space:
  Non-class space:      104.00 MB reserved,      98.06 MB ( 94%) committed,  13 nodes.
      Class space:        1.00 GB reserved,      15.50 MB (  2%) committed,  1 nodes.
             Both:        1.10 GB reserved,     113.56 MB ( 10%) committed. 

Chunk freelists:
   Non-Class:  1.44 MB
       Class:  545.00 KB
        Both:  1.97 MB

MaxMetaspaceSize: unlimited
CompressedClassSpaceSize: 1.00 GB
Initial GC threshold: 21.00 MB
Current GC threshold: 189.31 MB
CDS: off
MetaspaceReclaimPolicy: balanced
 - commit_granule_bytes: 65536.
 - commit_granule_words: 8192.
 - virtual_space_node_default_size: 1048576.
 - enlarge_chunks_in_place: 1.
 - new_chunks_are_fully_committed: 0.
 - uncommit_free_chunks: 1.
 - use_allocation_guard: 0.
 - handle_deallocations: 1.


Internal statistics:

num_allocs_failed_limit: 6.
num_arena_births: 1102.
num_arena_deaths: 8.
num_vsnodes_births: 14.
num_vsnodes_deaths: 0.
num_space_committed: 1816.
num_space_uncommitted: 0.
num_chunks_returned_to_freelist: 18.
num_chunks_taken_from_freelist: 5452.
num_chunk_merges: 9.
num_chunk_splits: 3651.
num_chunks_enlarged: 2552.
num_purges: 4.
num_inconsistent_stats: 0.

CodeHeap 'non-profiled nmethods': size=120000Kb used=9611Kb max_used=9611Kb free=110389Kb
 bounds [0x0000019365f90000, 0x0000019366920000, 0x000001936d4c0000]
CodeHeap 'profiled nmethods': size=120000Kb used=30104Kb max_used=31396Kb free=89895Kb
 bounds [0x000001935e4c0000, 0x0000019360370000, 0x00000193659f0000]
CodeHeap 'non-nmethods': size=5760Kb used=2417Kb max_used=2514Kb free=3342Kb
 bounds [0x00000193659f0000, 0x0000019365c80000, 0x0000019365f90000]
 total_blobs=14800 nmethods=13848 adapters=862
 compilation: enabled
              stopped_count=0, restarted_count=0
 full_count=0

Compilation events (20 events):
Event: 166.790 Thread 0x00000193791edff0 nmethod 17248 0x0000019366775910 code [0x0000019366775aa0, 0x0000019366775bd8]
Event: 166.791 Thread 0x00000193791edff0 17209       4       com.android.tools.r8.ir.optimize.M::a (604 bytes)
Event: 166.794 Thread 0x00000193791eea90 17321       1       com.android.tools.r8.internal.VU::K2 (2 bytes)
Event: 166.794 Thread 0x00000193791eea90 nmethod 17321 0x0000019366775610 code [0x00000193667757a0, 0x0000019366775878]
Event: 166.811 Thread 0x00000193791eea90 17323 %     3       com.android.tools.r8.ir.optimize.H::a @ 400 (452 bytes)
Event: 166.816 Thread 0x00000193791eea90 nmethod 17323% 0x000001935fcb6a10 code [0x000001935fcb6ec0, 0x000001935fcb9758]
Event: 166.831 Thread 0x00000193791eea90 17324       2       com.android.tools.r8.internal.Oq::contains (207 bytes)
Event: 166.833 Thread 0x00000193791eea90 nmethod 17324 0x000001935fe1b190 code [0x000001935fe1b3c0, 0x000001935fe1ba18]
Event: 166.833 Thread 0x00000193791eea90 17325       2       com.android.tools.r8.internal.G::equals (54 bytes)
Event: 166.834 Thread 0x00000193791eea90 nmethod 17325 0x000001935fdab390 code [0x000001935fdab580, 0x000001935fdab8c8]
Event: 166.839 Thread 0x00000193791eea90 17326       2       java.util.LinkedList::unlinkLast (64 bytes)
Event: 166.840 Thread 0x00000193791eea90 nmethod 17326 0x000001935fdaad90 code [0x000001935fdaaf40, 0x000001935fdab1b8]
Event: 166.848 Thread 0x00000193791eea90 17327       3       com.android.tools.r8.ir.optimize.H::a (452 bytes)
Event: 166.853 Thread 0x00000193791eea90 nmethod 17327 0x000001935f8d8510 code [0x000001935f8d89c0, 0x000001935f8db238]
Event: 166.928 Thread 0x00000193791eea90 17333       2       com.android.tools.r8.internal.q4::u (5 bytes)
Event: 166.928 Thread 0x00000193791eea90 nmethod 17333 0x000001935fc5e810 code [0x000001935fc5e9a0, 0x000001935fc5eaf8]
Event: 166.928 Thread 0x00000193791eea90 17334       3       com.android.tools.r8.ir.regalloc.b::g (279 bytes)
Event: 166.937 Thread 0x00000193791eea90 nmethod 17334 0x000001935e904210 code [0x000001935e9047e0, 0x000001935e908538]
Event: 166.947 Thread 0x00000193791eea90 17335       2       com.android.tools.r8.internal.n0::hasNext (39 bytes)
Event: 166.948 Thread 0x00000193791eea90 nmethod 17335 0x000001935fc5e290 code [0x000001935fc5e460, 0x000001935fc5e6a8]

GC Heap History (20 events):
Event: 131.897 GC heap after
{Heap after GC invocations=61 (full 0):
 garbage-first heap   total 184320K, used 119801K [0x0000000700000000, 0x0000000800000000)
  region size 2048K, 3 young (6144K), 3 survivors (6144K)
 Metaspace       used 102248K, committed 102976K, reserved 1138688K
  class space    used 13741K, committed 14080K, reserved 1048576K
}
Event: 133.731 GC heap before
{Heap before GC invocations=62 (full 0):
 garbage-first heap   total 212992K, used 150521K [0x0000000700000000, 0x0000000800000000)
  region size 2048K, 18 young (36864K), 3 survivors (6144K)
 Metaspace       used 104960K, committed 105664K, reserved 1146880K
  class space    used 14083K, committed 14464K, reserved 1048576K
}
Event: 133.755 GC heap after
{Heap after GC invocations=63 (full 0):
 garbage-first heap   total 212992K, used 124408K [0x0000000700000000, 0x0000000800000000)
  region size 2048K, 3 young (6144K), 3 survivors (6144K)
 Metaspace       used 104960K, committed 105664K, reserved 1146880K
  class space    used 14083K, committed 14464K, reserved 1048576K
}
Event: 133.811 GC heap before
{Heap before GC invocations=63 (full 0):
 garbage-first heap   total 212992K, used 128504K [0x0000000700000000, 0x0000000800000000)
  region size 2048K, 5 young (10240K), 3 survivors (6144K)
 Metaspace       used 105035K, committed 105728K, reserved 1146880K
  class space    used 14094K, committed 14464K, reserved 1048576K
}
Event: 133.829 GC heap after
{Heap after GC invocations=64 (full 0):
 garbage-first heap   total 464896K, used 125301K [0x0000000700000000, 0x0000000800000000)
  region size 2048K, 1 young (2048K), 1 survivors (2048K)
 Metaspace       used 105035K, committed 105728K, reserved 1146880K
  class space    used 14094K, committed 14464K, reserved 1048576K
}
Event: 140.074 GC heap before
{Heap before GC invocations=64 (full 0):
 garbage-first heap   total 464896K, used 342389K [0x0000000700000000, 0x0000000800000000)
  region size 2048K, 107 young (219136K), 1 survivors (2048K)
 Metaspace       used 109035K, committed 109760K, reserved 1146880K
  class space    used 14648K, committed 14976K, reserved 1048576K
}
Event: 140.217 GC heap after
{Heap after GC invocations=65 (full 0):
 garbage-first heap   total 464896K, used 162062K [0x0000000700000000, 0x0000000800000000)
  region size 2048K, 14 young (28672K), 14 survivors (28672K)
 Metaspace       used 109035K, committed 109760K, reserved 1146880K
  class space    used 14648K, committed 14976K, reserved 1048576K
}
Event: 143.475 GC heap before
{Heap before GC invocations=65 (full 0):
 garbage-first heap   total 464896K, used 313614K [0x0000000700000000, 0x0000000800000000)
  region size 2048K, 88 young (180224K), 14 survivors (28672K)
 Metaspace       used 111121K, committed 111872K, reserved 1146880K
  class space    used 14978K, committed 15360K, reserved 1048576K
}
Event: 143.640 GC heap after
{Heap after GC invocations=66 (full 0):
 garbage-first heap   total 464896K, used 186368K [0x0000000700000000, 0x0000000800000000)
  region size 2048K, 11 young (22528K), 11 survivors (22528K)
 Metaspace       used 111121K, committed 111872K, reserved 1146880K
  class space    used 14978K, committed 15360K, reserved 1048576K
}
Event: 153.413 GC heap before
{Heap before GC invocations=66 (full 0):
 garbage-first heap   total 464896K, used 331776K [0x0000000700000000, 0x0000000800000000)
  region size 2048K, 82 young (167936K), 11 survivors (22528K)
 Metaspace       used 114503K, committed 115264K, reserved 1155072K
  class space    used 15394K, committed 15744K, reserved 1048576K
}
Event: 153.494 GC heap after
{Heap after GC invocations=67 (full 0):
 garbage-first heap   total 464896K, used 195584K [0x0000000700000000, 0x0000000800000000)
  region size 2048K, 5 young (10240K), 5 survivors (10240K)
 Metaspace       used 114503K, committed 115264K, reserved 1155072K
  class space    used 15394K, committed 15744K, reserved 1048576K
}
Event: 158.033 GC heap before
{Heap before GC invocations=67 (full 0):
 garbage-first heap   total 464896K, used 347136K [0x0000000700000000, 0x0000000800000000)
  region size 2048K, 80 young (163840K), 5 survivors (10240K)
 Metaspace       used 114912K, committed 115712K, reserved 1155072K
  class space    used 15424K, committed 15808K, reserved 1048576K
}
Event: 158.054 GC heap after
{Heap after GC invocations=68 (full 0):
 garbage-first heap   total 464896K, used 194548K [0x0000000700000000, 0x0000000800000000)
  region size 2048K, 4 young (8192K), 4 survivors (8192K)
 Metaspace       used 114912K, committed 115712K, reserved 1155072K
  class space    used 15424K, committed 15808K, reserved 1048576K
}
Event: 161.957 GC heap before
{Heap before GC invocations=68 (full 0):
 garbage-first heap   total 464896K, used 366580K [0x0000000700000000, 0x0000000800000000)
  region size 2048K, 88 young (180224K), 4 survivors (8192K)
 Metaspace       used 115266K, committed 116032K, reserved 1155072K
  class space    used 15454K, committed 15808K, reserved 1048576K
}
Event: 161.980 GC heap after
{Heap after GC invocations=69 (full 0):
 garbage-first heap   total 464896K, used 194970K [0x0000000700000000, 0x0000000800000000)
  region size 2048K, 5 young (10240K), 5 survivors (10240K)
 Metaspace       used 115266K, committed 116032K, reserved 1155072K
  class space    used 15454K, committed 15808K, reserved 1048576K
}
Event: 164.366 GC heap before
{Heap before GC invocations=69 (full 0):
 garbage-first heap   total 464896K, used 373146K [0x0000000700000000, 0x0000000800000000)
  region size 2048K, 92 young (188416K), 5 survivors (10240K)
 Metaspace       used 115553K, committed 116288K, reserved 1155072K
  class space    used 15490K, committed 15872K, reserved 1048576K
}
Event: 164.385 GC heap after
{Heap after GC invocations=70 (full 0):
 garbage-first heap   total 464896K, used 195739K [0x0000000700000000, 0x0000000800000000)
  region size 2048K, 5 young (10240K), 5 survivors (10240K)
 Metaspace       used 115553K, committed 116288K, reserved 1155072K
  class space    used 15490K, committed 15872K, reserved 1048576K
}
Event: 166.888 GC heap before
{Heap before GC invocations=71 (full 0):
 garbage-first heap   total 464896K, used 378011K [0x0000000700000000, 0x0000000800000000)
  region size 2048K, 95 young (194560K), 5 survivors (10240K)
 Metaspace       used 115556K, committed 116288K, reserved 1155072K
  class space    used 15493K, committed 15872K, reserved 1048576K
}
Event: 166.911 GC heap after
{Heap after GC invocations=72 (full 0):
 garbage-first heap   total 464896K, used 197440K [0x0000000700000000, 0x0000000800000000)
  region size 2048K, 6 young (12288K), 6 survivors (12288K)
 Metaspace       used 115556K, committed 116288K, reserved 1155072K
  class space    used 15493K, committed 15872K, reserved 1048576K
}
Event: 166.949 GC heap before
{Heap before GC invocations=72 (full 0):
 garbage-first heap   total 464896K, used 207680K [0x0000000700000000, 0x0000000800000000)
  region size 2048K, 11 young (22528K), 6 survivors (12288K)
 Metaspace       used 115556K, committed 116288K, reserved 1155072K
  class space    used 15493K, committed 15872K, reserved 1048576K
}

Dll operation events (2 events):
Event: 0.036 Loaded shared library C:\Program Files\Android\Android Studio1\jbr\bin\java.dll
Event: 3.380 Loaded shared library C:\Program Files\Android\Android Studio1\jbr\bin\verify.dll

Deoptimization events (20 events):
Event: 166.828 Thread 0x0000019300d4e5d0 Uncommon trap: trap_request=0xffffff45 fr.pc=0x00000193667fbae8 relative=0x0000000000008128
Event: 166.829 Thread 0x0000019300d4e5d0 Uncommon trap: reason=unstable_if action=reinterpret pc=0x00000193667fbae8 method=com.android.tools.r8.ir.regalloc.b.c(IZ)I @ 2995 c2
Event: 166.829 Thread 0x0000019300d4e5d0 DEOPT PACKING pc=0x00000193667fbae8 sp=0x000000399d1f9a10
Event: 166.829 Thread 0x0000019300d4e5d0 DEOPT UNPACKING pc=0x0000019365a469a3 sp=0x000000399d1f9a80 mode 2
Event: 166.829 Thread 0x0000019300d4e100 Uncommon trap: trap_request=0xffffff45 fr.pc=0x000001936678a140 relative=0x0000000000000180
Event: 166.829 Thread 0x0000019300d4e100 Uncommon trap: reason=unstable_if action=reinterpret pc=0x000001936678a140 method=com.android.tools.r8.internal.Oq.contains(Ljava/lang/Object;)Z @ 176 c2
Event: 166.829 Thread 0x0000019300d4e100 DEOPT PACKING pc=0x000001936678a140 sp=0x000000399ccf9430
Event: 166.829 Thread 0x0000019300d4e100 DEOPT UNPACKING pc=0x0000019365a469a3 sp=0x000000399ccf93a8 mode 2
Event: 166.866 Thread 0x0000019300d4e100 DEOPT PACKING pc=0x000001935fe07073 sp=0x000000399ccf94d0
Event: 166.866 Thread 0x0000019300d4e100 DEOPT UNPACKING pc=0x0000019365a47143 sp=0x000000399ccf8c10 mode 0
Event: 166.872 Thread 0x000001937cb72a00 DEOPT PACKING pc=0x00000193602810a0 sp=0x000000399e9f6360
Event: 166.872 Thread 0x000001937cb72a00 DEOPT UNPACKING pc=0x0000019365a47143 sp=0x000000399e9f5b78 mode 0
Event: 166.873 Thread 0x000001937cb72a00 DEOPT PACKING pc=0x00000193603121ef sp=0x000000399e9f62e0
Event: 166.873 Thread 0x000001937cb72a00 DEOPT UNPACKING pc=0x0000019365a47143 sp=0x000000399e9f5b78 mode 0
Event: 166.927 Thread 0x0000019300d4e5d0 DEOPT PACKING pc=0x000001935ff78772 sp=0x000000399d1f9a30
Event: 166.927 Thread 0x0000019300d4e5d0 DEOPT UNPACKING pc=0x0000019365a47143 sp=0x000000399d1f8f70 mode 0
Event: 166.928 Thread 0x000001937cb72a00 DEOPT PACKING pc=0x000001936035080b sp=0x000000399e9f65f0
Event: 166.928 Thread 0x000001937cb72a00 DEOPT UNPACKING pc=0x0000019365a47143 sp=0x000000399e9f5b08 mode 0
Event: 166.937 Thread 0x000001937cb72a00 DEOPT PACKING pc=0x000001935fe07073 sp=0x000000399e9f6830
Event: 166.937 Thread 0x000001937cb72a00 DEOPT UNPACKING pc=0x0000019365a47143 sp=0x000000399e9f5f70 mode 0

Classes unloaded (4 events):
Event: 125.032 Thread 0x0000019379176c30 Unloading class 0x0000000800d30c00 'java/lang/invoke/LambdaForm$DMH+0x0000000800d30c00'
Event: 125.032 Thread 0x0000019379176c30 Unloading class 0x0000000800d30800 'java/lang/invoke/LambdaForm$DMH+0x0000000800d30800'
Event: 125.032 Thread 0x0000019379176c30 Unloading class 0x0000000800d30000 'java/lang/invoke/LambdaForm$DMH+0x0000000800d30000'
Event: 165.404 Thread 0x0000019379176c30 Unloading class 0x0000000800df8400 'java/lang/invoke/LambdaForm$DMH+0x0000000800df8400'

Classes redefined (0 events):
No events

Internal exceptions (20 events):
Event: 135.028 Thread 0x000001937cb72a00 Exception <a 'java/lang/NoSuchMethodError'{0x000000071976cfe8}: 'void java.lang.invoke.DirectMethodHandle$Holder.invokeStatic(java.lang.Object, java.lang.Object, java.lang.Object, int)'> (0x000000071976cfe8) 
thrown [s\src\hotspot\share\interpreter\linkResolver.cpp, line 771]
Event: 135.031 Thread 0x000001937cb72a00 Exception <a 'java/lang/IncompatibleClassChangeError'{0x000000071977f0c0}: Found class java.lang.Object, but interface was expected> (0x000000071977f0c0) 
thrown [s\src\hotspot\share\interpreter\linkResolver.cpp, line 838]
Event: 135.033 Thread 0x000001937cb72a00 Exception <a 'java/lang/NoSuchMethodError'{0x0000000719788fe8}: 'void java.lang.invoke.DirectMethodHandle$Holder.invokeInterface(java.lang.Object, java.lang.Object, java.lang.Object, int)'> (0x0000000719788fe8) 
thrown [s\src\hotspot\share\interpreter\linkResolver.cpp, line 771]
Event: 135.145 Thread 0x000001937cb72a00 Implicit null exception at 0x00000193663aadf9 to 0x00000193663ab168
Event: 135.146 Thread 0x000001937cb72a00 Implicit null exception at 0x00000193663aadf9 to 0x00000193663ab168
Event: 138.939 Thread 0x000001937cb72a00 Exception <a 'java/lang/NoSuchMethodError'{0x0000000712ba5050}: 'java.lang.Object java.lang.invoke.DirectMethodHandle$Holder.invokeStatic(java.lang.Object, int, java.lang.Object, java.lang.Object)'> (0x0000000712ba5050) 
thrown [s\src\hotspot\share\interpreter\linkResolver.cpp, line 771]
Event: 138.944 Thread 0x000001937cb72a00 Exception <a 'java/lang/NoSuchMethodError'{0x0000000712bbac48}: 'java.lang.Object java.lang.invoke.DirectMethodHandle$Holder.invokeStatic(java.lang.Object, java.lang.Object, int, java.lang.Object, java.lang.Object)'> (0x0000000712bbac48) 
thrown [s\src\hotspot\share\interpreter\linkResolver.cpp, line 771]
Event: 141.146 Thread 0x000001937cb72a00 Exception <a 'java/lang/IncompatibleClassChangeError'{0x0000000719820b08}: Found class java.lang.Object, but interface was expected> (0x0000000719820b08) 
thrown [s\src\hotspot\share\interpreter\linkResolver.cpp, line 838]
Event: 141.148 Thread 0x000001937cb72a00 Exception <a 'java/lang/IncompatibleClassChangeError'{0x000000071982d0d8}: Found class java.lang.Object, but interface was expected> (0x000000071982d0d8) 
thrown [s\src\hotspot\share\interpreter\linkResolver.cpp, line 838]
Event: 141.521 Thread 0x0000019300d4e100 Implicit null exception at 0x00000193666f9158 to 0x0000019366700268
Event: 142.211 Thread 0x000001937cb72a00 Exception <a 'java/lang/NoSuchMethodError'{0x000000071596cfc0}: 'void java.lang.invoke.DirectMethodHandle$Holder.invokeSpecial(java.lang.Object, java.lang.Object, int, java.lang.Object)'> (0x000000071596cfc0) 
thrown [s\src\hotspot\share\interpreter\linkResolver.cpp, line 771]
Event: 143.157 Thread 0x000001937cb72a00 Exception <a 'java/lang/NoSuchMethodError'{0x0000000713ab8708}: 'int java.lang.invoke.DirectMethodHandle$Holder.invokeSpecial(java.lang.Object, java.lang.Object, java.lang.Object, int)'> (0x0000000713ab8708) 
thrown [s\src\hotspot\share\interpreter\linkResolver.cpp, line 771]
Event: 143.184 Thread 0x000001937cb72a00 Exception <a 'java/lang/NoSuchMethodError'{0x00000007134331a0}: 'int java.lang.invoke.DirectMethodHandle$Holder.invokeSpecial(java.lang.Object, java.lang.Object, java.lang.Object, int, java.lang.Object)'> (0x00000007134331a0) 
thrown [s\src\hotspot\share\interpreter\linkResolver.cpp, line 771]
Event: 144.036 Thread 0x000001937cb72a00 Implicit null exception at 0x00000193661790ce to 0x00000193661790f4
Event: 149.454 Thread 0x0000019300d4e100 Exception <a 'java/lang/NoSuchMethodError'{0x00000007174d1ce0}: 'int java.lang.invoke.DirectMethodHandle$Holder.invokeInterface(java.lang.Object, java.lang.Object, int)'> (0x00000007174d1ce0) 
thrown [s\src\hotspot\share\interpreter\linkResolver.cpp, line 771]
Event: 152.397 Thread 0x0000019300d4e100 Exception <a 'java/lang/NoSuchMethodError'{0x00000007149b5490}: 'java.lang.Object java.lang.invoke.DirectMethodHandle$Holder.invokeInterface(java.lang.Object, java.lang.Object, int)'> (0x00000007149b5490) 
thrown [s\src\hotspot\share\interpreter\linkResolver.cpp, line 771]
Event: 155.253 Thread 0x0000019300d4e5d0 Implicit null exception at 0x0000019366817eff to 0x0000019366817fe0
Event: 158.199 Thread 0x0000019300d4e5d0 Implicit null exception at 0x00000193668209c6 to 0x0000019366820c06
Event: 158.501 Thread 0x00000193011d08c0 Exception <a 'sun/nio/fs/WindowsException'{0x000000071b7be0b0}> (0x000000071b7be0b0) 
thrown [s\src\hotspot\share\prims\jni.cpp, line 517]
Event: 166.511 Thread 0x0000019300d4e100 Implicit null exception at 0x00000193664c238c to 0x00000193664c2c68

VM Operations (20 events):
Event: 159.906 Executing VM operation: HandshakeAllThreads done
Event: 160.165 Executing VM operation: HandshakeAllThreads
Event: 160.399 Executing VM operation: HandshakeAllThreads done
Event: 161.402 Executing VM operation: Cleanup
Event: 161.534 Executing VM operation: Cleanup done
Event: 161.948 Executing VM operation: G1CollectForAllocation
Event: 162.016 Executing VM operation: G1CollectForAllocation done
Event: 163.021 Executing VM operation: Cleanup
Event: 163.059 Executing VM operation: Cleanup done
Event: 164.074 Executing VM operation: Cleanup
Event: 164.114 Executing VM operation: Cleanup done
Event: 164.366 Executing VM operation: G1CollectForAllocation
Event: 164.445 Executing VM operation: G1CollectForAllocation done
Event: 165.386 Executing VM operation: G1Concurrent
Event: 165.509 Executing VM operation: G1Concurrent done
Event: 165.904 Executing VM operation: G1Concurrent
Event: 166.114 Executing VM operation: G1Concurrent done
Event: 166.887 Executing VM operation: G1CollectForAllocation
Event: 166.913 Executing VM operation: G1CollectForAllocation done
Event: 166.949 Executing VM operation: G1CollectForAllocation

Events (20 events):
Event: 160.461 Thread 0x0000019379c397c0 flushing nmethod 0x000001935fea6910
Event: 160.461 Thread 0x0000019379c397c0 flushing nmethod 0x000001935fea8390
Event: 160.461 Thread 0x0000019379c397c0 flushing nmethod 0x000001935feac090
Event: 160.463 Thread 0x0000019379c397c0 flushing nmethod 0x000001935ff24890
Event: 160.463 Thread 0x0000019379c397c0 flushing nmethod 0x000001935ff6c090
Event: 160.463 Thread 0x0000019379c397c0 flushing nmethod 0x000001935ff75010
Event: 160.463 Thread 0x0000019379c397c0 flushing nmethod 0x000001935ff77110
Event: 160.463 Thread 0x0000019379c397c0 flushing nmethod 0x000001935ff87c10
Event: 160.464 Thread 0x0000019379c397c0 flushing nmethod 0x000001935ff8c210
Event: 160.464 Thread 0x0000019379c397c0 flushing nmethod 0x000001935ff95a10
Event: 160.464 Thread 0x0000019379c397c0 flushing nmethod 0x000001935ffa1010
Event: 160.464 Thread 0x0000019379c397c0 flushing nmethod 0x000001935ffaa790
Event: 160.464 Thread 0x0000019379c397c0 flushing nmethod 0x000001935ffbe590
Event: 160.464 Thread 0x0000019379c397c0 flushing nmethod 0x000001935ffc6590
Event: 160.464 Thread 0x0000019379c397c0 flushing nmethod 0x0000019360008590
Event: 160.464 Thread 0x0000019379c397c0 flushing nmethod 0x0000019360063490
Event: 160.474 Thread 0x0000019379c397c0 flushing nmethod 0x000001936017da10
Event: 160.486 Thread 0x0000019379c397c0 flushing nmethod 0x0000019360269890
Event: 160.486 Thread 0x0000019379c397c0 flushing nmethod 0x0000019360269c10
Event: 160.486 Thread 0x0000019379c397c0 flushing nmethod 0x000001936026a410


Dynamic libraries:
0x00007ff76dfe0000 - 0x00007ff76dfea000 	C:\Program Files\Android\Android Studio1\jbr\bin\java.exe
0x00007ffb4f9c0000 - 0x00007ffb4fbcf000 	C:\WINDOWS\SYSTEM32\ntdll.dll
0x00007ffb4f140000 - 0x00007ffb4f1fd000 	C:\WINDOWS\System32\KERNEL32.DLL
0x00007ffb4cfd0000 - 0x00007ffb4d364000 	C:\WINDOWS\System32\KERNELBASE.dll
0x00007ffb4ce40000 - 0x00007ffb4cf51000 	C:\WINDOWS\System32\ucrtbase.dll
0x00007ffafa7a0000 - 0x00007ffafa7b7000 	C:\Program Files\Android\Android Studio1\jbr\bin\jli.dll
0x00007ffb4f650000 - 0x00007ffb4f7fa000 	C:\WINDOWS\System32\USER32.dll
0x00007ffb4d670000 - 0x00007ffb4d696000 	C:\WINDOWS\System32\win32u.dll
0x00007ffb4e900000 - 0x00007ffb4e929000 	C:\WINDOWS\System32\GDI32.dll
0x00007ffb4d3f0000 - 0x00007ffb4d507000 	C:\WINDOWS\System32\gdi32full.dll
0x00007ffb4d510000 - 0x00007ffb4d5aa000 	C:\WINDOWS\System32\msvcp_win.dll
0x00007ffb45cc0000 - 0x00007ffb45cdb000 	C:\Program Files\Android\Android Studio1\jbr\bin\VCRUNTIME140.dll
0x00007ffb35a60000 - 0x00007ffb35d01000 	C:\WINDOWS\WinSxS\amd64_microsoft.windows.common-controls_6595b64144ccf1df_6.0.22543.1000_none_25f07d7fa9409c95\COMCTL32.dll
0x00007ffb4f8d0000 - 0x00007ffb4f974000 	C:\WINDOWS\System32\msvcrt.dll
0x00007ffb4f890000 - 0x00007ffb4f8c1000 	C:\WINDOWS\System32\IMM32.DLL
0x00007ffb48180000 - 0x00007ffb4818c000 	C:\Program Files\Android\Android Studio1\jbr\bin\vcruntime140_1.dll
0x00007ffb12e00000 - 0x00007ffb12e8d000 	C:\Program Files\Android\Android Studio1\jbr\bin\msvcp140.dll
0x00007ffb0d040000 - 0x00007ffb0dcae000 	C:\Program Files\Android\Android Studio1\jbr\bin\server\jvm.dll
0x00007ffb4f260000 - 0x00007ffb4f30e000 	C:\WINDOWS\System32\ADVAPI32.dll
0x00007ffb4e5e0000 - 0x00007ffb4e685000 	C:\WINDOWS\System32\sechost.dll
0x00007ffb4f510000 - 0x00007ffb4f62f000 	C:\WINDOWS\System32\RPCRT4.dll
0x00007ffb2d130000 - 0x00007ffb2d139000 	C:\WINDOWS\SYSTEM32\WSOCK32.dll
0x00007ffb4f490000 - 0x00007ffb4f501000 	C:\WINDOWS\System32\WS2_32.dll
0x00007ffb45220000 - 0x00007ffb45254000 	C:\WINDOWS\SYSTEM32\WINMM.dll
0x00007ffb45210000 - 0x00007ffb4521a000 	C:\WINDOWS\SYSTEM32\VERSION.dll
0x00007ffb4be80000 - 0x00007ffb4be97000 	C:\WINDOWS\SYSTEM32\kernel.appcore.dll
0x00007ffb3c7a0000 - 0x00007ffb3c7aa000 	C:\Program Files\Android\Android Studio1\jbr\bin\jimage.dll
0x00007ffb4a960000 - 0x00007ffb4ab84000 	C:\WINDOWS\SYSTEM32\DBGHELP.DLL
0x00007ffb4d8f0000 - 0x00007ffb4dc61000 	C:\WINDOWS\System32\combase.dll
0x00007ffb4e930000 - 0x00007ffb4ea07000 	C:\WINDOWS\System32\OLEAUT32.dll
0x00007ffb35d70000 - 0x00007ffb35da1000 	C:\WINDOWS\SYSTEM32\dbgcore.DLL
0x00007ffb4d370000 - 0x00007ffb4d3eb000 	C:\WINDOWS\System32\bcryptPrimitives.dll
0x00007ffb0d010000 - 0x00007ffb0d035000 	C:\Program Files\Android\Android Studio1\jbr\bin\java.dll
0x00007ffb0cff0000 - 0x00007ffb0d008000 	C:\Program Files\Android\Android Studio1\jbr\bin\zip.dll
0x00007ffb4dc70000 - 0x00007ffb4e42d000 	C:\WINDOWS\System32\SHELL32.dll
0x00007ffb4aea0000 - 0x00007ffb4b6f9000 	C:\WINDOWS\SYSTEM32\windows.storage.dll
0x00007ffb4ad60000 - 0x00007ffb4ae9c000 	C:\WINDOWS\SYSTEM32\wintypes.dll
0x00007ffb4f310000 - 0x00007ffb4f401000 	C:\WINDOWS\System32\SHCORE.dll
0x00007ffb4ea20000 - 0x00007ffb4ea7b000 	C:\WINDOWS\System32\shlwapi.dll
0x00007ffb4cd70000 - 0x00007ffb4cd91000 	C:\WINDOWS\SYSTEM32\profapi.dll
0x00007ffb0cfd0000 - 0x00007ffb0cfe9000 	C:\Program Files\Android\Android Studio1\jbr\bin\net.dll
0x00007ffb44bf0000 - 0x00007ffb44d01000 	C:\WINDOWS\SYSTEM32\WINHTTP.dll
0x00007ffb4c340000 - 0x00007ffb4c3a9000 	C:\WINDOWS\system32\mswsock.dll
0x00007ffb0cfb0000 - 0x00007ffb0cfc6000 	C:\Program Files\Android\Android Studio1\jbr\bin\nio.dll
0x00007ffb3a0f0000 - 0x00007ffb3a100000 	C:\Program Files\Android\Android Studio1\jbr\bin\verify.dll
0x00007ffb18120000 - 0x00007ffb18147000 	C:\Users\wilda\native\68d5fa5c4cc2d200863cafc0d521ce42e7d3e7ee720ec0a83991735586a16f82\windows-amd64\native-platform.dll
0x00007ffb09280000 - 0x00007ffb093c4000 	C:\Users\wilda\native\e376f236ea51e6404a007f0833ffe2c6e607c4080706a723a18a27aeea778392\windows-amd64\native-platform-file-events.dll
0x00007ffb39de0000 - 0x00007ffb39de9000 	C:\Program Files\Android\Android Studio1\jbr\bin\management.dll
0x00007ffb39d00000 - 0x00007ffb39d0b000 	C:\Program Files\Android\Android Studio1\jbr\bin\management_ext.dll
0x00007ffb4e430000 - 0x00007ffb4e438000 	C:\WINDOWS\System32\PSAPI.DLL
0x00007ffb4c590000 - 0x00007ffb4c5ac000 	C:\WINDOWS\SYSTEM32\CRYPTSP.dll
0x00007ffb4bde0000 - 0x00007ffb4be15000 	C:\WINDOWS\system32\rsaenh.dll
0x00007ffb4c440000 - 0x00007ffb4c467000 	C:\WINDOWS\SYSTEM32\USERENV.dll
0x00007ffb4c720000 - 0x00007ffb4c748000 	C:\WINDOWS\SYSTEM32\bcrypt.dll
0x00007ffb4c5b0000 - 0x00007ffb4c5bc000 	C:\WINDOWS\SYSTEM32\CRYPTBASE.dll
0x00007ffb4b950000 - 0x00007ffb4b97d000 	C:\WINDOWS\SYSTEM32\IPHLPAPI.DLL
0x00007ffb4ea10000 - 0x00007ffb4ea19000 	C:\WINDOWS\System32\NSI.dll
0x00007ffb45290000 - 0x00007ffb452a9000 	C:\WINDOWS\SYSTEM32\dhcpcsvc6.DLL
0x00007ffb44e60000 - 0x00007ffb44e7f000 	C:\WINDOWS\SYSTEM32\dhcpcsvc.DLL
0x00007ffb4b980000 - 0x00007ffb4ba76000 	C:\WINDOWS\SYSTEM32\DNSAPI.dll
0x00007ffb2d4e0000 - 0x00007ffb2d4e8000 	C:\WINDOWS\system32\wshunix.dll
0x00007ffb1d120000 - 0x00007ffb1d137000 	C:\WINDOWS\system32\napinsp.dll
0x00007ffb1d100000 - 0x00007ffb1d11b000 	C:\WINDOWS\system32\pnrpnsp.dll
0x00007ffb1d0e0000 - 0x00007ffb1d0f1000 	C:\WINDOWS\System32\winrnr.dll
0x00007ffb1d0b0000 - 0x00007ffb1d0d1000 	C:\WINDOWS\system32\nlansp_c.dll
0x00007ffb44e40000 - 0x00007ffb44e55000 	C:\WINDOWS\system32\wshbth.dll
0x00007ffb42340000 - 0x00007ffb4234a000 	C:\Windows\System32\rasadhlp.dll
0x00007ffb439e0000 - 0x00007ffb43a62000 	C:\WINDOWS\System32\fwpuclnt.dll

dbghelp: loaded successfully - version: 4.0.5 - missing functions: none
symbol engine: initialized successfully - sym options: 0x614 - pdb path: .;C:\Program Files\Android\Android Studio1\jbr\bin;C:\WINDOWS\SYSTEM32;C:\WINDOWS\WinSxS\amd64_microsoft.windows.common-controls_6595b64144ccf1df_6.0.22543.1000_none_25f07d7fa9409c95;C:\Program Files\Android\Android Studio1\jbr\bin\server;C:\Users\wilda\native\68d5fa5c4cc2d200863cafc0d521ce42e7d3e7ee720ec0a83991735586a16f82\windows-amd64;C:\Users\wilda\native\e376f236ea51e6404a007f0833ffe2c6e607c4080706a723a18a27aeea778392\windows-amd64

VM Arguments:
jvm_args: --add-opens=java.base/java.util=ALL-UNNAMED --add-opens=java.base/java.lang=ALL-UNNAMED --add-opens=java.base/java.lang.invoke=ALL-UNNAMED --add-opens=java.prefs/java.util.prefs=ALL-UNNAMED --add-opens=java.base/java.nio.charset=ALL-UNNAMED --add-opens=java.base/java.net=ALL-UNNAMED --add-opens=java.base/java.util.concurrent.atomic=ALL-UNNAMED -Xmx4096m -Dfile.encoding=UTF-8 -Duser.country=ID -Duser.language=en -Duser.variant 
java_command: org.gradle.launcher.daemon.bootstrap.GradleDaemon 8.0
java_class_path (initial): C:\Users\wilda\wrapper\dists\gradle-8.0-bin\ca5e32bp14vu59qr306oxotwh\gradle-8.0\lib\gradle-launcher-8.0.jar
Launcher Type: SUN_STANDARD

[Global flags]
     intx CICompilerCount                          = 3                                         {product} {ergonomic}
     uint ConcGCThreads                            = 1                                         {product} {ergonomic}
     uint G1ConcRefinementThreads                  = 4                                         {product} {ergonomic}
   size_t G1HeapRegionSize                         = 2097152                                   {product} {ergonomic}
    uintx GCDrainStackTargetSize                   = 64                                        {product} {ergonomic}
   size_t InitialHeapSize                          = 167772160                                 {product} {ergonomic}
   size_t MarkStackSize                            = 4194304                                   {product} {ergonomic}
   size_t MaxHeapSize                              = 4294967296                                {product} {command line}
   size_t MaxNewSize                               = 2575302656                                {product} {ergonomic}
   size_t MinHeapDeltaBytes                        = 2097152                                   {product} {ergonomic}
   size_t MinHeapSize                              = 8388608                                   {product} {ergonomic}
    uintx NonNMethodCodeHeapSize                   = 5832780                                {pd product} {ergonomic}
    uintx NonProfiledCodeHeapSize                  = 122912730                              {pd product} {ergonomic}
    uintx ProfiledCodeHeapSize                     = 122912730                              {pd product} {ergonomic}
    uintx ReservedCodeCacheSize                    = 251658240                              {pd product} {ergonomic}
     bool SegmentedCodeCache                       = true                                      {product} {ergonomic}
   size_t SoftMaxHeapSize                          = 4294967296                             {manageable} {ergonomic}
     bool UseCompressedClassPointers               = true                           {product lp64_product} {ergonomic}
     bool UseCompressedOops                        = true                           {product lp64_product} {ergonomic}
     bool UseG1GC                                  = true                                      {product} {ergonomic}
     bool UseLargePagesIndividualAllocation        = false                                  {pd product} {ergonomic}

Logging:
Log output configuration:
 #0: stdout all=warning uptime,level,tags
 #1: stderr all=off uptime,level,tags

Environment Variables:
JAVA_HOME=C:\Users\wilda\AppData\Local\jdk-19.0.2
PATH=C:\Program Files (x86)\VMware\VMware Workstation\bin\;C:\Program Files (x86)\Common Files\Oracle\Java\javapath;C:\WINDOWS\system32;C:\WINDOWS;C:\WINDOWS\System32\Wbem;C:\WINDOWS\System32\WindowsPowerShell\v1.0\;C:\WINDOWS\System32\OpenSSH\;C:\ProgramData\chocolatey\bin;C:\Program Files\PuTTY\;C:\Program Files\Git\cmd;C:\Program Files\Docker\Docker\resources\bin;C:\ProgramData\DockerDesktop\version-bin;C:\Program Files\PowerShell\7\;C:\Program Files\nodejs\;C:\Users\wilda\AppData\Local\jdk-19.0.2;C:\Program Files (x86)\NoteBook FanControl\;C:\Users\wilda\AppData\Local\Programs\Python\Python38\;C:\Users\wilda\AppData\Local\Programs\Python\Python310\Scripts\;C:\Users\wilda\AppData\Local\Programs\Python\Python310\;C:\Users\wilda\AppData\Local\Programs\Python\Python39\Scripts\;C:\Users\wilda\AppData\Local\Programs\Python\Python39\;C:\Users\wilda\AppData\Local\Microsoft\WindowsApps;C:\Program Files\heroku\bin;C:\Program Files (x86)\Nmap;C:\Users\wilda\AppData\Local\Programs\Microsoft VS Code\bin;C:\Users\wilda\AppData\Roaming\npm;C:\Program Files\JetBrains\PyCharm 2023.1.3\bin;;C:\Users\wilda\flutter_windows_3.7.12-stable\flutter\bin;C:\tools\dart-sdk\bin;C:\Users\wilda\AppData\Roaming\Pub\Cache\bin;C:\Users\wilda\AppData\Local\Android\Sdk\tools\bin;C:\Users\wilda\AppData\Local\Gradle\gradle-8.0.2\bin;C:\Users\wilda\AppData\Local\jdk-19.0.2\bin;C:\Program Files\Java\jdk1.8.0_271\bin;C:\Users\wilda\dart-sdk\bin;C:\Program Files\JetBrains\PyCharm Community Edition 2023.2.1\bin;;;C:\Program Files\JetBrains\IntelliJ IDEA Community Edition 2023.2.1\bin;
USERNAME=wildanassyidiq142
OS=Windows_NT
PROCESSOR_IDENTIFIER=AMD64 Family 23 Model 24 Stepping 1, AuthenticAMD
TMP=C:\Users\wilda\AppData\Local\Temp
TEMP=C:\Users\wilda\AppData\Local\Temp


JNI global refs:
JNI global refs: 26, weak refs: 70

JNI global refs memory usage: 843, weak refs: 1473


---------------  S Y S T E M  ---------------

OS:
 Windows 11 , 64 bit Build 22543 (10.0.22543.1000)
OS uptime: 0 days 15:59 hours
Hyper-V role detected

CPU: total 4 (initial active 4) (4 cores per cpu, 2 threads per core) family 23 model 24 stepping 1 microcode 0x0, cx8, cmov, fxsr, ht, mmx, 3dnowpref, sse, sse2, sse3, ssse3, sse4a, sse4.1, sse4.2, popcnt, lzcnt, tsc, tscinvbit, avx, avx2, aes, clmul, bmi1, bmi2, adx, sha, fma, vzeroupper, clflush, clflushopt, hv

Memory: 4k page, system-wide physical 10177M (1231M free)
TotalPageFile size 13177M (AvailPageFile size 332M)
current process WorkingSet (physical memory assigned to process): 784M, peak: 788M
current process commit charge ("private bytes"): 822M, peak: 1222M

vm_info: OpenJDK 64-Bit Server VM (17.0.6+0-b2043.56-10027231) for windows-amd64 JRE (17.0.6+0-b2043.56-10027231), built on Apr 28 2023 00:43:19 by "androidbuild" with MS VC++ 16.10 / 16.11 (VS2019)

END.
