#
# There is insufficient memory for the Java Runtime Environment to continue.
# Native memory allocation (mmap) failed to map 52428800 bytes for G1 virtual space
# Possible reasons:
#   The system is out of physical RAM or swap space
#   The process is running with CompressedOops enabled, and the Java Heap may be blocking the growth of the native heap
# Possible solutions:
#   Reduce memory load on the system
#   Increase physical memory or swap space
#   Check if swap backing store is full
#   Decrease Java heap size (-Xmx/-Xms)
#   Decrease number of Java threads
#   Decrease Java thread stack sizes (-Xss)
#   Set larger code cache with -XX:ReservedCodeCacheSize=
#   JVM is running with Zero Based Compressed Oops mode in which the Java heap is
#     placed in the first 32GB address space. The Java Heap base address is the
#     maximum limit for the native heap growth. Please use -XX:HeapBaseMinAddress
#     to set the Java Heap base and to place the Java Heap above 32GB virtual address.
# This output file may be truncated or incomplete.
#
#  Out of Memory Error (os_windows.cpp:3769), pid=16744, tid=10312
#
# JRE version: OpenJDK Runtime Environment (17.0.6) (build 17.0.6+0-b2043.56-10027231)
# Java VM: OpenJDK 64-Bit Server VM (17.0.6+0-b2043.56-10027231, mixed mode, tiered, compressed oops, compressed class ptrs, g1 gc, windows-amd64)
# No core dump will be written. Minidumps are not enabled by default on client versions of Windows
#

---------------  S U M M A R Y ------------

Command Line: --add-opens=java.base/java.util=ALL-UNNAMED --add-opens=java.base/java.lang=ALL-UNNAMED --add-opens=java.base/java.lang.invoke=ALL-UNNAMED --add-opens=java.prefs/java.util.prefs=ALL-UNNAMED --add-opens=java.base/java.nio.charset=ALL-UNNAMED --add-opens=java.base/java.net=ALL-UNNAMED --add-opens=java.base/java.util.concurrent.atomic=ALL-UNNAMED -Xmx4096m -Dfile.encoding=UTF-8 -Duser.country=ID -Duser.language=en -Duser.variant org.gradle.launcher.daemon.bootstrap.GradleDaemon 8.0

Host: AMD Ryzen 3 3250U with Radeon Graphics         , 4 cores, 9G,  Windows 11 , 64 bit Build 22543 (10.0.22543.1000)
Time: Sat Dec 23 17:39:20 2023 SE Asia Standard Time elapsed time: 51.354802 seconds (0d 0h 0m 51s)

---------------  T H R E A D  ---------------

Current thread (0x0000018cd521b840):  VMThread "VM Thread" [stack: 0x0000004188c00000,0x0000004188d00000] [id=10312]

Stack: [0x0000004188c00000,0x0000004188d00000]
Native frames: (J=compiled Java code, j=interpreted, Vv=VM code, C=native code)
V  [jvm.dll+0x683c9a]
V  [jvm.dll+0x8427a4]
V  [jvm.dll+0x843f9e]
V  [jvm.dll+0x844603]
V  [jvm.dll+0x249b75]
V  [jvm.dll+0x680b69]
V  [jvm.dll+0x67505a]
V  [jvm.dll+0x309acb]
V  [jvm.dll+0x310f86]
V  [jvm.dll+0x3608ee]
V  [jvm.dll+0x360b1f]
V  [jvm.dll+0x2dfbf8]
V  [jvm.dll+0x2ddec4]
V  [jvm.dll+0x2dd4cc]
V  [jvm.dll+0x321f3b]
V  [jvm.dll+0x848ccb]
V  [jvm.dll+0x849a04]
V  [jvm.dll+0x849f1d]
V  [jvm.dll+0x84a2f4]
V  [jvm.dll+0x84a3c0]
V  [jvm.dll+0x7f274a]
V  [jvm.dll+0x682ad5]
C  [ucrtbase.dll+0x293cc]
C  [KERNEL32.DLL+0x11350]
C  [ntdll.dll+0x51dc8]

VM_Operation (0x000000418a2f3550): G1CollectForAllocation, mode: safepoint, requested by thread 0x0000018cd6dd5870


---------------  P R O C E S S  ---------------

Threads class SMR info:
_java_thread_list=0x0000018cdeb80f10, length=81, elements={
0x0000018cb703e170, 0x0000018cd5205540, 0x0000018cd52060f0, 0x0000018cd5c0c6b0,
0x0000018cd5c0d170, 0x0000018cd5c41100, 0x0000018cd5c43ac0, 0x0000018cd5c447a0,
0x0000018cd5c45190, 0x0000018cd5ca4590, 0x0000018cd5db3d30, 0x0000018cd5db4200,
0x0000018cd6dd4ed0, 0x0000018cd6dd7550, 0x0000018cd6dd7080, 0x0000018cd6dd7a20,
0x0000018cd6dd53a0, 0x0000018cd6dd4530, 0x0000018cd6dd5870, 0x0000018cd6dd4a00,
0x0000018cd6dd5d40, 0x0000018cd6dd7ef0, 0x0000018cd6dd6210, 0x0000018cd6dd66e0,
0x0000018cd6dd6bb0, 0x0000018cdaee6d40, 0x0000018cdaee8080, 0x0000018cdaeeb570,
0x0000018cdaeeabd0, 0x0000018cdaee7210, 0x0000018cdaee8550, 0x0000018cdaee41f0,
0x0000018cdaee8ef0, 0x0000018cdaee76e0, 0x0000018cdaeeba40, 0x0000018cdaee7bb0,
0x0000018cdaee8a20, 0x0000018cdaee4b90, 0x0000018cdaeea700, 0x0000018cdaee5060,
0x0000018cdaee63a0, 0x0000018cde8f66f0, 0x0000018cde8f9710, 0x0000018cde8f88a0,
0x0000018cde8fd0d0, 0x0000018cde8f6bc0, 0x0000018cde8f7f00, 0x0000018cde8fb3f0,
0x0000018cde8fda70, 0x0000018cde8faa50, 0x0000018cde8fb8c0, 0x0000018cde8f83d0,
0x0000018cde8fbd90, 0x0000018cde8fa580, 0x0000018cde8f8d70, 0x0000018cde8faf20,
0x0000018cde8fc730, 0x0000018cde8fdf40, 0x0000018cde8f7090, 0x0000018cde8f9be0,
0x0000018cde8fc260, 0x0000018cde8fcc00, 0x0000018cde8fd5a0, 0x0000018cde8f7560,
0x0000018cde8f7a30, 0x0000018cde8f9240, 0x0000018cde8fa0b0, 0x0000018cd8942800,
0x0000018cd8945820, 0x0000018cd893f7e0, 0x0000018cd893fcb0, 0x0000018cd8940b20,
0x0000018cd8944010, 0x0000018cd8942cd0, 0x0000018cd8943b40, 0x0000018cd8940ff0,
0x0000018cd89431a0, 0x0000018cd8943670, 0x0000018cd89444e0, 0x0000018cd89414c0,
0x0000018cd8941e60
}

Java Threads: ( => current thread )
  0x0000018cb703e170 JavaThread "main" [_thread_blocked, id=14344, stack(0x0000004188600000,0x0000004188700000)]
  0x0000018cd5205540 JavaThread "Reference Handler" daemon [_thread_blocked, id=3176, stack(0x0000004188d00000,0x0000004188e00000)]
  0x0000018cd52060f0 JavaThread "Finalizer" daemon [_thread_blocked, id=3964, stack(0x0000004188e00000,0x0000004188f00000)]
  0x0000018cd5c0c6b0 JavaThread "Signal Dispatcher" daemon [_thread_blocked, id=3272, stack(0x0000004188f00000,0x0000004189000000)]
  0x0000018cd5c0d170 JavaThread "Attach Listener" daemon [_thread_blocked, id=9364, stack(0x0000004189000000,0x0000004189100000)]
  0x0000018cd5c41100 JavaThread "Service Thread" daemon [_thread_blocked, id=4108, stack(0x0000004189100000,0x0000004189200000)]
  0x0000018cd5c43ac0 JavaThread "Monitor Deflation Thread" daemon [_thread_blocked, id=14304, stack(0x0000004189200000,0x0000004189300000)]
  0x0000018cd5c447a0 JavaThread "C2 CompilerThread0" daemon [_thread_blocked, id=15788, stack(0x0000004189300000,0x0000004189400000)]
  0x0000018cd5c45190 JavaThread "C1 CompilerThread0" daemon [_thread_blocked, id=848, stack(0x0000004189400000,0x0000004189500000)]
  0x0000018cd5ca4590 JavaThread "Sweeper thread" daemon [_thread_blocked, id=5748, stack(0x0000004189500000,0x0000004189600000)]
  0x0000018cd5db3d30 JavaThread "Common-Cleaner" daemon [_thread_blocked, id=17296, stack(0x0000004189600000,0x0000004189700000)]
  0x0000018cd5db4200 JavaThread "Notification Thread" daemon [_thread_blocked, id=4360, stack(0x0000004189700000,0x0000004189800000)]
  0x0000018cd6dd4ed0 JavaThread "Daemon health stats" [_thread_blocked, id=4952, stack(0x0000004189d00000,0x0000004189e00000)]
  0x0000018cd6dd7550 JavaThread "Incoming local TCP Connector on port 44759" [_thread_in_native, id=15040, stack(0x0000004189900000,0x0000004189a00000)]
  0x0000018cd6dd7080 JavaThread "Daemon periodic checks" [_thread_blocked, id=14020, stack(0x0000004189e00000,0x0000004189f00000)]
  0x0000018cd6dd7a20 JavaThread "Daemon" [_thread_blocked, id=12692, stack(0x0000004189f00000,0x000000418a000000)]
  0x0000018cd6dd53a0 JavaThread "Handler for socket connection from /127.0.0.1:44759 to /127.0.0.1:44760" [_thread_in_native, id=9984, stack(0x000000418a000000,0x000000418a100000)]
  0x0000018cd6dd4530 JavaThread "Cancel handler" [_thread_blocked, id=16872, stack(0x000000418a100000,0x000000418a200000)]
  0x0000018cd6dd5870 JavaThread "Daemon worker" [_thread_blocked, id=4688, stack(0x000000418a200000,0x000000418a300000)]
  0x0000018cd6dd4a00 JavaThread "Asynchronous log dispatcher for DefaultDaemonConnection: socket connection from /127.0.0.1:44759 to /127.0.0.1:44760" [_thread_blocked, id=248, stack(0x000000418a300000,0x000000418a400000)]
  0x0000018cd6dd5d40 JavaThread "Stdin handler" [_thread_blocked, id=11628, stack(0x000000418a400000,0x000000418a500000)]
  0x0000018cd6dd7ef0 JavaThread "Daemon client event forwarder" [_thread_blocked, id=17040, stack(0x000000418a500000,0x000000418a600000)]
  0x0000018cd6dd6210 JavaThread "Cache worker for journal cache (C:\Users\wilda\caches\journal-1)" [_thread_blocked, id=15544, stack(0x000000418a600000,0x000000418a700000)]
  0x0000018cd6dd66e0 JavaThread "File lock request listener" [_thread_in_native, id=16140, stack(0x000000418a700000,0x000000418a800000)]
  0x0000018cd6dd6bb0 JavaThread "Cache worker for file hash cache (C:\Users\wilda\caches\8.0\fileHashes)" [_thread_blocked, id=17316, stack(0x000000418a800000,0x000000418a900000)]
  0x0000018cdaee6d40 JavaThread "File watcher server" daemon [_thread_in_native, id=3160, stack(0x000000418aa00000,0x000000418ab00000)]
  0x0000018cdaee8080 JavaThread "File watcher consumer" daemon [_thread_blocked, id=11760, stack(0x000000418ab00000,0x000000418ac00000)]
  0x0000018cdaeeb570 JavaThread "jar transforms" [_thread_blocked, id=5640, stack(0x000000418ac00000,0x000000418ad00000)]
  0x0000018cdaeeabd0 JavaThread "jar transforms Thread 2" [_thread_blocked, id=10600, stack(0x000000418ad00000,0x000000418ae00000)]
  0x0000018cdaee7210 JavaThread "jar transforms Thread 3" [_thread_blocked, id=9336, stack(0x000000418ae00000,0x000000418af00000)]
  0x0000018cdaee8550 JavaThread "jar transforms Thread 4" [_thread_blocked, id=15896, stack(0x000000418af00000,0x000000418b000000)]
  0x0000018cdaee41f0 JavaThread "Cache worker for checksums cache (C:\Users\wilda\AndroidStudioProjects\FilmKu\.gradle\8.0\checksums)" [_thread_blocked, id=2292, stack(0x000000418a900000,0x000000418aa00000)]
  0x0000018cdaee8ef0 JavaThread "Cache worker for cache directory md-rule (C:\Users\wilda\caches\8.0\md-rule)" [_thread_blocked, id=1564, stack(0x000000418b000000,0x000000418b100000)]
  0x0000018cdaee76e0 JavaThread "Cache worker for file content cache (C:\Users\wilda\caches\8.0\fileContent)" [_thread_blocked, id=14488, stack(0x000000418b100000,0x000000418b200000)]
  0x0000018cdaeeba40 JavaThread "Cache worker for file hash cache (C:\Users\wilda\AndroidStudioProjects\FilmKu\.gradle\8.0\fileHashes)" [_thread_blocked, id=8456, stack(0x000000418b200000,0x000000418b300000)]
  0x0000018cdaee7bb0 JavaThread "Cache worker for cache directory md-supplier (C:\Users\wilda\caches\8.0\md-supplier)" [_thread_blocked, id=13668, stack(0x000000418b300000,0x000000418b400000)]
  0x0000018cdaee8a20 JavaThread "Cache worker for execution history cache (C:\Users\wilda\caches\8.0\executionHistory)" [_thread_blocked, id=16840, stack(0x000000418b400000,0x000000418b500000)]
  0x0000018cdaee4b90 JavaThread "Cache worker for kotlin-dsl (C:\Users\wilda\caches\8.0\kotlin-dsl)" [_thread_blocked, id=16532, stack(0x000000418b600000,0x000000418b700000)]
  0x0000018cdaeea700 JavaThread "Cache worker for dependencies-accessors (C:\Users\wilda\AndroidStudioProjects\FilmKu\.gradle\8.0\dependencies-accessors)" [_thread_blocked, id=15692, stack(0x000000418b500000,0x000000418b600000)]
  0x0000018cdaee5060 JavaThread "Cache worker for Build Output Cleanup Cache (C:\Users\wilda\AndroidStudioProjects\FilmKu\.gradle\buildOutputCleanup)" [_thread_blocked, id=15680, stack(0x000000418b800000,0x000000418b900000)]
  0x0000018cdaee63a0 JavaThread "Unconstrained build operations" [_thread_blocked, id=14736, stack(0x000000418b700000,0x000000418b800000)]
  0x0000018cde8f66f0 JavaThread "Unconstrained build operations Thread 2" [_thread_blocked, id=10684, stack(0x000000418b900000,0x000000418ba00000)]
  0x0000018cde8f9710 JavaThread "Unconstrained build operations Thread 3" [_thread_blocked, id=16004, stack(0x000000418ba00000,0x000000418bb00000)]
  0x0000018cde8f88a0 JavaThread "Unconstrained build operations Thread 4" [_thread_blocked, id=12168, stack(0x000000418bb00000,0x000000418bc00000)]
  0x0000018cde8fd0d0 JavaThread "Unconstrained build operations Thread 5" [_thread_blocked, id=14452, stack(0x000000418bc00000,0x000000418bd00000)]
  0x0000018cde8f6bc0 JavaThread "Unconstrained build operations Thread 6" [_thread_blocked, id=6644, stack(0x000000418bd00000,0x000000418be00000)]
  0x0000018cde8f7f00 JavaThread "Unconstrained build operations Thread 7" [_thread_blocked, id=3968, stack(0x000000418be00000,0x000000418bf00000)]
  0x0000018cde8fb3f0 JavaThread "Unconstrained build operations Thread 8" [_thread_blocked, id=17388, stack(0x000000418bf00000,0x000000418c000000)]
  0x0000018cde8fda70 JavaThread "Unconstrained build operations Thread 9" [_thread_blocked, id=13964, stack(0x000000418c000000,0x000000418c100000)]
  0x0000018cde8faa50 JavaThread "Unconstrained build operations Thread 10" [_thread_blocked, id=16948, stack(0x000000418c100000,0x000000418c200000)]
  0x0000018cde8fb8c0 JavaThread "Unconstrained build operations Thread 11" [_thread_blocked, id=804, stack(0x000000418c200000,0x000000418c300000)]
  0x0000018cde8f83d0 JavaThread "Unconstrained build operations Thread 12" [_thread_blocked, id=14864, stack(0x000000418c300000,0x000000418c400000)]
  0x0000018cde8fbd90 JavaThread "Unconstrained build operations Thread 13" [_thread_blocked, id=16748, stack(0x000000418c400000,0x000000418c500000)]
  0x0000018cde8fa580 JavaThread "Unconstrained build operations Thread 14" [_thread_blocked, id=1148, stack(0x000000418c500000,0x000000418c600000)]
  0x0000018cde8f8d70 JavaThread "Unconstrained build operations Thread 15" [_thread_blocked, id=15004, stack(0x000000418c600000,0x000000418c700000)]
  0x0000018cde8faf20 JavaThread "Unconstrained build operations Thread 16" [_thread_blocked, id=15780, stack(0x000000418c700000,0x000000418c800000)]
  0x0000018cde8fc730 JavaThread "Unconstrained build operations Thread 17" [_thread_blocked, id=8472, stack(0x000000418c800000,0x000000418c900000)]
  0x0000018cde8fdf40 JavaThread "Unconstrained build operations Thread 18" [_thread_blocked, id=12740, stack(0x000000418c900000,0x000000418ca00000)]
  0x0000018cde8f7090 JavaThread "Unconstrained build operations Thread 19" [_thread_blocked, id=16300, stack(0x000000418ca00000,0x000000418cb00000)]
  0x0000018cde8f9be0 JavaThread "Unconstrained build operations Thread 20" [_thread_blocked, id=16852, stack(0x000000418cb00000,0x000000418cc00000)]
  0x0000018cde8fc260 JavaThread "Unconstrained build operations Thread 21" [_thread_blocked, id=12496, stack(0x000000418cc00000,0x000000418cd00000)]
  0x0000018cde8fcc00 JavaThread "Unconstrained build operations Thread 22" [_thread_blocked, id=16220, stack(0x000000418cd00000,0x000000418ce00000)]
  0x0000018cde8fd5a0 JavaThread "Unconstrained build operations Thread 23" [_thread_blocked, id=8184, stack(0x000000418ce00000,0x000000418cf00000)]
  0x0000018cde8f7560 JavaThread "Unconstrained build operations Thread 24" [_thread_blocked, id=12892, stack(0x000000418cf00000,0x000000418d000000)]
  0x0000018cde8f7a30 JavaThread "Unconstrained build operations Thread 25" [_thread_blocked, id=5176, stack(0x000000418d000000,0x000000418d100000)]
  0x0000018cde8f9240 JavaThread "Unconstrained build operations Thread 26" [_thread_blocked, id=3976, stack(0x000000418d100000,0x000000418d200000)]
  0x0000018cde8fa0b0 JavaThread "Unconstrained build operations Thread 27" [_thread_blocked, id=14412, stack(0x000000418d200000,0x000000418d300000)]
  0x0000018cd8942800 JavaThread "Unconstrained build operations Thread 28" [_thread_blocked, id=7692, stack(0x000000418d300000,0x000000418d400000)]
  0x0000018cd8945820 JavaThread "Unconstrained build operations Thread 29" [_thread_blocked, id=13436, stack(0x000000418d400000,0x000000418d500000)]
  0x0000018cd893f7e0 JavaThread "Unconstrained build operations Thread 30" [_thread_blocked, id=14272, stack(0x000000418d500000,0x000000418d600000)]
  0x0000018cd893fcb0 JavaThread "Unconstrained build operations Thread 31" [_thread_blocked, id=12044, stack(0x000000418d600000,0x000000418d700000)]
  0x0000018cd8940b20 JavaThread "Unconstrained build operations Thread 32" [_thread_blocked, id=11876, stack(0x000000418d700000,0x000000418d800000)]
  0x0000018cd8944010 JavaThread "Unconstrained build operations Thread 33" [_thread_blocked, id=14780, stack(0x000000418d800000,0x000000418d900000)]
  0x0000018cd8942cd0 JavaThread "Unconstrained build operations Thread 34" [_thread_blocked, id=7068, stack(0x000000418d900000,0x000000418da00000)]
  0x0000018cd8943b40 JavaThread "Unconstrained build operations Thread 35" [_thread_blocked, id=10056, stack(0x000000418da00000,0x000000418db00000)]
  0x0000018cd8940ff0 JavaThread "Unconstrained build operations Thread 36" [_thread_blocked, id=17032, stack(0x000000418db00000,0x000000418dc00000)]
  0x0000018cd89431a0 JavaThread "Unconstrained build operations Thread 37" [_thread_blocked, id=6660, stack(0x000000418dc00000,0x000000418dd00000)]
  0x0000018cd8943670 JavaThread "Unconstrained build operations Thread 38" [_thread_blocked, id=11616, stack(0x000000418dd00000,0x000000418de00000)]
  0x0000018cd89444e0 JavaThread "Unconstrained build operations Thread 39" [_thread_blocked, id=11472, stack(0x000000418de00000,0x000000418df00000)]
  0x0000018cd89414c0 JavaThread "Unconstrained build operations Thread 40" [_thread_blocked, id=10584, stack(0x000000418df00000,0x000000418e000000)]
  0x0000018cd8941e60 JavaThread "Kotlin DSL Writer" [_thread_blocked, id=12276, stack(0x000000418e000000,0x000000418e100000)]

Other Threads:
=>0x0000018cd521b840 VMThread "VM Thread" [stack: 0x0000004188c00000,0x0000004188d00000] [id=10312]
  0x0000018cd5db46d0 WatcherThread [stack: 0x0000004189800000,0x0000004189900000] [id=9328]
  0x0000018cb70a8ce0 GCTaskThread "GC Thread#0" [stack: 0x0000004188700000,0x0000004188800000] [id=13424]
  0x0000018cd64af5c0 GCTaskThread "GC Thread#1" [stack: 0x0000004189a00000,0x0000004189b00000] [id=10220]
  0x0000018cd5fb7e30 GCTaskThread "GC Thread#2" [stack: 0x0000004189b00000,0x0000004189c00000] [id=13700]
  0x0000018cd69bdb20 GCTaskThread "GC Thread#3" [stack: 0x0000004189c00000,0x0000004189d00000] [id=17400]
  0x0000018cb70b9c20 ConcurrentGCThread "G1 Main Marker" [stack: 0x0000004188800000,0x0000004188900000] [id=4552]
  0x0000018cb70ba630 ConcurrentGCThread "G1 Conc#0" [stack: 0x0000004188900000,0x0000004188a00000] [id=17380]
  0x0000018cb70f5c50 ConcurrentGCThread "G1 Refine#0" [stack: 0x0000004188a00000,0x0000004188b00000] [id=2776]
  0x0000018cd5072bf0 ConcurrentGCThread "G1 Service" [stack: 0x0000004188b00000,0x0000004188c00000] [id=14608]

Threads with active compile tasks:
C2 CompilerThread0    51417 9554   !   4       java.net.URLClassLoader::findClass (47 bytes)

VM state: at safepoint (normal execution)

VM Mutex/Monitor currently owned by a thread:  ([mutex/lock_event])
[0x0000018cb7038f60] Threads_lock - owner thread: 0x0000018cd521b840
[0x0000018cb7038b70] Heap_lock - owner thread: 0x0000018cd6dd5870

Heap address: 0x0000000700000000, size: 4096 MB, Compressed Oops mode: Zero based, Oop shift amount: 3

CDS archive(s) not mapped
Compressed class space mapped at: 0x0000000800000000-0x0000000840000000, reserved size: 1073741824
Narrow klass base: 0x0000000800000000, Narrow klass shift: 0, Narrow klass range: 0x40000000

GC Precious Log:
 CPUs: 4 total, 4 available
 Memory: 10177M
 Large Page Support: Disabled
 NUMA Support: Disabled
 Compressed Oops: Enabled (Zero based)
 Heap Region Size: 2M
 Heap Min Capacity: 8M
 Heap Initial Capacity: 160M
 Heap Max Capacity: 4G
 Pre-touch: Disabled
 Parallel Workers: 4
 Concurrent Workers: 1
 Concurrent Refinement Workers: 4
 Periodic GC: Disabled

Heap:
 garbage-first heap   total 256000K, used 152825K [0x0000000700000000, 0x0000000800000000)
  region size 2048K, 4 young (8192K), 4 survivors (8192K)
 Metaspace       used 108840K, committed 109440K, reserved 1146880K
  class space    used 14275K, committed 14528K, reserved 1048576K

Heap Regions: E=young(eden), S=young(survivor), O=old, HS=humongous(starts), HC=humongous(continues), CS=collection set, F=free, OA=open archive, CA=closed archive, TAMS=top-at-mark-start (previous, next)
|   0|0x0000000700000000, 0x0000000700200000, 0x0000000700200000|100%| O|  |TAMS 0x0000000700200000, 0x0000000700200000| Untracked 
|   1|0x0000000700200000, 0x0000000700400000, 0x0000000700400000|100%|HS|  |TAMS 0x0000000700400000, 0x0000000700400000| Complete 
|   2|0x0000000700400000, 0x0000000700600000, 0x0000000700600000|100%|HC|  |TAMS 0x0000000700600000, 0x0000000700600000| Complete 
|   3|0x0000000700600000, 0x00000007007cf200, 0x0000000700800000| 90%| O|  |TAMS 0x00000007007cf200, 0x00000007007cf200| Untracked 
|   4|0x0000000700800000, 0x0000000700a00000, 0x0000000700a00000|100%| O|  |TAMS 0x0000000700a00000, 0x0000000700a00000| Untracked 
|   5|0x0000000700a00000, 0x0000000700c00000, 0x0000000700c00000|100%| O|  |TAMS 0x0000000700c00000, 0x0000000700c00000| Untracked 
|   6|0x0000000700c00000, 0x0000000700e00000, 0x0000000700e00000|100%| O|  |TAMS 0x0000000700e00000, 0x0000000700e00000| Untracked 
|   7|0x0000000700e00000, 0x0000000701000000, 0x0000000701000000|100%| O|  |TAMS 0x0000000701000000, 0x0000000701000000| Untracked 
|   8|0x0000000701000000, 0x0000000701200000, 0x0000000701200000|100%| O|  |TAMS 0x0000000701200000, 0x0000000701200000| Untracked 
|   9|0x0000000701200000, 0x0000000701400000, 0x0000000701400000|100%| O|  |TAMS 0x0000000701400000, 0x0000000701400000| Untracked 
|  10|0x0000000701400000, 0x0000000701600000, 0x0000000701600000|100%| O|  |TAMS 0x0000000701600000, 0x0000000701600000| Untracked 
|  11|0x0000000701600000, 0x0000000701800000, 0x0000000701800000|100%|HS|  |TAMS 0x0000000701800000, 0x0000000701800000| Complete 
|  12|0x0000000701800000, 0x0000000701a00000, 0x0000000701a00000|100%|HS|  |TAMS 0x0000000701a00000, 0x0000000701a00000| Complete 
|  13|0x0000000701a00000, 0x0000000701c00000, 0x0000000701c00000|100%|HC|  |TAMS 0x0000000701c00000, 0x0000000701c00000| Complete 
|  14|0x0000000701c00000, 0x0000000701e00000, 0x0000000701e00000|100%|HS|  |TAMS 0x0000000701e00000, 0x0000000701e00000| Complete 
|  15|0x0000000701e00000, 0x0000000702000000, 0x0000000702000000|100%|HC|  |TAMS 0x0000000702000000, 0x0000000702000000| Complete 
|  16|0x0000000702000000, 0x0000000702200000, 0x0000000702200000|100%| O|  |TAMS 0x0000000702200000, 0x0000000702200000| Untracked 
|  17|0x0000000702200000, 0x0000000702400000, 0x0000000702400000|100%|HS|  |TAMS 0x0000000702400000, 0x0000000702400000| Complete 
|  18|0x0000000702400000, 0x0000000702600000, 0x0000000702600000|100%| O|  |TAMS 0x0000000702600000, 0x0000000702600000| Untracked 
|  19|0x0000000702600000, 0x0000000702800000, 0x0000000702800000|100%| O|  |TAMS 0x0000000702800000, 0x0000000702800000| Untracked 
|  20|0x0000000702800000, 0x0000000702a00000, 0x0000000702a00000|100%| O|  |TAMS 0x0000000702a00000, 0x0000000702a00000| Untracked 
|  21|0x0000000702a00000, 0x0000000702c00000, 0x0000000702c00000|100%| O|  |TAMS 0x0000000702c00000, 0x0000000702c00000| Untracked 
|  22|0x0000000702c00000, 0x0000000702e00000, 0x0000000702e00000|100%| O|  |TAMS 0x0000000702e00000, 0x0000000702e00000| Untracked 
|  23|0x0000000702e00000, 0x0000000703000000, 0x0000000703000000|100%| O|  |TAMS 0x0000000703000000, 0x0000000703000000| Untracked 
|  24|0x0000000703000000, 0x0000000703200000, 0x0000000703200000|100%|HS|  |TAMS 0x0000000703200000, 0x0000000703200000| Complete 
|  25|0x0000000703200000, 0x0000000703400000, 0x0000000703400000|100%|HC|  |TAMS 0x0000000703400000, 0x0000000703400000| Complete 
|  26|0x0000000703400000, 0x0000000703600000, 0x0000000703600000|100%|HC|  |TAMS 0x0000000703600000, 0x0000000703600000| Complete 
|  27|0x0000000703600000, 0x0000000703800000, 0x0000000703800000|100%|HC|  |TAMS 0x0000000703800000, 0x0000000703800000| Complete 
|  28|0x0000000703800000, 0x0000000703a00000, 0x0000000703a00000|100%|HC|  |TAMS 0x0000000703a00000, 0x0000000703a00000| Complete 
|  29|0x0000000703a00000, 0x0000000703c00000, 0x0000000703c00000|100%|HC|  |TAMS 0x0000000703c00000, 0x0000000703c00000| Complete 
|  30|0x0000000703c00000, 0x0000000703e00000, 0x0000000703e00000|100%|HS|  |TAMS 0x0000000703e00000, 0x0000000703e00000| Complete 
|  31|0x0000000703e00000, 0x0000000704000000, 0x0000000704000000|100%|HC|  |TAMS 0x0000000704000000, 0x0000000704000000| Complete 
|  32|0x0000000704000000, 0x0000000704200000, 0x0000000704200000|100%|HS|  |TAMS 0x0000000704200000, 0x0000000704200000| Complete 
|  33|0x0000000704200000, 0x0000000704400000, 0x0000000704400000|100%|HC|  |TAMS 0x0000000704400000, 0x0000000704400000| Complete 
|  34|0x0000000704400000, 0x0000000704600000, 0x0000000704600000|100%| O|  |TAMS 0x0000000704600000, 0x0000000704600000| Untracked 
|  35|0x0000000704600000, 0x0000000704800000, 0x0000000704800000|100%| O|  |TAMS 0x0000000704800000, 0x0000000704800000| Untracked 
|  36|0x0000000704800000, 0x0000000704a00000, 0x0000000704a00000|100%| O|  |TAMS 0x0000000704a00000, 0x0000000704a00000| Untracked 
|  37|0x0000000704a00000, 0x0000000704c00000, 0x0000000704c00000|100%| O|  |TAMS 0x0000000704c00000, 0x0000000704c00000| Untracked 
|  38|0x0000000704c00000, 0x0000000704e00000, 0x0000000704e00000|100%| O|  |TAMS 0x0000000704e00000, 0x0000000704e00000| Untracked 
|  39|0x0000000704e00000, 0x0000000705000000, 0x0000000705000000|100%|HS|  |TAMS 0x0000000705000000, 0x0000000705000000| Complete 
|  40|0x0000000705000000, 0x0000000705200000, 0x0000000705200000|100%|HC|  |TAMS 0x0000000705200000, 0x0000000705200000| Complete 
|  41|0x0000000705200000, 0x0000000705400000, 0x0000000705400000|100%| O|  |TAMS 0x0000000705400000, 0x0000000705400000| Untracked 
|  42|0x0000000705400000, 0x0000000705600000, 0x0000000705600000|100%| O|  |TAMS 0x0000000705600000, 0x0000000705600000| Untracked 
|  43|0x0000000705600000, 0x0000000705800000, 0x0000000705800000|100%| O|  |TAMS 0x0000000705800000, 0x0000000705800000| Untracked 
|  44|0x0000000705800000, 0x0000000705a00000, 0x0000000705a00000|100%| O|  |TAMS 0x0000000705a00000, 0x0000000705a00000| Untracked 
|  45|0x0000000705a00000, 0x0000000705c00000, 0x0000000705c00000|100%| O|  |TAMS 0x0000000705c00000, 0x0000000705c00000| Untracked 
|  46|0x0000000705c00000, 0x0000000705e00000, 0x0000000705e00000|100%| O|  |TAMS 0x0000000705e00000, 0x0000000705e00000| Untracked 
|  47|0x0000000705e00000, 0x0000000706000000, 0x0000000706000000|100%| O|  |TAMS 0x0000000706000000, 0x0000000706000000| Untracked 
|  48|0x0000000706000000, 0x0000000706200000, 0x0000000706200000|100%| O|  |TAMS 0x0000000706200000, 0x0000000706200000| Untracked 
|  49|0x0000000706200000, 0x0000000706400000, 0x0000000706400000|100%| O|  |TAMS 0x0000000706400000, 0x0000000706400000| Untracked 
|  50|0x0000000706400000, 0x0000000706600000, 0x0000000706600000|100%| O|  |TAMS 0x0000000706600000, 0x0000000706600000| Untracked 
|  51|0x0000000706600000, 0x0000000706800000, 0x0000000706800000|100%| O|  |TAMS 0x0000000706800000, 0x0000000706800000| Untracked 
|  52|0x0000000706800000, 0x0000000706a00000, 0x0000000706a00000|100%| O|  |TAMS 0x0000000706a00000, 0x0000000706a00000| Untracked 
|  53|0x0000000706a00000, 0x0000000706c00000, 0x0000000706c00000|100%| O|  |TAMS 0x0000000706c00000, 0x0000000706c00000| Untracked 
|  54|0x0000000706c00000, 0x0000000706e00000, 0x0000000706e00000|100%| O|  |TAMS 0x0000000706e00000, 0x0000000706e00000| Untracked 
|  55|0x0000000706e00000, 0x0000000707000000, 0x0000000707000000|100%| O|  |TAMS 0x0000000707000000, 0x0000000707000000| Untracked 
|  56|0x0000000707000000, 0x0000000707200000, 0x0000000707200000|100%|HS|  |TAMS 0x0000000707200000, 0x0000000707200000| Complete 
|  57|0x0000000707200000, 0x0000000707400000, 0x0000000707400000|100%|HC|  |TAMS 0x0000000707400000, 0x0000000707400000| Complete 
|  58|0x0000000707400000, 0x0000000707600000, 0x0000000707600000|100%|HC|  |TAMS 0x0000000707600000, 0x0000000707600000| Complete 
|  59|0x0000000707600000, 0x0000000707800000, 0x0000000707800000|100%|HS|  |TAMS 0x0000000707800000, 0x0000000707800000| Complete 
|  60|0x0000000707800000, 0x0000000707a00000, 0x0000000707a00000|100%|HS|  |TAMS 0x0000000707a00000, 0x0000000707a00000| Complete 
|  61|0x0000000707a00000, 0x0000000707c00000, 0x0000000707c00000|100%|HC|  |TAMS 0x0000000707c00000, 0x0000000707c00000| Complete 
|  62|0x0000000707c00000, 0x0000000707e00000, 0x0000000707e00000|100%| O|  |TAMS 0x0000000707e00000, 0x0000000707e00000| Untracked 
|  63|0x0000000707e00000, 0x0000000708000000, 0x0000000708000000|100%| O|  |TAMS 0x0000000708000000, 0x0000000708000000| Untracked 
|  64|0x0000000708000000, 0x0000000708200000, 0x0000000708200000|100%| O|  |TAMS 0x0000000708200000, 0x0000000708200000| Untracked 
|  65|0x0000000708200000, 0x0000000708400000, 0x0000000708400000|100%| O|  |TAMS 0x0000000708400000, 0x0000000708400000| Untracked 
|  66|0x0000000708400000, 0x0000000708600000, 0x0000000708600000|100%| O|  |TAMS 0x0000000708600000, 0x0000000708600000| Untracked 
|  67|0x0000000708600000, 0x0000000708800000, 0x0000000708800000|100%| O|  |TAMS 0x0000000708709e00, 0x0000000708800000| Untracked 
|  68|0x0000000708800000, 0x0000000708a00000, 0x0000000708a00000|100%| O|  |TAMS 0x0000000708800000, 0x0000000708a00000| Untracked 
|  69|0x0000000708a00000, 0x0000000708c00000, 0x0000000708c00000|100%| O|  |TAMS 0x0000000708a00000, 0x0000000708b6d200| Untracked 
|  70|0x0000000708c00000, 0x0000000708e00000, 0x0000000708e00000|100%| O|  |TAMS 0x0000000708c00000, 0x0000000708c00000| Untracked 
|  71|0x0000000708e00000, 0x0000000708e19c00, 0x0000000709000000|  5%| O|  |TAMS 0x0000000708e00000, 0x0000000708e00000| Untracked 
|  72|0x0000000709000000, 0x0000000709000000, 0x0000000709200000|  0%| F|  |TAMS 0x0000000709000000, 0x0000000709000000| Untracked 
|  73|0x0000000709200000, 0x0000000709200000, 0x0000000709400000|  0%| F|  |TAMS 0x0000000709200000, 0x0000000709200000| Untracked 
|  74|0x0000000709400000, 0x0000000709400000, 0x0000000709600000|  0%| F|  |TAMS 0x0000000709400000, 0x0000000709400000| Untracked 
|  75|0x0000000709600000, 0x0000000709600000, 0x0000000709800000|  0%| F|  |TAMS 0x0000000709600000, 0x0000000709600000| Untracked 
|  76|0x0000000709800000, 0x0000000709800000, 0x0000000709a00000|  0%| F|  |TAMS 0x0000000709800000, 0x0000000709800000| Untracked 
|  77|0x0000000709a00000, 0x0000000709a00000, 0x0000000709c00000|  0%| F|  |TAMS 0x0000000709a00000, 0x0000000709a00000| Untracked 
|  78|0x0000000709c00000, 0x0000000709c00000, 0x0000000709e00000|  0%| F|  |TAMS 0x0000000709c00000, 0x0000000709c00000| Untracked 
|  79|0x0000000709e00000, 0x0000000709e00000, 0x000000070a000000|  0%| F|  |TAMS 0x0000000709e00000, 0x0000000709e00000| Untracked 
|  80|0x000000070a000000, 0x000000070a000000, 0x000000070a200000|  0%| F|  |TAMS 0x000000070a000000, 0x000000070a000000| Untracked 
|  81|0x000000070a200000, 0x000000070a200000, 0x000000070a400000|  0%| F|  |TAMS 0x000000070a200000, 0x000000070a200000| Untracked 
|  82|0x000000070a400000, 0x000000070a400000, 0x000000070a600000|  0%| F|  |TAMS 0x000000070a400000, 0x000000070a400000| Untracked 
|  83|0x000000070a600000, 0x000000070a600000, 0x000000070a800000|  0%| F|  |TAMS 0x000000070a600000, 0x000000070a600000| Untracked 
|  84|0x000000070a800000, 0x000000070a800000, 0x000000070aa00000|  0%| F|  |TAMS 0x000000070a800000, 0x000000070a800000| Untracked 
|  85|0x000000070aa00000, 0x000000070aa00000, 0x000000070ac00000|  0%| F|  |TAMS 0x000000070aa00000, 0x000000070aa00000| Untracked 
|  86|0x000000070ac00000, 0x000000070ac00000, 0x000000070ae00000|  0%| F|  |TAMS 0x000000070ac00000, 0x000000070ac00000| Untracked 
|  87|0x000000070ae00000, 0x000000070ae00000, 0x000000070b000000|  0%| F|  |TAMS 0x000000070ae00000, 0x000000070ae00000| Untracked 
|  88|0x000000070b000000, 0x000000070b000000, 0x000000070b200000|  0%| F|  |TAMS 0x000000070b000000, 0x000000070b000000| Untracked 
|  89|0x000000070b200000, 0x000000070b200000, 0x000000070b400000|  0%| F|  |TAMS 0x000000070b200000, 0x000000070b200000| Untracked 
|  90|0x000000070b400000, 0x000000070b5558b0, 0x000000070b600000| 66%| S|CS|TAMS 0x000000070b400000, 0x000000070b400000| Complete 
|  91|0x000000070b600000, 0x000000070b800000, 0x000000070b800000|100%| S|CS|TAMS 0x000000070b600000, 0x000000070b600000| Complete 
|  92|0x000000070b800000, 0x000000070ba00000, 0x000000070ba00000|100%| S|CS|TAMS 0x000000070b800000, 0x000000070b800000| Complete 
|  93|0x000000070ba00000, 0x000000070bc00000, 0x000000070bc00000|100%| S|CS|TAMS 0x000000070ba00000, 0x000000070ba00000| Complete 
|  94|0x000000070bc00000, 0x000000070bc00000, 0x000000070be00000|  0%| F|  |TAMS 0x000000070bc00000, 0x000000070bc00000| Untracked 
|  95|0x000000070be00000, 0x000000070be00000, 0x000000070c000000|  0%| F|  |TAMS 0x000000070be00000, 0x000000070be00000| Untracked 
|  96|0x000000070c000000, 0x000000070c000000, 0x000000070c200000|  0%| F|  |TAMS 0x000000070c000000, 0x000000070c000000| Untracked 
|  97|0x000000070c200000, 0x000000070c200000, 0x000000070c400000|  0%| F|  |TAMS 0x000000070c200000, 0x000000070c200000| Untracked 
|  98|0x000000070c400000, 0x000000070c400000, 0x000000070c600000|  0%| F|  |TAMS 0x000000070c400000, 0x000000070c400000| Untracked 
|  99|0x000000070c600000, 0x000000070c600000, 0x000000070c800000|  0%| F|  |TAMS 0x000000070c600000, 0x000000070c600000| Untracked 
| 100|0x000000070c800000, 0x000000070c800000, 0x000000070ca00000|  0%| F|  |TAMS 0x000000070c800000, 0x000000070c800000| Untracked 
| 101|0x000000070ca00000, 0x000000070ca00000, 0x000000070cc00000|  0%| F|  |TAMS 0x000000070ca00000, 0x000000070ca00000| Untracked 
| 102|0x000000070cc00000, 0x000000070cc00000, 0x000000070ce00000|  0%| F|  |TAMS 0x000000070cc00000, 0x000000070cc00000| Untracked 
| 103|0x000000070ce00000, 0x000000070ce00000, 0x000000070d000000|  0%| F|  |TAMS 0x000000070ce00000, 0x000000070ce00000| Untracked 
| 104|0x000000070d000000, 0x000000070d000000, 0x000000070d200000|  0%| F|  |TAMS 0x000000070d000000, 0x000000070d000000| Untracked 
| 105|0x000000070d200000, 0x000000070d200000, 0x000000070d400000|  0%| F|  |TAMS 0x000000070d200000, 0x000000070d200000| Untracked 
| 106|0x000000070d400000, 0x000000070d400000, 0x000000070d600000|  0%| F|  |TAMS 0x000000070d400000, 0x000000070d400000| Untracked 
| 107|0x000000070d600000, 0x000000070d600000, 0x000000070d800000|  0%| F|  |TAMS 0x000000070d600000, 0x000000070d600000| Untracked 
| 108|0x000000070d800000, 0x000000070d800000, 0x000000070da00000|  0%| F|  |TAMS 0x000000070d800000, 0x000000070d800000| Untracked 
| 109|0x000000070da00000, 0x000000070da00000, 0x000000070dc00000|  0%| F|  |TAMS 0x000000070da00000, 0x000000070da00000| Untracked 
| 110|0x000000070dc00000, 0x000000070dc00000, 0x000000070de00000|  0%| F|  |TAMS 0x000000070dc00000, 0x000000070dc00000| Untracked 
| 111|0x000000070de00000, 0x000000070de00000, 0x000000070e000000|  0%| F|  |TAMS 0x000000070de00000, 0x000000070de00000| Untracked 
| 112|0x000000070e000000, 0x000000070e000000, 0x000000070e200000|  0%| F|  |TAMS 0x000000070e000000, 0x000000070e000000| Untracked 
| 113|0x000000070e200000, 0x000000070e200000, 0x000000070e400000|  0%| F|  |TAMS 0x000000070e200000, 0x000000070e200000| Untracked 
| 114|0x000000070e400000, 0x000000070e400000, 0x000000070e600000|  0%| F|  |TAMS 0x000000070e400000, 0x000000070e400000| Untracked 
| 115|0x000000070e600000, 0x000000070e600000, 0x000000070e800000|  0%| F|  |TAMS 0x000000070e600000, 0x000000070e600000| Untracked 
| 116|0x000000070e800000, 0x000000070e800000, 0x000000070ea00000|  0%| F|  |TAMS 0x000000070e800000, 0x000000070e800000| Untracked 
| 117|0x000000070ea00000, 0x000000070ea00000, 0x000000070ec00000|  0%| F|  |TAMS 0x000000070ea00000, 0x000000070ea00000| Untracked 
| 118|0x000000070ec00000, 0x000000070ec00000, 0x000000070ee00000|  0%| F|  |TAMS 0x000000070ec00000, 0x000000070ec00000| Untracked 
| 119|0x000000070ee00000, 0x000000070ee00000, 0x000000070f000000|  0%| F|  |TAMS 0x000000070ee00000, 0x000000070ee00000| Untracked 
| 120|0x000000070f000000, 0x000000070f000000, 0x000000070f200000|  0%| F|  |TAMS 0x000000070f000000, 0x000000070f000000| Untracked 
| 121|0x000000070f200000, 0x000000070f200000, 0x000000070f400000|  0%| F|  |TAMS 0x000000070f200000, 0x000000070f200000| Untracked 
| 122|0x000000070f400000, 0x000000070f400000, 0x000000070f600000|  0%| F|  |TAMS 0x000000070f400000, 0x000000070f400000| Untracked 
| 123|0x000000070f600000, 0x000000070f600000, 0x000000070f800000|  0%| F|  |TAMS 0x000000070f600000, 0x000000070f600000| Untracked 
| 124|0x000000070f800000, 0x000000070f800000, 0x000000070fa00000|  0%| F|  |TAMS 0x000000070f800000, 0x000000070f800000| Untracked 

Card table byte_map: [0x0000018cc9d00000,0x0000018cca500000] _byte_map_base: 0x0000018cc6500000

Marking Bits (Prev, Next): (CMBitMap*) 0x0000018cb70a9330, (CMBitMap*) 0x0000018cb70a92f0
 Prev Bits: [0x0000018cced00000, 0x0000018cd2d00000)
 Next Bits: [0x0000018ccad00000, 0x0000018cced00000)

Polling page: 0x0000018cb4f90000

Metaspace:

Usage:
  Non-class:     92.35 MB used.
      Class:     13.94 MB used.
       Both:    106.29 MB used.

Virtual space:
  Non-class space:       96.00 MB reserved,      92.69 MB ( 97%) committed,  12 nodes.
      Class space:        1.00 GB reserved,      14.19 MB (  1%) committed,  1 nodes.
             Both:        1.09 GB reserved,     106.88 MB ( 10%) committed. 

Chunk freelists:
   Non-Class:  3.22 MB
       Class:  1.77 MB
        Both:  4.98 MB

MaxMetaspaceSize: unlimited
CompressedClassSpaceSize: 1.00 GB
Initial GC threshold: 21.00 MB
Current GC threshold: 161.25 MB
CDS: off
MetaspaceReclaimPolicy: balanced
 - commit_granule_bytes: 65536.
 - commit_granule_words: 8192.
 - virtual_space_node_default_size: 1048576.
 - enlarge_chunks_in_place: 1.
 - new_chunks_are_fully_committed: 0.
 - uncommit_free_chunks: 1.
 - use_allocation_guard: 0.
 - handle_deallocations: 1.


Internal statistics:

num_allocs_failed_limit: 3.
num_arena_births: 806.
num_arena_deaths: 0.
num_vsnodes_births: 13.
num_vsnodes_deaths: 0.
num_space_committed: 1708.
num_space_uncommitted: 0.
num_chunks_returned_to_freelist: 3.
num_chunks_taken_from_freelist: 4409.
num_chunk_merges: 3.
num_chunk_splits: 3354.
num_chunks_enlarged: 2717.
num_purges: 0.
num_inconsistent_stats: 0.

CodeHeap 'non-profiled nmethods': size=120000Kb used=4572Kb max_used=5148Kb free=115427Kb
 bounds [0x0000018cc1fd0000, 0x0000018cc24f0000, 0x0000018cc9500000]
CodeHeap 'profiled nmethods': size=120000Kb used=16408Kb max_used=18211Kb free=103591Kb
 bounds [0x0000018cba500000, 0x0000018cbb6d0000, 0x0000018cc1a30000]
CodeHeap 'non-nmethods': size=5760Kb used=2470Kb max_used=2498Kb free=3289Kb
 bounds [0x0000018cc1a30000, 0x0000018cc1cb0000, 0x0000018cc1fd0000]
 total_blobs=9093 nmethods=8068 adapters=937
 compilation: enabled
              stopped_count=0, restarted_count=0
 full_count=0

Compilation events (20 events):
Event: 51.207 Thread 0x0000018cd5c45190 9548       1       kotlin.collections.builders.MapBuilder::access$getKeysArray$p (5 bytes)
Event: 51.208 Thread 0x0000018cd5c45190 nmethod 9548 0x0000018cc22fc890 code [0x0000018cc22fca20, 0x0000018cc22fcad8]
Event: 51.208 Thread 0x0000018cd5c45190 9549       1       kotlin.collections.builders.MapBuilder$Itr::getLastIndex$kotlin_stdlib (5 bytes)
Event: 51.208 Thread 0x0000018cd5c45190 nmethod 9549 0x0000018cc22fc590 code [0x0000018cc22fc720, 0x0000018cc22fc7f8]
Event: 51.208 Thread 0x0000018cd5c45190 9550       1       org.jetbrains.kotlin.ir.backend.jvm.serialization.JvmIrLinker::access$getStubGenerator$p (5 bytes)
Event: 51.209 Thread 0x0000018cd5c45190 nmethod 9550 0x0000018cc22fc210 code [0x0000018cc22fc3a0, 0x0000018cc22fc458]
Event: 51.211 Thread 0x0000018cd5c45190 9552       3       org.jetbrains.kotlin.com.intellij.openapi.util.io.FileUtilRt::toSystemIndependentName (27 bytes)
Event: 51.211 Thread 0x0000018cd5c45190 nmethod 9552 0x0000018cba693a10 code [0x0000018cba693bc0, 0x0000018cba693de8]
Event: 51.239 Thread 0x0000018cd5c45190 9553       1       org.jetbrains.kotlin.ir.declarations.impl.IrValueParameterImpl::getDefaultValue (5 bytes)
Event: 51.239 Thread 0x0000018cd5c45190 nmethod 9553 0x0000018cc230a110 code [0x0000018cc230a2a0, 0x0000018cc230a378]
Event: 51.241 Thread 0x0000018cd5c447a0 nmethod 9456 0x0000018cc234c090 code [0x0000018cc234c760, 0x0000018cc2352420]
Event: 51.243 Thread 0x0000018cd5c447a0 9520       4       org.jetbrains.kotlin.protobuf.FieldSet::iterator (40 bytes)
Event: 51.250 Thread 0x0000018cd5c447a0 nmethod 9520 0x0000018cc2309b10 code [0x0000018cc2309ca0, 0x0000018cc2309f58]
Event: 51.250 Thread 0x0000018cd5c447a0 9521       4       org.jetbrains.kotlin.protobuf.SmallSortedMap::entrySet (25 bytes)
Event: 51.252 Thread 0x0000018cd5c447a0 nmethod 9521 0x0000018cc23ace90 code [0x0000018cc23ad020, 0x0000018cc23ad1f8]
Event: 51.253 Thread 0x0000018cd5c447a0 9551       4       java.util.HashSet::iterator (13 bytes)
Event: 51.267 Thread 0x0000018cd5c447a0 nmethod 9551 0x0000018cc233f890 code [0x0000018cc233fa40, 0x0000018cc2340158]
Event: 51.270 Thread 0x0000018cd5c447a0 9554   !   4       java.net.URLClassLoader::findClass (47 bytes)
Event: 51.319 Thread 0x0000018cd5c45190 9556       3       org.jetbrains.kotlin.descriptors.annotations.AnnotatedImpl::getAnnotations (13 bytes)
Event: 51.320 Thread 0x0000018cd5c45190 nmethod 9556 0x0000018cba788710 code [0x0000018cba7888c0, 0x0000018cba788a48]

GC Heap History (20 events):
Event: 38.115 GC heap after
{Heap after GC invocations=39 (full 0):
 garbage-first heap   total 172032K, used 100564K [0x0000000700000000, 0x0000000800000000)
  region size 2048K, 3 young (6144K), 3 survivors (6144K)
 Metaspace       used 78743K, committed 79360K, reserved 1122304K
  class space    used 10836K, committed 11072K, reserved 1048576K
}
Event: 38.177 GC heap before
{Heap before GC invocations=39 (full 0):
 garbage-first heap   total 172032K, used 102612K [0x0000000700000000, 0x0000000800000000)
  region size 2048K, 5 young (10240K), 3 survivors (6144K)
 Metaspace       used 78744K, committed 79360K, reserved 1122304K
  class space    used 10836K, committed 11072K, reserved 1048576K
}
Event: 38.190 GC heap after
{Heap after GC invocations=40 (full 0):
 garbage-first heap   total 172032K, used 101340K [0x0000000700000000, 0x0000000800000000)
  region size 2048K, 1 young (2048K), 1 survivors (2048K)
 Metaspace       used 78744K, committed 79360K, reserved 1122304K
  class space    used 10836K, committed 11072K, reserved 1048576K
}
Event: 38.452 GC heap before
{Heap before GC invocations=41 (full 0):
 garbage-first heap   total 202752K, used 119772K [0x0000000700000000, 0x0000000800000000)
  region size 2048K, 10 young (20480K), 1 survivors (2048K)
 Metaspace       used 78744K, committed 79360K, reserved 1122304K
  class space    used 10836K, committed 11072K, reserved 1048576K
}
Event: 38.469 GC heap after
{Heap after GC invocations=42 (full 0):
 garbage-first heap   total 202752K, used 105798K [0x0000000700000000, 0x0000000800000000)
  region size 2048K, 2 young (4096K), 2 survivors (4096K)
 Metaspace       used 78744K, committed 79360K, reserved 1122304K
  class space    used 10836K, committed 11072K, reserved 1048576K
}
Event: 39.659 GC heap before
{Heap before GC invocations=43 (full 0):
 garbage-first heap   total 202752K, used 154950K [0x0000000700000000, 0x0000000800000000)
  region size 2048K, 24 young (49152K), 2 survivors (4096K)
 Metaspace       used 80162K, committed 80832K, reserved 1122304K
  class space    used 11025K, committed 11328K, reserved 1048576K
}
Event: 39.680 GC heap after
{Heap after GC invocations=44 (full 0):
 garbage-first heap   total 202752K, used 114320K [0x0000000700000000, 0x0000000800000000)
  region size 2048K, 3 young (6144K), 3 survivors (6144K)
 Metaspace       used 80162K, committed 80832K, reserved 1122304K
  class space    used 11025K, committed 11328K, reserved 1048576K
}
Event: 40.238 GC heap before
{Heap before GC invocations=44 (full 0):
 garbage-first heap   total 202752K, used 128656K [0x0000000700000000, 0x0000000800000000)
  region size 2048K, 11 young (22528K), 3 survivors (6144K)
 Metaspace       used 82240K, committed 82816K, reserved 1122304K
  class space    used 11262K, committed 11520K, reserved 1048576K
}
Event: 40.251 GC heap after
{Heap after GC invocations=45 (full 0):
 garbage-first heap   total 202752K, used 116803K [0x0000000700000000, 0x0000000800000000)
  region size 2048K, 2 young (4096K), 2 survivors (4096K)
 Metaspace       used 82240K, committed 82816K, reserved 1122304K
  class space    used 11262K, committed 11520K, reserved 1048576K
}
Event: 41.497 GC heap before
{Heap before GC invocations=46 (full 0):
 garbage-first heap   total 225280K, used 168003K [0x0000000700000000, 0x0000000800000000)
  region size 2048K, 22 young (45056K), 2 survivors (4096K)
 Metaspace       used 85230K, committed 85888K, reserved 1130496K
  class space    used 11557K, committed 11840K, reserved 1048576K
}
Event: 41.517 GC heap after
{Heap after GC invocations=47 (full 0):
 garbage-first heap   total 225280K, used 137870K [0x0000000700000000, 0x0000000800000000)
  region size 2048K, 3 young (6144K), 3 survivors (6144K)
 Metaspace       used 85230K, committed 85888K, reserved 1130496K
  class space    used 11557K, committed 11840K, reserved 1048576K
}
Event: 42.824 GC heap before
{Heap before GC invocations=47 (full 0):
 garbage-first heap   total 225280K, used 176782K [0x0000000700000000, 0x0000000800000000)
  region size 2048K, 22 young (45056K), 3 survivors (6144K)
 Metaspace       used 90811K, committed 91392K, reserved 1130496K
  class space    used 12110K, committed 12352K, reserved 1048576K
}
Event: 42.838 GC heap after
{Heap after GC invocations=48 (full 0):
 garbage-first heap   total 225280K, used 140411K [0x0000000700000000, 0x0000000800000000)
  region size 2048K, 2 young (4096K), 2 survivors (4096K)
 Metaspace       used 90811K, committed 91392K, reserved 1130496K
  class space    used 12110K, committed 12352K, reserved 1048576K
}
Event: 44.508 GC heap before
{Heap before GC invocations=49 (full 0):
 garbage-first heap   total 245760K, used 177275K [0x0000000700000000, 0x0000000800000000)
  region size 2048K, 20 young (40960K), 2 survivors (4096K)
 Metaspace       used 95770K, committed 96448K, reserved 1138688K
  class space    used 12769K, committed 13056K, reserved 1048576K
}
Event: 44.519 GC heap after
{Heap after GC invocations=50 (full 0):
 garbage-first heap   total 245760K, used 142486K [0x0000000700000000, 0x0000000800000000)
  region size 2048K, 3 young (6144K), 3 survivors (6144K)
 Metaspace       used 95770K, committed 96448K, reserved 1138688K
  class space    used 12769K, committed 13056K, reserved 1048576K
}
Event: 46.726 GC heap before
{Heap before GC invocations=50 (full 0):
 garbage-first heap   total 245760K, used 191638K [0x0000000700000000, 0x0000000800000000)
  region size 2048K, 28 young (57344K), 3 survivors (6144K)
 Metaspace       used 98306K, committed 98944K, reserved 1138688K
  class space    used 13051K, committed 13312K, reserved 1048576K
}
Event: 46.740 GC heap after
{Heap after GC invocations=51 (full 0):
 garbage-first heap   total 245760K, used 145335K [0x0000000700000000, 0x0000000800000000)
  region size 2048K, 3 young (6144K), 3 survivors (6144K)
 Metaspace       used 98306K, committed 98944K, reserved 1138688K
  class space    used 13051K, committed 13312K, reserved 1048576K
}
Event: 48.893 GC heap before
{Heap before GC invocations=52 (full 0):
 garbage-first heap   total 256000K, used 196535K [0x0000000700000000, 0x0000000800000000)
  region size 2048K, 28 young (57344K), 3 survivors (6144K)
 Metaspace       used 102040K, committed 102656K, reserved 1138688K
  class space    used 13479K, committed 13760K, reserved 1048576K
}
Event: 48.912 GC heap after
{Heap after GC invocations=53 (full 0):
 garbage-first heap   total 256000K, used 148940K [0x0000000700000000, 0x0000000800000000)
  region size 2048K, 4 young (8192K), 4 survivors (8192K)
 Metaspace       used 102040K, committed 102656K, reserved 1138688K
  class space    used 13479K, committed 13760K, reserved 1048576K
}
Event: 51.331 GC heap before
{Heap before GC invocations=53 (full 0):
 garbage-first heap   total 256000K, used 204236K [0x0000000700000000, 0x0000000800000000)
  region size 2048K, 31 young (63488K), 4 survivors (8192K)
 Metaspace       used 108840K, committed 109440K, reserved 1146880K
  class space    used 14275K, committed 14528K, reserved 1048576K
}

Dll operation events (2 events):
Event: 0.034 Loaded shared library C:\Program Files\Android\Android Studio1\jbr\bin\java.dll
Event: 2.146 Loaded shared library C:\Program Files\Android\Android Studio1\jbr\bin\verify.dll

Deoptimization events (20 events):
Event: 49.313 Thread 0x0000018cd6dd5870 Uncommon trap: trap_request=0xffffffde fr.pc=0x0000018cc246cca4 relative=0x00000000000005a4
Event: 49.313 Thread 0x0000018cd6dd5870 Uncommon trap: reason=class_check action=maybe_recompile pc=0x0000018cc246cca4 method=org.jetbrains.kotlin.storage.LockBasedStorageManager$LockBasedLazyValue.invoke()Ljava/lang/Object; @ 24 c2
Event: 49.313 Thread 0x0000018cd6dd5870 DEOPT PACKING pc=0x0000018cc246cca4 sp=0x000000418a2f4b10
Event: 49.313 Thread 0x0000018cd6dd5870 DEOPT UNPACKING pc=0x0000018cc1a869a3 sp=0x000000418a2f4a60 mode 2
Event: 49.313 Thread 0x0000018cd6dd5870 Uncommon trap: trap_request=0xffffffde fr.pc=0x0000018cc24c0ec4 relative=0x0000000000001704
Event: 49.313 Thread 0x0000018cd6dd5870 Uncommon trap: reason=class_check action=maybe_recompile pc=0x0000018cc24c0ec4 method=org.jetbrains.kotlin.storage.LockBasedStorageManager$LockBasedLazyValue.invoke()Ljava/lang/Object; @ 24 c2
Event: 49.313 Thread 0x0000018cd6dd5870 DEOPT PACKING pc=0x0000018cc24c0ec4 sp=0x000000418a2f4d50
Event: 49.314 Thread 0x0000018cd6dd5870 DEOPT UNPACKING pc=0x0000018cc1a869a3 sp=0x000000418a2f4ae0 mode 2
Event: 49.365 Thread 0x0000018cd6dd5870 Uncommon trap: trap_request=0xffffffde fr.pc=0x0000018cc246cca4 relative=0x00000000000005a4
Event: 49.365 Thread 0x0000018cd6dd5870 Uncommon trap: reason=class_check action=maybe_recompile pc=0x0000018cc246cca4 method=org.jetbrains.kotlin.storage.LockBasedStorageManager$LockBasedLazyValue.invoke()Ljava/lang/Object; @ 24 c2
Event: 49.365 Thread 0x0000018cd6dd5870 DEOPT PACKING pc=0x0000018cc246cca4 sp=0x000000418a2f48f0
Event: 49.365 Thread 0x0000018cd6dd5870 DEOPT UNPACKING pc=0x0000018cc1a869a3 sp=0x000000418a2f4840 mode 2
Event: 50.534 Thread 0x0000018cd6dd5870 Uncommon trap: trap_request=0xffffffd6 fr.pc=0x0000018cc23e24b0 relative=0x0000000000000390
Event: 50.534 Thread 0x0000018cd6dd5870 Uncommon trap: reason=array_check action=maybe_recompile pc=0x0000018cc23e24b0 method=java.util.LinkedHashMap.keysToArray([Ljava/lang/Object;)[Ljava/lang/Object; @ 25 c2
Event: 50.534 Thread 0x0000018cd6dd5870 DEOPT PACKING pc=0x0000018cc23e24b0 sp=0x000000418a2f5270
Event: 50.534 Thread 0x0000018cd6dd5870 DEOPT UNPACKING pc=0x0000018cc1a869a3 sp=0x000000418a2f5218 mode 2
Event: 50.857 Thread 0x0000018cd6dd5870 Uncommon trap: trap_request=0xffffffbe fr.pc=0x0000018cc20ef190 relative=0x0000000000000fb0
Event: 50.857 Thread 0x0000018cd6dd5870 Uncommon trap: reason=profile_predicate action=maybe_recompile pc=0x0000018cc20ef190 method=org.jetbrains.kotlin.serialization.deserialization.descriptors.DeserializedPackageMemberScope.hasClass(Lorg/jetbrains/kotlin/name/Name;)Z @ 65 c2
Event: 50.857 Thread 0x0000018cd6dd5870 DEOPT PACKING pc=0x0000018cc20ef190 sp=0x000000418a2f4260
Event: 50.857 Thread 0x0000018cd6dd5870 DEOPT UNPACKING pc=0x0000018cc1a869a3 sp=0x000000418a2f4210 mode 2

Classes unloaded (0 events):
No events

Classes redefined (0 events):
No events

Internal exceptions (20 events):
Event: 29.450 Thread 0x0000018cdaeeabd0 Exception <a 'sun/nio/fs/WindowsException'{0x000000070872c860}> (0x000000070872c860) 
thrown [s\src\hotspot\share\prims\jni.cpp, line 517]
Event: 29.457 Thread 0x0000018cdaeeabd0 Exception <a 'sun/nio/fs/WindowsException'{0x0000000708744e78}> (0x0000000708744e78) 
thrown [s\src\hotspot\share\prims\jni.cpp, line 517]
Event: 29.459 Thread 0x0000018cdaeeabd0 Exception <a 'sun/nio/fs/WindowsException'{0x0000000708744fd0}> (0x0000000708744fd0) 
thrown [s\src\hotspot\share\prims\jni.cpp, line 517]
Event: 29.912 Thread 0x0000018cd6dd5870 Exception <a 'java/lang/NoSuchMethodError'{0x0000000707c50d48}: 'java.lang.Object java.lang.invoke.DirectMethodHandle$Holder.newInvokeSpecial(java.lang.Object, java.lang.Object, java.lang.Object, java.lang.Object, java.lang.Object, int)'> (0x0000000707c50d48) 
thrown [s\src\hotspot\share\interpreter\linkResolver.cpp, line 771]
Event: 29.913 Thread 0x0000018cd6dd5870 Exception <a 'java/lang/NoSuchMethodError'{0x0000000707c563a0}: 'java.lang.Object java.lang.invoke.DirectMethodHandle$Holder.invokeSpecial(java.lang.Object, java.lang.Object, java.lang.Object, java.lang.Object, java.lang.Object, java.lang.Object, int)'> (0x0000000707c563a0) 
thrown [s\src\hotspot\share\interpreter\linkResolver.cpp, line 771]
Event: 29.942 Thread 0x0000018cd6dd5870 Exception <a 'java/lang/NoSuchMethodError'{0x0000000707cf44d0}: 'void java.lang.invoke.DirectMethodHandle$Holder.invokeStatic(java.lang.Object, java.lang.Object, java.lang.Object, int, java.lang.Object)'> (0x0000000707cf44d0) 
thrown [s\src\hotspot\share\interpreter\linkResolver.cpp, line 771]
Event: 30.831 Thread 0x0000018cd6dd5870 Implicit null exception at 0x0000018cc2066a6f to 0x0000018cc2066cd8
Event: 35.065 Thread 0x0000018cd6dd5870 Exception <a 'java/lang/NoSuchMethodError'{0x00000007071aa190}: 'long java.lang.invoke.DirectMethodHandle$Holder.invokeStatic(java.lang.Object)'> (0x00000007071aa190) 
thrown [s\src\hotspot\share\interpreter\linkResolver.cpp, line 771]
Event: 35.065 Thread 0x0000018cd6dd5870 Exception <a 'java/lang/NoSuchMethodError'{0x00000007071aed78}: 'long java.lang.invoke.DirectMethodHandle$Holder.invokeStaticInit(java.lang.Object)'> (0x00000007071aed78) 
thrown [s\src\hotspot\share\interpreter\linkResolver.cpp, line 771]
Event: 35.582 Thread 0x0000018cd6dd5870 Implicit null exception at 0x0000018cc21e680c to 0x0000018cc21e6942
Event: 36.454 Thread 0x0000018cd6dd5870 Implicit null exception at 0x0000018cc2033993 to 0x0000018cc2033adc
Event: 36.912 Thread 0x0000018cd6dd5870 Exception <a 'java/lang/NoSuchMethodError'{0x000000070713c678}: 'java.lang.Object java.lang.invoke.Invokers$Holder.invoke_MT(java.lang.Object, java.lang.Object, java.lang.Object)'> (0x000000070713c678) 
thrown [s\src\hotspot\share\interpreter\linkResolver.cpp, line 771]
Event: 37.665 Thread 0x0000018cd6dd5870 Implicit null exception at 0x0000018cc235ac79 to 0x0000018cc235bc40
Event: 37.731 Thread 0x0000018cd6dd5870 Implicit null exception at 0x0000018cc234de0b to 0x0000018cc234f20c
Event: 44.087 Thread 0x0000018cd6dd5870 Exception <a 'java/lang/NoSuchMethodError'{0x000000070d4c4e78}: 'java.lang.Object java.lang.invoke.DirectMethodHandle$Holder.invokeStatic(java.lang.Object, java.lang.Object, java.lang.Object, java.lang.Object, int)'> (0x000000070d4c4e78) 
thrown [s\src\hotspot\share\interpreter\linkResolver.cpp, line 771]
Event: 44.088 Thread 0x0000018cd6dd5870 Exception <a 'java/lang/NoSuchMethodError'{0x000000070d4cfeb8}: 'java.lang.Object java.lang.invoke.DirectMethodHandle$Holder.newInvokeSpecial(java.lang.Object, java.lang.Object, java.lang.Object, java.lang.Object, int)'> (0x000000070d4cfeb8) 
thrown [s\src\hotspot\share\interpreter\linkResolver.cpp, line 771]
Event: 44.089 Thread 0x0000018cd6dd5870 Exception <a 'java/lang/NoSuchMethodError'{0x000000070d4d5da0}: 'java.lang.Object java.lang.invoke.DirectMethodHandle$Holder.invokeSpecial(java.lang.Object, java.lang.Object, java.lang.Object, java.lang.Object, java.lang.Object, int)'> (0x000000070d4d5da0) 
thrown [s\src\hotspot\share\interpreter\linkResolver.cpp, line 771]
Event: 44.089 Thread 0x0000018cd6dd5870 Exception <a 'java/lang/NoSuchMethodError'{0x000000070d4db5c0}: 'java.lang.Object java.lang.invoke.Invokers$Holder.linkToTargetMethod(java.lang.Object, java.lang.Object, java.lang.Object, int, java.lang.Object)'> (0x000000070d4db5c0) 
thrown [s\src\hotspot\share\interpreter\linkResolver.cpp, line 771]
Event: 48.616 Thread 0x0000018cd6dd5870 Implicit null exception at 0x0000018cc2022413 to 0x0000018cc2022584
Event: 50.074 Thread 0x0000018cd6dd5870 Exception <a 'java/lang/NoSuchMethodError'{0x000000070e3869d0}: 'java.lang.Object java.lang.invoke.DirectMethodHandle$Holder.newInvokeSpecial(java.lang.Object, java.lang.Object, java.lang.Object, int, int, java.lang.Object, java.lang.Object)'> (0x000000070e3869d0) 
thrown [s\src\hotspot\share\interpreter\linkResolver.cpp, line 771]

VM Operations (20 events):
Event: 48.998 Executing VM operation: HandshakeAllThreads done
Event: 49.313 Executing VM operation: HandshakeAllThreads
Event: 49.317 Executing VM operation: HandshakeAllThreads done
Event: 49.610 Executing VM operation: HandshakeAllThreads
Event: 49.625 Executing VM operation: HandshakeAllThreads done
Event: 49.639 Executing VM operation: ICBufferFull
Event: 49.639 Executing VM operation: ICBufferFull done
Event: 49.885 Executing VM operation: HandshakeAllThreads
Event: 49.885 Executing VM operation: HandshakeAllThreads done
Event: 50.145 Executing VM operation: HandshakeAllThreads
Event: 50.146 Executing VM operation: HandshakeAllThreads done
Event: 50.306 Executing VM operation: HandshakeAllThreads
Event: 50.307 Executing VM operation: HandshakeAllThreads done
Event: 50.406 Executing VM operation: HandshakeAllThreads
Event: 50.407 Executing VM operation: HandshakeAllThreads done
Event: 50.957 Executing VM operation: HandshakeAllThreads
Event: 50.957 Executing VM operation: HandshakeAllThreads done
Event: 50.957 Executing VM operation: Cleanup
Event: 50.957 Executing VM operation: Cleanup done
Event: 51.330 Executing VM operation: G1CollectForAllocation

Events (20 events):
Event: 49.909 Thread 0x0000018cd5ca4590 flushing nmethod 0x0000018cbb418f10
Event: 49.909 Thread 0x0000018cd5ca4590 flushing nmethod 0x0000018cbb41c110
Event: 49.909 Thread 0x0000018cd5ca4590 flushing nmethod 0x0000018cbb431b10
Event: 49.910 Thread 0x0000018cd5ca4590 flushing nmethod 0x0000018cbb44d010
Event: 49.910 Thread 0x0000018cd5ca4590 flushing nmethod 0x0000018cbb46b590
Event: 49.910 Thread 0x0000018cd5ca4590 flushing nmethod 0x0000018cbb475b10
Event: 49.910 Thread 0x0000018cd5ca4590 flushing nmethod 0x0000018cbb47e190
Event: 49.910 Thread 0x0000018cd5ca4590 flushing nmethod 0x0000018cbb480610
Event: 49.910 Thread 0x0000018cd5ca4590 flushing nmethod 0x0000018cbb480b10
Event: 49.910 Thread 0x0000018cd5ca4590 flushing nmethod 0x0000018cbb485510
Event: 49.910 Thread 0x0000018cd5ca4590 flushing nmethod 0x0000018cbb494b10
Event: 49.910 Thread 0x0000018cd5ca4590 flushing nmethod 0x0000018cbb4d6810
Event: 49.910 Thread 0x0000018cd5ca4590 flushing nmethod 0x0000018cbb4e7790
Event: 49.910 Thread 0x0000018cd5ca4590 flushing nmethod 0x0000018cbb4e7b90
Event: 49.910 Thread 0x0000018cd5ca4590 flushing nmethod 0x0000018cbb4ee690
Event: 49.911 Thread 0x0000018cd5ca4590 flushing nmethod 0x0000018cbb59d290
Event: 49.912 Thread 0x0000018cd5ca4590 flushing nmethod 0x0000018cbb61a810
Event: 49.964 Thread 0x0000018cd68cbec0 Thread exited: 0x0000018cd68cbec0
Event: 50.870 Thread 0x0000018cde81ff90 Thread added: 0x0000018cde81ff90
Event: 51.039 Thread 0x0000018cde81ff90 Thread exited: 0x0000018cde81ff90


Dynamic libraries:
0x00007ff76dfe0000 - 0x00007ff76dfea000 	C:\Program Files\Android\Android Studio1\jbr\bin\java.exe
0x00007ffb4f9c0000 - 0x00007ffb4fbcf000 	C:\WINDOWS\SYSTEM32\ntdll.dll
0x00007ffb4f140000 - 0x00007ffb4f1fd000 	C:\WINDOWS\System32\KERNEL32.DLL
0x00007ffb4cfd0000 - 0x00007ffb4d364000 	C:\WINDOWS\System32\KERNELBASE.dll
0x00007ffb4ce40000 - 0x00007ffb4cf51000 	C:\WINDOWS\System32\ucrtbase.dll
0x00007ffafa7a0000 - 0x00007ffafa7b7000 	C:\Program Files\Android\Android Studio1\jbr\bin\jli.dll
0x00007ffb4f650000 - 0x00007ffb4f7fa000 	C:\WINDOWS\System32\USER32.dll
0x00007ffb4d670000 - 0x00007ffb4d696000 	C:\WINDOWS\System32\win32u.dll
0x00007ffb4e900000 - 0x00007ffb4e929000 	C:\WINDOWS\System32\GDI32.dll
0x00007ffb4d3f0000 - 0x00007ffb4d507000 	C:\WINDOWS\System32\gdi32full.dll
0x00007ffb4d510000 - 0x00007ffb4d5aa000 	C:\WINDOWS\System32\msvcp_win.dll
0x00007ffb45cc0000 - 0x00007ffb45cdb000 	C:\Program Files\Android\Android Studio1\jbr\bin\VCRUNTIME140.dll
0x00007ffb35a60000 - 0x00007ffb35d01000 	C:\WINDOWS\WinSxS\amd64_microsoft.windows.common-controls_6595b64144ccf1df_6.0.22543.1000_none_25f07d7fa9409c95\COMCTL32.dll
0x00007ffb4f8d0000 - 0x00007ffb4f974000 	C:\WINDOWS\System32\msvcrt.dll
0x00007ffb4f890000 - 0x00007ffb4f8c1000 	C:\WINDOWS\System32\IMM32.DLL
0x00007ffb48180000 - 0x00007ffb4818c000 	C:\Program Files\Android\Android Studio1\jbr\bin\vcruntime140_1.dll
0x00007ffb12e00000 - 0x00007ffb12e8d000 	C:\Program Files\Android\Android Studio1\jbr\bin\msvcp140.dll
0x00007ffb0d040000 - 0x00007ffb0dcae000 	C:\Program Files\Android\Android Studio1\jbr\bin\server\jvm.dll
0x00007ffb4f260000 - 0x00007ffb4f30e000 	C:\WINDOWS\System32\ADVAPI32.dll
0x00007ffb4e5e0000 - 0x00007ffb4e685000 	C:\WINDOWS\System32\sechost.dll
0x00007ffb4f510000 - 0x00007ffb4f62f000 	C:\WINDOWS\System32\RPCRT4.dll
0x00007ffb2d130000 - 0x00007ffb2d139000 	C:\WINDOWS\SYSTEM32\WSOCK32.dll
0x00007ffb4f490000 - 0x00007ffb4f501000 	C:\WINDOWS\System32\WS2_32.dll
0x00007ffb45220000 - 0x00007ffb45254000 	C:\WINDOWS\SYSTEM32\WINMM.dll
0x00007ffb45210000 - 0x00007ffb4521a000 	C:\WINDOWS\SYSTEM32\VERSION.dll
0x00007ffb4be80000 - 0x00007ffb4be97000 	C:\WINDOWS\SYSTEM32\kernel.appcore.dll
0x00007ffb3c7a0000 - 0x00007ffb3c7aa000 	C:\Program Files\Android\Android Studio1\jbr\bin\jimage.dll
0x00007ffb4a960000 - 0x00007ffb4ab84000 	C:\WINDOWS\SYSTEM32\DBGHELP.DLL
0x00007ffb4d8f0000 - 0x00007ffb4dc61000 	C:\WINDOWS\System32\combase.dll
0x00007ffb4e930000 - 0x00007ffb4ea07000 	C:\WINDOWS\System32\OLEAUT32.dll
0x00007ffb35d70000 - 0x00007ffb35da1000 	C:\WINDOWS\SYSTEM32\dbgcore.DLL
0x00007ffb4d370000 - 0x00007ffb4d3eb000 	C:\WINDOWS\System32\bcryptPrimitives.dll
0x00007ffb0d010000 - 0x00007ffb0d035000 	C:\Program Files\Android\Android Studio1\jbr\bin\java.dll
0x00007ffb0cff0000 - 0x00007ffb0d008000 	C:\Program Files\Android\Android Studio1\jbr\bin\zip.dll
0x00007ffb4dc70000 - 0x00007ffb4e42d000 	C:\WINDOWS\System32\SHELL32.dll
0x00007ffb4aea0000 - 0x00007ffb4b6f9000 	C:\WINDOWS\SYSTEM32\windows.storage.dll
0x00007ffb4ad60000 - 0x00007ffb4ae9c000 	C:\WINDOWS\SYSTEM32\wintypes.dll
0x00007ffb4f310000 - 0x00007ffb4f401000 	C:\WINDOWS\System32\SHCORE.dll
0x00007ffb4ea20000 - 0x00007ffb4ea7b000 	C:\WINDOWS\System32\shlwapi.dll
0x00007ffb4cd70000 - 0x00007ffb4cd91000 	C:\WINDOWS\SYSTEM32\profapi.dll
0x00007ffb0cfd0000 - 0x00007ffb0cfe9000 	C:\Program Files\Android\Android Studio1\jbr\bin\net.dll
0x00007ffb44bf0000 - 0x00007ffb44d01000 	C:\WINDOWS\SYSTEM32\WINHTTP.dll
0x00007ffb4c340000 - 0x00007ffb4c3a9000 	C:\WINDOWS\system32\mswsock.dll
0x00007ffb0cfb0000 - 0x00007ffb0cfc6000 	C:\Program Files\Android\Android Studio1\jbr\bin\nio.dll
0x00007ffb3a0f0000 - 0x00007ffb3a100000 	C:\Program Files\Android\Android Studio1\jbr\bin\verify.dll
0x00007ffb18120000 - 0x00007ffb18147000 	C:\Users\wilda\native\68d5fa5c4cc2d200863cafc0d521ce42e7d3e7ee720ec0a83991735586a16f82\windows-amd64\native-platform.dll
0x00007ffb09280000 - 0x00007ffb093c4000 	C:\Users\wilda\native\e376f236ea51e6404a007f0833ffe2c6e607c4080706a723a18a27aeea778392\windows-amd64\native-platform-file-events.dll
0x00007ffb39de0000 - 0x00007ffb39de9000 	C:\Program Files\Android\Android Studio1\jbr\bin\management.dll
0x00007ffb39d00000 - 0x00007ffb39d0b000 	C:\Program Files\Android\Android Studio1\jbr\bin\management_ext.dll
0x00007ffb4e430000 - 0x00007ffb4e438000 	C:\WINDOWS\System32\PSAPI.DLL
0x00007ffb4c590000 - 0x00007ffb4c5ac000 	C:\WINDOWS\SYSTEM32\CRYPTSP.dll
0x00007ffb4bde0000 - 0x00007ffb4be15000 	C:\WINDOWS\system32\rsaenh.dll
0x00007ffb4c440000 - 0x00007ffb4c467000 	C:\WINDOWS\SYSTEM32\USERENV.dll
0x00007ffb4c720000 - 0x00007ffb4c748000 	C:\WINDOWS\SYSTEM32\bcrypt.dll
0x00007ffb4c5b0000 - 0x00007ffb4c5bc000 	C:\WINDOWS\SYSTEM32\CRYPTBASE.dll
0x00007ffb4b950000 - 0x00007ffb4b97d000 	C:\WINDOWS\SYSTEM32\IPHLPAPI.DLL
0x00007ffb4ea10000 - 0x00007ffb4ea19000 	C:\WINDOWS\System32\NSI.dll
0x00007ffb45290000 - 0x00007ffb452a9000 	C:\WINDOWS\SYSTEM32\dhcpcsvc6.DLL
0x00007ffb44e60000 - 0x00007ffb44e7f000 	C:\WINDOWS\SYSTEM32\dhcpcsvc.DLL
0x00007ffb4b980000 - 0x00007ffb4ba76000 	C:\WINDOWS\SYSTEM32\DNSAPI.dll
0x00007ffb2d4e0000 - 0x00007ffb2d4e8000 	C:\WINDOWS\system32\wshunix.dll

dbghelp: loaded successfully - version: 4.0.5 - missing functions: none
symbol engine: initialized successfully - sym options: 0x614 - pdb path: .;C:\Program Files\Android\Android Studio1\jbr\bin;C:\WINDOWS\SYSTEM32;C:\WINDOWS\WinSxS\amd64_microsoft.windows.common-controls_6595b64144ccf1df_6.0.22543.1000_none_25f07d7fa9409c95;C:\Program Files\Android\Android Studio1\jbr\bin\server;C:\Users\wilda\native\68d5fa5c4cc2d200863cafc0d521ce42e7d3e7ee720ec0a83991735586a16f82\windows-amd64;C:\Users\wilda\native\e376f236ea51e6404a007f0833ffe2c6e607c4080706a723a18a27aeea778392\windows-amd64

VM Arguments:
jvm_args: --add-opens=java.base/java.util=ALL-UNNAMED --add-opens=java.base/java.lang=ALL-UNNAMED --add-opens=java.base/java.lang.invoke=ALL-UNNAMED --add-opens=java.prefs/java.util.prefs=ALL-UNNAMED --add-opens=java.base/java.nio.charset=ALL-UNNAMED --add-opens=java.base/java.net=ALL-UNNAMED --add-opens=java.base/java.util.concurrent.atomic=ALL-UNNAMED -Xmx4096m -Dfile.encoding=UTF-8 -Duser.country=ID -Duser.language=en -Duser.variant 
java_command: org.gradle.launcher.daemon.bootstrap.GradleDaemon 8.0
java_class_path (initial): C:\Users\wilda\wrapper\dists\gradle-8.0-bin\ca5e32bp14vu59qr306oxotwh\gradle-8.0\lib\gradle-launcher-8.0.jar
Launcher Type: SUN_STANDARD

[Global flags]
     intx CICompilerCount                          = 3                                         {product} {ergonomic}
     uint ConcGCThreads                            = 1                                         {product} {ergonomic}
     uint G1ConcRefinementThreads                  = 4                                         {product} {ergonomic}
   size_t G1HeapRegionSize                         = 2097152                                   {product} {ergonomic}
    uintx GCDrainStackTargetSize                   = 64                                        {product} {ergonomic}
   size_t InitialHeapSize                          = 167772160                                 {product} {ergonomic}
   size_t MarkStackSize                            = 4194304                                   {product} {ergonomic}
   size_t MaxHeapSize                              = 4294967296                                {product} {command line}
   size_t MaxNewSize                               = 2575302656                                {product} {ergonomic}
   size_t MinHeapDeltaBytes                        = 2097152                                   {product} {ergonomic}
   size_t MinHeapSize                              = 8388608                                   {product} {ergonomic}
    uintx NonNMethodCodeHeapSize                   = 5832780                                {pd product} {ergonomic}
    uintx NonProfiledCodeHeapSize                  = 122912730                              {pd product} {ergonomic}
    uintx ProfiledCodeHeapSize                     = 122912730                              {pd product} {ergonomic}
    uintx ReservedCodeCacheSize                    = 251658240                              {pd product} {ergonomic}
     bool SegmentedCodeCache                       = true                                      {product} {ergonomic}
   size_t SoftMaxHeapSize                          = 4294967296                             {manageable} {ergonomic}
     bool UseCompressedClassPointers               = true                           {product lp64_product} {ergonomic}
     bool UseCompressedOops                        = true                           {product lp64_product} {ergonomic}
     bool UseG1GC                                  = true                                      {product} {ergonomic}
     bool UseLargePagesIndividualAllocation        = false                                  {pd product} {ergonomic}

Logging:
Log output configuration:
 #0: stdout all=warning uptime,level,tags
 #1: stderr all=off uptime,level,tags

Environment Variables:
JAVA_HOME=C:\Users\wilda\AppData\Local\jdk-19.0.2
PATH=C:\Program Files (x86)\VMware\VMware Workstation\bin\;C:\Program Files (x86)\Common Files\Oracle\Java\javapath;C:\WINDOWS\system32;C:\WINDOWS;C:\WINDOWS\System32\Wbem;C:\WINDOWS\System32\WindowsPowerShell\v1.0\;C:\WINDOWS\System32\OpenSSH\;C:\ProgramData\chocolatey\bin;C:\Program Files\PuTTY\;C:\Program Files\Git\cmd;C:\Program Files\Docker\Docker\resources\bin;C:\ProgramData\DockerDesktop\version-bin;C:\Program Files\PowerShell\7\;C:\Program Files\nodejs\;C:\Users\wilda\AppData\Local\jdk-19.0.2;C:\Program Files (x86)\NoteBook FanControl\;C:\Users\wilda\AppData\Local\Programs\Python\Python38\;C:\Users\wilda\AppData\Local\Programs\Python\Python310\Scripts\;C:\Users\wilda\AppData\Local\Programs\Python\Python310\;C:\Users\wilda\AppData\Local\Programs\Python\Python39\Scripts\;C:\Users\wilda\AppData\Local\Programs\Python\Python39\;C:\Users\wilda\AppData\Local\Microsoft\WindowsApps;C:\Program Files\heroku\bin;C:\Program Files (x86)\Nmap;C:\Users\wilda\AppData\Local\Programs\Microsoft VS Code\bin;C:\Users\wilda\AppData\Roaming\npm;C:\Program Files\JetBrains\PyCharm 2023.1.3\bin;;C:\Users\wilda\flutter_windows_3.7.12-stable\flutter\bin;C:\tools\dart-sdk\bin;C:\Users\wilda\AppData\Roaming\Pub\Cache\bin;C:\Users\wilda\AppData\Local\Android\Sdk\tools\bin;C:\Users\wilda\AppData\Local\Gradle\gradle-8.0.2\bin;C:\Users\wilda\AppData\Local\jdk-19.0.2\bin;C:\Program Files\Java\jdk1.8.0_271\bin;C:\Users\wilda\dart-sdk\bin;C:\Program Files\JetBrains\PyCharm Community Edition 2023.2.1\bin;;;C:\Program Files\JetBrains\IntelliJ IDEA Community Edition 2023.2.1\bin;
USERNAME=wildanassyidiq142
OS=Windows_NT
PROCESSOR_IDENTIFIER=AMD64 Family 23 Model 24 Stepping 1, AuthenticAMD
TMP=C:\Users\wilda\AppData\Local\Temp
TEMP=C:\Users\wilda\AppData\Local\Temp


JNI global refs:
JNI global refs: 23, weak refs: 0

JNI global refs memory usage: 843, weak refs: 841


---------------  S Y S T E M  ---------------

OS:
 Windows 11 , 64 bit Build 22543 (10.0.22543.1000)
OS uptime: 0 days 16:38 hours
Hyper-V role detected

CPU: total 4 (initial active 4) (4 cores per cpu, 2 threads per core) family 23 model 24 stepping 1 microcode 0x0, cx8, cmov, fxsr, ht, mmx, 3dnowpref, sse, sse2, sse3, ssse3, sse4a, sse4.1, sse4.2, popcnt, lzcnt, tsc, tscinvbit, avx, avx2, aes, clmul, bmi1, bmi2, adx, sha, fma, vzeroupper, clflush, clflushopt, hv

Memory: 4k page, system-wide physical 10177M (815M free)
TotalPageFile size 13177M (AvailPageFile size 31M)
current process WorkingSet (physical memory assigned to process): 501M, peak: 514M
current process commit charge ("private bytes"): 531M, peak: 581M

vm_info: OpenJDK 64-Bit Server VM (17.0.6+0-b2043.56-10027231) for windows-amd64 JRE (17.0.6+0-b2043.56-10027231), built on Apr 28 2023 00:43:19 by "androidbuild" with MS VC++ 16.10 / 16.11 (VS2019)

END.
