#
# There is insufficient memory for the Java Runtime Environment to continue.
# Native memory allocation (mmap) failed to map 109051904 bytes for G1 virtual space
# Possible reasons:
#   The system is out of physical RAM or swap space
#   The process is running with CompressedOops enabled, and the Java Heap may be blocking the growth of the native heap
# Possible solutions:
#   Reduce memory load on the system
#   Increase physical memory or swap space
#   Check if swap backing store is full
#   Decrease Java heap size (-Xmx/-Xms)
#   Decrease number of Java threads
#   Decrease Java thread stack sizes (-Xss)
#   Set larger code cache with -XX:ReservedCodeCacheSize=
#   JVM is running with Zero Based Compressed Oops mode in which the Java heap is
#     placed in the first 32GB address space. The Java Heap base address is the
#     maximum limit for the native heap growth. Please use -XX:HeapBaseMinAddress
#     to set the Java Heap base and to place the Java Heap above 32GB virtual address.
# This output file may be truncated or incomplete.
#
#  Out of Memory Error (os_windows.cpp:3769), pid=14452, tid=10016
#
# JRE version: OpenJDK Runtime Environment (17.0.6) (build 17.0.6+0-b2043.56-10027231)
# Java VM: OpenJDK 64-Bit Server VM (17.0.6+0-b2043.56-10027231, mixed mode, tiered, compressed oops, compressed class ptrs, g1 gc, windows-amd64)
# No core dump will be written. Minidumps are not enabled by default on client versions of Windows
#

---------------  S U M M A R Y ------------

Command Line: --add-opens=java.base/java.util=ALL-UNNAMED --add-opens=java.base/java.lang=ALL-UNNAMED --add-opens=java.base/java.lang.invoke=ALL-UNNAMED --add-opens=java.prefs/java.util.prefs=ALL-UNNAMED --add-opens=java.base/java.nio.charset=ALL-UNNAMED --add-opens=java.base/java.net=ALL-UNNAMED --add-opens=java.base/java.util.concurrent.atomic=ALL-UNNAMED -Xmx4096m -Dfile.encoding=UTF-8 -Duser.country=ID -Duser.language=en -Duser.variant org.gradle.launcher.daemon.bootstrap.GradleDaemon 8.0

Host: AMD Ryzen 3 3250U with Radeon Graphics         , 4 cores, 9G,  Windows 11 , 64 bit Build 22543 (10.0.22543.1000)
Time: Sat Dec 23 17:12:30 2023 SE Asia Standard Time elapsed time: 333.242583 seconds (0d 0h 5m 33s)

---------------  T H R E A D  ---------------

Current thread (0x000002257e830300):  VMThread "VM Thread" [stack: 0x00000074f1300000,0x00000074f1400000] [id=10016]

Stack: [0x00000074f1300000,0x00000074f1400000]
Native frames: (J=compiled Java code, j=interpreted, Vv=VM code, C=native code)
V  [jvm.dll+0x683c9a]
V  [jvm.dll+0x8427a4]
V  [jvm.dll+0x843f9e]
V  [jvm.dll+0x844603]
V  [jvm.dll+0x249b75]
V  [jvm.dll+0x680b69]
V  [jvm.dll+0x67505a]
V  [jvm.dll+0x309acb]
V  [jvm.dll+0x310f86]
V  [jvm.dll+0x3608ee]
V  [jvm.dll+0x360b1f]
V  [jvm.dll+0x2dfbf8]
V  [jvm.dll+0x2ddec4]
V  [jvm.dll+0x2dd4cc]
V  [jvm.dll+0x321f3b]
V  [jvm.dll+0x848ccb]
V  [jvm.dll+0x849a04]
V  [jvm.dll+0x849f1d]
V  [jvm.dll+0x84a2f4]
V  [jvm.dll+0x84a3c0]
V  [jvm.dll+0x7f274a]
V  [jvm.dll+0x682ad5]
C  [ucrtbase.dll+0x293cc]
C  [KERNEL32.DLL+0x11350]
C  [ntdll.dll+0x51dc8]

VM_Operation (0x00000074f67f97a0): G1CollectForAllocation, mode: safepoint, requested by thread 0x0000022504bc73c0


---------------  P R O C E S S  ---------------

Threads class SMR info:
_java_thread_list=0x000002250a3f67c0, length=98, elements={
0x000002256257e6f0, 0x000002257e836a60, 0x000002257e837610, 0x000002257e8574d0,
0x000002257e858080, 0x000002257e85ac40, 0x000002257e85d600, 0x000002257e85e2e0,
0x000002257f438000, 0x000002257f4a5af0, 0x000002257f5cb020, 0x000002257f5cf510,
0x0000022506e73230, 0x0000022504234290, 0x0000022506257b00, 0x0000022505ba8d90,
0x00000225040afa40, 0x0000022504409a00, 0x000002250440b6e0, 0x000002250440c080,
0x000002250440bbb0, 0x000002250440c550, 0x0000022504409ed0, 0x0000022505c1aba0,
0x0000022505c189f0, 0x0000022505c19860, 0x0000022505c19d30, 0x0000022505c1a6d0,
0x0000022505c1ba10, 0x00000225064bf730, 0x00000225064c30f0, 0x0000022504bca3e0,
0x000002250bff9720, 0x000002250bffa0c0, 0x000002250bff7f10, 0x000002250bffb400,
0x000002250bffedc0, 0x000002250bffb8d0, 0x000002250bffc270, 0x000002250bffaf30,
0x000002250bff83e0, 0x000002250bff9bf0, 0x000002250bffdf50, 0x000002250bffe420,
0x000002250bfff290, 0x000002250bff88b0, 0x000002250bffbda0, 0x000002250bff9250,
0x000002250bffd0e0, 0x000002250bffa590, 0x000002250bffc740, 0x000002250bffaa60,
0x000002250bffcc10, 0x000002250bffd5b0, 0x000002250bffda80, 0x000002250bffe8f0,
0x0000022504bcc590, 0x0000022504bcca60, 0x0000022504bc7890, 0x0000022504bc90a0,
0x0000022504bc7d60, 0x0000022504bc6080, 0x0000022504bc9570, 0x0000022504bc9a40,
0x0000022504bc8230, 0x0000022504bc8700, 0x0000022504bc6ef0, 0x0000022504bca8b0,
0x0000022504bccf30, 0x0000022504bc6550, 0x0000022504bc6a20, 0x0000022504bc8bd0,
0x0000022504bcd8d0, 0x0000022504bc9f10, 0x0000022504bcad80, 0x0000022504bcb250,
0x0000022504bcbbf0, 0x0000022504bcb720, 0x0000022504bcc0c0, 0x0000022504bcd400,
0x0000022504bc73c0, 0x00000225064bc710, 0x00000225064be3f0, 0x00000225064c0a70,
0x00000225064c2280, 0x00000225064be8c0, 0x00000225064c35c0, 0x00000225064bdf20,
0x00000225064c2750, 0x00000225064c3f60, 0x0000022505c1bee0, 0x000002250440a3a0,
0x000002250440a870, 0x000002250440ad40, 0x0000022504409060, 0x0000022504409530,
0x000002250bfff760, 0x000002250ebcec70
}

Java Threads: ( => current thread )
  0x000002256257e6f0 JavaThread "main" [_thread_blocked, id=11588, stack(0x00000074f0d00000,0x00000074f0e00000)]
  0x000002257e836a60 JavaThread "Reference Handler" daemon [_thread_blocked, id=9864, stack(0x00000074f1400000,0x00000074f1500000)]
  0x000002257e837610 JavaThread "Finalizer" daemon [_thread_blocked, id=800, stack(0x00000074f1500000,0x00000074f1600000)]
  0x000002257e8574d0 JavaThread "Signal Dispatcher" daemon [_thread_blocked, id=10924, stack(0x00000074f1600000,0x00000074f1700000)]
  0x000002257e858080 JavaThread "Attach Listener" daemon [_thread_blocked, id=12892, stack(0x00000074f1700000,0x00000074f1800000)]
  0x000002257e85ac40 JavaThread "Service Thread" daemon [_thread_blocked, id=3808, stack(0x00000074f1800000,0x00000074f1900000)]
  0x000002257e85d600 JavaThread "Monitor Deflation Thread" daemon [_thread_blocked, id=4920, stack(0x00000074f1900000,0x00000074f1a00000)]
  0x000002257e85e2e0 JavaThread "C2 CompilerThread0" daemon [_thread_blocked, id=13492, stack(0x00000074f1a00000,0x00000074f1b00000)]
  0x000002257f438000 JavaThread "C1 CompilerThread0" daemon [_thread_blocked, id=2320, stack(0x00000074f1b00000,0x00000074f1c00000)]
  0x000002257f4a5af0 JavaThread "Sweeper thread" daemon [_thread_blocked, id=15996, stack(0x00000074f1c00000,0x00000074f1d00000)]
  0x000002257f5cb020 JavaThread "Common-Cleaner" daemon [_thread_blocked, id=16576, stack(0x00000074f1d00000,0x00000074f1e00000)]
  0x000002257f5cf510 JavaThread "Notification Thread" daemon [_thread_blocked, id=16764, stack(0x00000074f1e00000,0x00000074f1f00000)]
  0x0000022506e73230 JavaThread "Daemon health stats" [_thread_blocked, id=3096, stack(0x00000074f2300000,0x00000074f2400000)]
  0x0000022504234290 JavaThread "Incoming local TCP Connector on port 44561" [_thread_in_native, id=15508, stack(0x00000074f2400000,0x00000074f2500000)]
  0x0000022506257b00 JavaThread "Daemon periodic checks" [_thread_blocked, id=13876, stack(0x00000074f2500000,0x00000074f2600000)]
  0x0000022505ba8d90 JavaThread "Daemon" [_thread_blocked, id=1112, stack(0x00000074f2600000,0x00000074f2700000)]
  0x00000225040afa40 JavaThread "Daemon worker" [_thread_blocked, id=14488, stack(0x00000074f2900000,0x00000074f2a00000)]
  0x0000022504409a00 JavaThread "Cache worker for journal cache (C:\Users\wilda\caches\journal-1)" [_thread_blocked, id=15668, stack(0x00000074f2f00000,0x00000074f3000000)]
  0x000002250440b6e0 JavaThread "File lock request listener" [_thread_in_native, id=6564, stack(0x00000074f3000000,0x00000074f3100000)]
  0x000002250440c080 JavaThread "Cache worker for file hash cache (C:\Users\wilda\caches\8.0\fileHashes)" [_thread_blocked, id=14240, stack(0x00000074f3100000,0x00000074f3200000)]
  0x000002250440bbb0 JavaThread "File watcher server" daemon [_thread_blocked, id=1292, stack(0x00000074f3200000,0x00000074f3300000)]
  0x000002250440c550 JavaThread "File watcher consumer" daemon [_thread_blocked, id=1912, stack(0x00000074f3300000,0x00000074f3400000)]
  0x0000022504409ed0 JavaThread "Cache worker for file content cache (C:\Users\wilda\caches\8.0\fileContent)" [_thread_blocked, id=16064, stack(0x00000074f3400000,0x00000074f3500000)]
  0x0000022505c1aba0 JavaThread "Cache worker for execution history cache (C:\Users\wilda\caches\8.0\executionHistory)" [_thread_blocked, id=1808, stack(0x00000074f3800000,0x00000074f3900000)]
  0x0000022505c189f0 JavaThread "jar transforms" [_thread_blocked, id=12712, stack(0x00000074f3900000,0x00000074f3a00000)]
  0x0000022505c19860 JavaThread "jar transforms Thread 2" [_thread_blocked, id=5224, stack(0x00000074f3a00000,0x00000074f3b00000)]
  0x0000022505c19d30 JavaThread "Cache worker for kotlin-dsl (C:\Users\wilda\caches\8.0\kotlin-dsl)" [_thread_blocked, id=17276, stack(0x00000074f3b00000,0x00000074f3c00000)]
  0x0000022505c1a6d0 JavaThread "jar transforms Thread 3" [_thread_blocked, id=7000, stack(0x00000074f3c00000,0x00000074f3d00000)]
  0x0000022505c1ba10 JavaThread "jar transforms Thread 4" [_thread_blocked, id=13344, stack(0x00000074f3d00000,0x00000074f3e00000)]
  0x00000225064bf730 JavaThread "Memory manager" [_thread_blocked, id=12184, stack(0x00000074f6900000,0x00000074f6a00000)]
  0x00000225064c30f0 JavaThread "pool-3-thread-1" [_thread_blocked, id=7068, stack(0x00000074f2b00000,0x00000074f2c00000)]
  0x0000022504bca3e0 JavaThread "pool-6-thread-1" [_thread_blocked, id=6536, stack(0x00000074f6d00000,0x00000074f6e00000)]
  0x000002250bff9720 JavaThread "Handler for socket connection from /127.0.0.1:44561 to /127.0.0.1:44570" [_thread_in_native, id=7880, stack(0x00000074f0c00000,0x00000074f0d00000)]
  0x000002250bffa0c0 JavaThread "Cancel handler" [_thread_blocked, id=11784, stack(0x00000074f2700000,0x00000074f2800000)]
  0x000002250bff7f10 JavaThread "Asynchronous log dispatcher for DefaultDaemonConnection: socket connection from /127.0.0.1:44561 to /127.0.0.1:44570" [_thread_blocked, id=11836, stack(0x00000074f2800000,0x00000074f2900000)]
  0x000002250bffb400 JavaThread "Daemon client event forwarder" [_thread_blocked, id=3556, stack(0x00000074f2c00000,0x00000074f2d00000)]
  0x000002250bffedc0 JavaThread "Cache worker for checksums cache (C:\Users\wilda\AndroidStudioProjects\FilmKu\.gradle\8.0\checksums)" [_thread_blocked, id=16020, stack(0x00000074f2d00000,0x00000074f2e00000)]
  0x000002250bffb8d0 JavaThread "Cache worker for cache directory md-rule (C:\Users\wilda\caches\8.0\md-rule)" [_thread_blocked, id=10020, stack(0x00000074f3600000,0x00000074f3700000)]
  0x000002250bffc270 JavaThread "Cache worker for file hash cache (C:\Users\wilda\AndroidStudioProjects\FilmKu\.gradle\8.0\fileHashes)" [_thread_blocked, id=9252, stack(0x00000074f3700000,0x00000074f3800000)]
  0x000002250bffaf30 JavaThread "Cache worker for cache directory md-supplier (C:\Users\wilda\caches\8.0\md-supplier)" [_thread_blocked, id=1836, stack(0x00000074f3e00000,0x00000074f3f00000)]
  0x000002250bff83e0 JavaThread "Cache worker for dependencies-accessors (C:\Users\wilda\AndroidStudioProjects\FilmKu\.gradle\8.0\dependencies-accessors)" [_thread_blocked, id=1200, stack(0x00000074f3f00000,0x00000074f4000000)]
  0x000002250bff9bf0 JavaThread "Cache worker for Build Output Cleanup Cache (C:\Users\wilda\AndroidStudioProjects\FilmKu\.gradle\buildOutputCleanup)" [_thread_blocked, id=4576, stack(0x00000074f4000000,0x00000074f4100000)]
  0x000002250bffdf50 JavaThread "Unconstrained build operations" [_thread_blocked, id=13360, stack(0x00000074f4100000,0x00000074f4200000)]
  0x000002250bffe420 JavaThread "Unconstrained build operations Thread 2" [_thread_blocked, id=8296, stack(0x00000074f4200000,0x00000074f4300000)]
  0x000002250bfff290 JavaThread "Unconstrained build operations Thread 3" [_thread_blocked, id=4808, stack(0x00000074f4300000,0x00000074f4400000)]
  0x000002250bff88b0 JavaThread "Unconstrained build operations Thread 4" [_thread_blocked, id=14428, stack(0x00000074f4400000,0x00000074f4500000)]
  0x000002250bffbda0 JavaThread "Unconstrained build operations Thread 5" [_thread_blocked, id=16612, stack(0x00000074f4500000,0x00000074f4600000)]
  0x000002250bff9250 JavaThread "Unconstrained build operations Thread 6" [_thread_blocked, id=2724, stack(0x00000074f4600000,0x00000074f4700000)]
  0x000002250bffd0e0 JavaThread "Unconstrained build operations Thread 7" [_thread_blocked, id=3240, stack(0x00000074f4700000,0x00000074f4800000)]
  0x000002250bffa590 JavaThread "Unconstrained build operations Thread 8" [_thread_blocked, id=10704, stack(0x00000074f4800000,0x00000074f4900000)]
  0x000002250bffc740 JavaThread "Unconstrained build operations Thread 9" [_thread_blocked, id=3720, stack(0x00000074f4900000,0x00000074f4a00000)]
  0x000002250bffaa60 JavaThread "Unconstrained build operations Thread 10" [_thread_blocked, id=12092, stack(0x00000074f4a00000,0x00000074f4b00000)]
  0x000002250bffcc10 JavaThread "Unconstrained build operations Thread 11" [_thread_blocked, id=4980, stack(0x00000074f4b00000,0x00000074f4c00000)]
  0x000002250bffd5b0 JavaThread "Unconstrained build operations Thread 12" [_thread_blocked, id=13932, stack(0x00000074f4c00000,0x00000074f4d00000)]
  0x000002250bffda80 JavaThread "Unconstrained build operations Thread 13" [_thread_blocked, id=17288, stack(0x00000074f4d00000,0x00000074f4e00000)]
  0x000002250bffe8f0 JavaThread "Unconstrained build operations Thread 14" [_thread_blocked, id=15700, stack(0x00000074f4e00000,0x00000074f4f00000)]
  0x0000022504bcc590 JavaThread "Unconstrained build operations Thread 15" [_thread_blocked, id=14412, stack(0x00000074f4f00000,0x00000074f5000000)]
  0x0000022504bcca60 JavaThread "Unconstrained build operations Thread 16" [_thread_blocked, id=5396, stack(0x00000074f5000000,0x00000074f5100000)]
  0x0000022504bc7890 JavaThread "Unconstrained build operations Thread 17" [_thread_blocked, id=2264, stack(0x00000074f5100000,0x00000074f5200000)]
  0x0000022504bc90a0 JavaThread "Unconstrained build operations Thread 18" [_thread_blocked, id=14148, stack(0x00000074f5200000,0x00000074f5300000)]
  0x0000022504bc7d60 JavaThread "Unconstrained build operations Thread 19" [_thread_blocked, id=7392, stack(0x00000074f5300000,0x00000074f5400000)]
  0x0000022504bc6080 JavaThread "Unconstrained build operations Thread 20" [_thread_blocked, id=17272, stack(0x00000074f5400000,0x00000074f5500000)]
  0x0000022504bc9570 JavaThread "Unconstrained build operations Thread 21" [_thread_blocked, id=15520, stack(0x00000074f5500000,0x00000074f5600000)]
  0x0000022504bc9a40 JavaThread "Unconstrained build operations Thread 22" [_thread_blocked, id=10976, stack(0x00000074f5600000,0x00000074f5700000)]
  0x0000022504bc8230 JavaThread "Unconstrained build operations Thread 23" [_thread_blocked, id=12284, stack(0x00000074f5700000,0x00000074f5800000)]
  0x0000022504bc8700 JavaThread "Unconstrained build operations Thread 24" [_thread_blocked, id=16076, stack(0x00000074f5800000,0x00000074f5900000)]
  0x0000022504bc6ef0 JavaThread "Unconstrained build operations Thread 25" [_thread_blocked, id=13672, stack(0x00000074f5900000,0x00000074f5a00000)]
  0x0000022504bca8b0 JavaThread "Unconstrained build operations Thread 26" [_thread_blocked, id=12808, stack(0x00000074f5a00000,0x00000074f5b00000)]
  0x0000022504bccf30 JavaThread "Unconstrained build operations Thread 27" [_thread_blocked, id=13428, stack(0x00000074f5b00000,0x00000074f5c00000)]
  0x0000022504bc6550 JavaThread "Unconstrained build operations Thread 28" [_thread_blocked, id=16616, stack(0x00000074f5c00000,0x00000074f5d00000)]
  0x0000022504bc6a20 JavaThread "Unconstrained build operations Thread 29" [_thread_blocked, id=14360, stack(0x00000074f5d00000,0x00000074f5e00000)]
  0x0000022504bc8bd0 JavaThread "Unconstrained build operations Thread 30" [_thread_blocked, id=7848, stack(0x00000074f5e00000,0x00000074f5f00000)]
  0x0000022504bcd8d0 JavaThread "Unconstrained build operations Thread 31" [_thread_blocked, id=15820, stack(0x00000074f5f00000,0x00000074f6000000)]
  0x0000022504bc9f10 JavaThread "Unconstrained build operations Thread 32" [_thread_blocked, id=11932, stack(0x00000074f6000000,0x00000074f6100000)]
  0x0000022504bcad80 JavaThread "Unconstrained build operations Thread 33" [_thread_blocked, id=7456, stack(0x00000074f6100000,0x00000074f6200000)]
  0x0000022504bcb250 JavaThread "Unconstrained build operations Thread 34" [_thread_blocked, id=16976, stack(0x00000074f6200000,0x00000074f6300000)]
  0x0000022504bcbbf0 JavaThread "Unconstrained build operations Thread 35" [_thread_blocked, id=15172, stack(0x00000074f6300000,0x00000074f6400000)]
  0x0000022504bcb720 JavaThread "Unconstrained build operations Thread 36" [_thread_blocked, id=2040, stack(0x00000074f6400000,0x00000074f6500000)]
  0x0000022504bcc0c0 JavaThread "Unconstrained build operations Thread 37" [_thread_blocked, id=7592, stack(0x00000074f6500000,0x00000074f6600000)]
  0x0000022504bcd400 JavaThread "Unconstrained build operations Thread 38" [_thread_blocked, id=11408, stack(0x00000074f6600000,0x00000074f6700000)]
  0x0000022504bc73c0 JavaThread "Unconstrained build operations Thread 39" [_thread_blocked, id=4140, stack(0x00000074f6700000,0x00000074f6800000)]
  0x00000225064bc710 JavaThread "Unconstrained build operations Thread 40" [_thread_blocked, id=10312, stack(0x00000074f6800000,0x00000074f6900000)]
  0x00000225064be3f0 JavaThread "build event listener" [_thread_blocked, id=14544, stack(0x00000074f6a00000,0x00000074f6b00000)]
  0x00000225064c0a70 JavaThread "pool-9-thread-1" [_thread_blocked, id=16156, stack(0x00000074f6b00000,0x00000074f6c00000)]
  0x00000225064c2280 JavaThread "build event listener" [_thread_blocked, id=11444, stack(0x00000074f6c00000,0x00000074f6d00000)]
  0x00000225064be8c0 JavaThread "included builds" [_thread_blocked, id=9256, stack(0x00000074f6e00000,0x00000074f6f00000)]
  0x00000225064c35c0 JavaThread "Execution worker" [_thread_blocked, id=9988, stack(0x00000074f7000000,0x00000074f7100000)]
  0x00000225064bdf20 JavaThread "Execution worker Thread 2" [_thread_blocked, id=14036, stack(0x00000074f7100000,0x00000074f7200000)]
  0x00000225064c2750 JavaThread "Execution worker Thread 3" [_thread_blocked, id=17052, stack(0x00000074f7200000,0x00000074f7300000)]
  0x00000225064c3f60 JavaThread "Cache worker for execution history cache (C:\Users\wilda\AndroidStudioProjects\FilmKu\.gradle\8.0\executionHistory)" [_thread_blocked, id=17080, stack(0x00000074f7300000,0x00000074f7400000)]
  0x0000022505c1bee0 JavaThread "WorkerExecutor Queue" [_thread_blocked, id=16364, stack(0x00000074f7400000,0x00000074f7500000)]
  0x000002250440a3a0 JavaThread "WorkerExecutor Queue Thread 2" [_thread_blocked, id=13732, stack(0x00000074f6f00000,0x00000074f7000000)]
  0x000002250440a870 JavaThread "WorkerExecutor Queue Thread 3" [_thread_blocked, id=14604, stack(0x00000074f7500000,0x00000074f7600000)]
  0x000002250440ad40 JavaThread "WorkerExecutor Queue Thread 4" [_thread_blocked, id=17300, stack(0x00000074f7600000,0x00000074f7700000)]
  0x0000022504409060 JavaThread "pool-10-thread-1" [_thread_blocked, id=10656, stack(0x00000074f2a00000,0x00000074f2b00000)]
  0x0000022504409530 JavaThread "stderr" [_thread_in_native, id=12760, stack(0x00000074f7b00000,0x00000074f7c00000)]
  0x000002250bfff760 JavaThread "stdout" [_thread_in_native, id=11852, stack(0x00000074f7c00000,0x00000074f7d00000)]
  0x000002250ebcec70 JavaThread "C2 CompilerThread1" daemon [_thread_in_native, id=14136, stack(0x00000074f7a00000,0x00000074f7b00000)]

Other Threads:
=>0x000002257e830300 VMThread "VM Thread" [stack: 0x00000074f1300000,0x00000074f1400000] [id=10016]
  0x000002257f5cf9e0 WatcherThread [stack: 0x00000074f1f00000,0x00000074f2000000] [id=12788]
  0x00000225646d7c30 GCTaskThread "GC Thread#0" [stack: 0x00000074f0e00000,0x00000074f0f00000] [id=11180]
  0x000002257f98d730 GCTaskThread "GC Thread#1" [stack: 0x00000074f2000000,0x00000074f2100000] [id=13364]
  0x000002257fb39270 GCTaskThread "GC Thread#2" [stack: 0x00000074f2100000,0x00000074f2200000] [id=17172]
  0x00000225044127d0 GCTaskThread "GC Thread#3" [stack: 0x00000074f2200000,0x00000074f2300000] [id=13432]
  0x00000225646e8b70 ConcurrentGCThread "G1 Main Marker" [stack: 0x00000074f0f00000,0x00000074f1000000] [id=16284]
  0x00000225646e96e0 ConcurrentGCThread "G1 Conc#0" [stack: 0x00000074f1000000,0x00000074f1100000] [id=4092]
  0x0000022564724c80 ConcurrentGCThread "G1 Refine#0" [stack: 0x00000074f1100000,0x00000074f1200000] [id=15776]
  0x000002250488c610 ConcurrentGCThread "G1 Refine#1" [stack: 0x00000074f3500000,0x00000074f3600000] [id=14172]
  0x0000022509c7da90 ConcurrentGCThread "G1 Refine#2" [stack: 0x00000074f2e00000,0x00000074f2f00000] [id=13452]
  0x000002257e6a2950 ConcurrentGCThread "G1 Service" [stack: 0x00000074f1200000,0x00000074f1300000] [id=4448]

Threads with active compile tasks:
C2 CompilerThread0   333328 19126 %     4       com.android.tools.r8.internal.Ia::a @ 2708 (6329 bytes)
C2 CompilerThread1   333329 19104       4       com.android.tools.r8.internal.Ia::a (4479 bytes)

VM state: at safepoint (normal execution)

VM Mutex/Monitor currently owned by a thread:  ([mutex/lock_event])
[0x000002256257b620] Threads_lock - owner thread: 0x000002257e830300
[0x000002256257a270] Heap_lock - owner thread: 0x0000022504bc73c0

Heap address: 0x0000000700000000, size: 4096 MB, Compressed Oops mode: Zero based, Oop shift amount: 3

CDS archive(s) not mapped
Compressed class space mapped at: 0x0000000800000000-0x0000000840000000, reserved size: 1073741824
Narrow klass base: 0x0000000800000000, Narrow klass shift: 0, Narrow klass range: 0x40000000

GC Precious Log:
 CPUs: 4 total, 4 available
 Memory: 10177M
 Large Page Support: Disabled
 NUMA Support: Disabled
 Compressed Oops: Enabled (Zero based)
 Heap Region Size: 2M
 Heap Min Capacity: 8M
 Heap Initial Capacity: 160M
 Heap Max Capacity: 4G
 Pre-touch: Disabled
 Parallel Workers: 4
 Concurrent Workers: 1
 Concurrent Refinement Workers: 4
 Periodic GC: Disabled

Heap:
 garbage-first heap   total 284672K, used 167439K [0x0000000700000000, 0x0000000800000000)
  region size 2048K, 5 young (10240K), 5 survivors (10240K)
 Metaspace       used 123855K, committed 124736K, reserved 1163264K
  class space    used 15967K, committed 16448K, reserved 1048576K

Heap Regions: E=young(eden), S=young(survivor), O=old, HS=humongous(starts), HC=humongous(continues), CS=collection set, F=free, OA=open archive, CA=closed archive, TAMS=top-at-mark-start (previous, next)
|   0|0x0000000700000000, 0x0000000700200000, 0x0000000700200000|100%| O|  |TAMS 0x0000000700200000, 0x0000000700000000| Untracked 
|   1|0x0000000700200000, 0x0000000700400000, 0x0000000700400000|100%|HS|  |TAMS 0x0000000700400000, 0x0000000700200000| Complete 
|   2|0x0000000700400000, 0x0000000700600000, 0x0000000700600000|100%|HC|  |TAMS 0x0000000700600000, 0x0000000700400000| Complete 
|   3|0x0000000700600000, 0x0000000700800000, 0x0000000700800000|100%| O|  |TAMS 0x0000000700800000, 0x0000000700600000| Untracked 
|   4|0x0000000700800000, 0x0000000700a00000, 0x0000000700a00000|100%| O|  |TAMS 0x0000000700a00000, 0x0000000700800000| Untracked 
|   5|0x0000000700a00000, 0x0000000700c00000, 0x0000000700c00000|100%| O|  |TAMS 0x0000000700c00000, 0x0000000700a00000| Untracked 
|   6|0x0000000700c00000, 0x0000000700e00000, 0x0000000700e00000|100%| O|  |TAMS 0x0000000700e00000, 0x0000000700c00000| Untracked 
|   7|0x0000000700e00000, 0x0000000701000000, 0x0000000701000000|100%| O|  |TAMS 0x0000000701000000, 0x0000000700e00000| Untracked 
|   8|0x0000000701000000, 0x0000000701200000, 0x0000000701200000|100%| O|  |TAMS 0x0000000701200000, 0x0000000701000000| Untracked 
|   9|0x0000000701200000, 0x0000000701400000, 0x0000000701400000|100%| O|  |TAMS 0x0000000701400000, 0x0000000701200000| Untracked 
|  10|0x0000000701400000, 0x0000000701600000, 0x0000000701600000|100%| O|  |TAMS 0x0000000701600000, 0x0000000701400000| Untracked 
|  11|0x0000000701600000, 0x0000000701800000, 0x0000000701800000|100%| O|  |TAMS 0x0000000701800000, 0x0000000701600000| Untracked 
|  12|0x0000000701800000, 0x0000000701a00000, 0x0000000701a00000|100%| O|  |TAMS 0x0000000701a00000, 0x0000000701800000| Untracked 
|  13|0x0000000701a00000, 0x0000000701c00000, 0x0000000701c00000|100%| O|  |TAMS 0x0000000701c00000, 0x0000000701a00000| Untracked 
|  14|0x0000000701c00000, 0x0000000701e00000, 0x0000000701e00000|100%| O|  |TAMS 0x0000000701e00000, 0x0000000701c00000| Untracked 
|  15|0x0000000701e00000, 0x0000000702000000, 0x0000000702000000|100%| O|  |TAMS 0x0000000702000000, 0x0000000701e00000| Untracked 
|  16|0x0000000702000000, 0x0000000702200000, 0x0000000702200000|100%| O|  |TAMS 0x0000000702000000, 0x0000000702000000| Untracked 
|  17|0x0000000702200000, 0x0000000702400000, 0x0000000702400000|100%|HS|  |TAMS 0x0000000702400000, 0x0000000702200000| Complete 
|  18|0x0000000702400000, 0x0000000702600000, 0x0000000702600000|100%| O|  |TAMS 0x0000000702600000, 0x0000000702400000| Untracked 
|  19|0x0000000702600000, 0x0000000702800000, 0x0000000702800000|100%| O|  |TAMS 0x0000000702800000, 0x0000000702600000| Untracked 
|  20|0x0000000702800000, 0x0000000702a00000, 0x0000000702a00000|100%|HS|  |TAMS 0x0000000702a00000, 0x0000000702800000| Complete 
|  21|0x0000000702a00000, 0x0000000702c00000, 0x0000000702c00000|100%|HC|  |TAMS 0x0000000702c00000, 0x0000000702a00000| Complete 
|  22|0x0000000702c00000, 0x0000000702e00000, 0x0000000702e00000|100%| O|  |TAMS 0x0000000702c00000, 0x0000000702c00000| Untracked 
|  23|0x0000000702e00000, 0x0000000703000000, 0x0000000703000000|100%| O|  |TAMS 0x0000000703000000, 0x0000000702e00000| Untracked 
|  24|0x0000000703000000, 0x0000000703200000, 0x0000000703200000|100%| O|  |TAMS 0x0000000703200000, 0x0000000703000000| Untracked 
|  25|0x0000000703200000, 0x0000000703400000, 0x0000000703400000|100%| O|  |TAMS 0x0000000703400000, 0x0000000703200000| Untracked 
|  26|0x0000000703400000, 0x0000000703600000, 0x0000000703600000|100%| O|  |TAMS 0x0000000703400000, 0x0000000703400000| Untracked 
|  27|0x0000000703600000, 0x0000000703800000, 0x0000000703800000|100%| O|  |TAMS 0x0000000703800000, 0x0000000703600000| Untracked 
|  28|0x0000000703800000, 0x0000000703a00000, 0x0000000703a00000|100%| O|  |TAMS 0x0000000703a00000, 0x0000000703800000| Untracked 
|  29|0x0000000703a00000, 0x0000000703c00000, 0x0000000703c00000|100%| O|  |TAMS 0x0000000703c00000, 0x0000000703a00000| Untracked 
|  30|0x0000000703c00000, 0x0000000703e00000, 0x0000000703e00000|100%| O|  |TAMS 0x0000000703e00000, 0x0000000703c00000| Untracked 
|  31|0x0000000703e00000, 0x0000000704000000, 0x0000000704000000|100%| O|  |TAMS 0x0000000704000000, 0x0000000703e00000| Untracked 
|  32|0x0000000704000000, 0x0000000704200000, 0x0000000704200000|100%| O|  |TAMS 0x0000000704200000, 0x0000000704000000| Untracked 
|  33|0x0000000704200000, 0x0000000704400000, 0x0000000704400000|100%| O|  |TAMS 0x0000000704400000, 0x0000000704200000| Untracked 
|  34|0x0000000704400000, 0x0000000704600000, 0x0000000704600000|100%| O|  |TAMS 0x0000000704600000, 0x0000000704400000| Untracked 
|  35|0x0000000704600000, 0x0000000704800000, 0x0000000704800000|100%| O|  |TAMS 0x0000000704800000, 0x0000000704600000| Untracked 
|  36|0x0000000704800000, 0x0000000704a00000, 0x0000000704a00000|100%| O|  |TAMS 0x0000000704800000, 0x0000000704800000| Untracked 
|  37|0x0000000704a00000, 0x0000000704c00000, 0x0000000704c00000|100%| O|  |TAMS 0x0000000704c00000, 0x0000000704a00000| Untracked 
|  38|0x0000000704c00000, 0x0000000704e00000, 0x0000000704e00000|100%| O|  |TAMS 0x0000000704c00000, 0x0000000704c00000| Untracked 
|  39|0x0000000704e00000, 0x0000000705000000, 0x0000000705000000|100%| O|  |TAMS 0x0000000705000000, 0x0000000704e00000| Untracked 
|  40|0x0000000705000000, 0x0000000705200000, 0x0000000705200000|100%| O|  |TAMS 0x0000000705200000, 0x0000000705000000| Untracked 
|  41|0x0000000705200000, 0x0000000705400000, 0x0000000705400000|100%| O|  |TAMS 0x0000000705400000, 0x0000000705200000| Untracked 
|  42|0x0000000705400000, 0x0000000705600000, 0x0000000705600000|100%| O|  |TAMS 0x0000000705600000, 0x0000000705400000| Untracked 
|  43|0x0000000705600000, 0x0000000705800000, 0x0000000705800000|100%| O|  |TAMS 0x0000000705800000, 0x0000000705600000| Untracked 
|  44|0x0000000705800000, 0x0000000705a00000, 0x0000000705a00000|100%| O|  |TAMS 0x0000000705800000, 0x0000000705800000| Untracked 
|  45|0x0000000705a00000, 0x0000000705c00000, 0x0000000705c00000|100%| O|  |TAMS 0x0000000705c00000, 0x0000000705a00000| Untracked 
|  46|0x0000000705c00000, 0x0000000705e00000, 0x0000000705e00000|100%| O|  |TAMS 0x0000000705e00000, 0x0000000705c00000| Untracked 
|  47|0x0000000705e00000, 0x0000000706000000, 0x0000000706000000|100%| O|  |TAMS 0x0000000706000000, 0x0000000705e00000| Untracked 
|  48|0x0000000706000000, 0x0000000706200000, 0x0000000706200000|100%| O|  |TAMS 0x0000000706200000, 0x0000000706000000| Untracked 
|  49|0x0000000706200000, 0x0000000706400000, 0x0000000706400000|100%| O|  |TAMS 0x0000000706400000, 0x0000000706200000| Untracked 
|  50|0x0000000706400000, 0x0000000706600000, 0x0000000706600000|100%| O|  |TAMS 0x0000000706600000, 0x0000000706400000| Untracked 
|  51|0x0000000706600000, 0x0000000706800000, 0x0000000706800000|100%| O|  |TAMS 0x0000000706800000, 0x0000000706600000| Untracked 
|  52|0x0000000706800000, 0x0000000706a00000, 0x0000000706a00000|100%| O|  |TAMS 0x0000000706a00000, 0x0000000706800000| Untracked 
|  53|0x0000000706a00000, 0x0000000706c00000, 0x0000000706c00000|100%| O|  |TAMS 0x0000000706c00000, 0x0000000706a00000| Untracked 
|  54|0x0000000706c00000, 0x0000000706e00000, 0x0000000706e00000|100%| O|  |TAMS 0x0000000706e00000, 0x0000000706c00000| Untracked 
|  55|0x0000000706e00000, 0x0000000707000000, 0x0000000707000000|100%| O|  |TAMS 0x0000000706e00000, 0x0000000706e00000| Untracked 
|  56|0x0000000707000000, 0x0000000707200000, 0x0000000707200000|100%| O|  |TAMS 0x0000000707000000, 0x0000000707000000| Untracked 
|  57|0x0000000707200000, 0x0000000707400000, 0x0000000707400000|100%| O|  |TAMS 0x0000000707200000, 0x0000000707200000| Untracked 
|  58|0x0000000707400000, 0x0000000707600000, 0x0000000707600000|100%| O|  |TAMS 0x0000000707400000, 0x0000000707400000| Untracked 
|  59|0x0000000707600000, 0x0000000707800000, 0x0000000707800000|100%| O|  |TAMS 0x0000000707600000, 0x0000000707600000| Untracked 
|  60|0x0000000707800000, 0x0000000707a00000, 0x0000000707a00000|100%| O|  |TAMS 0x0000000707800000, 0x0000000707800000| Untracked 
|  61|0x0000000707a00000, 0x0000000707c00000, 0x0000000707c00000|100%| O|  |TAMS 0x0000000707a00000, 0x0000000707a00000| Untracked 
|  62|0x0000000707c00000, 0x0000000707e00000, 0x0000000707e00000|100%| O|  |TAMS 0x0000000707c00000, 0x0000000707c00000| Untracked 
|  63|0x0000000707e00000, 0x0000000708000000, 0x0000000708000000|100%| O|  |TAMS 0x0000000708000000, 0x0000000707e00000| Untracked 
|  64|0x0000000708000000, 0x0000000708200000, 0x0000000708200000|100%| O|  |TAMS 0x0000000708200000, 0x0000000708000000| Untracked 
|  65|0x0000000708200000, 0x0000000708400000, 0x0000000708400000|100%| O|  |TAMS 0x0000000708400000, 0x0000000708200000| Untracked 
|  66|0x0000000708400000, 0x0000000708583c00, 0x0000000708600000| 75%| O|  |TAMS 0x0000000708400000, 0x0000000708400000| Untracked 
|  67|0x0000000708600000, 0x0000000708600000, 0x0000000708800000|  0%| F|  |TAMS 0x0000000708600000, 0x0000000708600000| Untracked 
|  68|0x0000000708800000, 0x0000000708800000, 0x0000000708a00000|  0%| F|  |TAMS 0x0000000708800000, 0x0000000708800000| Untracked 
|  69|0x0000000708a00000, 0x0000000708a00000, 0x0000000708c00000|  0%| F|  |TAMS 0x0000000708a00000, 0x0000000708a00000| Untracked 
|  70|0x0000000708c00000, 0x0000000708c00000, 0x0000000708e00000|  0%| F|  |TAMS 0x0000000708c00000, 0x0000000708c00000| Untracked 
|  71|0x0000000708e00000, 0x0000000708e00000, 0x0000000709000000|  0%| F|  |TAMS 0x0000000708e00000, 0x0000000708e00000| Untracked 
|  72|0x0000000709000000, 0x0000000709000000, 0x0000000709200000|  0%| F|  |TAMS 0x0000000709000000, 0x0000000709000000| Untracked 
|  73|0x0000000709200000, 0x0000000709200000, 0x0000000709400000|  0%| F|  |TAMS 0x0000000709200000, 0x0000000709200000| Untracked 
|  74|0x0000000709400000, 0x0000000709400000, 0x0000000709600000|  0%| F|  |TAMS 0x0000000709400000, 0x0000000709400000| Untracked 
|  75|0x0000000709600000, 0x0000000709600000, 0x0000000709800000|  0%| F|  |TAMS 0x0000000709600000, 0x0000000709600000| Untracked 
|  76|0x0000000709800000, 0x0000000709800000, 0x0000000709a00000|  0%| F|  |TAMS 0x0000000709800000, 0x0000000709800000| Untracked 
|  77|0x0000000709a00000, 0x0000000709a00000, 0x0000000709c00000|  0%| F|  |TAMS 0x0000000709a00000, 0x0000000709a00000| Untracked 
|  78|0x0000000709c00000, 0x0000000709c00000, 0x0000000709e00000|  0%| F|  |TAMS 0x0000000709c00000, 0x0000000709c00000| Untracked 
|  79|0x0000000709e00000, 0x000000070a000000, 0x000000070a000000|100%| O|  |TAMS 0x000000070a000000, 0x0000000709e00000| Untracked 
|  80|0x000000070a000000, 0x000000070a200000, 0x000000070a200000|100%| O|  |TAMS 0x000000070a200000, 0x000000070a000000| Untracked 
|  81|0x000000070a200000, 0x000000070a400000, 0x000000070a400000|100%| O|  |TAMS 0x000000070a400000, 0x000000070a200000| Untracked 
|  82|0x000000070a400000, 0x000000070a600000, 0x000000070a600000|100%| O|  |TAMS 0x000000070a5e8a00, 0x000000070a400000| Untracked 
|  83|0x000000070a600000, 0x000000070a800000, 0x000000070a800000|100%| O|  |TAMS 0x000000070a600000, 0x000000070a600000| Untracked 
|  84|0x000000070a800000, 0x000000070aa00000, 0x000000070aa00000|100%| O|  |TAMS 0x000000070a800000, 0x000000070a800000| Untracked 
|  85|0x000000070aa00000, 0x000000070ac00000, 0x000000070ac00000|100%| O|  |TAMS 0x000000070aa00000, 0x000000070aa00000| Untracked 
|  86|0x000000070ac00000, 0x000000070ae00000, 0x000000070ae00000|100%| O|  |TAMS 0x000000070ac00000, 0x000000070ac00000| Untracked 
|  87|0x000000070ae00000, 0x000000070b000000, 0x000000070b000000|100%| O|  |TAMS 0x000000070ae00000, 0x000000070ae00000| Untracked 
|  88|0x000000070b000000, 0x000000070b200000, 0x000000070b200000|100%| O|  |TAMS 0x000000070b000000, 0x000000070b000000| Untracked 
|  89|0x000000070b200000, 0x000000070b200000, 0x000000070b400000|  0%| F|  |TAMS 0x000000070b200000, 0x000000070b200000| Untracked 
|  90|0x000000070b400000, 0x000000070b400000, 0x000000070b600000|  0%| F|  |TAMS 0x000000070b400000, 0x000000070b400000| Untracked 
|  91|0x000000070b600000, 0x000000070b600000, 0x000000070b800000|  0%| F|  |TAMS 0x000000070b600000, 0x000000070b600000| Untracked 
|  92|0x000000070b800000, 0x000000070b800000, 0x000000070ba00000|  0%| F|  |TAMS 0x000000070b800000, 0x000000070b800000| Untracked 
|  93|0x000000070ba00000, 0x000000070ba00000, 0x000000070bc00000|  0%| F|  |TAMS 0x000000070ba00000, 0x000000070ba00000| Untracked 
|  94|0x000000070bc00000, 0x000000070bc00000, 0x000000070be00000|  0%| F|  |TAMS 0x000000070bc00000, 0x000000070bc00000| Untracked 
|  95|0x000000070be00000, 0x000000070be00000, 0x000000070c000000|  0%| F|  |TAMS 0x000000070be00000, 0x000000070be00000| Untracked 
|  96|0x000000070c000000, 0x000000070c200000, 0x000000070c200000|100%| S|CS|TAMS 0x000000070c000000, 0x000000070c000000| Complete 
|  97|0x000000070c200000, 0x000000070c200000, 0x000000070c400000|  0%| F|  |TAMS 0x000000070c200000, 0x000000070c200000| Untracked 
|  98|0x000000070c400000, 0x000000070c400000, 0x000000070c600000|  0%| F|  |TAMS 0x000000070c400000, 0x000000070c400000| Untracked 
|  99|0x000000070c600000, 0x000000070c600000, 0x000000070c800000|  0%| F|  |TAMS 0x000000070c600000, 0x000000070c600000| Untracked 
| 100|0x000000070c800000, 0x000000070c800000, 0x000000070ca00000|  0%| F|  |TAMS 0x000000070c800000, 0x000000070c800000| Untracked 
| 101|0x000000070ca00000, 0x000000070ca00000, 0x000000070cc00000|  0%| F|  |TAMS 0x000000070ca00000, 0x000000070ca00000| Untracked 
| 102|0x000000070cc00000, 0x000000070ce00000, 0x000000070ce00000|100%| S|CS|TAMS 0x000000070cc00000, 0x000000070cc00000| Complete 
| 103|0x000000070ce00000, 0x000000070d000000, 0x000000070d000000|100%| S|CS|TAMS 0x000000070ce00000, 0x000000070ce00000| Complete 
| 104|0x000000070d000000, 0x000000070d200000, 0x000000070d200000|100%| S|CS|TAMS 0x000000070d000000, 0x000000070d000000| Complete 
| 105|0x000000070d200000, 0x000000070d400000, 0x000000070d400000|100%| S|CS|TAMS 0x000000070d200000, 0x000000070d200000| Complete 
| 106|0x000000070d400000, 0x000000070d400000, 0x000000070d600000|  0%| F|  |TAMS 0x000000070d400000, 0x000000070d400000| Untracked 
| 107|0x000000070d600000, 0x000000070d600000, 0x000000070d800000|  0%| F|  |TAMS 0x000000070d600000, 0x000000070d600000| Untracked 
| 108|0x000000070d800000, 0x000000070d800000, 0x000000070da00000|  0%| F|  |TAMS 0x000000070d800000, 0x000000070d800000| Untracked 
| 109|0x000000070da00000, 0x000000070da00000, 0x000000070dc00000|  0%| F|  |TAMS 0x000000070da00000, 0x000000070da00000| Untracked 
| 110|0x000000070dc00000, 0x000000070dc00000, 0x000000070de00000|  0%| F|  |TAMS 0x000000070dc00000, 0x000000070dc00000| Untracked 
| 111|0x000000070de00000, 0x000000070de00000, 0x000000070e000000|  0%| F|  |TAMS 0x000000070de00000, 0x000000070de00000| Untracked 
| 112|0x000000070e000000, 0x000000070e000000, 0x000000070e200000|  0%| F|  |TAMS 0x000000070e000000, 0x000000070e000000| Untracked 
| 113|0x000000070e200000, 0x000000070e200000, 0x000000070e400000|  0%| F|  |TAMS 0x000000070e200000, 0x000000070e200000| Untracked 
| 114|0x000000070e400000, 0x000000070e400000, 0x000000070e600000|  0%| F|  |TAMS 0x000000070e400000, 0x000000070e400000| Untracked 
| 115|0x000000070e600000, 0x000000070e600000, 0x000000070e800000|  0%| F|  |TAMS 0x000000070e600000, 0x000000070e600000| Untracked 
| 116|0x000000070e800000, 0x000000070e800000, 0x000000070ea00000|  0%| F|  |TAMS 0x000000070e800000, 0x000000070e800000| Untracked 
| 117|0x000000070ea00000, 0x000000070ea00000, 0x000000070ec00000|  0%| F|  |TAMS 0x000000070ea00000, 0x000000070ea00000| Untracked 
| 118|0x000000070ec00000, 0x000000070ec00000, 0x000000070ee00000|  0%| F|  |TAMS 0x000000070ec00000, 0x000000070ec00000| Untracked 
| 119|0x000000070ee00000, 0x000000070ee00000, 0x000000070f000000|  0%| F|  |TAMS 0x000000070ee00000, 0x000000070ee00000| Untracked 
| 120|0x000000070f000000, 0x000000070f000000, 0x000000070f200000|  0%| F|  |TAMS 0x000000070f000000, 0x000000070f000000| Untracked 
| 121|0x000000070f200000, 0x000000070f200000, 0x000000070f400000|  0%| F|  |TAMS 0x000000070f200000, 0x000000070f200000| Untracked 
| 122|0x000000070f400000, 0x000000070f400000, 0x000000070f600000|  0%| F|  |TAMS 0x000000070f400000, 0x000000070f400000| Untracked 
| 123|0x000000070f600000, 0x000000070f600000, 0x000000070f800000|  0%| F|  |TAMS 0x000000070f600000, 0x000000070f600000| Untracked 
| 124|0x000000070f800000, 0x000000070f800000, 0x000000070fa00000|  0%| F|  |TAMS 0x000000070f800000, 0x000000070f800000| Untracked 
| 125|0x000000070fa00000, 0x000000070fa00000, 0x000000070fc00000|  0%| F|  |TAMS 0x000000070fa00000, 0x000000070fa00000| Untracked 
| 126|0x000000070fc00000, 0x000000070fc00000, 0x000000070fe00000|  0%| F|  |TAMS 0x000000070fc00000, 0x000000070fc00000| Untracked 
| 127|0x000000070fe00000, 0x000000070fe00000, 0x0000000710000000|  0%| F|  |TAMS 0x000000070fe00000, 0x000000070fe00000| Untracked 
| 128|0x0000000710000000, 0x0000000710000000, 0x0000000710200000|  0%| F|  |TAMS 0x0000000710000000, 0x0000000710000000| Untracked 
| 129|0x0000000710200000, 0x0000000710200000, 0x0000000710400000|  0%| F|  |TAMS 0x0000000710200000, 0x0000000710200000| Untracked 
| 130|0x0000000710400000, 0x0000000710400000, 0x0000000710600000|  0%| F|  |TAMS 0x0000000710400000, 0x0000000710400000| Untracked 
| 131|0x0000000710600000, 0x0000000710600000, 0x0000000710800000|  0%| F|  |TAMS 0x0000000710600000, 0x0000000710600000| Untracked 
| 132|0x0000000710800000, 0x0000000710800000, 0x0000000710a00000|  0%| F|  |TAMS 0x0000000710800000, 0x0000000710800000| Untracked 
| 133|0x0000000710a00000, 0x0000000710a00000, 0x0000000710c00000|  0%| F|  |TAMS 0x0000000710a00000, 0x0000000710a00000| Untracked 
| 134|0x0000000710c00000, 0x0000000710c00000, 0x0000000710e00000|  0%| F|  |TAMS 0x0000000710c00000, 0x0000000710c00000| Untracked 
| 135|0x0000000710e00000, 0x0000000710e00000, 0x0000000711000000|  0%| F|  |TAMS 0x0000000710e00000, 0x0000000710e00000| Untracked 
| 136|0x0000000711000000, 0x0000000711000000, 0x0000000711200000|  0%| F|  |TAMS 0x0000000711000000, 0x0000000711000000| Untracked 
| 137|0x0000000711200000, 0x0000000711200000, 0x0000000711400000|  0%| F|  |TAMS 0x0000000711200000, 0x0000000711200000| Untracked 
| 138|0x0000000711400000, 0x0000000711400000, 0x0000000711600000|  0%| F|  |TAMS 0x0000000711400000, 0x0000000711400000| Untracked 

Card table byte_map: [0x0000022577330000,0x0000022577b30000] _byte_map_base: 0x0000022573b30000

Marking Bits (Prev, Next): (CMBitMap*) 0x00000225646d8280, (CMBitMap*) 0x00000225646d8240
 Prev Bits: [0x0000022500000000, 0x0000022504000000)
 Next Bits: [0x0000022578330000, 0x000002257c330000)

Polling page: 0x00000225625e0000

Metaspace:

Usage:
  Non-class:    105.36 MB used.
      Class:     15.59 MB used.
       Both:    120.95 MB used.

Virtual space:
  Non-class space:      112.00 MB reserved,     105.75 MB ( 94%) committed,  14 nodes.
      Class space:        1.00 GB reserved,      16.06 MB (  2%) committed,  1 nodes.
             Both:        1.11 GB reserved,     121.81 MB ( 11%) committed. 

Chunk freelists:
   Non-Class:  2.16 MB
       Class:  3.97 MB
        Both:  6.12 MB

MaxMetaspaceSize: unlimited
CompressedClassSpaceSize: 1.00 GB
Initial GC threshold: 21.00 MB
Current GC threshold: 194.94 MB
CDS: off
MetaspaceReclaimPolicy: balanced
 - commit_granule_bytes: 65536.
 - commit_granule_words: 8192.
 - virtual_space_node_default_size: 1048576.
 - enlarge_chunks_in_place: 1.
 - new_chunks_are_fully_committed: 0.
 - uncommit_free_chunks: 1.
 - use_allocation_guard: 0.
 - handle_deallocations: 1.


Internal statistics:

num_allocs_failed_limit: 6.
num_arena_births: 1434.
num_arena_deaths: 0.
num_vsnodes_births: 15.
num_vsnodes_deaths: 0.
num_space_committed: 1946.
num_space_uncommitted: 0.
num_chunks_returned_to_freelist: 6.
num_chunks_taken_from_freelist: 6147.
num_chunk_merges: 6.
num_chunk_splits: 4098.
num_chunks_enlarged: 2765.
num_purges: 0.
num_inconsistent_stats: 0.

CodeHeap 'non-profiled nmethods': size=120000Kb used=11634Kb max_used=12443Kb free=108365Kb
 bounds [0x000002256f600000, 0x0000022570240000, 0x0000022576b30000]
CodeHeap 'profiled nmethods': size=120000Kb used=30000Kb max_used=30970Kb free=89999Kb
 bounds [0x0000022567b30000, 0x00000225699a0000, 0x000002256f060000]
CodeHeap 'non-nmethods': size=5760Kb used=2428Kb max_used=2491Kb free=3331Kb
 bounds [0x000002256f060000, 0x000002256f2e0000, 0x000002256f600000]
 total_blobs=16042 nmethods=15074 adapters=880
 compilation: enabled
              stopped_count=0, restarted_count=0
 full_count=0

Compilation events (20 events):
Event: 332.657 Thread 0x000002257f438000 19123       2       com.android.tools.r8.internal.Qa::a (18 bytes)
Event: 332.657 Thread 0x000002257f438000 nmethod 19123 0x0000022569833610 code [0x00000225698337c0, 0x0000022569833928]
Event: 332.657 Thread 0x000002257f438000 19124       2       com.android.tools.r8.internal.I7::l (2 bytes)
Event: 332.658 Thread 0x000002257f438000 nmethod 19124 0x0000022568e4a990 code [0x0000022568e4ab20, 0x0000022568e4ac38]
Event: 332.705 Thread 0x000002257e85e2e0 nmethod 19083% 0x000002256f997790 code [0x000002256f997da0, 0x000002256f99de80]
Event: 332.709 Thread 0x000002257e85e2e0 19122       4       com.android.tools.r8.graph.Y3::a (174 bytes)
Event: 332.786 Thread 0x000002257e85e2e0 nmethod 19122 0x000002256fea3710 code [0x000002256fea3980, 0x000002256fea4f40]
Event: 332.787 Thread 0x000002257e85e2e0 19116       4       com.android.tools.r8.internal.xA::a (63 bytes)
Event: 332.895 Thread 0x000002257f438000 19127       3       com.android.tools.r8.internal.z6::a (430 bytes)
Event: 332.897 Thread 0x000002257f438000 nmethod 19127 0x000002256983f990 code [0x000002256983fdc0, 0x0000022569841358]
Event: 332.970 Thread 0x000002257e85e2e0 nmethod 19116 0x000002256fe6bb90 code [0x000002256fe6be40, 0x000002256fe6eb40]
Event: 332.973 Thread 0x000002257e85e2e0 19126 %     4       com.android.tools.r8.internal.Ia::a @ 2708 (6329 bytes)
Event: 333.018 Thread 0x000002257f438000 19132       2       com.android.tools.r8.internal.Ia::a (148 bytes)
Event: 333.020 Thread 0x000002257f438000 nmethod 19132 0x0000022568d6ea90 code [0x0000022568d6ec60, 0x0000022568d6f088]
Event: 333.022 Thread 0x000002257f438000 19133       2       com.android.tools.r8.graph.u2::<init> (21 bytes)
Event: 333.023 Thread 0x000002257f438000 nmethod 19133 0x000002256808ef90 code [0x000002256808f140, 0x000002256808f308]
Event: 333.059 Thread 0x000002257f438000 19134 %     3       com.android.tools.r8.internal.Ia::a @ 12 (148 bytes)
Event: 333.060 Thread 0x000002257f438000 nmethod 19134% 0x0000022568069090 code [0x0000022568069280, 0x0000022568069808]
Event: 333.060 Thread 0x000002257f438000 19135       3       com.android.tools.r8.internal.Ia::a (148 bytes)
Event: 333.061 Thread 0x000002257f438000 nmethod 19135 0x0000022567b5be90 code [0x0000022567b5c080, 0x0000022567b5c5a8]

GC Heap History (20 events):
Event: 291.096 GC heap after
{Heap after GC invocations=68 (full 0):
 garbage-first heap   total 284672K, used 158114K [0x0000000700000000, 0x0000000800000000)
  region size 2048K, 5 young (10240K), 5 survivors (10240K)
 Metaspace       used 111749K, committed 112640K, reserved 1146880K
  class space    used 14472K, committed 14912K, reserved 1048576K
}
Event: 296.893 GC heap before
{Heap before GC invocations=68 (full 0):
 garbage-first heap   total 284672K, used 215458K [0x0000000700000000, 0x0000000800000000)
  region size 2048K, 33 young (67584K), 5 survivors (10240K)
 Metaspace       used 113030K, committed 113856K, reserved 1155072K
  class space    used 14569K, committed 14976K, reserved 1048576K
}
Event: 296.916 GC heap after
{Heap after GC invocations=69 (full 0):
 garbage-first heap   total 284672K, used 167714K [0x0000000700000000, 0x0000000800000000)
  region size 2048K, 5 young (10240K), 5 survivors (10240K)
 Metaspace       used 113030K, committed 113856K, reserved 1155072K
  class space    used 14569K, committed 14976K, reserved 1048576K
}
Event: 300.392 GC heap before
{Heap before GC invocations=69 (full 0):
 garbage-first heap   total 284672K, used 220962K [0x0000000700000000, 0x0000000800000000)
  region size 2048K, 31 young (63488K), 5 survivors (10240K)
 Metaspace       used 113535K, committed 114368K, reserved 1155072K
  class space    used 14609K, committed 15040K, reserved 1048576K
}
Event: 300.402 GC heap after
{Heap after GC invocations=70 (full 0):
 garbage-first heap   total 284672K, used 163104K [0x0000000700000000, 0x0000000800000000)
  region size 2048K, 1 young (2048K), 1 survivors (2048K)
 Metaspace       used 113535K, committed 114368K, reserved 1155072K
  class space    used 14609K, committed 15040K, reserved 1048576K
}
Event: 310.416 GC heap before
{Heap before GC invocations=70 (full 0):
 garbage-first heap   total 284672K, used 224544K [0x0000000700000000, 0x0000000800000000)
  region size 2048K, 32 young (65536K), 1 survivors (2048K)
 Metaspace       used 115656K, committed 116480K, reserved 1155072K
  class space    used 14856K, committed 15232K, reserved 1048576K
}
Event: 310.427 GC heap after
{Heap after GC invocations=71 (full 0):
 garbage-first heap   total 284672K, used 164676K [0x0000000700000000, 0x0000000800000000)
  region size 2048K, 2 young (4096K), 2 survivors (4096K)
 Metaspace       used 115656K, committed 116480K, reserved 1155072K
  class space    used 14856K, committed 15232K, reserved 1048576K
}
Event: 315.198 GC heap before
{Heap before GC invocations=71 (full 0):
 garbage-first heap   total 284672K, used 230212K [0x0000000700000000, 0x0000000800000000)
  region size 2048K, 35 young (71680K), 2 survivors (4096K)
 Metaspace       used 116845K, committed 117696K, reserved 1155072K
  class space    used 14992K, committed 15424K, reserved 1048576K
}
Event: 315.221 GC heap after
{Heap after GC invocations=72 (full 0):
 garbage-first heap   total 284672K, used 170238K [0x0000000700000000, 0x0000000800000000)
  region size 2048K, 5 young (10240K), 5 survivors (10240K)
 Metaspace       used 116845K, committed 117696K, reserved 1155072K
  class space    used 14992K, committed 15424K, reserved 1048576K
}
Event: 323.422 GC heap before
{Heap before GC invocations=72 (full 0):
 garbage-first heap   total 284672K, used 229630K [0x0000000700000000, 0x0000000800000000)
  region size 2048K, 35 young (71680K), 5 survivors (10240K)
 Metaspace       used 117754K, committed 118592K, reserved 1155072K
  class space    used 15120K, committed 15552K, reserved 1048576K
}
Event: 323.441 GC heap after
{Heap after GC invocations=73 (full 0):
 garbage-first heap   total 284672K, used 175669K [0x0000000700000000, 0x0000000800000000)
  region size 2048K, 3 young (6144K), 3 survivors (6144K)
 Metaspace       used 117754K, committed 118592K, reserved 1155072K
  class space    used 15120K, committed 15552K, reserved 1048576K
}
Event: 324.009 GC heap before
{Heap before GC invocations=73 (full 0):
 garbage-first heap   total 284672K, used 233013K [0x0000000700000000, 0x0000000800000000)
  region size 2048K, 32 young (65536K), 3 survivors (6144K)
 Metaspace       used 118423K, committed 119232K, reserved 1155072K
  class space    used 15202K, committed 15616K, reserved 1048576K
}
Event: 324.025 GC heap after
{Heap after GC invocations=74 (full 0):
 garbage-first heap   total 284672K, used 189318K [0x0000000700000000, 0x0000000800000000)
  region size 2048K, 4 young (8192K), 4 survivors (8192K)
 Metaspace       used 118423K, committed 119232K, reserved 1155072K
  class space    used 15202K, committed 15616K, reserved 1048576K
}
Event: 326.943 GC heap before
{Heap before GC invocations=75 (full 0):
 garbage-first heap   total 284672K, used 207750K [0x0000000700000000, 0x0000000800000000)
  region size 2048K, 26 young (53248K), 4 survivors (8192K)
 Metaspace       used 121546K, committed 122432K, reserved 1155072K
  class space    used 15617K, committed 16064K, reserved 1048576K
}
Event: 326.969 GC heap after
{Heap after GC invocations=76 (full 0):
 garbage-first heap   total 284672K, used 169271K [0x0000000700000000, 0x0000000800000000)
  region size 2048K, 4 young (8192K), 4 survivors (8192K)
 Metaspace       used 121546K, committed 122432K, reserved 1155072K
  class space    used 15617K, committed 16064K, reserved 1048576K
}
Event: 327.134 GC heap before
{Heap before GC invocations=76 (full 0):
 garbage-first heap   total 284672K, used 173367K [0x0000000700000000, 0x0000000800000000)
  region size 2048K, 6 young (12288K), 4 survivors (8192K)
 Metaspace       used 121549K, committed 122432K, reserved 1155072K
  class space    used 15617K, committed 16064K, reserved 1048576K
}
Event: 327.155 GC heap after
{Heap after GC invocations=77 (full 0):
 garbage-first heap   total 284672K, used 141674K [0x0000000700000000, 0x0000000800000000)
  region size 2048K, 1 young (2048K), 1 survivors (2048K)
 Metaspace       used 121549K, committed 122432K, reserved 1155072K
  class space    used 15617K, committed 16064K, reserved 1048576K
}
Event: 328.939 GC heap before
{Heap before GC invocations=77 (full 0):
 garbage-first heap   total 284672K, used 215402K [0x0000000700000000, 0x0000000800000000)
  region size 2048K, 37 young (75776K), 1 survivors (2048K)
 Metaspace       used 122200K, committed 123072K, reserved 1163264K
  class space    used 15705K, committed 16192K, reserved 1048576K
}
Event: 328.978 GC heap after
{Heap after GC invocations=78 (full 0):
 garbage-first heap   total 284672K, used 154691K [0x0000000700000000, 0x0000000800000000)
  region size 2048K, 5 young (10240K), 5 survivors (10240K)
 Metaspace       used 122200K, committed 123072K, reserved 1163264K
  class space    used 15705K, committed 16192K, reserved 1048576K
}
Event: 333.180 GC heap before
{Heap before GC invocations=78 (full 0):
 garbage-first heap   total 284672K, used 222275K [0x0000000700000000, 0x0000000800000000)
  region size 2048K, 38 young (77824K), 5 survivors (10240K)
 Metaspace       used 123855K, committed 124736K, reserved 1163264K
  class space    used 15967K, committed 16448K, reserved 1048576K
}

Dll operation events (2 events):
Event: 0.044 Loaded shared library C:\Program Files\Android\Android Studio1\jbr\bin\java.dll
Event: 4.156 Loaded shared library C:\Program Files\Android\Android Studio1\jbr\bin\verify.dll

Deoptimization events (20 events):
Event: 329.946 Thread 0x00000225064bdf20 DEOPT PACKING pc=0x00000225701f9368 sp=0x00000074f71f7450
Event: 329.946 Thread 0x00000225064bdf20 DEOPT UNPACKING pc=0x000002256f0b69a3 sp=0x00000074f71f7448 mode 2
Event: 329.946 Thread 0x0000022504bc73c0 DEOPT PACKING pc=0x00000225701f9368 sp=0x00000074f67fa390
Event: 329.946 Thread 0x0000022504bc73c0 DEOPT UNPACKING pc=0x000002256f0b69a3 sp=0x00000074f67fa388 mode 2
Event: 329.946 Thread 0x0000022504bcb250 DEOPT PACKING pc=0x00000225701f9368 sp=0x00000074f62fa250
Event: 329.946 Thread 0x0000022504bcb250 DEOPT UNPACKING pc=0x000002256f0b69a3 sp=0x00000074f62fa248 mode 2
Event: 333.016 Thread 0x0000022504bc73c0 Uncommon trap: trap_request=0xffffff45 fr.pc=0x00000225701bb1c4 relative=0x0000000000000904
Event: 333.016 Thread 0x0000022504bc73c0 Uncommon trap: reason=unstable_if action=reinterpret pc=0x00000225701bb1c4 method=com.android.tools.r8.internal.Ia.a([CII)Ljava/lang/String; @ 59 c2
Event: 333.016 Thread 0x0000022504bc73c0 DEOPT PACKING pc=0x00000225701bb1c4 sp=0x00000074f67f9eb0
Event: 333.016 Thread 0x0000022504bc73c0 DEOPT UNPACKING pc=0x000002256f0b69a3 sp=0x00000074f67f9e68 mode 2
Event: 333.016 Thread 0x0000022504bc73c0 Uncommon trap: trap_request=0xffffff45 fr.pc=0x00000225701d50f8 relative=0x00000000000009d8
Event: 333.016 Thread 0x0000022504bc73c0 Uncommon trap: reason=unstable_if action=reinterpret pc=0x00000225701d50f8 method=com.android.tools.r8.graph.u2.a(Ljava/lang/String;)[B @ 37 c2
Event: 333.016 Thread 0x0000022504bc73c0 DEOPT PACKING pc=0x00000225701d50f8 sp=0x00000074f67f9e70
Event: 333.016 Thread 0x0000022504bc73c0 DEOPT UNPACKING pc=0x000002256f0b69a3 sp=0x00000074f67f9dd8 mode 2
Event: 333.017 Thread 0x0000022504bc73c0 Uncommon trap: trap_request=0xffffff45 fr.pc=0x00000225701b9f24 relative=0x0000000000000104
Event: 333.017 Thread 0x0000022504bc73c0 Uncommon trap: reason=unstable_if action=reinterpret pc=0x00000225701b9f24 method=com.android.tools.r8.graph.u2.a(C[BI)I @ 27 c2
Event: 333.017 Thread 0x0000022504bc73c0 DEOPT PACKING pc=0x00000225701b9f24 sp=0x00000074f67f9db0
Event: 333.017 Thread 0x0000022504bc73c0 DEOPT UNPACKING pc=0x000002256f0b69a3 sp=0x00000074f67f9d58 mode 2
Event: 333.061 Thread 0x0000022504bc73c0 DEOPT PACKING pc=0x0000022568d6efe5 sp=0x00000074f67fa450
Event: 333.061 Thread 0x0000022504bc73c0 DEOPT UNPACKING pc=0x000002256f0b7143 sp=0x00000074f67f98e8 mode 0

Classes unloaded (0 events):
No events

Classes redefined (0 events):
No events

Internal exceptions (20 events):
Event: 316.266 Thread 0x000002250440a3a0 Exception <a 'java/lang/NoSuchMethodError'{0x00000007103453a0}: 'int java.lang.invoke.DirectMethodHandle$Holder.invokeSpecialIFC(java.lang.Object, java.lang.Object, java.lang.Object)'> (0x00000007103453a0) 
thrown [s\src\hotspot\share\interpreter\linkResolver.cpp, line 771]
Event: 316.394 Thread 0x00000225064bdf20 Exception <a 'sun/nio/fs/WindowsException'{0x000000071039aff8}> (0x000000071039aff8) 
thrown [s\src\hotspot\share\prims\jni.cpp, line 517]
Event: 322.399 Thread 0x00000225064bdf20 Exception <a 'sun/nio/fs/WindowsException'{0x000000070ec060e0}> (0x000000070ec060e0) 
thrown [s\src\hotspot\share\prims\jni.cpp, line 517]
Event: 323.769 Thread 0x00000225064bdf20 Exception <a 'sun/nio/fs/WindowsException'{0x000000070f7819b8}> (0x000000070f7819b8) 
thrown [s\src\hotspot\share\prims\jni.cpp, line 517]
Event: 324.062 Thread 0x0000022504bcb250 Exception <a 'sun/nio/fs/WindowsException'{0x000000071122d5c0}> (0x000000071122d5c0) 
thrown [s\src\hotspot\share\prims\jni.cpp, line 517]
Event: 324.130 Thread 0x0000022504bc73c0 Exception <a 'sun/nio/fs/WindowsException'{0x0000000711335bc8}> (0x0000000711335bc8) 
thrown [s\src\hotspot\share\prims\jni.cpp, line 517]
Event: 324.960 Thread 0x00000225064bdf20 Exception <a 'java/lang/NoSuchMethodError'{0x0000000710b080f0}: 'java.lang.Object java.lang.invoke.DirectMethodHandle$Holder.invokeStaticInit(java.lang.Object, java.lang.Object, java.lang.Object, java.lang.Object, java.lang.Object, java.lang.Object, java.lang.Object, java.lang.Object, java.lang.Object, java.lang.Object, java.lang.Object, java.lang.Object, java.lang.Object, java.lang.Object, java.lang.Object, java.lang.Object, java.lang.Object, java.lang.Object, java.lang.Object, java.lang.Object, int, java
Event: 325.131 Thread 0x0000022504bc73c0 Exception <a 'java/lang/IncompatibleClassChangeError'{0x0000000710b8a298}: Found class java.lang.Object, but interface was expected> (0x0000000710b8a298) 
thrown [s\src\hotspot\share\interpreter\linkResolver.cpp, line 838]
Event: 325.131 Thread 0x00000225064bdf20 Exception <a 'java/lang/IncompatibleClassChangeError'{0x0000000710803008}: Found class java.lang.Object, but interface was expected> (0x0000000710803008) 
thrown [s\src\hotspot\share\interpreter\linkResolver.cpp, line 838]
Event: 329.904 Thread 0x0000022504bc73c0 Exception <a 'java/lang/NoSuchMethodError'{0x0000000710b51028}: 'void java.lang.invoke.DirectMethodHandle$Holder.invokeStatic(java.lang.Object, java.lang.Object, java.lang.Object, int)'> (0x0000000710b51028) 
thrown [s\src\hotspot\share\interpreter\linkResolver.cpp, line 771]
Event: 329.904 Thread 0x0000022504bcb250 Exception <a 'java/lang/NoSuchMethodError'{0x0000000710b95040}: 'void java.lang.invoke.DirectMethodHandle$Holder.invokeStatic(java.lang.Object, java.lang.Object, java.lang.Object, int)'> (0x0000000710b95040) 
thrown [s\src\hotspot\share\interpreter\linkResolver.cpp, line 771]
Event: 329.905 Thread 0x00000225064bdf20 Exception <a 'java/lang/NoSuchMethodError'{0x0000000710945068}: 'void java.lang.invoke.DirectMethodHandle$Holder.invokeStatic(java.lang.Object, java.lang.Object, java.lang.Object, int)'> (0x0000000710945068) 
thrown [s\src\hotspot\share\interpreter\linkResolver.cpp, line 771]
Event: 329.911 Thread 0x0000022504bcb250 Exception <a 'java/lang/IncompatibleClassChangeError'{0x0000000710ba3950}: Found class java.lang.Object, but interface was expected> (0x0000000710ba3950) 
thrown [s\src\hotspot\share\interpreter\linkResolver.cpp, line 838]
Event: 329.913 Thread 0x0000022504bcb250 Exception <a 'java/lang/NoSuchMethodError'{0x0000000710bab898}: 'void java.lang.invoke.DirectMethodHandle$Holder.invokeInterface(java.lang.Object, java.lang.Object, java.lang.Object, int)'> (0x0000000710bab898) 
thrown [s\src\hotspot\share\interpreter\linkResolver.cpp, line 771]
Event: 329.945 Thread 0x0000022504bcb250 Implicit null exception at 0x00000225701f8ff9 to 0x00000225701f9358
Event: 329.945 Thread 0x00000225064bdf20 Implicit null exception at 0x00000225701f8ff9 to 0x00000225701f9358
Event: 329.945 Thread 0x0000022504bc73c0 Implicit null exception at 0x00000225701f8ff9 to 0x00000225701f9358
Event: 329.945 Thread 0x00000225064bdf20 Implicit null exception at 0x00000225701f8ff9 to 0x00000225701f9358
Event: 329.945 Thread 0x0000022504bc73c0 Implicit null exception at 0x00000225701f8ff9 to 0x00000225701f9358
Event: 329.946 Thread 0x0000022504bcb250 Implicit null exception at 0x00000225701f8ff9 to 0x00000225701f9358

VM Operations (20 events):
Event: 329.058 Executing VM operation: G1CollectForAllocation done
Event: 329.282 Executing VM operation: HandshakeAllThreads
Event: 329.292 Executing VM operation: HandshakeAllThreads done
Event: 329.370 Executing VM operation: HandshakeAllThreads
Event: 329.383 Executing VM operation: HandshakeAllThreads done
Event: 329.943 Executing VM operation: HandshakeAllThreads
Event: 329.943 Executing VM operation: HandshakeAllThreads done
Event: 330.262 Executing VM operation: HandshakeAllThreads
Event: 330.262 Executing VM operation: HandshakeAllThreads done
Event: 330.262 Executing VM operation: Cleanup
Event: 330.263 Executing VM operation: Cleanup done
Event: 330.271 Executing VM operation: HandshakeAllThreads
Event: 330.271 Executing VM operation: HandshakeAllThreads done
Event: 330.275 Executing VM operation: HandshakeAllThreads
Event: 330.275 Executing VM operation: HandshakeAllThreads done
Event: 331.219 Executing VM operation: HandshakeAllThreads
Event: 331.533 Executing VM operation: HandshakeAllThreads done
Event: 331.549 Executing VM operation: Cleanup
Event: 332.088 Executing VM operation: Cleanup done
Event: 333.075 Executing VM operation: G1CollectForAllocation

Events (20 events):
Event: 331.968 Thread 0x000002257f4a5af0 flushing nmethod 0x0000022569870490
Event: 331.968 Thread 0x000002257f4a5af0 flushing nmethod 0x0000022569871710
Event: 331.968 Thread 0x000002257f4a5af0 flushing nmethod 0x0000022569877e90
Event: 331.968 Thread 0x000002257f4a5af0 flushing nmethod 0x0000022569878c90
Event: 331.968 Thread 0x000002257f4a5af0 flushing nmethod 0x000002256987ad90
Event: 331.968 Thread 0x000002257f4a5af0 flushing nmethod 0x000002256987b990
Event: 331.968 Thread 0x000002257f4a5af0 flushing nmethod 0x000002256987cb90
Event: 331.968 Thread 0x000002257f4a5af0 flushing nmethod 0x0000022569880e90
Event: 331.968 Thread 0x000002257f4a5af0 flushing nmethod 0x0000022569885910
Event: 331.968 Thread 0x000002257f4a5af0 flushing nmethod 0x000002256988a410
Event: 331.968 Thread 0x000002257f4a5af0 flushing nmethod 0x000002256988c210
Event: 331.968 Thread 0x000002257f4a5af0 flushing nmethod 0x000002256988e510
Event: 331.969 Thread 0x000002257f4a5af0 flushing nmethod 0x00000225698b0a10
Event: 331.969 Thread 0x000002257f4a5af0 flushing nmethod 0x00000225698b5590
Event: 331.969 Thread 0x000002257f4a5af0 flushing nmethod 0x00000225698bac90
Event: 331.969 Thread 0x000002257f4a5af0 flushing nmethod 0x00000225698e9d10
Event: 331.969 Thread 0x000002257f4a5af0 flushing nmethod 0x000002256994fc90
Event: 331.969 Thread 0x000002257f4a5af0 flushing nmethod 0x0000022569957490
Event: 331.969 Thread 0x000002257f4a5af0 flushing nmethod 0x000002256995ac90
Event: 331.969 Thread 0x000002257f4a5af0 flushing nmethod 0x0000022569962390


Dynamic libraries:
0x00007ff76dfe0000 - 0x00007ff76dfea000 	C:\Program Files\Android\Android Studio1\jbr\bin\java.exe
0x00007ffb4f9c0000 - 0x00007ffb4fbcf000 	C:\WINDOWS\SYSTEM32\ntdll.dll
0x00007ffb4f140000 - 0x00007ffb4f1fd000 	C:\WINDOWS\System32\KERNEL32.DLL
0x00007ffb4cfd0000 - 0x00007ffb4d364000 	C:\WINDOWS\System32\KERNELBASE.dll
0x00007ffb4ce40000 - 0x00007ffb4cf51000 	C:\WINDOWS\System32\ucrtbase.dll
0x00007ffafa7a0000 - 0x00007ffafa7b7000 	C:\Program Files\Android\Android Studio1\jbr\bin\jli.dll
0x00007ffb4f650000 - 0x00007ffb4f7fa000 	C:\WINDOWS\System32\USER32.dll
0x00007ffb4d670000 - 0x00007ffb4d696000 	C:\WINDOWS\System32\win32u.dll
0x00007ffb4e900000 - 0x00007ffb4e929000 	C:\WINDOWS\System32\GDI32.dll
0x00007ffb4d3f0000 - 0x00007ffb4d507000 	C:\WINDOWS\System32\gdi32full.dll
0x00007ffb4d510000 - 0x00007ffb4d5aa000 	C:\WINDOWS\System32\msvcp_win.dll
0x00007ffb45cc0000 - 0x00007ffb45cdb000 	C:\Program Files\Android\Android Studio1\jbr\bin\VCRUNTIME140.dll
0x00007ffb35a60000 - 0x00007ffb35d01000 	C:\WINDOWS\WinSxS\amd64_microsoft.windows.common-controls_6595b64144ccf1df_6.0.22543.1000_none_25f07d7fa9409c95\COMCTL32.dll
0x00007ffb4f8d0000 - 0x00007ffb4f974000 	C:\WINDOWS\System32\msvcrt.dll
0x00007ffb4f890000 - 0x00007ffb4f8c1000 	C:\WINDOWS\System32\IMM32.DLL
0x00007ffb48180000 - 0x00007ffb4818c000 	C:\Program Files\Android\Android Studio1\jbr\bin\vcruntime140_1.dll
0x00007ffb12e00000 - 0x00007ffb12e8d000 	C:\Program Files\Android\Android Studio1\jbr\bin\msvcp140.dll
0x00007ffb0d040000 - 0x00007ffb0dcae000 	C:\Program Files\Android\Android Studio1\jbr\bin\server\jvm.dll
0x00007ffb4f260000 - 0x00007ffb4f30e000 	C:\WINDOWS\System32\ADVAPI32.dll
0x00007ffb4e5e0000 - 0x00007ffb4e685000 	C:\WINDOWS\System32\sechost.dll
0x00007ffb4f510000 - 0x00007ffb4f62f000 	C:\WINDOWS\System32\RPCRT4.dll
0x00007ffb2d130000 - 0x00007ffb2d139000 	C:\WINDOWS\SYSTEM32\WSOCK32.dll
0x00007ffb4f490000 - 0x00007ffb4f501000 	C:\WINDOWS\System32\WS2_32.dll
0x00007ffb45220000 - 0x00007ffb45254000 	C:\WINDOWS\SYSTEM32\WINMM.dll
0x00007ffb45210000 - 0x00007ffb4521a000 	C:\WINDOWS\SYSTEM32\VERSION.dll
0x00007ffb4be80000 - 0x00007ffb4be97000 	C:\WINDOWS\SYSTEM32\kernel.appcore.dll
0x00007ffb3c7a0000 - 0x00007ffb3c7aa000 	C:\Program Files\Android\Android Studio1\jbr\bin\jimage.dll
0x00007ffb4a960000 - 0x00007ffb4ab84000 	C:\WINDOWS\SYSTEM32\DBGHELP.DLL
0x00007ffb4d8f0000 - 0x00007ffb4dc61000 	C:\WINDOWS\System32\combase.dll
0x00007ffb4e930000 - 0x00007ffb4ea07000 	C:\WINDOWS\System32\OLEAUT32.dll
0x00007ffb35d70000 - 0x00007ffb35da1000 	C:\WINDOWS\SYSTEM32\dbgcore.DLL
0x00007ffb4d370000 - 0x00007ffb4d3eb000 	C:\WINDOWS\System32\bcryptPrimitives.dll
0x00007ffb0d010000 - 0x00007ffb0d035000 	C:\Program Files\Android\Android Studio1\jbr\bin\java.dll
0x00007ffb0cff0000 - 0x00007ffb0d008000 	C:\Program Files\Android\Android Studio1\jbr\bin\zip.dll
0x00007ffb4dc70000 - 0x00007ffb4e42d000 	C:\WINDOWS\System32\SHELL32.dll
0x00007ffb4aea0000 - 0x00007ffb4b6f9000 	C:\WINDOWS\SYSTEM32\windows.storage.dll
0x00007ffb4ad60000 - 0x00007ffb4ae9c000 	C:\WINDOWS\SYSTEM32\wintypes.dll
0x00007ffb4f310000 - 0x00007ffb4f401000 	C:\WINDOWS\System32\SHCORE.dll
0x00007ffb4ea20000 - 0x00007ffb4ea7b000 	C:\WINDOWS\System32\shlwapi.dll
0x00007ffb4cd70000 - 0x00007ffb4cd91000 	C:\WINDOWS\SYSTEM32\profapi.dll
0x00007ffb0cfd0000 - 0x00007ffb0cfe9000 	C:\Program Files\Android\Android Studio1\jbr\bin\net.dll
0x00007ffb44bf0000 - 0x00007ffb44d01000 	C:\WINDOWS\SYSTEM32\WINHTTP.dll
0x00007ffb4c340000 - 0x00007ffb4c3a9000 	C:\WINDOWS\system32\mswsock.dll
0x00007ffb0cfb0000 - 0x00007ffb0cfc6000 	C:\Program Files\Android\Android Studio1\jbr\bin\nio.dll
0x00007ffb3a0f0000 - 0x00007ffb3a100000 	C:\Program Files\Android\Android Studio1\jbr\bin\verify.dll
0x00007ffb18120000 - 0x00007ffb18147000 	C:\Users\wilda\native\68d5fa5c4cc2d200863cafc0d521ce42e7d3e7ee720ec0a83991735586a16f82\windows-amd64\native-platform.dll
0x00007ffb09280000 - 0x00007ffb093c4000 	C:\Users\wilda\native\e376f236ea51e6404a007f0833ffe2c6e607c4080706a723a18a27aeea778392\windows-amd64\native-platform-file-events.dll
0x00007ffb39de0000 - 0x00007ffb39de9000 	C:\Program Files\Android\Android Studio1\jbr\bin\management.dll
0x00007ffb39d00000 - 0x00007ffb39d0b000 	C:\Program Files\Android\Android Studio1\jbr\bin\management_ext.dll
0x00007ffb4e430000 - 0x00007ffb4e438000 	C:\WINDOWS\System32\PSAPI.DLL
0x00007ffb4c590000 - 0x00007ffb4c5ac000 	C:\WINDOWS\SYSTEM32\CRYPTSP.dll
0x00007ffb4bde0000 - 0x00007ffb4be15000 	C:\WINDOWS\system32\rsaenh.dll
0x00007ffb4c440000 - 0x00007ffb4c467000 	C:\WINDOWS\SYSTEM32\USERENV.dll
0x00007ffb4c720000 - 0x00007ffb4c748000 	C:\WINDOWS\SYSTEM32\bcrypt.dll
0x00007ffb4c5b0000 - 0x00007ffb4c5bc000 	C:\WINDOWS\SYSTEM32\CRYPTBASE.dll
0x00007ffb4b950000 - 0x00007ffb4b97d000 	C:\WINDOWS\SYSTEM32\IPHLPAPI.DLL
0x00007ffb4ea10000 - 0x00007ffb4ea19000 	C:\WINDOWS\System32\NSI.dll
0x00007ffb45290000 - 0x00007ffb452a9000 	C:\WINDOWS\SYSTEM32\dhcpcsvc6.DLL
0x00007ffb44e60000 - 0x00007ffb44e7f000 	C:\WINDOWS\SYSTEM32\dhcpcsvc.DLL
0x00007ffb4b980000 - 0x00007ffb4ba76000 	C:\WINDOWS\SYSTEM32\DNSAPI.dll
0x00007ffb2d4e0000 - 0x00007ffb2d4e8000 	C:\WINDOWS\system32\wshunix.dll
0x00007ffb1d120000 - 0x00007ffb1d137000 	C:\WINDOWS\system32\napinsp.dll
0x00007ffb1d100000 - 0x00007ffb1d11b000 	C:\WINDOWS\system32\pnrpnsp.dll
0x00007ffb1d0e0000 - 0x00007ffb1d0f1000 	C:\WINDOWS\System32\winrnr.dll
0x00007ffb1d0b0000 - 0x00007ffb1d0d1000 	C:\WINDOWS\system32\nlansp_c.dll
0x00007ffb44e40000 - 0x00007ffb44e55000 	C:\WINDOWS\system32\wshbth.dll
0x00007ffb42340000 - 0x00007ffb4234a000 	C:\Windows\System32\rasadhlp.dll
0x00007ffb439e0000 - 0x00007ffb43a62000 	C:\WINDOWS\System32\fwpuclnt.dll
0x00007ffb4bea0000 - 0x00007ffb4bed4000 	C:\WINDOWS\SYSTEM32\ntmarta.dll
0x00007ffb481b0000 - 0x00007ffb481ca000 	C:\ProgramData\Microsoft\Windows Defender\Platform\4.18.23110.3-0\MpDetoursCopyAccelerator.dll
0x00007ffb32990000 - 0x00007ffb32ac9000 	C:\ProgramData\Microsoft\Windows Defender\Platform\4.18.23110.3-0\mpclient.dll
0x00007ffb4d6a0000 - 0x00007ffb4d7fc000 	C:\WINDOWS\System32\CRYPT32.dll
0x00007ffb4cf60000 - 0x00007ffb4cfc8000 	C:\WINDOWS\System32\WINTRUST.dll
0x00007ffb4c5f0000 - 0x00007ffb4c602000 	C:\WINDOWS\SYSTEM32\MSASN1.dll
0x00007ffb4c3d0000 - 0x00007ffb4c3f6000 	C:\WINDOWS\SYSTEM32\gpapi.dll

dbghelp: loaded successfully - version: 4.0.5 - missing functions: none
symbol engine: initialized successfully - sym options: 0x614 - pdb path: .;C:\Program Files\Android\Android Studio1\jbr\bin;C:\WINDOWS\SYSTEM32;C:\WINDOWS\WinSxS\amd64_microsoft.windows.common-controls_6595b64144ccf1df_6.0.22543.1000_none_25f07d7fa9409c95;C:\Program Files\Android\Android Studio1\jbr\bin\server;C:\Users\wilda\native\68d5fa5c4cc2d200863cafc0d521ce42e7d3e7ee720ec0a83991735586a16f82\windows-amd64;C:\Users\wilda\native\e376f236ea51e6404a007f0833ffe2c6e607c4080706a723a18a27aeea778392\windows-amd64;C:\ProgramData\Microsoft\Windows Defender\Platform\4.18.23110.3-0

VM Arguments:
jvm_args: --add-opens=java.base/java.util=ALL-UNNAMED --add-opens=java.base/java.lang=ALL-UNNAMED --add-opens=java.base/java.lang.invoke=ALL-UNNAMED --add-opens=java.prefs/java.util.prefs=ALL-UNNAMED --add-opens=java.base/java.nio.charset=ALL-UNNAMED --add-opens=java.base/java.net=ALL-UNNAMED --add-opens=java.base/java.util.concurrent.atomic=ALL-UNNAMED -Xmx4096m -Dfile.encoding=UTF-8 -Duser.country=ID -Duser.language=en -Duser.variant 
java_command: org.gradle.launcher.daemon.bootstrap.GradleDaemon 8.0
java_class_path (initial): C:\Users\wilda\wrapper\dists\gradle-8.0-bin\ca5e32bp14vu59qr306oxotwh\gradle-8.0\lib\gradle-launcher-8.0.jar
Launcher Type: SUN_STANDARD

[Global flags]
     intx CICompilerCount                          = 3                                         {product} {ergonomic}
     uint ConcGCThreads                            = 1                                         {product} {ergonomic}
     uint G1ConcRefinementThreads                  = 4                                         {product} {ergonomic}
   size_t G1HeapRegionSize                         = 2097152                                   {product} {ergonomic}
    uintx GCDrainStackTargetSize                   = 64                                        {product} {ergonomic}
   size_t InitialHeapSize                          = 167772160                                 {product} {ergonomic}
   size_t MarkStackSize                            = 4194304                                   {product} {ergonomic}
   size_t MaxHeapSize                              = 4294967296                                {product} {command line}
   size_t MaxNewSize                               = 2575302656                                {product} {ergonomic}
   size_t MinHeapDeltaBytes                        = 2097152                                   {product} {ergonomic}
   size_t MinHeapSize                              = 8388608                                   {product} {ergonomic}
    uintx NonNMethodCodeHeapSize                   = 5832780                                {pd product} {ergonomic}
    uintx NonProfiledCodeHeapSize                  = 122912730                              {pd product} {ergonomic}
    uintx ProfiledCodeHeapSize                     = 122912730                              {pd product} {ergonomic}
    uintx ReservedCodeCacheSize                    = 251658240                              {pd product} {ergonomic}
     bool SegmentedCodeCache                       = true                                      {product} {ergonomic}
   size_t SoftMaxHeapSize                          = 4294967296                             {manageable} {ergonomic}
     bool UseCompressedClassPointers               = true                           {product lp64_product} {ergonomic}
     bool UseCompressedOops                        = true                           {product lp64_product} {ergonomic}
     bool UseG1GC                                  = true                                      {product} {ergonomic}
     bool UseLargePagesIndividualAllocation        = false                                  {pd product} {ergonomic}

Logging:
Log output configuration:
 #0: stdout all=warning uptime,level,tags
 #1: stderr all=off uptime,level,tags

Environment Variables:
JAVA_HOME=C:\Users\wilda\AppData\Local\jdk-19.0.2
PATH=C:\Program Files (x86)\VMware\VMware Workstation\bin\;C:\Program Files (x86)\Common Files\Oracle\Java\javapath;C:\WINDOWS\system32;C:\WINDOWS;C:\WINDOWS\System32\Wbem;C:\WINDOWS\System32\WindowsPowerShell\v1.0\;C:\WINDOWS\System32\OpenSSH\;C:\ProgramData\chocolatey\bin;C:\Program Files\PuTTY\;C:\Program Files\Git\cmd;C:\Program Files\Docker\Docker\resources\bin;C:\ProgramData\DockerDesktop\version-bin;C:\Program Files\PowerShell\7\;C:\Program Files\nodejs\;C:\Users\wilda\AppData\Local\jdk-19.0.2;C:\Program Files (x86)\NoteBook FanControl\;C:\Users\wilda\AppData\Local\Programs\Python\Python38\;C:\Users\wilda\AppData\Local\Programs\Python\Python310\Scripts\;C:\Users\wilda\AppData\Local\Programs\Python\Python310\;C:\Users\wilda\AppData\Local\Programs\Python\Python39\Scripts\;C:\Users\wilda\AppData\Local\Programs\Python\Python39\;C:\Users\wilda\AppData\Local\Microsoft\WindowsApps;C:\Program Files\heroku\bin;C:\Program Files (x86)\Nmap;C:\Users\wilda\AppData\Local\Programs\Microsoft VS Code\bin;C:\Users\wilda\AppData\Roaming\npm;C:\Program Files\JetBrains\PyCharm 2023.1.3\bin;;C:\Users\wilda\flutter_windows_3.7.12-stable\flutter\bin;C:\tools\dart-sdk\bin;C:\Users\wilda\AppData\Roaming\Pub\Cache\bin;C:\Users\wilda\AppData\Local\Android\Sdk\tools\bin;C:\Users\wilda\AppData\Local\Gradle\gradle-8.0.2\bin;C:\Users\wilda\AppData\Local\jdk-19.0.2\bin;C:\Program Files\Java\jdk1.8.0_271\bin;C:\Users\wilda\dart-sdk\bin;C:\Program Files\JetBrains\PyCharm Community Edition 2023.2.1\bin;;;C:\Program Files\JetBrains\IntelliJ IDEA Community Edition 2023.2.1\bin;
USERNAME=wildanassyidiq142
OS=Windows_NT
PROCESSOR_IDENTIFIER=AMD64 Family 23 Model 24 Stepping 1, AuthenticAMD
TMP=C:\Users\wilda\AppData\Local\Temp
TEMP=C:\Users\wilda\AppData\Local\Temp


JNI global refs:
JNI global refs: 26, weak refs: 12

JNI global refs memory usage: 843, weak refs: 841


---------------  S Y S T E M  ---------------

OS:
 Windows 11 , 64 bit Build 22543 (10.0.22543.1000)
OS uptime: 0 days 16:11 hours
Hyper-V role detected

CPU: total 4 (initial active 4) (4 cores per cpu, 2 threads per core) family 23 model 24 stepping 1 microcode 0x0, cx8, cmov, fxsr, ht, mmx, 3dnowpref, sse, sse2, sse3, ssse3, sse4a, sse4.1, sse4.2, popcnt, lzcnt, tsc, tscinvbit, avx, avx2, aes, clmul, bmi1, bmi2, adx, sha, fma, vzeroupper, clflush, clflushopt, hv

Memory: 4k page, system-wide physical 10177M (853M free)
TotalPageFile size 13177M (AvailPageFile size 56M)
current process WorkingSet (physical memory assigned to process): 628M, peak: 630M
current process commit charge ("private bytes"): 661M, peak: 763M

vm_info: OpenJDK 64-Bit Server VM (17.0.6+0-b2043.56-10027231) for windows-amd64 JRE (17.0.6+0-b2043.56-10027231), built on Apr 28 2023 00:43:19 by "androidbuild" with MS VC++ 16.10 / 16.11 (VS2019)

END.
