#
# There is insufficient memory for the Java Runtime Environment to continue.
# Native memory allocation (malloc) failed to allocate 32744 bytes for ChunkPool::allocate
# Possible reasons:
#   The system is out of physical RAM or swap space
#   The process is running with CompressedOops enabled, and the Java Heap may be blocking the growth of the native heap
# Possible solutions:
#   Reduce memory load on the system
#   Increase physical memory or swap space
#   Check if swap backing store is full
#   Decrease Java heap size (-Xmx/-Xms)
#   Decrease number of Java threads
#   Decrease Java thread stack sizes (-Xss)
#   Set larger code cache with -XX:ReservedCodeCacheSize=
#   JVM is running with Zero Based Compressed Oops mode in which the Java heap is
#     placed in the first 32GB address space. The Java Heap base address is the
#     maximum limit for the native heap growth. Please use -XX:HeapBaseMinAddress
#     to set the Java Heap base and to place the Java Heap above 32GB virtual address.
# This output file may be truncated or incomplete.
#
#  Out of Memory Error (arena.cpp:78), pid=16292, tid=16572
#
# JRE version: OpenJDK Runtime Environment (17.0.6) (build 17.0.6+0-b2043.56-10027231)
# Java VM: OpenJDK 64-Bit Server VM (17.0.6+0-b2043.56-10027231, mixed mode, tiered, compressed oops, compressed class ptrs, g1 gc, windows-amd64)
# No core dump will be written. Minidumps are not enabled by default on client versions of Windows
#

---------------  S U M M A R Y ------------

Command Line: --add-opens=java.base/java.util=ALL-UNNAMED --add-opens=java.base/java.lang=ALL-UNNAMED --add-opens=java.base/java.lang.invoke=ALL-UNNAMED --add-opens=java.prefs/java.util.prefs=ALL-UNNAMED --add-opens=java.base/java.nio.charset=ALL-UNNAMED --add-opens=java.base/java.net=ALL-UNNAMED --add-opens=java.base/java.util.concurrent.atomic=ALL-UNNAMED -Xmx4096m -Dfile.encoding=UTF-8 -Duser.country=ID -Duser.language=en -Duser.variant org.gradle.launcher.daemon.bootstrap.GradleDaemon 8.0

Host: AMD Ryzen 3 3250U with Radeon Graphics         , 4 cores, 9G,  Windows 11 , 64 bit Build 22543 (10.0.22543.1000)
Time: Sat Dec 23 17:32:33 2023 SE Asia Standard Time elapsed time: 82.359679 seconds (0d 0h 1m 22s)

---------------  T H R E A D  ---------------

Current thread (0x0000023a38848d30):  JavaThread "C2 CompilerThread0" daemon [_thread_in_native, id=16572, stack(0x000000e1c8700000,0x000000e1c8800000)]


Current CompileTask:
C2:  82360 9210       4       java.lang.Class::privateGetPublicMethods (224 bytes)

Stack: [0x000000e1c8700000,0x000000e1c8800000]
Native frames: (J=compiled Java code, j=interpreted, Vv=VM code, C=native code)
V  [jvm.dll+0x683c9a]
V  [jvm.dll+0x8427a4]
V  [jvm.dll+0x843f9e]
V  [jvm.dll+0x844603]
V  [jvm.dll+0x249b75]
V  [jvm.dll+0xabecc]
V  [jvm.dll+0xac27c]
V  [jvm.dll+0x65fa63]
V  [jvm.dll+0x59ebd9]
V  [jvm.dll+0x59e8c2]
V  [jvm.dll+0x59dd24]
V  [jvm.dll+0x58aa53]
V  [jvm.dll+0x2243b2]
V  [jvm.dll+0x21dbe9]
V  [jvm.dll+0x21b51b]
V  [jvm.dll+0x1a4fdd]
V  [jvm.dll+0x22b098]
V  [jvm.dll+0x229159]
V  [jvm.dll+0x7f81ec]
V  [jvm.dll+0x7f274a]
V  [jvm.dll+0x682ad5]
C  [ucrtbase.dll+0x293cc]
C  [KERNEL32.DLL+0x11350]
C  [ntdll.dll+0x51dc8]


---------------  P R O C E S S  ---------------

Threads class SMR info:
_java_thread_list=0x0000023a40c43100, length=80, elements={
0x0000023a19bfd340, 0x0000023a37ddee90, 0x0000023a37ddf650, 0x0000023a37de5350,
0x0000023a37de5b10, 0x0000023a37de62d0, 0x0000023a38841020, 0x0000023a38848d30,
0x0000023a38849240, 0x0000023a38869820, 0x0000023a389bd070, 0x0000023a389bd540,
0x0000023a3ae0cae0, 0x0000023a3a3c4510, 0x0000023a3ad01580, 0x0000023a3b837820,
0x0000023a38af7850, 0x0000023a38cd9030, 0x0000023a38f22f50, 0x0000023a3a3bddd0,
0x0000023a3a3bfab0, 0x0000023a3a3be2a0, 0x0000023a3a3bec40, 0x0000023a3a3bcf60,
0x0000023a3a3be770, 0x0000023a3a3bf5e0, 0x0000023a3a3bd430, 0x0000023a3a3bff80,
0x0000023a3a3bf110, 0x0000023a3a3c0450, 0x0000023a3d480f70, 0x0000023a3d486fb0,
0x0000023a3d480aa0, 0x0000023a3d483120, 0x0000023a3d483ac0, 0x0000023a3d484460,
0x0000023a3d4852d0, 0x0000023a3d47fc30, 0x0000023a3d4805d0, 0x0000023a3d486140,
0x0000023a3d484e00, 0x0000023a3d4857a0, 0x0000023a3d485c70, 0x0000023a3d486ae0,
0x0000023a3d487480, 0x0000023a3d481440, 0x0000023a3d4822b0, 0x0000023a3d482780,
0x0000023a3d482c50, 0x0000023a3b9ae5c0, 0x0000023a3b9b1110, 0x0000023a3b9af430,
0x0000023a3b9b2920, 0x0000023a3b9aba70, 0x0000023a3b9aea90, 0x0000023a3b9acdb0,
0x0000023a3b9aef60, 0x0000023a3b9b15e0, 0x0000023a3b9af900, 0x0000023a3b9ab5a0,
0x0000023a3b9afdd0, 0x0000023a3b9b02a0, 0x0000023a3b9b0770, 0x0000023a3b9ac410,
0x0000023a3b9ad750, 0x0000023a3b9b0c40, 0x0000023a3b9b1ab0, 0x0000023a3b9b1f80,
0x0000023a3b9b2450, 0x0000023a3b9ad280, 0x0000023a3b9b2df0, 0x0000023a3b9ac8e0,
0x0000023a3b9abf40, 0x0000023a3b9adc20, 0x0000023a3b9ae0f0, 0x0000023a38ec7000,
0x0000023a38ec4e50, 0x0000023a38ec5320, 0x0000023a38ec44b0, 0x0000023a38ec3fe0
}

Java Threads: ( => current thread )
  0x0000023a19bfd340 JavaThread "main" [_thread_blocked, id=13584, stack(0x000000e1c7a00000,0x000000e1c7b00000)]
  0x0000023a37ddee90 JavaThread "Reference Handler" daemon [_thread_blocked, id=15448, stack(0x000000e1c8100000,0x000000e1c8200000)]
  0x0000023a37ddf650 JavaThread "Finalizer" daemon [_thread_blocked, id=16276, stack(0x000000e1c8200000,0x000000e1c8300000)]
  0x0000023a37de5350 JavaThread "Signal Dispatcher" daemon [_thread_blocked, id=14992, stack(0x000000e1c8300000,0x000000e1c8400000)]
  0x0000023a37de5b10 JavaThread "Attach Listener" daemon [_thread_blocked, id=17072, stack(0x000000e1c8400000,0x000000e1c8500000)]
  0x0000023a37de62d0 JavaThread "Service Thread" daemon [_thread_blocked, id=7600, stack(0x000000e1c8500000,0x000000e1c8600000)]
  0x0000023a38841020 JavaThread "Monitor Deflation Thread" daemon [_thread_blocked, id=10716, stack(0x000000e1c8600000,0x000000e1c8700000)]
=>0x0000023a38848d30 JavaThread "C2 CompilerThread0" daemon [_thread_in_native, id=16572, stack(0x000000e1c8700000,0x000000e1c8800000)]
  0x0000023a38849240 JavaThread "C1 CompilerThread0" daemon [_thread_blocked, id=15232, stack(0x000000e1c8800000,0x000000e1c8900000)]
  0x0000023a38869820 JavaThread "Sweeper thread" daemon [_thread_blocked, id=6116, stack(0x000000e1c8900000,0x000000e1c8a00000)]
  0x0000023a389bd070 JavaThread "Common-Cleaner" daemon [_thread_blocked, id=17220, stack(0x000000e1c8a00000,0x000000e1c8b00000)]
  0x0000023a389bd540 JavaThread "Notification Thread" daemon [_thread_blocked, id=12948, stack(0x000000e1c8b00000,0x000000e1c8c00000)]
  0x0000023a3ae0cae0 JavaThread "Daemon health stats" [_thread_blocked, id=11948, stack(0x000000e1c9100000,0x000000e1c9200000)]
  0x0000023a3a3c4510 JavaThread "Incoming local TCP Connector on port 44696" [_thread_in_native, id=1792, stack(0x000000e1c8f00000,0x000000e1c9000000)]
  0x0000023a3ad01580 JavaThread "Daemon periodic checks" [_thread_blocked, id=3944, stack(0x000000e1c9200000,0x000000e1c9300000)]
  0x0000023a3b837820 JavaThread "Daemon" [_thread_blocked, id=8124, stack(0x000000e1c9300000,0x000000e1c9400000)]
  0x0000023a38af7850 JavaThread "Handler for socket connection from /127.0.0.1:44696 to /127.0.0.1:44697" [_thread_in_native, id=14096, stack(0x000000e1c9400000,0x000000e1c9500000)]
  0x0000023a38cd9030 JavaThread "Cancel handler" [_thread_blocked, id=14564, stack(0x000000e1c9500000,0x000000e1c9600000)]
  0x0000023a38f22f50 JavaThread "Daemon worker" [_thread_in_vm, id=10280, stack(0x000000e1c9600000,0x000000e1c9700000)]
  0x0000023a3a3bddd0 JavaThread "Asynchronous log dispatcher for DefaultDaemonConnection: socket connection from /127.0.0.1:44696 to /127.0.0.1:44697" [_thread_blocked, id=9788, stack(0x000000e1c9700000,0x000000e1c9800000)]
  0x0000023a3a3bfab0 JavaThread "Daemon client event forwarder" [_thread_blocked, id=11448, stack(0x000000e1c9900000,0x000000e1c9a00000)]
  0x0000023a3a3be2a0 JavaThread "Cache worker for journal cache (C:\Users\wilda\caches\journal-1)" [_thread_blocked, id=16824, stack(0x000000e1c9a00000,0x000000e1c9b00000)]
  0x0000023a3a3bec40 JavaThread "File lock request listener" [_thread_in_native, id=392, stack(0x000000e1c9b00000,0x000000e1c9c00000)]
  0x0000023a3a3bcf60 JavaThread "Cache worker for file hash cache (C:\Users\wilda\caches\8.0\fileHashes)" [_thread_blocked, id=3848, stack(0x000000e1c9c00000,0x000000e1c9d00000)]
  0x0000023a3a3be770 JavaThread "File watcher server" daemon [_thread_in_native, id=9876, stack(0x000000e1c9e00000,0x000000e1c9f00000)]
  0x0000023a3a3bf5e0 JavaThread "File watcher consumer" daemon [_thread_blocked, id=7500, stack(0x000000e1c9f00000,0x000000e1ca000000)]
  0x0000023a3a3bd430 JavaThread "jar transforms" [_thread_blocked, id=10852, stack(0x000000e1ca000000,0x000000e1ca100000)]
  0x0000023a3a3bff80 JavaThread "jar transforms Thread 2" [_thread_blocked, id=12028, stack(0x000000e1ca100000,0x000000e1ca200000)]
  0x0000023a3a3bf110 JavaThread "jar transforms Thread 3" [_thread_blocked, id=15144, stack(0x000000e1ca200000,0x000000e1ca300000)]
  0x0000023a3a3c0450 JavaThread "jar transforms Thread 4" [_thread_blocked, id=2708, stack(0x000000e1ca300000,0x000000e1ca400000)]
  0x0000023a3d480f70 JavaThread "Cache worker for checksums cache (C:\Users\wilda\AndroidStudioProjects\FilmKu\.gradle\8.0\checksums)" [_thread_blocked, id=2748, stack(0x000000e1c9d00000,0x000000e1c9e00000)]
  0x0000023a3d486fb0 JavaThread "Cache worker for cache directory md-rule (C:\Users\wilda\caches\8.0\md-rule)" [_thread_blocked, id=4848, stack(0x000000e1ca500000,0x000000e1ca600000)]
  0x0000023a3d480aa0 JavaThread "Cache worker for file content cache (C:\Users\wilda\caches\8.0\fileContent)" [_thread_blocked, id=16988, stack(0x000000e1ca600000,0x000000e1ca700000)]
  0x0000023a3d483120 JavaThread "Cache worker for file hash cache (C:\Users\wilda\AndroidStudioProjects\FilmKu\.gradle\8.0\fileHashes)" [_thread_blocked, id=16468, stack(0x000000e1ca700000,0x000000e1ca800000)]
  0x0000023a3d483ac0 JavaThread "Cache worker for cache directory md-supplier (C:\Users\wilda\caches\8.0\md-supplier)" [_thread_blocked, id=16328, stack(0x000000e1ca800000,0x000000e1ca900000)]
  0x0000023a3d484460 JavaThread "Cache worker for execution history cache (C:\Users\wilda\caches\8.0\executionHistory)" [_thread_blocked, id=3104, stack(0x000000e1ca900000,0x000000e1caa00000)]
  0x0000023a3d4852d0 JavaThread "Cache worker for kotlin-dsl (C:\Users\wilda\caches\8.0\kotlin-dsl)" [_thread_blocked, id=2140, stack(0x000000e1cab00000,0x000000e1cac00000)]
  0x0000023a3d47fc30 JavaThread "Cache worker for dependencies-accessors (C:\Users\wilda\AndroidStudioProjects\FilmKu\.gradle\8.0\dependencies-accessors)" [_thread_blocked, id=16008, stack(0x000000e1caa00000,0x000000e1cab00000)]
  0x0000023a3d4805d0 JavaThread "Cache worker for Build Output Cleanup Cache (C:\Users\wilda\AndroidStudioProjects\FilmKu\.gradle\buildOutputCleanup)" [_thread_blocked, id=2632, stack(0x000000e1cad00000,0x000000e1cae00000)]
  0x0000023a3d486140 JavaThread "Unconstrained build operations" [_thread_blocked, id=240, stack(0x000000e1cac00000,0x000000e1cad00000)]
  0x0000023a3d484e00 JavaThread "Unconstrained build operations Thread 2" [_thread_blocked, id=12016, stack(0x000000e1cae00000,0x000000e1caf00000)]
  0x0000023a3d4857a0 JavaThread "Unconstrained build operations Thread 3" [_thread_blocked, id=10284, stack(0x000000e1caf00000,0x000000e1cb000000)]
  0x0000023a3d485c70 JavaThread "Unconstrained build operations Thread 4" [_thread_blocked, id=1260, stack(0x000000e1cb000000,0x000000e1cb100000)]
  0x0000023a3d486ae0 JavaThread "Unconstrained build operations Thread 5" [_thread_blocked, id=14688, stack(0x000000e1cb100000,0x000000e1cb200000)]
  0x0000023a3d487480 JavaThread "Unconstrained build operations Thread 6" [_thread_blocked, id=10504, stack(0x000000e1cb200000,0x000000e1cb300000)]
  0x0000023a3d481440 JavaThread "Unconstrained build operations Thread 7" [_thread_blocked, id=4068, stack(0x000000e1cb300000,0x000000e1cb400000)]
  0x0000023a3d4822b0 JavaThread "Unconstrained build operations Thread 8" [_thread_blocked, id=7104, stack(0x000000e1cb400000,0x000000e1cb500000)]
  0x0000023a3d482780 JavaThread "Unconstrained build operations Thread 9" [_thread_blocked, id=9696, stack(0x000000e1cb500000,0x000000e1cb600000)]
  0x0000023a3d482c50 JavaThread "Unconstrained build operations Thread 10" [_thread_blocked, id=5300, stack(0x000000e1cb600000,0x000000e1cb700000)]
  0x0000023a3b9ae5c0 JavaThread "Unconstrained build operations Thread 11" [_thread_blocked, id=11492, stack(0x000000e1cb700000,0x000000e1cb800000)]
  0x0000023a3b9b1110 JavaThread "Unconstrained build operations Thread 12" [_thread_blocked, id=3012, stack(0x000000e1cb800000,0x000000e1cb900000)]
  0x0000023a3b9af430 JavaThread "Unconstrained build operations Thread 13" [_thread_blocked, id=1216, stack(0x000000e1cb900000,0x000000e1cba00000)]
  0x0000023a3b9b2920 JavaThread "Unconstrained build operations Thread 14" [_thread_blocked, id=15168, stack(0x000000e1cba00000,0x000000e1cbb00000)]
  0x0000023a3b9aba70 JavaThread "Unconstrained build operations Thread 15" [_thread_blocked, id=2768, stack(0x000000e1cbb00000,0x000000e1cbc00000)]
  0x0000023a3b9aea90 JavaThread "Unconstrained build operations Thread 16" [_thread_blocked, id=10268, stack(0x000000e1cbc00000,0x000000e1cbd00000)]
  0x0000023a3b9acdb0 JavaThread "Unconstrained build operations Thread 17" [_thread_blocked, id=3252, stack(0x000000e1cbd00000,0x000000e1cbe00000)]
  0x0000023a3b9aef60 JavaThread "Unconstrained build operations Thread 18" [_thread_blocked, id=16856, stack(0x000000e1cbe00000,0x000000e1cbf00000)]
  0x0000023a3b9b15e0 JavaThread "Unconstrained build operations Thread 19" [_thread_blocked, id=16224, stack(0x000000e1cbf00000,0x000000e1cc000000)]
  0x0000023a3b9af900 JavaThread "Unconstrained build operations Thread 20" [_thread_blocked, id=1560, stack(0x000000e1cc000000,0x000000e1cc100000)]
  0x0000023a3b9ab5a0 JavaThread "Unconstrained build operations Thread 21" [_thread_blocked, id=14028, stack(0x000000e1cc100000,0x000000e1cc200000)]
  0x0000023a3b9afdd0 JavaThread "Unconstrained build operations Thread 22" [_thread_blocked, id=5412, stack(0x000000e1cc200000,0x000000e1cc300000)]
  0x0000023a3b9b02a0 JavaThread "Unconstrained build operations Thread 23" [_thread_blocked, id=6100, stack(0x000000e1cc300000,0x000000e1cc400000)]
  0x0000023a3b9b0770 JavaThread "Unconstrained build operations Thread 24" [_thread_blocked, id=12052, stack(0x000000e1cc400000,0x000000e1cc500000)]
  0x0000023a3b9ac410 JavaThread "Unconstrained build operations Thread 25" [_thread_blocked, id=11912, stack(0x000000e1cc600000,0x000000e1cc700000)]
  0x0000023a3b9ad750 JavaThread "Unconstrained build operations Thread 26" [_thread_blocked, id=15644, stack(0x000000e1cc700000,0x000000e1cc800000)]
  0x0000023a3b9b0c40 JavaThread "Unconstrained build operations Thread 27" [_thread_blocked, id=16000, stack(0x000000e1cc800000,0x000000e1cc900000)]
  0x0000023a3b9b1ab0 JavaThread "Unconstrained build operations Thread 28" [_thread_blocked, id=17320, stack(0x000000e1cc900000,0x000000e1cca00000)]
  0x0000023a3b9b1f80 JavaThread "Unconstrained build operations Thread 29" [_thread_blocked, id=5964, stack(0x000000e1cca00000,0x000000e1ccb00000)]
  0x0000023a3b9b2450 JavaThread "Unconstrained build operations Thread 30" [_thread_blocked, id=14848, stack(0x000000e1ccb00000,0x000000e1ccc00000)]
  0x0000023a3b9ad280 JavaThread "Unconstrained build operations Thread 31" [_thread_blocked, id=4672, stack(0x000000e1ccc00000,0x000000e1ccd00000)]
  0x0000023a3b9b2df0 JavaThread "Unconstrained build operations Thread 32" [_thread_blocked, id=15560, stack(0x000000e1ccd00000,0x000000e1cce00000)]
  0x0000023a3b9ac8e0 JavaThread "Unconstrained build operations Thread 33" [_thread_blocked, id=14424, stack(0x000000e1cce00000,0x000000e1ccf00000)]
  0x0000023a3b9abf40 JavaThread "Unconstrained build operations Thread 34" [_thread_blocked, id=14368, stack(0x000000e1ccf00000,0x000000e1cd000000)]
  0x0000023a3b9adc20 JavaThread "Unconstrained build operations Thread 35" [_thread_blocked, id=2864, stack(0x000000e1cd000000,0x000000e1cd100000)]
  0x0000023a3b9ae0f0 JavaThread "Unconstrained build operations Thread 36" [_thread_blocked, id=4060, stack(0x000000e1cd100000,0x000000e1cd200000)]
  0x0000023a38ec7000 JavaThread "Unconstrained build operations Thread 37" [_thread_blocked, id=5788, stack(0x000000e1cd200000,0x000000e1cd300000)]
  0x0000023a38ec4e50 JavaThread "Unconstrained build operations Thread 38" [_thread_blocked, id=4472, stack(0x000000e1cd300000,0x000000e1cd400000)]
  0x0000023a38ec5320 JavaThread "Unconstrained build operations Thread 39" [_thread_blocked, id=6104, stack(0x000000e1cd400000,0x000000e1cd500000)]
  0x0000023a38ec44b0 JavaThread "Unconstrained build operations Thread 40" [_thread_blocked, id=16396, stack(0x000000e1cd500000,0x000000e1cd600000)]
  0x0000023a38ec3fe0 JavaThread "Memory manager" [_thread_blocked, id=11400, stack(0x000000e1cd600000,0x000000e1cd700000)]

Other Threads:
  0x0000023a37d79d20 VMThread "VM Thread" [stack: 0x000000e1c8000000,0x000000e1c8100000] [id=16784]
  0x0000023a37d60620 WatcherThread [stack: 0x000000e1c8c00000,0x000000e1c8d00000] [id=2996]
  0x0000023a19c67f60 GCTaskThread "GC Thread#0" [stack: 0x000000e1c7b00000,0x000000e1c7c00000] [id=12256]
  0x0000023a38d2b5f0 GCTaskThread "GC Thread#1" [stack: 0x000000e1c8d00000,0x000000e1c8e00000] [id=11800]
  0x0000023a390b6470 GCTaskThread "GC Thread#2" [stack: 0x000000e1c8e00000,0x000000e1c8f00000] [id=15724]
  0x0000023a38c56a60 GCTaskThread "GC Thread#3" [stack: 0x000000e1c9000000,0x000000e1c9100000] [id=840]
  0x0000023a19c79000 ConcurrentGCThread "G1 Main Marker" [stack: 0x000000e1c7c00000,0x000000e1c7d00000] [id=13900]
  0x0000023a19c7a1b0 ConcurrentGCThread "G1 Conc#0" [stack: 0x000000e1c7d00000,0x000000e1c7e00000] [id=604]
  0x0000023a37c320b0 ConcurrentGCThread "G1 Refine#0" [stack: 0x000000e1c7e00000,0x000000e1c7f00000] [id=14416]
  0x0000023a38f19090 ConcurrentGCThread "G1 Refine#1" [stack: 0x000000e1ca400000,0x000000e1ca500000] [id=12148]
  0x0000023a38df5da0 ConcurrentGCThread "G1 Refine#2" [stack: 0x000000e1c7800000,0x000000e1c7900000] [id=16616]
  0x0000023a37c32580 ConcurrentGCThread "G1 Service" [stack: 0x000000e1c7f00000,0x000000e1c8000000] [id=1540]

Threads with active compile tasks:
C2 CompilerThread0    82438 9210       4       java.lang.Class::privateGetPublicMethods (224 bytes)

VM state: not at safepoint (normal execution)

VM Mutex/Monitor currently owned by a thread: None

Heap address: 0x0000000700000000, size: 4096 MB, Compressed Oops mode: Zero based, Oop shift amount: 3

CDS archive(s) not mapped
Compressed class space mapped at: 0x0000000800000000-0x0000000840000000, reserved size: 1073741824
Narrow klass base: 0x0000000800000000, Narrow klass shift: 0, Narrow klass range: 0x40000000

GC Precious Log:
 CPUs: 4 total, 4 available
 Memory: 10177M
 Large Page Support: Disabled
 NUMA Support: Disabled
 Compressed Oops: Enabled (Zero based)
 Heap Region Size: 2M
 Heap Min Capacity: 8M
 Heap Initial Capacity: 160M
 Heap Max Capacity: 4G
 Pre-touch: Disabled
 Parallel Workers: 4
 Concurrent Workers: 1
 Concurrent Refinement Workers: 4
 Periodic GC: Disabled

Heap:
 garbage-first heap   total 264192K, used 161854K [0x0000000700000000, 0x0000000800000000)
  region size 2048K, 9 young (18432K), 3 survivors (6144K)
 Metaspace       used 103111K, committed 103872K, reserved 1146880K
  class space    used 13751K, committed 14080K, reserved 1048576K

Heap Regions: E=young(eden), S=young(survivor), O=old, HS=humongous(starts), HC=humongous(continues), CS=collection set, F=free, OA=open archive, CA=closed archive, TAMS=top-at-mark-start (previous, next)
|   0|0x0000000700000000, 0x0000000700200000, 0x0000000700200000|100%| O|  |TAMS 0x0000000700200000, 0x0000000700000000| Untracked 
|   1|0x0000000700200000, 0x0000000700400000, 0x0000000700400000|100%|HS|  |TAMS 0x0000000700400000, 0x0000000700200000| Complete 
|   2|0x0000000700400000, 0x0000000700600000, 0x0000000700600000|100%|HC|  |TAMS 0x0000000700600000, 0x0000000700400000| Complete 
|   3|0x0000000700600000, 0x0000000700800000, 0x0000000700800000|100%| O|  |TAMS 0x0000000700800000, 0x0000000700600000| Untracked 
|   4|0x0000000700800000, 0x0000000700816400, 0x0000000700a00000|  4%| O|  |TAMS 0x0000000700816400, 0x0000000700800000| Untracked 
|   5|0x0000000700a00000, 0x0000000700c00000, 0x0000000700c00000|100%| O|  |TAMS 0x0000000700c00000, 0x0000000700a00000| Untracked 
|   6|0x0000000700c00000, 0x0000000700e00000, 0x0000000700e00000|100%| O|  |TAMS 0x0000000700e00000, 0x0000000700c00000| Untracked 
|   7|0x0000000700e00000, 0x0000000701000000, 0x0000000701000000|100%| O|  |TAMS 0x0000000701000000, 0x0000000700e00000| Untracked 
|   8|0x0000000701000000, 0x0000000701200000, 0x0000000701200000|100%| O|  |TAMS 0x0000000701200000, 0x0000000701000000| Untracked 
|   9|0x0000000701200000, 0x0000000701400000, 0x0000000701400000|100%| O|  |TAMS 0x0000000701400000, 0x0000000701200000| Untracked 
|  10|0x0000000701400000, 0x0000000701600000, 0x0000000701600000|100%|HS|  |TAMS 0x0000000701600000, 0x0000000701400000| Complete 
|  11|0x0000000701600000, 0x0000000701800000, 0x0000000701800000|100%|HS|  |TAMS 0x0000000701800000, 0x0000000701600000| Complete 
|  12|0x0000000701800000, 0x0000000701a00000, 0x0000000701a00000|100%|HC|  |TAMS 0x0000000701a00000, 0x0000000701800000| Complete 
|  13|0x0000000701a00000, 0x0000000701c00000, 0x0000000701c00000|100%| O|  |TAMS 0x0000000701c00000, 0x0000000701a00000| Untracked 
|  14|0x0000000701c00000, 0x0000000701e00000, 0x0000000701e00000|100%| O|  |TAMS 0x0000000701e00000, 0x0000000701c00000| Untracked 
|  15|0x0000000701e00000, 0x0000000702000000, 0x0000000702000000|100%|HS|  |TAMS 0x0000000702000000, 0x0000000701e00000| Complete 
|  16|0x0000000702000000, 0x0000000702200000, 0x0000000702200000|100%|HC|  |TAMS 0x0000000702200000, 0x0000000702000000| Complete 
|  17|0x0000000702200000, 0x0000000702400000, 0x0000000702400000|100%| O|  |TAMS 0x0000000702400000, 0x0000000702200000| Untracked 
|  18|0x0000000702400000, 0x0000000702600000, 0x0000000702600000|100%|HS|  |TAMS 0x0000000702600000, 0x0000000702400000| Complete 
|  19|0x0000000702600000, 0x0000000702800000, 0x0000000702800000|100%|HC|  |TAMS 0x0000000702800000, 0x0000000702600000| Complete 
|  20|0x0000000702800000, 0x0000000702a00000, 0x0000000702a00000|100%|HC|  |TAMS 0x0000000702a00000, 0x0000000702800000| Complete 
|  21|0x0000000702a00000, 0x0000000702c00000, 0x0000000702c00000|100%|HC|  |TAMS 0x0000000702c00000, 0x0000000702a00000| Complete 
|  22|0x0000000702c00000, 0x0000000702e00000, 0x0000000702e00000|100%|HC|  |TAMS 0x0000000702e00000, 0x0000000702c00000| Complete 
|  23|0x0000000702e00000, 0x0000000703000000, 0x0000000703000000|100%|HC|  |TAMS 0x0000000703000000, 0x0000000702e00000| Complete 
|  24|0x0000000703000000, 0x0000000703200000, 0x0000000703200000|100%|HS|  |TAMS 0x0000000703200000, 0x0000000703000000| Complete 
|  25|0x0000000703200000, 0x0000000703400000, 0x0000000703400000|100%| O|  |TAMS 0x0000000703400000, 0x0000000703200000| Untracked 
|  26|0x0000000703400000, 0x0000000703600000, 0x0000000703600000|100%| O|  |TAMS 0x0000000703600000, 0x0000000703400000| Untracked 
|  27|0x0000000703600000, 0x0000000703800000, 0x0000000703800000|100%| O|  |TAMS 0x0000000703800000, 0x0000000703600000| Untracked 
|  28|0x0000000703800000, 0x0000000703a00000, 0x0000000703a00000|100%| O|  |TAMS 0x0000000703a00000, 0x0000000703800000| Untracked 
|  29|0x0000000703a00000, 0x0000000703c00000, 0x0000000703c00000|100%| O|  |TAMS 0x0000000703c00000, 0x0000000703a00000| Untracked 
|  30|0x0000000703c00000, 0x0000000703e00000, 0x0000000703e00000|100%|HS|  |TAMS 0x0000000703e00000, 0x0000000703c00000| Complete 
|  31|0x0000000703e00000, 0x0000000704000000, 0x0000000704000000|100%|HC|  |TAMS 0x0000000704000000, 0x0000000703e00000| Complete 
|  32|0x0000000704000000, 0x0000000704200000, 0x0000000704200000|100%|HS|  |TAMS 0x0000000704200000, 0x0000000704000000| Complete 
|  33|0x0000000704200000, 0x0000000704400000, 0x0000000704400000|100%|HC|  |TAMS 0x0000000704400000, 0x0000000704200000| Complete 
|  34|0x0000000704400000, 0x0000000704600000, 0x0000000704600000|100%| O|  |TAMS 0x0000000704600000, 0x0000000704400000| Untracked 
|  35|0x0000000704600000, 0x0000000704800000, 0x0000000704800000|100%| O|  |TAMS 0x0000000704800000, 0x0000000704600000| Untracked 
|  36|0x0000000704800000, 0x0000000704a00000, 0x0000000704a00000|100%| O|  |TAMS 0x0000000704a00000, 0x0000000704800000| Untracked 
|  37|0x0000000704a00000, 0x0000000704c00000, 0x0000000704c00000|100%| O|  |TAMS 0x0000000704c00000, 0x0000000704a00000| Untracked 
|  38|0x0000000704c00000, 0x0000000704e00000, 0x0000000704e00000|100%| O|  |TAMS 0x0000000704e00000, 0x0000000704c00000| Untracked 
|  39|0x0000000704e00000, 0x0000000705000000, 0x0000000705000000|100%| O|  |TAMS 0x0000000705000000, 0x0000000704e00000| Untracked 
|  40|0x0000000705000000, 0x0000000705200000, 0x0000000705200000|100%|HS|  |TAMS 0x0000000705200000, 0x0000000705000000| Complete 
|  41|0x0000000705200000, 0x0000000705400000, 0x0000000705400000|100%|HS|  |TAMS 0x0000000705400000, 0x0000000705200000| Complete 
|  42|0x0000000705400000, 0x0000000705600000, 0x0000000705600000|100%|HC|  |TAMS 0x0000000705600000, 0x0000000705400000| Complete 
|  43|0x0000000705600000, 0x0000000705800000, 0x0000000705800000|100%| O|  |TAMS 0x0000000705800000, 0x0000000705600000| Untracked 
|  44|0x0000000705800000, 0x0000000705a00000, 0x0000000705a00000|100%| O|  |TAMS 0x0000000705a00000, 0x0000000705800000| Untracked 
|  45|0x0000000705a00000, 0x0000000705c00000, 0x0000000705c00000|100%| O|  |TAMS 0x0000000705c00000, 0x0000000705a00000| Untracked 
|  46|0x0000000705c00000, 0x0000000705e00000, 0x0000000705e00000|100%| O|  |TAMS 0x0000000705e00000, 0x0000000705c00000| Untracked 
|  47|0x0000000705e00000, 0x0000000706000000, 0x0000000706000000|100%| O|  |TAMS 0x0000000706000000, 0x0000000705e00000| Untracked 
|  48|0x0000000706000000, 0x0000000706200000, 0x0000000706200000|100%| O|  |TAMS 0x0000000706200000, 0x0000000706000000| Untracked 
|  49|0x0000000706200000, 0x0000000706400000, 0x0000000706400000|100%| O|  |TAMS 0x0000000706400000, 0x0000000706200000| Untracked 
|  50|0x0000000706400000, 0x0000000706600000, 0x0000000706600000|100%| O|  |TAMS 0x0000000706600000, 0x0000000706400000| Untracked 
|  51|0x0000000706600000, 0x0000000706800000, 0x0000000706800000|100%| O|  |TAMS 0x0000000706800000, 0x0000000706600000| Untracked 
|  52|0x0000000706800000, 0x0000000706a00000, 0x0000000706a00000|100%|HS|  |TAMS 0x0000000706a00000, 0x0000000706800000| Complete 
|  53|0x0000000706a00000, 0x0000000706c00000, 0x0000000706c00000|100%|HC|  |TAMS 0x0000000706c00000, 0x0000000706a00000| Complete 
|  54|0x0000000706c00000, 0x0000000706e00000, 0x0000000706e00000|100%| O|  |TAMS 0x0000000706e00000, 0x0000000706c00000| Untracked 
|  55|0x0000000706e00000, 0x0000000707000000, 0x0000000707000000|100%| O|  |TAMS 0x0000000707000000, 0x0000000706e00000| Untracked 
|  56|0x0000000707000000, 0x0000000707200000, 0x0000000707200000|100%| O|  |TAMS 0x0000000707200000, 0x0000000707000000| Untracked 
|  57|0x0000000707200000, 0x0000000707400000, 0x0000000707400000|100%| O|  |TAMS 0x0000000707400000, 0x0000000707200000| Untracked 
|  58|0x0000000707400000, 0x0000000707600000, 0x0000000707600000|100%| O|  |TAMS 0x0000000707600000, 0x0000000707400000| Untracked 
|  59|0x0000000707600000, 0x0000000707800000, 0x0000000707800000|100%| O|  |TAMS 0x0000000707800000, 0x0000000707600000| Untracked 
|  60|0x0000000707800000, 0x0000000707a00000, 0x0000000707a00000|100%| O|  |TAMS 0x0000000707a00000, 0x0000000707800000| Untracked 
|  61|0x0000000707a00000, 0x0000000707c00000, 0x0000000707c00000|100%| O|  |TAMS 0x0000000707c00000, 0x0000000707a00000| Untracked 
|  62|0x0000000707c00000, 0x0000000707e00000, 0x0000000707e00000|100%| O|  |TAMS 0x0000000707e00000, 0x0000000707c00000| Untracked 
|  63|0x0000000707e00000, 0x0000000708000000, 0x0000000708000000|100%| O|  |TAMS 0x0000000708000000, 0x0000000707e00000| Untracked 
|  64|0x0000000708000000, 0x0000000708200000, 0x0000000708200000|100%| O|  |TAMS 0x0000000708200000, 0x0000000708000000| Untracked 
|  65|0x0000000708200000, 0x0000000708400000, 0x0000000708400000|100%| O|  |TAMS 0x0000000708400000, 0x0000000708200000| Untracked 
|  66|0x0000000708400000, 0x0000000708600000, 0x0000000708600000|100%| O|  |TAMS 0x0000000708600000, 0x0000000708400000| Untracked 
|  67|0x0000000708600000, 0x0000000708800000, 0x0000000708800000|100%| O|  |TAMS 0x0000000708800000, 0x0000000708600000| Untracked 
|  68|0x0000000708800000, 0x0000000708a00000, 0x0000000708a00000|100%| O|  |TAMS 0x0000000708a00000, 0x0000000708800000| Untracked 
|  69|0x0000000708a00000, 0x0000000708bf9400, 0x0000000708c00000| 98%| O|  |TAMS 0x0000000708b02600, 0x0000000708a00000| Untracked 
|  70|0x0000000708c00000, 0x0000000708e00000, 0x0000000708e00000|100%|HS|  |TAMS 0x0000000708c00000, 0x0000000708c00000| Complete 
|  71|0x0000000708e00000, 0x0000000709000000, 0x0000000709000000|100%|HC|  |TAMS 0x0000000708e00000, 0x0000000708e00000| Complete 
|  72|0x0000000709000000, 0x0000000709200000, 0x0000000709200000|100%|HC|  |TAMS 0x0000000709000000, 0x0000000709000000| Complete 
|  73|0x0000000709200000, 0x0000000709200000, 0x0000000709400000|  0%| F|  |TAMS 0x0000000709200000, 0x0000000709200000| Untracked 
|  74|0x0000000709400000, 0x0000000709400000, 0x0000000709600000|  0%| F|  |TAMS 0x0000000709400000, 0x0000000709400000| Untracked 
|  75|0x0000000709600000, 0x0000000709600000, 0x0000000709800000|  0%| F|  |TAMS 0x0000000709600000, 0x0000000709600000| Untracked 
|  76|0x0000000709800000, 0x0000000709800000, 0x0000000709a00000|  0%| F|  |TAMS 0x0000000709800000, 0x0000000709800000| Untracked 
|  77|0x0000000709a00000, 0x0000000709a00000, 0x0000000709c00000|  0%| F|  |TAMS 0x0000000709a00000, 0x0000000709a00000| Untracked 
|  78|0x0000000709c00000, 0x0000000709c00000, 0x0000000709e00000|  0%| F|  |TAMS 0x0000000709c00000, 0x0000000709c00000| Untracked 
|  79|0x0000000709e00000, 0x0000000709e00000, 0x000000070a000000|  0%| F|  |TAMS 0x0000000709e00000, 0x0000000709e00000| Untracked 
|  80|0x000000070a000000, 0x000000070a000000, 0x000000070a200000|  0%| F|  |TAMS 0x000000070a000000, 0x000000070a000000| Untracked 
|  81|0x000000070a200000, 0x000000070a200000, 0x000000070a400000|  0%| F|  |TAMS 0x000000070a200000, 0x000000070a200000| Untracked 
|  82|0x000000070a400000, 0x000000070a400000, 0x000000070a600000|  0%| F|  |TAMS 0x000000070a400000, 0x000000070a400000| Untracked 
|  83|0x000000070a600000, 0x000000070a600000, 0x000000070a800000|  0%| F|  |TAMS 0x000000070a600000, 0x000000070a600000| Untracked 
|  84|0x000000070a800000, 0x000000070a800000, 0x000000070aa00000|  0%| F|  |TAMS 0x000000070a800000, 0x000000070a800000| Untracked 
|  85|0x000000070aa00000, 0x000000070aa00000, 0x000000070ac00000|  0%| F|  |TAMS 0x000000070aa00000, 0x000000070aa00000| Untracked 
|  86|0x000000070ac00000, 0x000000070ac00000, 0x000000070ae00000|  0%| F|  |TAMS 0x000000070ac00000, 0x000000070ac00000| Untracked 
|  87|0x000000070ae00000, 0x000000070ae00000, 0x000000070b000000|  0%| F|  |TAMS 0x000000070ae00000, 0x000000070ae00000| Untracked 
|  88|0x000000070b000000, 0x000000070b000000, 0x000000070b200000|  0%| F|  |TAMS 0x000000070b000000, 0x000000070b000000| Untracked 
|  89|0x000000070b200000, 0x000000070b200000, 0x000000070b400000|  0%| F|  |TAMS 0x000000070b200000, 0x000000070b200000| Untracked 
|  90|0x000000070b400000, 0x000000070b400000, 0x000000070b600000|  0%| F|  |TAMS 0x000000070b400000, 0x000000070b400000| Untracked 
|  91|0x000000070b600000, 0x000000070b600000, 0x000000070b800000|  0%| F|  |TAMS 0x000000070b600000, 0x000000070b600000| Untracked 
|  92|0x000000070b800000, 0x000000070b800000, 0x000000070ba00000|  0%| F|  |TAMS 0x000000070b800000, 0x000000070b800000| Untracked 
|  93|0x000000070ba00000, 0x000000070ba00000, 0x000000070bc00000|  0%| F|  |TAMS 0x000000070ba00000, 0x000000070ba00000| Untracked 
|  94|0x000000070bc00000, 0x000000070bc00000, 0x000000070be00000|  0%| F|  |TAMS 0x000000070bc00000, 0x000000070bc00000| Untracked 
|  95|0x000000070be00000, 0x000000070be00000, 0x000000070c000000|  0%| F|  |TAMS 0x000000070be00000, 0x000000070be00000| Untracked 
|  96|0x000000070c000000, 0x000000070c000000, 0x000000070c200000|  0%| F|  |TAMS 0x000000070c000000, 0x000000070c000000| Untracked 
|  97|0x000000070c200000, 0x000000070c200000, 0x000000070c400000|  0%| F|  |TAMS 0x000000070c200000, 0x000000070c200000| Untracked 
|  98|0x000000070c400000, 0x000000070c400000, 0x000000070c600000|  0%| F|  |TAMS 0x000000070c400000, 0x000000070c400000| Untracked 
|  99|0x000000070c600000, 0x000000070c600000, 0x000000070c800000|  0%| F|  |TAMS 0x000000070c600000, 0x000000070c600000| Untracked 
| 100|0x000000070c800000, 0x000000070c800000, 0x000000070ca00000|  0%| F|  |TAMS 0x000000070c800000, 0x000000070c800000| Untracked 
| 101|0x000000070ca00000, 0x000000070ca00000, 0x000000070cc00000|  0%| F|  |TAMS 0x000000070ca00000, 0x000000070ca00000| Untracked 
| 102|0x000000070cc00000, 0x000000070cc00000, 0x000000070ce00000|  0%| F|  |TAMS 0x000000070cc00000, 0x000000070cc00000| Untracked 
| 103|0x000000070ce00000, 0x000000070ce00000, 0x000000070d000000|  0%| F|  |TAMS 0x000000070ce00000, 0x000000070ce00000| Untracked 
| 104|0x000000070d000000, 0x000000070d200000, 0x000000070d200000|100%| S|CS|TAMS 0x000000070d000000, 0x000000070d000000| Complete 
| 105|0x000000070d200000, 0x000000070d400000, 0x000000070d400000|100%| S|CS|TAMS 0x000000070d200000, 0x000000070d200000| Complete 
| 106|0x000000070d400000, 0x000000070d600000, 0x000000070d600000|100%| S|CS|TAMS 0x000000070d400000, 0x000000070d400000| Complete 
| 107|0x000000070d600000, 0x000000070d600000, 0x000000070d800000|  0%| F|  |TAMS 0x000000070d600000, 0x000000070d600000| Untracked 
| 108|0x000000070d800000, 0x000000070d800000, 0x000000070da00000|  0%| F|  |TAMS 0x000000070d800000, 0x000000070d800000| Untracked 
| 109|0x000000070da00000, 0x000000070da00000, 0x000000070dc00000|  0%| F|  |TAMS 0x000000070da00000, 0x000000070da00000| Untracked 
| 110|0x000000070dc00000, 0x000000070dc00000, 0x000000070de00000|  0%| F|  |TAMS 0x000000070dc00000, 0x000000070dc00000| Untracked 
| 111|0x000000070de00000, 0x000000070de00000, 0x000000070e000000|  0%| F|  |TAMS 0x000000070de00000, 0x000000070de00000| Untracked 
| 112|0x000000070e000000, 0x000000070e000000, 0x000000070e200000|  0%| F|  |TAMS 0x000000070e000000, 0x000000070e000000| Untracked 
| 113|0x000000070e200000, 0x000000070e200000, 0x000000070e400000|  0%| F|  |TAMS 0x000000070e200000, 0x000000070e200000| Untracked 
| 114|0x000000070e400000, 0x000000070e400000, 0x000000070e600000|  0%| F|  |TAMS 0x000000070e400000, 0x000000070e400000| Untracked 
| 115|0x000000070e600000, 0x000000070e600000, 0x000000070e800000|  0%| F|  |TAMS 0x000000070e600000, 0x000000070e600000| Untracked 
| 116|0x000000070e800000, 0x000000070e800000, 0x000000070ea00000|  0%| F|  |TAMS 0x000000070e800000, 0x000000070e800000| Untracked 
| 117|0x000000070ea00000, 0x000000070ea00000, 0x000000070ec00000|  0%| F|  |TAMS 0x000000070ea00000, 0x000000070ea00000| Untracked 
| 118|0x000000070ec00000, 0x000000070ec00000, 0x000000070ee00000|  0%| F|  |TAMS 0x000000070ec00000, 0x000000070ec00000| Untracked 
| 119|0x000000070ee00000, 0x000000070ee00000, 0x000000070f000000|  0%| F|  |TAMS 0x000000070ee00000, 0x000000070ee00000| Untracked 
| 120|0x000000070f000000, 0x000000070f000000, 0x000000070f200000|  0%| F|  |TAMS 0x000000070f000000, 0x000000070f000000| Untracked 
| 121|0x000000070f200000, 0x000000070f200000, 0x000000070f400000|  0%| F|  |TAMS 0x000000070f200000, 0x000000070f200000| Untracked 
| 122|0x000000070f400000, 0x000000070f400000, 0x000000070f600000|  0%| F|  |TAMS 0x000000070f400000, 0x000000070f400000| Untracked 
| 123|0x000000070f600000, 0x000000070f705e28, 0x000000070f800000| 51%| E|  |TAMS 0x000000070f600000, 0x000000070f600000| Complete 
| 124|0x000000070f800000, 0x000000070fa00000, 0x000000070fa00000|100%| E|  |TAMS 0x000000070f800000, 0x000000070f800000| Complete 
| 125|0x000000070fa00000, 0x000000070fc00000, 0x000000070fc00000|100%| E|CS|TAMS 0x000000070fa00000, 0x000000070fa00000| Complete 
| 126|0x000000070fc00000, 0x000000070fe00000, 0x000000070fe00000|100%| E|CS|TAMS 0x000000070fc00000, 0x000000070fc00000| Complete 
| 127|0x000000070fe00000, 0x0000000710000000, 0x0000000710000000|100%| E|CS|TAMS 0x000000070fe00000, 0x000000070fe00000| Complete 
| 128|0x0000000710000000, 0x0000000710200000, 0x0000000710200000|100%| E|CS|TAMS 0x0000000710000000, 0x0000000710000000| Complete 

Card table byte_map: [0x0000023a2c8c0000,0x0000023a2d0c0000] _byte_map_base: 0x0000023a290c0000

Marking Bits (Prev, Next): (CMBitMap*) 0x0000023a19c68570, (CMBitMap*) 0x0000023a19c685b0
 Prev Bits: [0x0000023a2d8c0000, 0x0000023a318c0000)
 Next Bits: [0x0000023a318c0000, 0x0000023a358c0000)

Polling page: 0x0000023a17b10000

Metaspace:

Usage:
  Non-class:     87.29 MB used.
      Class:     13.44 MB used.
       Both:    100.73 MB used.

Virtual space:
  Non-class space:       96.00 MB reserved,      87.69 MB ( 91%) committed,  12 nodes.
      Class space:        1.00 GB reserved,      13.75 MB (  1%) committed,  1 nodes.
             Both:        1.09 GB reserved,     101.44 MB (  9%) committed. 

Chunk freelists:
   Non-Class:  3.83 MB
       Class:  2.28 MB
        Both:  6.11 MB

MaxMetaspaceSize: unlimited
CompressedClassSpaceSize: 1.00 GB
Initial GC threshold: 21.00 MB
Current GC threshold: 160.31 MB
CDS: off
MetaspaceReclaimPolicy: balanced
 - commit_granule_bytes: 65536.
 - commit_granule_words: 8192.
 - virtual_space_node_default_size: 1048576.
 - enlarge_chunks_in_place: 1.
 - new_chunks_are_fully_committed: 0.
 - uncommit_free_chunks: 1.
 - use_allocation_guard: 0.
 - handle_deallocations: 1.


Internal statistics:

num_allocs_failed_limit: 3.
num_arena_births: 934.
num_arena_deaths: 0.
num_vsnodes_births: 13.
num_vsnodes_deaths: 0.
num_space_committed: 1621.
num_space_uncommitted: 0.
num_chunks_returned_to_freelist: 3.
num_chunks_taken_from_freelist: 4470.
num_chunk_merges: 3.
num_chunk_splits: 3192.
num_chunks_enlarged: 2404.
num_purges: 0.
num_inconsistent_stats: 0.

CodeHeap 'non-profiled nmethods': size=120000Kb used=5266Kb max_used=5266Kb free=114733Kb
 bounds [0x0000023a24b90000, 0x0000023a250c0000, 0x0000023a2c0c0000]
CodeHeap 'profiled nmethods': size=120000Kb used=17104Kb max_used=17104Kb free=102895Kb
 bounds [0x0000023a1d0c0000, 0x0000023a1e180000, 0x0000023a245f0000]
CodeHeap 'non-nmethods': size=5760Kb used=2406Kb max_used=2445Kb free=3353Kb
 bounds [0x0000023a245f0000, 0x0000023a24860000, 0x0000023a24b90000]
 total_blobs=9382 nmethods=8438 adapters=856
 compilation: enabled
              stopped_count=0, restarted_count=0
 full_count=0

Compilation events (20 events):
Event: 82.025 Thread 0x0000023a38849240 nmethod 9201 0x0000023a1e16c590 code [0x0000023a1e16c880, 0x0000023a1e16d978]
Event: 82.025 Thread 0x0000023a38849240 9202       3       kotlin.sequences.SequencesKt__SequencesKt$generateSequence$2::<init> (11 bytes)
Event: 82.026 Thread 0x0000023a38849240 nmethod 9202 0x0000023a1e16df10 code [0x0000023a1e16e0c0, 0x0000023a1e16e2f8]
Event: 82.061 Thread 0x0000023a38848d30 9203       4       java.lang.PublicMethods::toArray (76 bytes)
Event: 82.083 Thread 0x0000023a38848d30 nmethod 9203 0x0000023a250b0a10 code [0x0000023a250b0bc0, 0x0000023a250b1218]
Event: 82.114 Thread 0x0000023a38848d30 9204   !   4       sun.reflect.generics.factory.CoreReflectionFactory::makeNamedType (21 bytes)
Event: 82.114 Thread 0x0000023a38849240 9205       1       kotlin.collections.EmptyList::isEmpty (2 bytes)
Event: 82.115 Thread 0x0000023a38849240 nmethod 9205 0x0000023a250b1610 code [0x0000023a250b17a0, 0x0000023a250b1878]
Event: 82.128 Thread 0x0000023a38848d30 nmethod 9204 0x0000023a250b1910 code [0x0000023a250b1ae0, 0x0000023a250b2298]
Event: 82.159 Thread 0x0000023a38848d30 9206       4       java.util.LinkedHashMap::valuesToArray (38 bytes)
Event: 82.163 Thread 0x0000023a38849240 9207       3       kotlin.SynchronizedLazyImpl::<init> (34 bytes)
Event: 82.164 Thread 0x0000023a38849240 nmethod 9207 0x0000023a1e16e410 code [0x0000023a1e16e640, 0x0000023a1e16edd8]
Event: 82.169 Thread 0x0000023a38848d30 nmethod 9206 0x0000023a250b2610 code [0x0000023a250b27a0, 0x0000023a250b2bb8]
Event: 82.169 Thread 0x0000023a38848d30 9208       4       sun.reflect.generics.parser.SignatureParser::parseFieldTypeSignature (73 bytes)
Event: 82.182 Thread 0x0000023a38849240 9209       3       org.jetbrains.kotlin.container.ComponentStorage::collectAdhocComponents (190 bytes)
Event: 82.183 Thread 0x0000023a38849240 nmethod 9209 0x0000023a1e16f090 code [0x0000023a1e16f380, 0x0000023a1e1709c8]
Event: 82.184 Thread 0x0000023a38848d30 nmethod 9208 0x0000023a250b2d10 code [0x0000023a250b2f40, 0x0000023a250b37e0]
Event: 82.210 Thread 0x0000023a38848d30 9210       4       java.lang.Class::privateGetPublicMethods (224 bytes)
Event: 82.291 Thread 0x0000023a38849240 9213       1       org.jetbrains.kotlin.container.ClassInfo::getConstructorInfo (5 bytes)
Event: 82.291 Thread 0x0000023a38849240 nmethod 9213 0x0000023a250b3e90 code [0x0000023a250b4020, 0x0000023a250b40f8]

GC Heap History (20 events):
Event: 49.598 GC heap before
{Heap before GC invocations=36 (full 0):
 garbage-first heap   total 178176K, used 134585K [0x0000000700000000, 0x0000000800000000)
  region size 2048K, 18 young (36864K), 1 survivors (2048K)
 Metaspace       used 78984K, committed 79680K, reserved 1122304K
  class space    used 10943K, committed 11264K, reserved 1048576K
}
Event: 49.613 GC heap after
{Heap after GC invocations=37 (full 0):
 garbage-first heap   total 178176K, used 104197K [0x0000000700000000, 0x0000000800000000)
  region size 2048K, 3 young (6144K), 3 survivors (6144K)
 Metaspace       used 78984K, committed 79680K, reserved 1122304K
  class space    used 10943K, committed 11264K, reserved 1048576K
}
Event: 55.996 GC heap before
{Heap before GC invocations=38 (full 0):
 garbage-first heap   total 184320K, used 139013K [0x0000000700000000, 0x0000000800000000)
  region size 2048K, 20 young (40960K), 3 survivors (6144K)
 Metaspace       used 83031K, committed 83648K, reserved 1122304K
  class space    used 11478K, committed 11776K, reserved 1048576K
}
Event: 56.024 GC heap after
{Heap after GC invocations=39 (full 0):
 garbage-first heap   total 184320K, used 106953K [0x0000000700000000, 0x0000000800000000)
  region size 2048K, 3 young (6144K), 3 survivors (6144K)
 Metaspace       used 83031K, committed 83648K, reserved 1122304K
  class space    used 11478K, committed 11776K, reserved 1048576K
}
Event: 58.364 GC heap before
{Heap before GC invocations=39 (full 0):
 garbage-first heap   total 184320K, used 141769K [0x0000000700000000, 0x0000000800000000)
  region size 2048K, 22 young (45056K), 3 survivors (6144K)
 Metaspace       used 87200K, committed 87872K, reserved 1130496K
  class space    used 12001K, committed 12288K, reserved 1048576K
}
Event: 58.377 GC heap after
{Heap after GC invocations=40 (full 0):
 garbage-first heap   total 184320K, used 108366K [0x0000000700000000, 0x0000000800000000)
  region size 2048K, 3 young (6144K), 3 survivors (6144K)
 Metaspace       used 87200K, committed 87872K, reserved 1130496K
  class space    used 12001K, committed 12288K, reserved 1048576K
}
Event: 66.956 GC heap before
{Heap before GC invocations=41 (full 0):
 garbage-first heap   total 204800K, used 147278K [0x0000000700000000, 0x0000000800000000)
  region size 2048K, 21 young (43008K), 3 survivors (6144K)
 Metaspace       used 92950K, committed 93632K, reserved 1130496K
  class space    used 12730K, committed 13056K, reserved 1048576K
}
Event: 67.006 GC heap after
{Heap after GC invocations=42 (full 0):
 garbage-first heap   total 204800K, used 112926K [0x0000000700000000, 0x0000000800000000)
  region size 2048K, 2 young (4096K), 2 survivors (4096K)
 Metaspace       used 92950K, committed 93632K, reserved 1130496K
  class space    used 12730K, committed 13056K, reserved 1048576K
}
Event: 67.574 GC heap before
{Heap before GC invocations=42 (full 0):
 garbage-first heap   total 204800K, used 112926K [0x0000000700000000, 0x0000000800000000)
  region size 2048K, 3 young (6144K), 2 survivors (4096K)
 Metaspace       used 93157K, committed 93888K, reserved 1130496K
  class space    used 12758K, committed 13056K, reserved 1048576K
}
Event: 67.590 GC heap after
{Heap after GC invocations=43 (full 0):
 garbage-first heap   total 204800K, used 112973K [0x0000000700000000, 0x0000000800000000)
  region size 2048K, 2 young (4096K), 2 survivors (4096K)
 Metaspace       used 93157K, committed 93888K, reserved 1130496K
  class space    used 12758K, committed 13056K, reserved 1048576K
}
Event: 71.894 GC heap before
{Heap before GC invocations=44 (full 0):
 garbage-first heap   total 208896K, used 172365K [0x0000000700000000, 0x0000000800000000)
  region size 2048K, 28 young (57344K), 2 survivors (4096K)
 Metaspace       used 93318K, committed 94080K, reserved 1130496K
  class space    used 12768K, committed 13120K, reserved 1048576K
}
Event: 71.964 GC heap after
{Heap after GC invocations=45 (full 0):
 garbage-first heap   total 208896K, used 128603K [0x0000000700000000, 0x0000000800000000)
  region size 2048K, 4 young (8192K), 4 survivors (8192K)
 Metaspace       used 93318K, committed 94080K, reserved 1130496K
  class space    used 12768K, committed 13120K, reserved 1048576K
}
Event: 75.814 GC heap before
{Heap before GC invocations=45 (full 0):
 garbage-first heap   total 208896K, used 165467K [0x0000000700000000, 0x0000000800000000)
  region size 2048K, 22 young (45056K), 4 survivors (8192K)
 Metaspace       used 93653K, committed 94336K, reserved 1130496K
  class space    used 12792K, committed 13120K, reserved 1048576K
}
Event: 75.860 GC heap after
{Heap after GC invocations=46 (full 0):
 garbage-first heap   total 208896K, used 139119K [0x0000000700000000, 0x0000000800000000)
  region size 2048K, 3 young (6144K), 3 survivors (6144K)
 Metaspace       used 93653K, committed 94336K, reserved 1130496K
  class space    used 12792K, committed 13120K, reserved 1048576K
}
Event: 79.347 GC heap before
{Heap before GC invocations=47 (full 0):
 garbage-first heap   total 239616K, used 167791K [0x0000000700000000, 0x0000000800000000)
  region size 2048K, 17 young (34816K), 3 survivors (6144K)
 Metaspace       used 97501K, committed 98176K, reserved 1138688K
  class space    used 13251K, committed 13568K, reserved 1048576K
}
Event: 79.360 GC heap after
{Heap after GC invocations=48 (full 0):
 garbage-first heap   total 239616K, used 142434K [0x0000000700000000, 0x0000000800000000)
  region size 2048K, 1 young (2048K), 1 survivors (2048K)
 Metaspace       used 97501K, committed 98176K, reserved 1138688K
  class space    used 13251K, committed 13568K, reserved 1048576K
}
Event: 79.437 GC heap before
{Heap before GC invocations=48 (full 0):
 garbage-first heap   total 239616K, used 144482K [0x0000000700000000, 0x0000000800000000)
  region size 2048K, 3 young (6144K), 1 survivors (2048K)
 Metaspace       used 97662K, committed 98304K, reserved 1138688K
  class space    used 13270K, committed 13568K, reserved 1048576K
}
Event: 79.442 GC heap after
{Heap after GC invocations=49 (full 0):
 garbage-first heap   total 239616K, used 142557K [0x0000000700000000, 0x0000000800000000)
  region size 2048K, 2 young (4096K), 2 survivors (4096K)
 Metaspace       used 97662K, committed 98304K, reserved 1138688K
  class space    used 13270K, committed 13568K, reserved 1048576K
}
Event: 81.902 GC heap before
{Heap before GC invocations=50 (full 0):
 garbage-first heap   total 264192K, used 189661K [0x0000000700000000, 0x0000000800000000)
  region size 2048K, 22 young (45056K), 2 survivors (4096K)
 Metaspace       used 101347K, committed 102080K, reserved 1138688K
  class space    used 13632K, committed 13952K, reserved 1048576K
}
Event: 81.930 GC heap after
{Heap after GC invocations=51 (full 0):
 garbage-first heap   total 264192K, used 153662K [0x0000000700000000, 0x0000000800000000)
  region size 2048K, 3 young (6144K), 3 survivors (6144K)
 Metaspace       used 101347K, committed 102080K, reserved 1138688K
  class space    used 13632K, committed 13952K, reserved 1048576K
}

Dll operation events (2 events):
Event: 0.018 Loaded shared library C:\Program Files\Android\Android Studio1\jbr\bin\java.dll
Event: 1.304 Loaded shared library C:\Program Files\Android\Android Studio1\jbr\bin\verify.dll

Deoptimization events (20 events):
Event: 81.996 Thread 0x0000023a38f22f50 Uncommon trap: trap_request=0xffffffbe fr.pc=0x0000023a250b08c8 relative=0x00000000000001a8
Event: 81.996 Thread 0x0000023a38f22f50 Uncommon trap: reason=profile_predicate action=maybe_recompile pc=0x0000023a250b08c8 method=java.util.LinkedHashMap.valuesToArray([Ljava/lang/Object;)[Ljava/lang/Object; @ 12 c2
Event: 81.996 Thread 0x0000023a38f22f50 DEOPT PACKING pc=0x0000023a250b08c8 sp=0x000000e1c96f47e0
Event: 81.996 Thread 0x0000023a38f22f50 DEOPT UNPACKING pc=0x0000023a246469a3 sp=0x000000e1c96f4798 mode 2
Event: 82.171 Thread 0x0000023a38f22f50 Uncommon trap: trap_request=0xffffffd6 fr.pc=0x0000023a250b2b2c relative=0x000000000000038c
Event: 82.171 Thread 0x0000023a38f22f50 Uncommon trap: reason=array_check action=maybe_recompile pc=0x0000023a250b2b2c method=java.util.LinkedHashMap.valuesToArray([Ljava/lang/Object;)[Ljava/lang/Object; @ 25 c2
Event: 82.171 Thread 0x0000023a38f22f50 DEOPT PACKING pc=0x0000023a250b2b2c sp=0x000000e1c96f4a30
Event: 82.171 Thread 0x0000023a38f22f50 DEOPT UNPACKING pc=0x0000023a246469a3 sp=0x000000e1c96f49d8 mode 2
Event: 82.171 Thread 0x0000023a38f22f50 Uncommon trap: trap_request=0xffffffd6 fr.pc=0x0000023a250b2b2c relative=0x000000000000038c
Event: 82.171 Thread 0x0000023a38f22f50 Uncommon trap: reason=array_check action=maybe_recompile pc=0x0000023a250b2b2c method=java.util.LinkedHashMap.valuesToArray([Ljava/lang/Object;)[Ljava/lang/Object; @ 25 c2
Event: 82.171 Thread 0x0000023a38f22f50 DEOPT PACKING pc=0x0000023a250b2b2c sp=0x000000e1c96f4a30
Event: 82.171 Thread 0x0000023a38f22f50 DEOPT UNPACKING pc=0x0000023a246469a3 sp=0x000000e1c96f49d8 mode 2
Event: 82.171 Thread 0x0000023a38f22f50 Uncommon trap: trap_request=0xffffffd6 fr.pc=0x0000023a250b2b2c relative=0x000000000000038c
Event: 82.171 Thread 0x0000023a38f22f50 Uncommon trap: reason=array_check action=maybe_recompile pc=0x0000023a250b2b2c method=java.util.LinkedHashMap.valuesToArray([Ljava/lang/Object;)[Ljava/lang/Object; @ 25 c2
Event: 82.171 Thread 0x0000023a38f22f50 DEOPT PACKING pc=0x0000023a250b2b2c sp=0x000000e1c96f4a30
Event: 82.171 Thread 0x0000023a38f22f50 DEOPT UNPACKING pc=0x0000023a246469a3 sp=0x000000e1c96f49d8 mode 2
Event: 82.174 Thread 0x0000023a38f22f50 Uncommon trap: trap_request=0xffffffd6 fr.pc=0x0000023a250b2b2c relative=0x000000000000038c
Event: 82.174 Thread 0x0000023a38f22f50 Uncommon trap: reason=array_check action=maybe_recompile pc=0x0000023a250b2b2c method=java.util.LinkedHashMap.valuesToArray([Ljava/lang/Object;)[Ljava/lang/Object; @ 25 c2
Event: 82.174 Thread 0x0000023a38f22f50 DEOPT PACKING pc=0x0000023a250b2b2c sp=0x000000e1c96f4970
Event: 82.174 Thread 0x0000023a38f22f50 DEOPT UNPACKING pc=0x0000023a246469a3 sp=0x000000e1c96f4918 mode 2

Classes unloaded (0 events):
No events

Classes redefined (0 events):
No events

Internal exceptions (20 events):
Event: 47.163 Thread 0x0000023a38f22f50 Exception <a 'java/lang/ClassNotFoundException'{0x0000000709c38a88}: org/gradle/api/plugins/internal/DefaultJavaPluginConventionCustomizer> (0x0000000709c38a88) 
thrown [s\src\hotspot\share\classfile\systemDictionary.cpp, line 256]
Event: 47.168 Thread 0x0000023a38f22f50 Exception <a 'java/lang/ClassNotFoundException'{0x0000000709c75908}: org/gradle/api/plugins/internal/DefaultJavaPluginConvention_DecoratedCustomizer> (0x0000000709c75908) 
thrown [s\src\hotspot\share\classfile\systemDictionary.cpp, line 256]
Event: 47.908 Thread 0x0000023a38f22f50 Exception <a 'java/lang/ClassNotFoundException'{0x0000000708f6c310}: org/jetbrains/kotlin/gradle/targets/js/npm/DefaultNpmDependencyExtensionBeanInfo> (0x0000000708f6c310) 
thrown [s\src\hotspot\share\classfile\systemDictionary.cpp, line 256]
Event: 47.909 Thread 0x0000023a38f22f50 Exception <a 'java/lang/ClassNotFoundException'{0x0000000708f77980}: org/jetbrains/kotlin/gradle/targets/js/npm/DefaultNpmDependencyExtensionCustomizer> (0x0000000708f77980) 
thrown [s\src\hotspot\share\classfile\systemDictionary.cpp, line 256]
Event: 47.929 Thread 0x0000023a38f22f50 Exception <a 'java/lang/ClassNotFoundException'{0x0000000708fe35c8}: org/jetbrains/kotlin/gradle/targets/js/npm/NpmDependencyExtensionKt$defaultNpmDependencyDelegate$1BeanInfo> (0x0000000708fe35c8) 
thrown [s\src\hotspot\share\classfile\systemDictionary.cpp, line 256]
Event: 47.930 Thread 0x0000023a38f22f50 Exception <a 'java/lang/ClassNotFoundException'{0x0000000708feec80}: org/jetbrains/kotlin/gradle/targets/js/npm/NpmDependencyExtensionDelegateBeanInfo> (0x0000000708feec80) 
thrown [s\src\hotspot\share\classfile\systemDictionary.cpp, line 256]
Event: 47.931 Thread 0x0000023a38f22f50 Exception <a 'java/lang/ClassNotFoundException'{0x0000000708ffa300}: org/jetbrains/kotlin/gradle/targets/js/npm/NpmDependencyExtensionDelegateCustomizer> (0x0000000708ffa300) 
thrown [s\src\hotspot\share\classfile\systemDictionary.cpp, line 256]
Event: 47.933 Thread 0x0000023a38f22f50 Exception <a 'java/lang/ClassNotFoundException'{0x0000000708c1dbb8}: org/jetbrains/kotlin/gradle/targets/js/npm/NpmDependencyExtensionKt$defaultNpmDependencyDelegate$1Customizer> (0x0000000708c1dbb8) 
thrown [s\src\hotspot\share\classfile\systemDictionary.cpp, line 256]
Event: 47.943 Thread 0x0000023a38f22f50 Exception <a 'java/lang/ClassNotFoundException'{0x0000000708c52f28}: org/jetbrains/kotlin/gradle/targets/js/npm/DefaultDevNpmDependencyExtensionBeanInfo> (0x0000000708c52f28) 
thrown [s\src\hotspot\share\classfile\systemDictionary.cpp, line 256]
Event: 47.946 Thread 0x0000023a38f22f50 Exception <a 'java/lang/ClassNotFoundException'{0x0000000708c5e5b0}: org/jetbrains/kotlin/gradle/targets/js/npm/DefaultDevNpmDependencyExtensionCustomizer> (0x0000000708c5e5b0) 
thrown [s\src\hotspot\share\classfile\systemDictionary.cpp, line 256]
Event: 47.955 Thread 0x0000023a38f22f50 Exception <a 'java/lang/ClassNotFoundException'{0x0000000708c98420}: org/jetbrains/kotlin/gradle/targets/js/npm/DefaultPeerNpmDependencyExtensionBeanInfo> (0x0000000708c98420) 
thrown [s\src\hotspot\share\classfile\systemDictionary.cpp, line 256]
Event: 47.956 Thread 0x0000023a38f22f50 Exception <a 'java/lang/ClassNotFoundException'{0x0000000708ca3ad8}: org/jetbrains/kotlin/gradle/targets/js/npm/DefaultPeerNpmDependencyExtensionCustomizer> (0x0000000708ca3ad8) 
thrown [s\src\hotspot\share\classfile\systemDictionary.cpp, line 256]
Event: 47.969 Thread 0x0000023a38f22f50 Exception <a 'java/lang/ClassNotFoundException'{0x0000000708ce4bc8}: org/jetbrains/kotlin/gradle/targets/js/npm/DefaultPeerNpmDependencyExtension$delegate$1BeanInfo> (0x0000000708ce4bc8) 
thrown [s\src\hotspot\share\classfile\systemDictionary.cpp, line 256]
Event: 47.971 Thread 0x0000023a38f22f50 Exception <a 'java/lang/ClassNotFoundException'{0x0000000708cf0448}: org/jetbrains/kotlin/gradle/targets/js/npm/DefaultPeerNpmDependencyExtension$delegate$1Customizer> (0x0000000708cf0448) 
thrown [s\src\hotspot\share\classfile\systemDictionary.cpp, line 256]
Event: 57.844 Thread 0x0000023a38f22f50 Exception <a 'java/lang/NoSuchMethodError'{0x0000000709be8808}: 'long java.lang.invoke.DirectMethodHandle$Holder.invokeStatic(java.lang.Object)'> (0x0000000709be8808) 
thrown [s\src\hotspot\share\interpreter\linkResolver.cpp, line 771]
Event: 57.845 Thread 0x0000023a38f22f50 Exception <a 'java/lang/NoSuchMethodError'{0x0000000709bed3a8}: 'long java.lang.invoke.DirectMethodHandle$Holder.invokeStaticInit(java.lang.Object)'> (0x0000000709bed3a8) 
thrown [s\src\hotspot\share\interpreter\linkResolver.cpp, line 771]
Event: 66.196 Thread 0x0000023a38f22f50 Exception <a 'java/lang/NoSuchMethodError'{0x000000070a53a878}: 'java.lang.Object java.lang.invoke.Invokers$Holder.invoke_MT(java.lang.Object, java.lang.Object, java.lang.Object)'> (0x000000070a53a878) 
thrown [s\src\hotspot\share\interpreter\linkResolver.cpp, line 771]
Event: 70.648 Thread 0x0000023a38f22f50 Implicit null exception at 0x0000023a2503b9f6 to 0x0000023a2503c9e0
Event: 71.011 Thread 0x0000023a38f22f50 Implicit null exception at 0x0000023a250308df to 0x0000023a25031570
Event: 71.441 Thread 0x0000023a38f22f50 Implicit null exception at 0x0000023a25024f00 to 0x0000023a25024fb9

VM Operations (20 events):
Event: 76.294 Executing VM operation: G1Concurrent
Event: 76.369 Executing VM operation: G1Concurrent done
Event: 76.484 Executing VM operation: G1Concurrent
Event: 76.522 Executing VM operation: G1Concurrent done
Event: 77.540 Executing VM operation: Cleanup
Event: 77.686 Executing VM operation: Cleanup done
Event: 78.701 Executing VM operation: Cleanup
Event: 78.702 Executing VM operation: Cleanup done
Event: 79.347 Executing VM operation: G1CollectForAllocation
Event: 79.360 Executing VM operation: G1CollectForAllocation done
Event: 79.437 Executing VM operation: G1TryInitiateConcMark
Event: 79.442 Executing VM operation: G1TryInitiateConcMark done
Event: 79.781 Executing VM operation: G1Concurrent
Event: 79.817 Executing VM operation: G1Concurrent done
Event: 79.933 Executing VM operation: G1Concurrent
Event: 79.933 Executing VM operation: G1Concurrent done
Event: 80.934 Executing VM operation: Cleanup
Event: 80.936 Executing VM operation: Cleanup done
Event: 81.902 Executing VM operation: G1CollectForAllocation
Event: 81.932 Executing VM operation: G1CollectForAllocation done

Events (20 events):
Event: 66.197 loading class sun/nio/ch/FileChannelImpl$DefaultUnmapper done
Event: 66.197 loading class sun/nio/ch/Util$4
Event: 66.198 loading class sun/nio/ch/Util$4 done
Event: 66.203 loading class java/io/UTFDataFormatException
Event: 66.204 loading class java/io/UTFDataFormatException done
Event: 67.148 Thread 0x0000023a3a3bd900 Thread exited: 0x0000023a3a3bd900
Event: 67.567 loading class java/nio/file/attribute/DosFileAttributeView
Event: 67.568 loading class java/nio/file/attribute/DosFileAttributeView done
Event: 67.568 loading class sun/nio/fs/WindowsFileAttributeViews$Dos
Event: 67.568 loading class sun/nio/fs/WindowsFileAttributeViews$Dos done
Event: 68.952 Thread 0x0000023a3cda0760 Thread added: 0x0000023a3cda0760
Event: 69.726 Thread 0x0000023a3cda0760 Thread exited: 0x0000023a3cda0760
Event: 70.251 Thread 0x0000023a3cd9e900 Thread added: 0x0000023a3cd9e900
Event: 70.618 Thread 0x0000023a3cd9e900 Thread exited: 0x0000023a3cd9e900
Event: 72.590 Thread 0x0000023a3cd9f320 Thread added: 0x0000023a3cd9f320
Event: 73.197 Thread 0x0000023a3cd9f320 Thread exited: 0x0000023a3cd9f320
Event: 74.424 loading class java/nio/channels/Channels$ReadableByteChannelImpl
Event: 74.424 loading class java/nio/channels/Channels$ReadableByteChannelImpl done
Event: 74.425 loading class java/nio/channels/NonWritableChannelException
Event: 74.425 loading class java/nio/channels/NonWritableChannelException done


Dynamic libraries:
0x00007ff76dfe0000 - 0x00007ff76dfea000 	C:\Program Files\Android\Android Studio1\jbr\bin\java.exe
0x00007ffb4f9c0000 - 0x00007ffb4fbcf000 	C:\WINDOWS\SYSTEM32\ntdll.dll
0x00007ffb4f140000 - 0x00007ffb4f1fd000 	C:\WINDOWS\System32\KERNEL32.DLL
0x00007ffb4cfd0000 - 0x00007ffb4d364000 	C:\WINDOWS\System32\KERNELBASE.dll
0x00007ffb4ce40000 - 0x00007ffb4cf51000 	C:\WINDOWS\System32\ucrtbase.dll
0x00007ffb45cc0000 - 0x00007ffb45cdb000 	C:\Program Files\Android\Android Studio1\jbr\bin\VCRUNTIME140.dll
0x00007ffafa7a0000 - 0x00007ffafa7b7000 	C:\Program Files\Android\Android Studio1\jbr\bin\jli.dll
0x00007ffb4f650000 - 0x00007ffb4f7fa000 	C:\WINDOWS\System32\USER32.dll
0x00007ffb4d670000 - 0x00007ffb4d696000 	C:\WINDOWS\System32\win32u.dll
0x00007ffb35a60000 - 0x00007ffb35d01000 	C:\WINDOWS\WinSxS\amd64_microsoft.windows.common-controls_6595b64144ccf1df_6.0.22543.1000_none_25f07d7fa9409c95\COMCTL32.dll
0x00007ffb4e900000 - 0x00007ffb4e929000 	C:\WINDOWS\System32\GDI32.dll
0x00007ffb4f8d0000 - 0x00007ffb4f974000 	C:\WINDOWS\System32\msvcrt.dll
0x00007ffb4d3f0000 - 0x00007ffb4d507000 	C:\WINDOWS\System32\gdi32full.dll
0x00007ffb4d510000 - 0x00007ffb4d5aa000 	C:\WINDOWS\System32\msvcp_win.dll
0x00007ffb4f890000 - 0x00007ffb4f8c1000 	C:\WINDOWS\System32\IMM32.DLL
0x00007ffb48180000 - 0x00007ffb4818c000 	C:\Program Files\Android\Android Studio1\jbr\bin\vcruntime140_1.dll
0x00007ffb12e00000 - 0x00007ffb12e8d000 	C:\Program Files\Android\Android Studio1\jbr\bin\msvcp140.dll
0x00007ffb0d040000 - 0x00007ffb0dcae000 	C:\Program Files\Android\Android Studio1\jbr\bin\server\jvm.dll
0x00007ffb4f260000 - 0x00007ffb4f30e000 	C:\WINDOWS\System32\ADVAPI32.dll
0x00007ffb4e5e0000 - 0x00007ffb4e685000 	C:\WINDOWS\System32\sechost.dll
0x00007ffb4f510000 - 0x00007ffb4f62f000 	C:\WINDOWS\System32\RPCRT4.dll
0x00007ffb2d130000 - 0x00007ffb2d139000 	C:\WINDOWS\SYSTEM32\WSOCK32.dll
0x00007ffb4f490000 - 0x00007ffb4f501000 	C:\WINDOWS\System32\WS2_32.dll
0x00007ffb45210000 - 0x00007ffb4521a000 	C:\WINDOWS\SYSTEM32\VERSION.dll
0x00007ffb45220000 - 0x00007ffb45254000 	C:\WINDOWS\SYSTEM32\WINMM.dll
0x00007ffb4be80000 - 0x00007ffb4be97000 	C:\WINDOWS\SYSTEM32\kernel.appcore.dll
0x00007ffb3c7a0000 - 0x00007ffb3c7aa000 	C:\Program Files\Android\Android Studio1\jbr\bin\jimage.dll
0x00007ffb4a960000 - 0x00007ffb4ab84000 	C:\WINDOWS\SYSTEM32\DBGHELP.DLL
0x00007ffb4d8f0000 - 0x00007ffb4dc61000 	C:\WINDOWS\System32\combase.dll
0x00007ffb4e930000 - 0x00007ffb4ea07000 	C:\WINDOWS\System32\OLEAUT32.dll
0x00007ffb35d70000 - 0x00007ffb35da1000 	C:\WINDOWS\SYSTEM32\dbgcore.DLL
0x00007ffb4d370000 - 0x00007ffb4d3eb000 	C:\WINDOWS\System32\bcryptPrimitives.dll
0x00007ffb0d010000 - 0x00007ffb0d035000 	C:\Program Files\Android\Android Studio1\jbr\bin\java.dll
0x00007ffb0cff0000 - 0x00007ffb0d008000 	C:\Program Files\Android\Android Studio1\jbr\bin\zip.dll
0x00007ffb4dc70000 - 0x00007ffb4e42d000 	C:\WINDOWS\System32\SHELL32.dll
0x00007ffb4aea0000 - 0x00007ffb4b6f9000 	C:\WINDOWS\SYSTEM32\windows.storage.dll
0x00007ffb4ad60000 - 0x00007ffb4ae9c000 	C:\WINDOWS\SYSTEM32\wintypes.dll
0x00007ffb4f310000 - 0x00007ffb4f401000 	C:\WINDOWS\System32\SHCORE.dll
0x00007ffb4ea20000 - 0x00007ffb4ea7b000 	C:\WINDOWS\System32\shlwapi.dll
0x00007ffb4cd70000 - 0x00007ffb4cd91000 	C:\WINDOWS\SYSTEM32\profapi.dll
0x00007ffb0cfd0000 - 0x00007ffb0cfe9000 	C:\Program Files\Android\Android Studio1\jbr\bin\net.dll
0x00007ffb44bf0000 - 0x00007ffb44d01000 	C:\WINDOWS\SYSTEM32\WINHTTP.dll
0x00007ffb4c340000 - 0x00007ffb4c3a9000 	C:\WINDOWS\system32\mswsock.dll
0x00007ffb0cfb0000 - 0x00007ffb0cfc6000 	C:\Program Files\Android\Android Studio1\jbr\bin\nio.dll
0x00007ffb3a0f0000 - 0x00007ffb3a100000 	C:\Program Files\Android\Android Studio1\jbr\bin\verify.dll
0x00007ffb18120000 - 0x00007ffb18147000 	C:\Users\wilda\native\68d5fa5c4cc2d200863cafc0d521ce42e7d3e7ee720ec0a83991735586a16f82\windows-amd64\native-platform.dll
0x00007ffb09280000 - 0x00007ffb093c4000 	C:\Users\wilda\native\e376f236ea51e6404a007f0833ffe2c6e607c4080706a723a18a27aeea778392\windows-amd64\native-platform-file-events.dll
0x00007ffb39de0000 - 0x00007ffb39de9000 	C:\Program Files\Android\Android Studio1\jbr\bin\management.dll
0x00007ffb39d00000 - 0x00007ffb39d0b000 	C:\Program Files\Android\Android Studio1\jbr\bin\management_ext.dll
0x00007ffb4e430000 - 0x00007ffb4e438000 	C:\WINDOWS\System32\PSAPI.DLL
0x00007ffb4c590000 - 0x00007ffb4c5ac000 	C:\WINDOWS\SYSTEM32\CRYPTSP.dll
0x00007ffb4bde0000 - 0x00007ffb4be15000 	C:\WINDOWS\system32\rsaenh.dll
0x00007ffb4c440000 - 0x00007ffb4c467000 	C:\WINDOWS\SYSTEM32\USERENV.dll
0x00007ffb4c720000 - 0x00007ffb4c748000 	C:\WINDOWS\SYSTEM32\bcrypt.dll
0x00007ffb4c5b0000 - 0x00007ffb4c5bc000 	C:\WINDOWS\SYSTEM32\CRYPTBASE.dll
0x00007ffb4b950000 - 0x00007ffb4b97d000 	C:\WINDOWS\SYSTEM32\IPHLPAPI.DLL
0x00007ffb4ea10000 - 0x00007ffb4ea19000 	C:\WINDOWS\System32\NSI.dll
0x00007ffb45290000 - 0x00007ffb452a9000 	C:\WINDOWS\SYSTEM32\dhcpcsvc6.DLL
0x00007ffb44e60000 - 0x00007ffb44e7f000 	C:\WINDOWS\SYSTEM32\dhcpcsvc.DLL
0x00007ffb4b980000 - 0x00007ffb4ba76000 	C:\WINDOWS\SYSTEM32\DNSAPI.dll
0x00007ffb2d4e0000 - 0x00007ffb2d4e8000 	C:\WINDOWS\system32\wshunix.dll

dbghelp: loaded successfully - version: 4.0.5 - missing functions: none
symbol engine: initialized successfully - sym options: 0x614 - pdb path: .;C:\Program Files\Android\Android Studio1\jbr\bin;C:\WINDOWS\SYSTEM32;C:\WINDOWS\WinSxS\amd64_microsoft.windows.common-controls_6595b64144ccf1df_6.0.22543.1000_none_25f07d7fa9409c95;C:\Program Files\Android\Android Studio1\jbr\bin\server;C:\Users\wilda\native\68d5fa5c4cc2d200863cafc0d521ce42e7d3e7ee720ec0a83991735586a16f82\windows-amd64;C:\Users\wilda\native\e376f236ea51e6404a007f0833ffe2c6e607c4080706a723a18a27aeea778392\windows-amd64

VM Arguments:
jvm_args: --add-opens=java.base/java.util=ALL-UNNAMED --add-opens=java.base/java.lang=ALL-UNNAMED --add-opens=java.base/java.lang.invoke=ALL-UNNAMED --add-opens=java.prefs/java.util.prefs=ALL-UNNAMED --add-opens=java.base/java.nio.charset=ALL-UNNAMED --add-opens=java.base/java.net=ALL-UNNAMED --add-opens=java.base/java.util.concurrent.atomic=ALL-UNNAMED -Xmx4096m -Dfile.encoding=UTF-8 -Duser.country=ID -Duser.language=en -Duser.variant 
java_command: org.gradle.launcher.daemon.bootstrap.GradleDaemon 8.0
java_class_path (initial): C:\Users\wilda\wrapper\dists\gradle-8.0-bin\ca5e32bp14vu59qr306oxotwh\gradle-8.0\lib\gradle-launcher-8.0.jar
Launcher Type: SUN_STANDARD

[Global flags]
     intx CICompilerCount                          = 3                                         {product} {ergonomic}
     uint ConcGCThreads                            = 1                                         {product} {ergonomic}
     uint G1ConcRefinementThreads                  = 4                                         {product} {ergonomic}
   size_t G1HeapRegionSize                         = 2097152                                   {product} {ergonomic}
    uintx GCDrainStackTargetSize                   = 64                                        {product} {ergonomic}
   size_t InitialHeapSize                          = 167772160                                 {product} {ergonomic}
   size_t MarkStackSize                            = 4194304                                   {product} {ergonomic}
   size_t MaxHeapSize                              = 4294967296                                {product} {command line}
   size_t MaxNewSize                               = 2575302656                                {product} {ergonomic}
   size_t MinHeapDeltaBytes                        = 2097152                                   {product} {ergonomic}
   size_t MinHeapSize                              = 8388608                                   {product} {ergonomic}
    uintx NonNMethodCodeHeapSize                   = 5832780                                {pd product} {ergonomic}
    uintx NonProfiledCodeHeapSize                  = 122912730                              {pd product} {ergonomic}
    uintx ProfiledCodeHeapSize                     = 122912730                              {pd product} {ergonomic}
    uintx ReservedCodeCacheSize                    = 251658240                              {pd product} {ergonomic}
     bool SegmentedCodeCache                       = true                                      {product} {ergonomic}
   size_t SoftMaxHeapSize                          = 4294967296                             {manageable} {ergonomic}
     bool UseCompressedClassPointers               = true                           {product lp64_product} {ergonomic}
     bool UseCompressedOops                        = true                           {product lp64_product} {ergonomic}
     bool UseG1GC                                  = true                                      {product} {ergonomic}
     bool UseLargePagesIndividualAllocation        = false                                  {pd product} {ergonomic}

Logging:
Log output configuration:
 #0: stdout all=warning uptime,level,tags
 #1: stderr all=off uptime,level,tags

Environment Variables:
JAVA_HOME=C:\Users\wilda\AppData\Local\jdk-19.0.2
PATH=C:\Program Files (x86)\VMware\VMware Workstation\bin\;C:\Program Files (x86)\Common Files\Oracle\Java\javapath;C:\WINDOWS\system32;C:\WINDOWS;C:\WINDOWS\System32\Wbem;C:\WINDOWS\System32\WindowsPowerShell\v1.0\;C:\WINDOWS\System32\OpenSSH\;C:\ProgramData\chocolatey\bin;C:\Program Files\PuTTY\;C:\Program Files\Git\cmd;C:\Program Files\Docker\Docker\resources\bin;C:\ProgramData\DockerDesktop\version-bin;C:\Program Files\PowerShell\7\;C:\Program Files\nodejs\;C:\Users\wilda\AppData\Local\jdk-19.0.2;C:\Program Files (x86)\NoteBook FanControl\;C:\Users\wilda\AppData\Local\Programs\Python\Python38\;C:\Users\wilda\AppData\Local\Programs\Python\Python310\Scripts\;C:\Users\wilda\AppData\Local\Programs\Python\Python310\;C:\Users\wilda\AppData\Local\Programs\Python\Python39\Scripts\;C:\Users\wilda\AppData\Local\Programs\Python\Python39\;C:\Users\wilda\AppData\Local\Microsoft\WindowsApps;C:\Program Files\heroku\bin;C:\Program Files (x86)\Nmap;C:\Users\wilda\AppData\Local\Programs\Microsoft VS Code\bin;C:\Users\wilda\AppData\Roaming\npm;C:\Program Files\JetBrains\PyCharm 2023.1.3\bin;;C:\Users\wilda\flutter_windows_3.7.12-stable\flutter\bin;C:\tools\dart-sdk\bin;C:\Users\wilda\AppData\Roaming\Pub\Cache\bin;C:\Users\wilda\AppData\Local\Android\Sdk\tools\bin;C:\Users\wilda\AppData\Local\Gradle\gradle-8.0.2\bin;C:\Users\wilda\AppData\Local\jdk-19.0.2\bin;C:\Program Files\Java\jdk1.8.0_271\bin;C:\Users\wilda\dart-sdk\bin;C:\Program Files\JetBrains\PyCharm Community Edition 2023.2.1\bin;;;C:\Program Files\JetBrains\IntelliJ IDEA Community Edition 2023.2.1\bin;
USERNAME=wildanassyidiq142
OS=Windows_NT
PROCESSOR_IDENTIFIER=AMD64 Family 23 Model 24 Stepping 1, AuthenticAMD
TMP=C:\Users\wilda\AppData\Local\Temp
TEMP=C:\Users\wilda\AppData\Local\Temp


JNI global refs:
JNI global refs: 23, weak refs: 1

JNI global refs memory usage: 843, weak refs: 841


---------------  S Y S T E M  ---------------

OS:
 Windows 11 , 64 bit Build 22543 (10.0.22543.1000)
OS uptime: 0 days 16:31 hours
Hyper-V role detected

CPU: total 4 (initial active 4) (4 cores per cpu, 2 threads per core) family 23 model 24 stepping 1 microcode 0x0, cx8, cmov, fxsr, ht, mmx, 3dnowpref, sse, sse2, sse3, ssse3, sse4a, sse4.1, sse4.2, popcnt, lzcnt, tsc, tscinvbit, avx, avx2, aes, clmul, bmi1, bmi2, adx, sha, fma, vzeroupper, clflush, clflushopt, hv

Memory: 4k page, system-wide physical 10177M (829M free)
TotalPageFile size 13177M (AvailPageFile size 13M)
current process WorkingSet (physical memory assigned to process): 492M, peak: 492M
current process commit charge ("private bytes"): 529M, peak: 529M

vm_info: OpenJDK 64-Bit Server VM (17.0.6+0-b2043.56-10027231) for windows-amd64 JRE (17.0.6+0-b2043.56-10027231), built on Apr 28 2023 00:43:19 by "androidbuild" with MS VC++ 16.10 / 16.11 (VS2019)

END.
