#
# There is insufficient memory for the Java Runtime Environment to continue.
# Native memory allocation (malloc) failed to allocate 869104 bytes for Chunk::new
# Possible reasons:
#   The system is out of physical RAM or swap space
#   The process is running with CompressedOops enabled, and the Java Heap may be blocking the growth of the native heap
# Possible solutions:
#   Reduce memory load on the system
#   Increase physical memory or swap space
#   Check if swap backing store is full
#   Decrease Java heap size (-Xmx/-Xms)
#   Decrease number of Java threads
#   Decrease Java thread stack sizes (-Xss)
#   Set larger code cache with -XX:ReservedCodeCacheSize=
#   JVM is running with Zero Based Compressed Oops mode in which the Java heap is
#     placed in the first 32GB address space. The Java Heap base address is the
#     maximum limit for the native heap growth. Please use -XX:HeapBaseMinAddress
#     to set the Java Heap base and to place the Java Heap above 32GB virtual address.
# This output file may be truncated or incomplete.
#
#  Out of Memory Error (arena.cpp:189), pid=15392, tid=5964
#
# JRE version: OpenJDK Runtime Environment (17.0.6) (build 17.0.6+0-b2043.56-10027231)
# Java VM: OpenJDK 64-Bit Server VM (17.0.6+0-b2043.56-10027231, mixed mode, tiered, compressed oops, compressed class ptrs, g1 gc, windows-amd64)
# No core dump will be written. Minidumps are not enabled by default on client versions of Windows
#

---------------  S U M M A R Y ------------

Command Line: --add-opens=java.base/java.util=ALL-UNNAMED --add-opens=java.base/java.lang=ALL-UNNAMED --add-opens=java.base/java.lang.invoke=ALL-UNNAMED --add-opens=java.prefs/java.util.prefs=ALL-UNNAMED --add-opens=java.base/java.nio.charset=ALL-UNNAMED --add-opens=java.base/java.net=ALL-UNNAMED --add-opens=java.base/java.util.concurrent.atomic=ALL-UNNAMED -Xmx4096m -Dfile.encoding=UTF-8 -Duser.country=ID -Duser.language=en -Duser.variant org.gradle.launcher.daemon.bootstrap.GradleDaemon 8.0

Host: AMD Ryzen 3 3250U with Radeon Graphics         , 4 cores, 9G,  Windows 11 , 64 bit Build 22543 (10.0.22543.1000)
Time: Sat Dec 23 17:37:44 2023 SE Asia Standard Time elapsed time: 59.739331 seconds (0d 0h 0m 59s)

---------------  T H R E A D  ---------------

Current thread (0x0000015f6040f1d0):  JavaThread "C2 CompilerThread1" daemon [_thread_in_native, id=5964, stack(0x0000001b82100000,0x0000001b82200000)]


Current CompileTask:
C2:  59739 10977       4       org.jetbrains.kotlin.load.java.structure.impl.classFiles.BinaryClassSignatureParser::parseParameterizedClassRefSignature (262 bytes)

Stack: [0x0000001b82100000,0x0000001b82200000]
Native frames: (J=compiled Java code, j=interpreted, Vv=VM code, C=native code)
V  [jvm.dll+0x683c9a]
V  [jvm.dll+0x8427a4]
V  [jvm.dll+0x843f9e]
V  [jvm.dll+0x844603]
V  [jvm.dll+0x249b75]
V  [jvm.dll+0xabcac]
V  [jvm.dll+0xac27c]
V  [jvm.dll+0x368857]
V  [jvm.dll+0x1bd0b8]
V  [jvm.dll+0x21c359]
V  [jvm.dll+0x21b621]
V  [jvm.dll+0x1a4fdd]
V  [jvm.dll+0x22b098]
V  [jvm.dll+0x229159]
V  [jvm.dll+0x7f81ec]
V  [jvm.dll+0x7f274a]
V  [jvm.dll+0x682ad5]
C  [ucrtbase.dll+0x293cc]
C  [KERNEL32.DLL+0x11350]
C  [ntdll.dll+0x51dc8]


---------------  P R O C E S S  ---------------

Threads class SMR info:
_java_thread_list=0x0000015f601eca00, length=83, elements={
0x0000015f3db2e3e0, 0x0000015f5bd1d250, 0x0000015f5bd1dd10, 0x0000015f5bd0a8d0,
0x0000015f5c834210, 0x0000015f5c834cd0, 0x0000015f5c8379a0, 0x0000015f5c838590,
0x0000015f5c89e1a0, 0x0000015f5c8a9bc0, 0x0000015f5c9b48c0, 0x0000015f5c9b4d90,
0x0000015f5dd24aa0, 0x0000015f5db2abf0, 0x0000015f5db406c0, 0x0000015f5da1efd0,
0x0000015f5e033410, 0x0000015f5e29cc60, 0x0000015f5e29d130, 0x0000015f5ec6aec0,
0x0000015f5ec6a9f0, 0x0000015f5ec6b390, 0x0000015f5ec6cba0, 0x0000015f5ec6a520,
0x0000015f5ec6b860, 0x0000015f5ec6c6d0, 0x0000015f5ec6bd30, 0x0000015f5ec6d070,
0x0000015f5ec6c200, 0x0000015f5ec6d540, 0x0000015f5ec6da10, 0x0000015f5e0f9a10,
0x0000015f5e0fa880, 0x0000015f5e0fb220, 0x0000015f5e0f9070, 0x0000015f5e0fca30,
0x0000015f5e0fc090, 0x0000015f5e0fb6f0, 0x0000015f5e0fa3b0, 0x0000015f5fa89100,
0x0000015f5fa86f50, 0x0000015f5fa88290, 0x0000015f5fa8b2b0, 0x0000015f5fa895d0,
0x0000015f5fa89aa0, 0x0000015f5fa89f70, 0x0000015f5fa8a440, 0x0000015f5fa8de00,
0x0000015f5fa8e2d0, 0x0000015f5fa8cf90, 0x0000015f5fa8e7a0, 0x0000015f5fa88c30,
0x0000015f5fa8d460, 0x0000015f5fa8a910, 0x0000015f5fa8ade0, 0x0000015f5fa878f0,
0x0000015f5fa8d930, 0x0000015f5fa87420, 0x0000015f5fa87dc0, 0x0000015f5fa8b780,
0x0000015f5fa8bc50, 0x0000015f5fa88760, 0x0000015f5fa8c120, 0x0000015f5fa8c5f0,
0x0000015f60ac8f50, 0x0000015f60ac5a60, 0x0000015f60ac7270, 0x0000015f60ac5f30,
0x0000015f60aca290, 0x0000015f60ac3d80, 0x0000015f60ac6da0, 0x0000015f60aca760,
0x0000015f60ac80e0, 0x0000015f60ac7740, 0x0000015f60ac4250, 0x0000015f60ac5590,
0x0000015f60ac6400, 0x0000015f60ac4720, 0x0000015f60ac4bf0, 0x0000015f60ac9dc0,
0x0000015f60ac85b0, 0x0000015f60ac50c0, 0x0000015f6040f1d0
}

Java Threads: ( => current thread )
  0x0000015f3db2e3e0 JavaThread "main" [_thread_blocked, id=16192, stack(0x0000001bfc300000,0x0000001bfc400000)]
  0x0000015f5bd1d250 JavaThread "Reference Handler" daemon [_thread_blocked, id=11872, stack(0x0000001bfca00000,0x0000001bfcb00000)]
  0x0000015f5bd1dd10 JavaThread "Finalizer" daemon [_thread_blocked, id=14360, stack(0x0000001bfcb00000,0x0000001bfcc00000)]
  0x0000015f5bd0a8d0 JavaThread "Signal Dispatcher" daemon [_thread_blocked, id=15948, stack(0x0000001bfcc00000,0x0000001bfcd00000)]
  0x0000015f5c834210 JavaThread "Attach Listener" daemon [_thread_blocked, id=15504, stack(0x0000001bfcd00000,0x0000001bfce00000)]
  0x0000015f5c834cd0 JavaThread "Service Thread" daemon [_thread_blocked, id=7712, stack(0x0000001bfce00000,0x0000001bfcf00000)]
  0x0000015f5c8379a0 JavaThread "Monitor Deflation Thread" daemon [_thread_blocked, id=17392, stack(0x0000001bfcf00000,0x0000001bfd000000)]
  0x0000015f5c838590 JavaThread "C2 CompilerThread0" daemon [_thread_in_native, id=12560, stack(0x0000001bfd000000,0x0000001bfd100000)]
  0x0000015f5c89e1a0 JavaThread "C1 CompilerThread0" daemon [_thread_blocked, id=16048, stack(0x0000001bfd100000,0x0000001bfd200000)]
  0x0000015f5c8a9bc0 JavaThread "Sweeper thread" daemon [_thread_blocked, id=16812, stack(0x0000001bfd200000,0x0000001bfd300000)]
  0x0000015f5c9b48c0 JavaThread "Common-Cleaner" daemon [_thread_blocked, id=11220, stack(0x0000001bfd300000,0x0000001bfd400000)]
  0x0000015f5c9b4d90 JavaThread "Notification Thread" daemon [_thread_blocked, id=11196, stack(0x0000001bfd400000,0x0000001bfd500000)]
  0x0000015f5dd24aa0 JavaThread "Daemon health stats" [_thread_blocked, id=15708, stack(0x0000001bfd600000,0x0000001bfd700000)]
  0x0000015f5db2abf0 JavaThread "Incoming local TCP Connector on port 44746" [_thread_in_native, id=9256, stack(0x0000001bfda00000,0x0000001bfdb00000)]
  0x0000015f5db406c0 JavaThread "Daemon periodic checks" [_thread_blocked, id=15888, stack(0x0000001bfdb00000,0x0000001bfdc00000)]
  0x0000015f5da1efd0 JavaThread "Daemon" [_thread_blocked, id=3076, stack(0x0000001bfdc00000,0x0000001bfdd00000)]
  0x0000015f5e033410 JavaThread "Handler for socket connection from /127.0.0.1:44746 to /127.0.0.1:44747" [_thread_in_native, id=11304, stack(0x0000001bfdd00000,0x0000001bfde00000)]
  0x0000015f5e29cc60 JavaThread "Cancel handler" [_thread_blocked, id=6188, stack(0x0000001bfde00000,0x0000001bfdf00000)]
  0x0000015f5e29d130 JavaThread "Daemon worker" [_thread_in_native, id=9404, stack(0x0000001bfdf00000,0x0000001bfe000000)]
  0x0000015f5ec6aec0 JavaThread "Asynchronous log dispatcher for DefaultDaemonConnection: socket connection from /127.0.0.1:44746 to /127.0.0.1:44747" [_thread_blocked, id=5884, stack(0x0000001bfe000000,0x0000001bfe100000)]
  0x0000015f5ec6a9f0 JavaThread "Stdin handler" [_thread_blocked, id=12108, stack(0x0000001bfe100000,0x0000001bfe200000)]
  0x0000015f5ec6b390 JavaThread "Daemon client event forwarder" [_thread_blocked, id=5392, stack(0x0000001bfe200000,0x0000001bfe300000)]
  0x0000015f5ec6cba0 JavaThread "Cache worker for journal cache (C:\Users\wilda\caches\journal-1)" [_thread_blocked, id=16888, stack(0x0000001bfe300000,0x0000001bfe400000)]
  0x0000015f5ec6a520 JavaThread "File lock request listener" [_thread_in_native, id=14044, stack(0x0000001bfe400000,0x0000001bfe500000)]
  0x0000015f5ec6b860 JavaThread "Cache worker for file hash cache (C:\Users\wilda\caches\8.0\fileHashes)" [_thread_blocked, id=7952, stack(0x0000001bfe500000,0x0000001bfe600000)]
  0x0000015f5ec6c6d0 JavaThread "File watcher server" daemon [_thread_in_native, id=10656, stack(0x0000001bfe700000,0x0000001bfe800000)]
  0x0000015f5ec6bd30 JavaThread "File watcher consumer" daemon [_thread_blocked, id=1836, stack(0x0000001bfe800000,0x0000001bfe900000)]
  0x0000015f5ec6d070 JavaThread "jar transforms" [_thread_blocked, id=13772, stack(0x0000001bfe900000,0x0000001bfea00000)]
  0x0000015f5ec6c200 JavaThread "jar transforms Thread 2" [_thread_blocked, id=16504, stack(0x0000001bfea00000,0x0000001bfeb00000)]
  0x0000015f5ec6d540 JavaThread "jar transforms Thread 3" [_thread_blocked, id=3476, stack(0x0000001bfeb00000,0x0000001bfec00000)]
  0x0000015f5ec6da10 JavaThread "jar transforms Thread 4" [_thread_blocked, id=14964, stack(0x0000001bfec00000,0x0000001bfed00000)]
  0x0000015f5e0f9a10 JavaThread "Cache worker for checksums cache (C:\Users\wilda\AndroidStudioProjects\FilmKu\.gradle\8.0\checksums)" [_thread_blocked, id=15736, stack(0x0000001bfe600000,0x0000001bfe700000)]
  0x0000015f5e0fa880 JavaThread "Cache worker for cache directory md-rule (C:\Users\wilda\caches\8.0\md-rule)" [_thread_blocked, id=15292, stack(0x0000001bfed00000,0x0000001bfee00000)]
  0x0000015f5e0fb220 JavaThread "Cache worker for file content cache (C:\Users\wilda\caches\8.0\fileContent)" [_thread_blocked, id=12824, stack(0x0000001bfee00000,0x0000001bfef00000)]
  0x0000015f5e0f9070 JavaThread "Cache worker for file hash cache (C:\Users\wilda\AndroidStudioProjects\FilmKu\.gradle\8.0\fileHashes)" [_thread_blocked, id=2228, stack(0x0000001bfef00000,0x0000001bff000000)]
  0x0000015f5e0fca30 JavaThread "Cache worker for cache directory md-supplier (C:\Users\wilda\caches\8.0\md-supplier)" [_thread_blocked, id=10040, stack(0x0000001bff000000,0x0000001bff100000)]
  0x0000015f5e0fc090 JavaThread "Cache worker for execution history cache (C:\Users\wilda\caches\8.0\executionHistory)" [_thread_blocked, id=13628, stack(0x0000001bff100000,0x0000001bff200000)]
  0x0000015f5e0fb6f0 JavaThread "Cache worker for kotlin-dsl (C:\Users\wilda\caches\8.0\kotlin-dsl)" [_thread_blocked, id=15844, stack(0x0000001bff300000,0x0000001bff400000)]
  0x0000015f5e0fa3b0 JavaThread "Cache worker for dependencies-accessors (C:\Users\wilda\AndroidStudioProjects\FilmKu\.gradle\8.0\dependencies-accessors)" [_thread_blocked, id=2844, stack(0x0000001bff400000,0x0000001bff500000)]
  0x0000015f5fa89100 JavaThread "Cache worker for Build Output Cleanup Cache (C:\Users\wilda\AndroidStudioProjects\FilmKu\.gradle\buildOutputCleanup)" [_thread_blocked, id=16800, stack(0x0000001bff200000,0x0000001bff300000)]
  0x0000015f5fa86f50 JavaThread "Unconstrained build operations" [_thread_blocked, id=3632, stack(0x0000001bfc000000,0x0000001bfc100000)]
  0x0000015f5fa88290 JavaThread "Unconstrained build operations Thread 2" [_thread_blocked, id=10892, stack(0x0000001bff500000,0x0000001bff600000)]
  0x0000015f5fa8b2b0 JavaThread "Unconstrained build operations Thread 3" [_thread_blocked, id=2464, stack(0x0000001bff700000,0x0000001bff800000)]
  0x0000015f5fa895d0 JavaThread "Unconstrained build operations Thread 4" [_thread_blocked, id=17276, stack(0x0000001bff800000,0x0000001bff900000)]
  0x0000015f5fa89aa0 JavaThread "Unconstrained build operations Thread 5" [_thread_blocked, id=7184, stack(0x0000001bff900000,0x0000001bffa00000)]
  0x0000015f5fa89f70 JavaThread "Unconstrained build operations Thread 6" [_thread_blocked, id=2524, stack(0x0000001bffa00000,0x0000001bffb00000)]
  0x0000015f5fa8a440 JavaThread "Unconstrained build operations Thread 7" [_thread_blocked, id=16968, stack(0x0000001bffb00000,0x0000001bffc00000)]
  0x0000015f5fa8de00 JavaThread "Unconstrained build operations Thread 8" [_thread_blocked, id=12744, stack(0x0000001bffc00000,0x0000001bffd00000)]
  0x0000015f5fa8e2d0 JavaThread "Unconstrained build operations Thread 9" [_thread_blocked, id=16316, stack(0x0000001bffd00000,0x0000001bffe00000)]
  0x0000015f5fa8cf90 JavaThread "Unconstrained build operations Thread 10" [_thread_blocked, id=12256, stack(0x0000001bffe00000,0x0000001bfff00000)]
  0x0000015f5fa8e7a0 JavaThread "Unconstrained build operations Thread 11" [_thread_blocked, id=13900, stack(0x0000001bfff00000,0x0000001c00000000)]
  0x0000015f5fa88c30 JavaThread "Unconstrained build operations Thread 12" [_thread_blocked, id=604, stack(0x0000001b80000000,0x0000001b80100000)]
  0x0000015f5fa8d460 JavaThread "Unconstrained build operations Thread 13" [_thread_blocked, id=14416, stack(0x0000001b80100000,0x0000001b80200000)]
  0x0000015f5fa8a910 JavaThread "Unconstrained build operations Thread 14" [_thread_blocked, id=1540, stack(0x0000001b80200000,0x0000001b80300000)]
  0x0000015f5fa8ade0 JavaThread "Unconstrained build operations Thread 15" [_thread_blocked, id=16784, stack(0x0000001b80300000,0x0000001b80400000)]
  0x0000015f5fa878f0 JavaThread "Unconstrained build operations Thread 16" [_thread_blocked, id=15448, stack(0x0000001b80400000,0x0000001b80500000)]
  0x0000015f5fa8d930 JavaThread "Unconstrained build operations Thread 17" [_thread_blocked, id=16276, stack(0x0000001b80500000,0x0000001b80600000)]
  0x0000015f5fa87420 JavaThread "Unconstrained build operations Thread 18" [_thread_blocked, id=14992, stack(0x0000001b80600000,0x0000001b80700000)]
  0x0000015f5fa87dc0 JavaThread "Unconstrained build operations Thread 19" [_thread_blocked, id=17072, stack(0x0000001b80700000,0x0000001b80800000)]
  0x0000015f5fa8b780 JavaThread "Unconstrained build operations Thread 20" [_thread_blocked, id=7600, stack(0x0000001b80800000,0x0000001b80900000)]
  0x0000015f5fa8bc50 JavaThread "Unconstrained build operations Thread 21" [_thread_blocked, id=10716, stack(0x0000001b80900000,0x0000001b80a00000)]
  0x0000015f5fa88760 JavaThread "Unconstrained build operations Thread 22" [_thread_blocked, id=15232, stack(0x0000001b80a00000,0x0000001b80b00000)]
  0x0000015f5fa8c120 JavaThread "Unconstrained build operations Thread 23" [_thread_blocked, id=6116, stack(0x0000001b80b00000,0x0000001b80c00000)]
  0x0000015f5fa8c5f0 JavaThread "Unconstrained build operations Thread 24" [_thread_blocked, id=17220, stack(0x0000001b80c00000,0x0000001b80d00000)]
  0x0000015f60ac8f50 JavaThread "Unconstrained build operations Thread 25" [_thread_blocked, id=12948, stack(0x0000001b80d00000,0x0000001b80e00000)]
  0x0000015f60ac5a60 JavaThread "Unconstrained build operations Thread 26" [_thread_blocked, id=2996, stack(0x0000001b80e00000,0x0000001b80f00000)]
  0x0000015f60ac7270 JavaThread "Unconstrained build operations Thread 27" [_thread_blocked, id=11800, stack(0x0000001b80f00000,0x0000001b81000000)]
  0x0000015f60ac5f30 JavaThread "Unconstrained build operations Thread 28" [_thread_blocked, id=15724, stack(0x0000001b81000000,0x0000001b81100000)]
  0x0000015f60aca290 JavaThread "Unconstrained build operations Thread 29" [_thread_blocked, id=840, stack(0x0000001b81100000,0x0000001b81200000)]
  0x0000015f60ac3d80 JavaThread "Unconstrained build operations Thread 30" [_thread_blocked, id=11948, stack(0x0000001b81200000,0x0000001b81300000)]
  0x0000015f60ac6da0 JavaThread "Unconstrained build operations Thread 31" [_thread_blocked, id=1792, stack(0x0000001b81300000,0x0000001b81400000)]
  0x0000015f60aca760 JavaThread "Unconstrained build operations Thread 32" [_thread_blocked, id=13584, stack(0x0000001b81400000,0x0000001b81500000)]
  0x0000015f60ac80e0 JavaThread "Unconstrained build operations Thread 33" [_thread_blocked, id=3944, stack(0x0000001b81500000,0x0000001b81600000)]
  0x0000015f60ac7740 JavaThread "Unconstrained build operations Thread 34" [_thread_blocked, id=8124, stack(0x0000001b81600000,0x0000001b81700000)]
  0x0000015f60ac4250 JavaThread "Unconstrained build operations Thread 35" [_thread_blocked, id=14096, stack(0x0000001b81700000,0x0000001b81800000)]
  0x0000015f60ac5590 JavaThread "Unconstrained build operations Thread 36" [_thread_blocked, id=14564, stack(0x0000001b81800000,0x0000001b81900000)]
  0x0000015f60ac6400 JavaThread "Unconstrained build operations Thread 37" [_thread_blocked, id=10280, stack(0x0000001b81900000,0x0000001b81a00000)]
  0x0000015f60ac4720 JavaThread "Unconstrained build operations Thread 38" [_thread_blocked, id=11448, stack(0x0000001b81a00000,0x0000001b81b00000)]
  0x0000015f60ac4bf0 JavaThread "Unconstrained build operations Thread 39" [_thread_blocked, id=16824, stack(0x0000001b81b00000,0x0000001b81c00000)]
  0x0000015f60ac9dc0 JavaThread "Unconstrained build operations Thread 40" [_thread_blocked, id=392, stack(0x0000001b81c00000,0x0000001b81d00000)]
  0x0000015f60ac85b0 JavaThread "Memory manager" [_thread_blocked, id=7500, stack(0x0000001b82000000,0x0000001b82100000)]
  0x0000015f60ac50c0 JavaThread "Kotlin DSL Writer" [_thread_blocked, id=3104, stack(0x0000001b81f00000,0x0000001b82000000)]
=>0x0000015f6040f1d0 JavaThread "C2 CompilerThread1" daemon [_thread_in_native, id=5964, stack(0x0000001b82100000,0x0000001b82200000)]

Other Threads:
  0x0000015f5c813020 VMThread "VM Thread" [stack: 0x0000001bfc900000,0x0000001bfca00000] [id=16528]
  0x0000015f5c9b5260 WatcherThread [stack: 0x0000001bfd500000,0x0000001bfd600000] [id=5740]
  0x0000015f3db98f50 GCTaskThread "GC Thread#0" [stack: 0x0000001bfc400000,0x0000001bfc500000] [id=15116]
  0x0000015f5cd085f0 GCTaskThread "GC Thread#1" [stack: 0x0000001bfd700000,0x0000001bfd800000] [id=14576]
  0x0000015f5ced0b20 GCTaskThread "GC Thread#2" [stack: 0x0000001bfd800000,0x0000001bfd900000] [id=4120]
  0x0000015f5d05ce50 GCTaskThread "GC Thread#3" [stack: 0x0000001bfd900000,0x0000001bfda00000] [id=11396]
  0x0000015f3dba9ff0 ConcurrentGCThread "G1 Main Marker" [stack: 0x0000001bfc500000,0x0000001bfc600000] [id=12096]
  0x0000015f3dbac050 ConcurrentGCThread "G1 Conc#0" [stack: 0x0000001bfc600000,0x0000001bfc700000] [id=4132]
  0x0000015f5bb624b0 ConcurrentGCThread "G1 Refine#0" [stack: 0x0000001bfc700000,0x0000001bfc800000] [id=8312]
  0x0000015f5ff5a150 ConcurrentGCThread "G1 Refine#1" [stack: 0x0000001b82200000,0x0000001b82300000] [id=16224]
  0x0000015f5bb62c80 ConcurrentGCThread "G1 Service" [stack: 0x0000001bfc800000,0x0000001bfc900000] [id=7228]

Threads with active compile tasks:
C2 CompilerThread0    59810 11025       4       kotlin.collections.CollectionsKt___CollectionsKt::toCollection (49 bytes)
C1 CompilerThread0    59810 11086       3       kotlin.collections.CollectionsKt___CollectionsKt::plus (87 bytes)
C2 CompilerThread1    59810 10977       4       org.jetbrains.kotlin.load.java.structure.impl.classFiles.BinaryClassSignatureParser::parseParameterizedClassRefSignature (262 bytes)

VM state: not at safepoint (normal execution)

VM Mutex/Monitor currently owned by a thread: None

Heap address: 0x0000000700000000, size: 4096 MB, Compressed Oops mode: Zero based, Oop shift amount: 3

CDS archive(s) not mapped
Compressed class space mapped at: 0x0000000800000000-0x0000000840000000, reserved size: 1073741824
Narrow klass base: 0x0000000800000000, Narrow klass shift: 0, Narrow klass range: 0x40000000

GC Precious Log:
 CPUs: 4 total, 4 available
 Memory: 10177M
 Large Page Support: Disabled
 NUMA Support: Disabled
 Compressed Oops: Enabled (Zero based)
 Heap Region Size: 2M
 Heap Min Capacity: 8M
 Heap Initial Capacity: 160M
 Heap Max Capacity: 4G
 Pre-touch: Disabled
 Parallel Workers: 4
 Concurrent Workers: 1
 Concurrent Refinement Workers: 4
 Periodic GC: Disabled

Heap:
 garbage-first heap   total 274432K, used 205539K [0x0000000700000000, 0x0000000800000000)
  region size 2048K, 28 young (57344K), 2 survivors (4096K)
 Metaspace       used 114863K, committed 115648K, reserved 1155072K
  class space    used 15206K, committed 15552K, reserved 1048576K

Heap Regions: E=young(eden), S=young(survivor), O=old, HS=humongous(starts), HC=humongous(continues), CS=collection set, F=free, OA=open archive, CA=closed archive, TAMS=top-at-mark-start (previous, next)
|   0|0x0000000700000000, 0x0000000700200000, 0x0000000700200000|100%| O|  |TAMS 0x0000000700200000, 0x0000000700000000| Untracked 
|   1|0x0000000700200000, 0x0000000700400000, 0x0000000700400000|100%|HS|  |TAMS 0x0000000700400000, 0x0000000700200000| Complete 
|   2|0x0000000700400000, 0x0000000700600000, 0x0000000700600000|100%|HC|  |TAMS 0x0000000700600000, 0x0000000700400000| Complete 
|   3|0x0000000700600000, 0x0000000700800000, 0x0000000700800000|100%| O|  |TAMS 0x0000000700800000, 0x0000000700600000| Untracked 
|   4|0x0000000700800000, 0x0000000700a00000, 0x0000000700a00000|100%| O|  |TAMS 0x0000000700a00000, 0x0000000700800000| Untracked 
|   5|0x0000000700a00000, 0x0000000700c00000, 0x0000000700c00000|100%| O|  |TAMS 0x0000000700c00000, 0x0000000700a00000| Untracked 
|   6|0x0000000700c00000, 0x0000000700e00000, 0x0000000700e00000|100%| O|  |TAMS 0x0000000700e00000, 0x0000000700c00000| Untracked 
|   7|0x0000000700e00000, 0x0000000701000000, 0x0000000701000000|100%| O|  |TAMS 0x0000000701000000, 0x0000000700e00000| Untracked 
|   8|0x0000000701000000, 0x0000000701200000, 0x0000000701200000|100%| O|  |TAMS 0x0000000701200000, 0x0000000701000000| Untracked 
|   9|0x0000000701200000, 0x0000000701400000, 0x0000000701400000|100%| O|  |TAMS 0x0000000701400000, 0x0000000701200000| Untracked 
|  10|0x0000000701400000, 0x0000000701600000, 0x0000000701600000|100%| O|  |TAMS 0x0000000701600000, 0x0000000701400000| Untracked 
|  11|0x0000000701600000, 0x0000000701800000, 0x0000000701800000|100%|HS|  |TAMS 0x0000000701800000, 0x0000000701600000| Complete 
|  12|0x0000000701800000, 0x0000000701a00000, 0x0000000701a00000|100%|HS|  |TAMS 0x0000000701a00000, 0x0000000701800000| Complete 
|  13|0x0000000701a00000, 0x0000000701c00000, 0x0000000701c00000|100%|HC|  |TAMS 0x0000000701c00000, 0x0000000701a00000| Complete 
|  14|0x0000000701c00000, 0x0000000701e00000, 0x0000000701e00000|100%|HS|  |TAMS 0x0000000701e00000, 0x0000000701c00000| Complete 
|  15|0x0000000701e00000, 0x0000000702000000, 0x0000000702000000|100%|HC|  |TAMS 0x0000000702000000, 0x0000000701e00000| Complete 
|  16|0x0000000702000000, 0x0000000702200000, 0x0000000702200000|100%| O|  |TAMS 0x0000000702200000, 0x0000000702000000| Untracked 
|  17|0x0000000702200000, 0x0000000702400000, 0x0000000702400000|100%|HS|  |TAMS 0x0000000702400000, 0x0000000702200000| Complete 
|  18|0x0000000702400000, 0x0000000702600000, 0x0000000702600000|100%|HC|  |TAMS 0x0000000702600000, 0x0000000702400000| Complete 
|  19|0x0000000702600000, 0x0000000702800000, 0x0000000702800000|100%|HC|  |TAMS 0x0000000702800000, 0x0000000702600000| Complete 
|  20|0x0000000702800000, 0x0000000702a00000, 0x0000000702a00000|100%|HC|  |TAMS 0x0000000702a00000, 0x0000000702800000| Complete 
|  21|0x0000000702a00000, 0x0000000702c00000, 0x0000000702c00000|100%|HC|  |TAMS 0x0000000702c00000, 0x0000000702a00000| Complete 
|  22|0x0000000702c00000, 0x0000000702e00000, 0x0000000702e00000|100%|HC|  |TAMS 0x0000000702e00000, 0x0000000702c00000| Complete 
|  23|0x0000000702e00000, 0x0000000703000000, 0x0000000703000000|100%|HS|  |TAMS 0x0000000703000000, 0x0000000702e00000| Complete 
|  24|0x0000000703000000, 0x0000000703200000, 0x0000000703200000|100%| O|  |TAMS 0x0000000703200000, 0x0000000703000000| Untracked 
|  25|0x0000000703200000, 0x0000000703400000, 0x0000000703400000|100%| O|  |TAMS 0x0000000703400000, 0x0000000703200000| Untracked 
|  26|0x0000000703400000, 0x0000000703600000, 0x0000000703600000|100%| O|  |TAMS 0x0000000703600000, 0x0000000703400000| Untracked 
|  27|0x0000000703600000, 0x0000000703800000, 0x0000000703800000|100%| O|  |TAMS 0x0000000703800000, 0x0000000703600000| Untracked 
|  28|0x0000000703800000, 0x0000000703a00000, 0x0000000703a00000|100%|HS|  |TAMS 0x0000000703a00000, 0x0000000703800000| Complete 
|  29|0x0000000703a00000, 0x0000000703c00000, 0x0000000703c00000|100%|HC|  |TAMS 0x0000000703c00000, 0x0000000703a00000| Complete 
|  30|0x0000000703c00000, 0x0000000703e00000, 0x0000000703e00000|100%|HS|  |TAMS 0x0000000703e00000, 0x0000000703c00000| Complete 
|  31|0x0000000703e00000, 0x0000000704000000, 0x0000000704000000|100%|HC|  |TAMS 0x0000000704000000, 0x0000000703e00000| Complete 
|  32|0x0000000704000000, 0x0000000704200000, 0x0000000704200000|100%| O|  |TAMS 0x0000000704200000, 0x0000000704000000| Untracked 
|  33|0x0000000704200000, 0x0000000704400000, 0x0000000704400000|100%| O|  |TAMS 0x0000000704400000, 0x0000000704200000| Untracked 
|  34|0x0000000704400000, 0x0000000704600000, 0x0000000704600000|100%| O|  |TAMS 0x0000000704600000, 0x0000000704400000| Untracked 
|  35|0x0000000704600000, 0x0000000704800000, 0x0000000704800000|100%| O|  |TAMS 0x0000000704800000, 0x0000000704600000| Untracked 
|  36|0x0000000704800000, 0x0000000704a00000, 0x0000000704a00000|100%| O|  |TAMS 0x0000000704a00000, 0x0000000704800000| Untracked 
|  37|0x0000000704a00000, 0x0000000704c00000, 0x0000000704c00000|100%| O|  |TAMS 0x0000000704c00000, 0x0000000704a00000| Untracked 
|  38|0x0000000704c00000, 0x0000000704e00000, 0x0000000704e00000|100%| O|  |TAMS 0x0000000704e00000, 0x0000000704c00000| Untracked 
|  39|0x0000000704e00000, 0x0000000705000000, 0x0000000705000000|100%| O|  |TAMS 0x0000000705000000, 0x0000000704e00000| Untracked 
|  40|0x0000000705000000, 0x0000000705200000, 0x0000000705200000|100%|HS|  |TAMS 0x0000000705200000, 0x0000000705000000| Complete 
|  41|0x0000000705200000, 0x0000000705400000, 0x0000000705400000|100%| O|  |TAMS 0x0000000705400000, 0x0000000705200000| Untracked 
|  42|0x0000000705400000, 0x0000000705600000, 0x0000000705600000|100%| O|  |TAMS 0x0000000705600000, 0x0000000705400000| Untracked 
|  43|0x0000000705600000, 0x0000000705800000, 0x0000000705800000|100%|HS|  |TAMS 0x0000000705800000, 0x0000000705600000| Complete 
|  44|0x0000000705800000, 0x0000000705a00000, 0x0000000705a00000|100%|HC|  |TAMS 0x0000000705a00000, 0x0000000705800000| Complete 
|  45|0x0000000705a00000, 0x0000000705c00000, 0x0000000705c00000|100%| O|  |TAMS 0x0000000705c00000, 0x0000000705a00000| Untracked 
|  46|0x0000000705c00000, 0x0000000705e00000, 0x0000000705e00000|100%| O|  |TAMS 0x0000000705e00000, 0x0000000705c00000| Untracked 
|  47|0x0000000705e00000, 0x0000000706000000, 0x0000000706000000|100%| O|  |TAMS 0x0000000706000000, 0x0000000705e00000| Untracked 
|  48|0x0000000706000000, 0x0000000706200000, 0x0000000706200000|100%| O|  |TAMS 0x0000000706200000, 0x0000000706000000| Untracked 
|  49|0x0000000706200000, 0x0000000706400000, 0x0000000706400000|100%| O|  |TAMS 0x0000000706400000, 0x0000000706200000| Untracked 
|  50|0x0000000706400000, 0x0000000706600000, 0x0000000706600000|100%|HS|  |TAMS 0x0000000706600000, 0x0000000706400000| Complete 
|  51|0x0000000706600000, 0x0000000706800000, 0x0000000706800000|100%|HC|  |TAMS 0x0000000706800000, 0x0000000706600000| Complete 
|  52|0x0000000706800000, 0x0000000706a00000, 0x0000000706a00000|100%| O|  |TAMS 0x0000000706a00000, 0x0000000706800000| Untracked 
|  53|0x0000000706a00000, 0x0000000706c00000, 0x0000000706c00000|100%| O|  |TAMS 0x0000000706c00000, 0x0000000706a00000| Untracked 
|  54|0x0000000706c00000, 0x0000000706e00000, 0x0000000706e00000|100%| O|  |TAMS 0x0000000706e00000, 0x0000000706c00000| Untracked 
|  55|0x0000000706e00000, 0x0000000707000000, 0x0000000707000000|100%| O|  |TAMS 0x0000000707000000, 0x0000000706e00000| Untracked 
|  56|0x0000000707000000, 0x0000000707200000, 0x0000000707200000|100%| O|  |TAMS 0x0000000707200000, 0x0000000707000000| Untracked 
|  57|0x0000000707200000, 0x0000000707400000, 0x0000000707400000|100%| O|  |TAMS 0x0000000707400000, 0x0000000707200000| Untracked 
|  58|0x0000000707400000, 0x0000000707600000, 0x0000000707600000|100%| O|  |TAMS 0x0000000707600000, 0x0000000707400000| Untracked 
|  59|0x0000000707600000, 0x0000000707800000, 0x0000000707800000|100%| O|  |TAMS 0x0000000707800000, 0x0000000707600000| Untracked 
|  60|0x0000000707800000, 0x0000000707a00000, 0x0000000707a00000|100%| O|  |TAMS 0x0000000707a00000, 0x0000000707800000| Untracked 
|  61|0x0000000707a00000, 0x0000000707c00000, 0x0000000707c00000|100%| O|  |TAMS 0x0000000707c00000, 0x0000000707a00000| Untracked 
|  62|0x0000000707c00000, 0x0000000707e00000, 0x0000000707e00000|100%| O|  |TAMS 0x0000000707e00000, 0x0000000707c00000| Untracked 
|  63|0x0000000707e00000, 0x0000000708000000, 0x0000000708000000|100%| O|  |TAMS 0x0000000708000000, 0x0000000707e00000| Untracked 
|  64|0x0000000708000000, 0x0000000708200000, 0x0000000708200000|100%| O|  |TAMS 0x0000000708200000, 0x0000000708000000| Untracked 
|  65|0x0000000708200000, 0x0000000708400000, 0x0000000708400000|100%| O|  |TAMS 0x0000000708400000, 0x0000000708200000| Untracked 
|  66|0x0000000708400000, 0x0000000708600000, 0x0000000708600000|100%|HS|  |TAMS 0x0000000708600000, 0x0000000708400000| Complete 
|  67|0x0000000708600000, 0x0000000708800000, 0x0000000708800000|100%|HC|  |TAMS 0x0000000708800000, 0x0000000708600000| Complete 
|  68|0x0000000708800000, 0x0000000708a00000, 0x0000000708a00000|100%|HC|  |TAMS 0x0000000708a00000, 0x0000000708800000| Complete 
|  69|0x0000000708a00000, 0x0000000708c00000, 0x0000000708c00000|100%| O|  |TAMS 0x0000000708b1ea00, 0x0000000708a00000| Untracked 
|  70|0x0000000708c00000, 0x0000000708e00000, 0x0000000708e00000|100%| O|  |TAMS 0x0000000708c00000, 0x0000000708c00000| Untracked 
|  71|0x0000000708e00000, 0x0000000709000000, 0x0000000709000000|100%| O|  |TAMS 0x0000000708e00000, 0x0000000708e00000| Untracked 
|  72|0x0000000709000000, 0x0000000709200000, 0x0000000709200000|100%| O|  |TAMS 0x0000000709000000, 0x0000000709000000| Untracked 
|  73|0x0000000709200000, 0x00000007092de800, 0x0000000709400000| 43%| O|  |TAMS 0x0000000709200000, 0x0000000709200000| Untracked 
|  74|0x0000000709400000, 0x0000000709400000, 0x0000000709600000|  0%| F|  |TAMS 0x0000000709400000, 0x0000000709400000| Untracked 
|  75|0x0000000709600000, 0x0000000709600000, 0x0000000709800000|  0%| F|  |TAMS 0x0000000709600000, 0x0000000709600000| Untracked 
|  76|0x0000000709800000, 0x0000000709800000, 0x0000000709a00000|  0%| F|  |TAMS 0x0000000709800000, 0x0000000709800000| Untracked 
|  77|0x0000000709a00000, 0x0000000709a00000, 0x0000000709c00000|  0%| F|  |TAMS 0x0000000709a00000, 0x0000000709a00000| Untracked 
|  78|0x0000000709c00000, 0x0000000709c00000, 0x0000000709e00000|  0%| F|  |TAMS 0x0000000709c00000, 0x0000000709c00000| Untracked 
|  79|0x0000000709e00000, 0x0000000709e00000, 0x000000070a000000|  0%| F|  |TAMS 0x0000000709e00000, 0x0000000709e00000| Untracked 
|  80|0x000000070a000000, 0x000000070a000000, 0x000000070a200000|  0%| F|  |TAMS 0x000000070a000000, 0x000000070a000000| Untracked 
|  81|0x000000070a200000, 0x000000070a200000, 0x000000070a400000|  0%| F|  |TAMS 0x000000070a200000, 0x000000070a200000| Untracked 
|  82|0x000000070a400000, 0x000000070a400000, 0x000000070a600000|  0%| F|  |TAMS 0x000000070a400000, 0x000000070a400000| Untracked 
|  83|0x000000070a600000, 0x000000070a600000, 0x000000070a800000|  0%| F|  |TAMS 0x000000070a600000, 0x000000070a600000| Untracked 
|  84|0x000000070a800000, 0x000000070a800000, 0x000000070aa00000|  0%| F|  |TAMS 0x000000070a800000, 0x000000070a800000| Untracked 
|  85|0x000000070aa00000, 0x000000070aa00000, 0x000000070ac00000|  0%| F|  |TAMS 0x000000070aa00000, 0x000000070aa00000| Untracked 
|  86|0x000000070ac00000, 0x000000070ac00000, 0x000000070ae00000|  0%| F|  |TAMS 0x000000070ac00000, 0x000000070ac00000| Untracked 
|  87|0x000000070ae00000, 0x000000070ae00000, 0x000000070b000000|  0%| F|  |TAMS 0x000000070ae00000, 0x000000070ae00000| Untracked 
|  88|0x000000070b000000, 0x000000070b000000, 0x000000070b200000|  0%| F|  |TAMS 0x000000070b000000, 0x000000070b000000| Untracked 
|  89|0x000000070b200000, 0x000000070b200000, 0x000000070b400000|  0%| F|  |TAMS 0x000000070b200000, 0x000000070b200000| Untracked 
|  90|0x000000070b400000, 0x000000070b400000, 0x000000070b600000|  0%| F|  |TAMS 0x000000070b400000, 0x000000070b400000| Untracked 
|  91|0x000000070b600000, 0x000000070b600000, 0x000000070b800000|  0%| F|  |TAMS 0x000000070b600000, 0x000000070b600000| Untracked 
|  92|0x000000070b800000, 0x000000070b800000, 0x000000070ba00000|  0%| F|  |TAMS 0x000000070b800000, 0x000000070b800000| Untracked 
|  93|0x000000070ba00000, 0x000000070ba00000, 0x000000070bc00000|  0%| F|  |TAMS 0x000000070ba00000, 0x000000070ba00000| Untracked 
|  94|0x000000070bc00000, 0x000000070bdda7e0, 0x000000070be00000| 92%| S|CS|TAMS 0x000000070bc00000, 0x000000070bc00000| Complete 
|  95|0x000000070be00000, 0x000000070c000000, 0x000000070c000000|100%| S|CS|TAMS 0x000000070be00000, 0x000000070be00000| Complete 
|  96|0x000000070c000000, 0x000000070c000000, 0x000000070c200000|  0%| F|  |TAMS 0x000000070c000000, 0x000000070c000000| Untracked 
|  97|0x000000070c200000, 0x000000070c200000, 0x000000070c400000|  0%| F|  |TAMS 0x000000070c200000, 0x000000070c200000| Untracked 
|  98|0x000000070c400000, 0x000000070c400000, 0x000000070c600000|  0%| F|  |TAMS 0x000000070c400000, 0x000000070c400000| Untracked 
|  99|0x000000070c600000, 0x000000070c600000, 0x000000070c800000|  0%| F|  |TAMS 0x000000070c600000, 0x000000070c600000| Untracked 
| 100|0x000000070c800000, 0x000000070c800000, 0x000000070ca00000|  0%| F|  |TAMS 0x000000070c800000, 0x000000070c800000| Untracked 
| 101|0x000000070ca00000, 0x000000070ca00000, 0x000000070cc00000|  0%| F|  |TAMS 0x000000070ca00000, 0x000000070ca00000| Untracked 
| 102|0x000000070cc00000, 0x000000070cc00000, 0x000000070ce00000|  0%| F|  |TAMS 0x000000070cc00000, 0x000000070cc00000| Untracked 
| 103|0x000000070ce00000, 0x000000070ce00000, 0x000000070d000000|  0%| F|  |TAMS 0x000000070ce00000, 0x000000070ce00000| Untracked 
| 104|0x000000070d000000, 0x000000070d000000, 0x000000070d200000|  0%| F|  |TAMS 0x000000070d000000, 0x000000070d000000| Untracked 
| 105|0x000000070d200000, 0x000000070d200000, 0x000000070d400000|  0%| F|  |TAMS 0x000000070d200000, 0x000000070d200000| Untracked 
| 106|0x000000070d400000, 0x000000070d400000, 0x000000070d600000|  0%| F|  |TAMS 0x000000070d400000, 0x000000070d400000| Untracked 
| 107|0x000000070d600000, 0x000000070d600000, 0x000000070d800000|  0%| F|  |TAMS 0x000000070d600000, 0x000000070d600000| Untracked 
| 108|0x000000070d800000, 0x000000070d800000, 0x000000070da00000|  0%| F|  |TAMS 0x000000070d800000, 0x000000070d800000| Untracked 
| 109|0x000000070da00000, 0x000000070da00000, 0x000000070dc00000|  0%| F|  |TAMS 0x000000070da00000, 0x000000070da00000| Untracked 
| 110|0x000000070dc00000, 0x000000070dc00000, 0x000000070de00000|  0%| F|  |TAMS 0x000000070dc00000, 0x000000070dc00000| Untracked 
| 111|0x000000070de00000, 0x000000070de00000, 0x000000070e000000|  0%| F|  |TAMS 0x000000070de00000, 0x000000070de00000| Untracked 
| 112|0x000000070e000000, 0x000000070e000000, 0x000000070e200000|  0%| F|  |TAMS 0x000000070e000000, 0x000000070e000000| Untracked 
| 113|0x000000070e200000, 0x000000070e200000, 0x000000070e400000|  0%| F|  |TAMS 0x000000070e200000, 0x000000070e200000| Untracked 
| 114|0x000000070e400000, 0x000000070e400000, 0x000000070e600000|  0%| F|  |TAMS 0x000000070e400000, 0x000000070e400000| Untracked 
| 115|0x000000070e600000, 0x000000070e600000, 0x000000070e800000|  0%| F|  |TAMS 0x000000070e600000, 0x000000070e600000| Untracked 
| 116|0x000000070e800000, 0x000000070e800000, 0x000000070ea00000|  0%| F|  |TAMS 0x000000070e800000, 0x000000070e800000| Untracked 
| 117|0x000000070ea00000, 0x000000070ea00000, 0x000000070ec00000|  0%| F|  |TAMS 0x000000070ea00000, 0x000000070ea00000| Untracked 
| 118|0x000000070ec00000, 0x000000070ec00000, 0x000000070ee00000|  0%| F|  |TAMS 0x000000070ec00000, 0x000000070ec00000| Untracked 
| 119|0x000000070ee00000, 0x000000070ee00000, 0x000000070f000000|  0%| F|  |TAMS 0x000000070ee00000, 0x000000070ee00000| Untracked 
| 120|0x000000070f000000, 0x000000070f000000, 0x000000070f200000|  0%| F|  |TAMS 0x000000070f000000, 0x000000070f000000| Untracked 
| 121|0x000000070f200000, 0x000000070f200000, 0x000000070f400000|  0%| F|  |TAMS 0x000000070f200000, 0x000000070f200000| Untracked 
| 122|0x000000070f400000, 0x000000070f400000, 0x000000070f600000|  0%| F|  |TAMS 0x000000070f400000, 0x000000070f400000| Untracked 
| 123|0x000000070f600000, 0x000000070f600000, 0x000000070f800000|  0%| F|  |TAMS 0x000000070f600000, 0x000000070f600000| Untracked 
| 124|0x000000070f800000, 0x000000070f800000, 0x000000070fa00000|  0%| F|  |TAMS 0x000000070f800000, 0x000000070f800000| Untracked 
| 125|0x000000070fa00000, 0x000000070fa00000, 0x000000070fc00000|  0%| F|  |TAMS 0x000000070fa00000, 0x000000070fa00000| Untracked 
| 126|0x000000070fc00000, 0x000000070fc00000, 0x000000070fe00000|  0%| F|  |TAMS 0x000000070fc00000, 0x000000070fc00000| Untracked 
| 127|0x000000070fe00000, 0x000000070fe00000, 0x0000000710000000|  0%| F|  |TAMS 0x000000070fe00000, 0x000000070fe00000| Untracked 
| 128|0x0000000710000000, 0x0000000710000000, 0x0000000710200000|  0%| F|  |TAMS 0x0000000710000000, 0x0000000710000000| Untracked 
| 129|0x0000000710200000, 0x0000000710200000, 0x0000000710400000|  0%| F|  |TAMS 0x0000000710200000, 0x0000000710200000| Untracked 
| 130|0x0000000710400000, 0x0000000710400000, 0x0000000710600000|  0%| F|  |TAMS 0x0000000710400000, 0x0000000710400000| Untracked 
| 131|0x0000000710600000, 0x0000000710600000, 0x0000000710800000|  0%| F|  |TAMS 0x0000000710600000, 0x0000000710600000| Untracked 
| 132|0x0000000710800000, 0x0000000710800000, 0x0000000710a00000|  0%| F|  |TAMS 0x0000000710800000, 0x0000000710800000| Untracked 
| 133|0x0000000710a00000, 0x0000000710a01260, 0x0000000710c00000|  0%| E|  |TAMS 0x0000000710a00000, 0x0000000710a00000| Complete 

Card table byte_map: [0x0000015f507f0000,0x0000015f50ff0000] _byte_map_base: 0x0000015f4cff0000

Marking Bits (Prev, Next): (CMBitMap*) 0x0000015f3db995a0, (CMBitMap*) 0x0000015f3db99560
 Prev Bits: [0x0000015f557f0000, 0x0000015f597f0000)
 Next Bits: [0x0000015f517f0000, 0x0000015f557f0000)

Polling page: 0x0000015f3b9f0000

Metaspace:

Usage:
  Non-class:     97.33 MB used.
      Class:     14.85 MB used.
       Both:    112.18 MB used.

Virtual space:
  Non-class space:      104.00 MB reserved,      97.75 MB ( 94%) committed,  13 nodes.
      Class space:        1.00 GB reserved,      15.19 MB (  1%) committed,  1 nodes.
             Both:        1.10 GB reserved,     112.94 MB ( 10%) committed. 

Chunk freelists:
   Non-Class:  1.97 MB
       Class:  688.00 KB
        Both:  2.64 MB

MaxMetaspaceSize: unlimited
CompressedClassSpaceSize: 1.00 GB
Initial GC threshold: 21.00 MB
Current GC threshold: 185.25 MB
CDS: off
MetaspaceReclaimPolicy: balanced
 - commit_granule_bytes: 65536.
 - commit_granule_words: 8192.
 - virtual_space_node_default_size: 1048576.
 - enlarge_chunks_in_place: 1.
 - new_chunks_are_fully_committed: 0.
 - uncommit_free_chunks: 1.
 - use_allocation_guard: 0.
 - handle_deallocations: 1.


Internal statistics:

num_allocs_failed_limit: 3.
num_arena_births: 920.
num_arena_deaths: 0.
num_vsnodes_births: 14.
num_vsnodes_deaths: 0.
num_space_committed: 1805.
num_space_uncommitted: 0.
num_chunks_returned_to_freelist: 3.
num_chunks_taken_from_freelist: 4672.
num_chunk_merges: 3.
num_chunk_splits: 3399.
num_chunks_enlarged: 2594.
num_purges: 0.
num_inconsistent_stats: 0.

CodeHeap 'non-profiled nmethods': size=120000Kb used=5204Kb max_used=5204Kb free=114796Kb
 bounds [0x0000015f48ac0000, 0x0000015f48fe0000, 0x0000015f4fff0000]
CodeHeap 'profiled nmethods': size=120000Kb used=19421Kb max_used=19421Kb free=100578Kb
 bounds [0x0000015f40ff0000, 0x0000015f422f0000, 0x0000015f48520000]
CodeHeap 'non-nmethods': size=5760Kb used=2464Kb max_used=2495Kb free=3295Kb
 bounds [0x0000015f48520000, 0x0000015f487a0000, 0x0000015f48ac0000]
 total_blobs=10550 nmethods=9536 adapters=925
 compilation: enabled
              stopped_count=0, restarted_count=0
 full_count=0

Compilation events (20 events):
Event: 59.658 Thread 0x0000015f5c838590 nmethod 11017 0x0000015f48fcf190 code [0x0000015f48fcf380, 0x0000015f48fd0158]
Event: 59.659 Thread 0x0000015f5c838590 11025       4       kotlin.collections.CollectionsKt___CollectionsKt::toCollection (49 bytes)
Event: 59.661 Thread 0x0000015f5c89e1a0 11038       1       org.jetbrains.kotlin.types.TypeCheckerState::getTypeSystemContext (5 bytes)
Event: 59.661 Thread 0x0000015f5c89e1a0 nmethod 11038 0x0000015f48fd0810 code [0x0000015f48fd09a0, 0x0000015f48fd0a78]
Event: 59.661 Thread 0x0000015f5c89e1a0 11039       1       org.jetbrains.kotlin.types.SimpleTypeImpl::getMemberScope (5 bytes)
Event: 59.662 Thread 0x0000015f5c89e1a0 nmethod 11039 0x0000015f48fd0b10 code [0x0000015f48fd0ca0, 0x0000015f48fd0d78]
Event: 59.663 Thread 0x0000015f5c89e1a0 11040       1       org.jetbrains.kotlin.types.TypeProjectionImpl::isStarProjection (2 bytes)
Event: 59.663 Thread 0x0000015f5c89e1a0 nmethod 11040 0x0000015f48fd0e10 code [0x0000015f48fd0fa0, 0x0000015f48fd1078]
Event: 59.698 Thread 0x0000015f5c89e1a0 11041       1       org.jetbrains.kotlin.load.java.lazy.JavaResolverComponents::getLookupTracker (5 bytes)
Event: 59.698 Thread 0x0000015f5c89e1a0 nmethod 11041 0x0000015f48fd1110 code [0x0000015f48fd12a0, 0x0000015f48fd1378]
Event: 59.702 Thread 0x0000015f5c89e1a0 11042       3       org.jetbrains.kotlin.com.intellij.openapi.vfs.impl.jar.CoreJarVirtualFile::contentsToByteArray (32 bytes)
Event: 59.703 Thread 0x0000015f5c89e1a0 nmethod 11042 0x0000015f422cd590 code [0x0000015f422cd760, 0x0000015f422cdb18]
Event: 59.725 Thread 0x0000015f5c89e1a0 11045       1       org.jetbrains.kotlin.metadata.ProtoBuf$Type::getClassName (5 bytes)
Event: 59.726 Thread 0x0000015f5c89e1a0 nmethod 11045 0x0000015f48fd1410 code [0x0000015f48fd15a0, 0x0000015f48fd1678]
Event: 59.727 Thread 0x0000015f5c89e1a0 11046       1       org.jetbrains.kotlin.load.java.lazy.descriptors.LazyJavaPackageScope::getOwnerDescriptor (5 bytes)
Event: 59.728 Thread 0x0000015f5c89e1a0 nmethod 11046 0x0000015f48fd1710 code [0x0000015f48fd18a0, 0x0000015f48fd1978]
Event: 59.730 Thread 0x0000015f5c89e1a0 11047       1       org.jetbrains.kotlin.load.java.lazy.JavaResolverComponents::getAnnotationTypeQualifierResolver (5 bytes)
Event: 59.730 Thread 0x0000015f5c89e1a0 nmethod 11047 0x0000015f48fd1a10 code [0x0000015f48fd1ba0, 0x0000015f48fd1c78]
Event: 59.731 Thread 0x0000015f5c89e1a0 11048       3       org.jetbrains.kotlin.types.FlexibleTypeImpl::getDelegate (9 bytes)
Event: 59.731 Thread 0x0000015f5c89e1a0 nmethod 11048 0x0000015f422cdc90 code [0x0000015f422cde40, 0x0000015f422cdfa8]

GC Heap History (20 events):
Event: 41.980 GC heap before
{Heap before GC invocations=29 (full 0):
 garbage-first heap   total 174080K, used 136808K [0x0000000700000000, 0x0000000800000000)
  region size 2048K, 21 young (43008K), 3 survivors (6144K)
 Metaspace       used 77783K, committed 78464K, reserved 1122304K
  class space    used 10394K, committed 10688K, reserved 1048576K
}
Event: 41.992 GC heap after
{Heap after GC invocations=30 (full 0):
 garbage-first heap   total 174080K, used 101609K [0x0000000700000000, 0x0000000800000000)
  region size 2048K, 2 young (4096K), 2 survivors (4096K)
 Metaspace       used 77783K, committed 78464K, reserved 1122304K
  class space    used 10394K, committed 10688K, reserved 1048576K
}
Event: 42.567 GC heap before
{Heap before GC invocations=31 (full 0):
 garbage-first heap   total 182272K, used 109801K [0x0000000700000000, 0x0000000800000000)
  region size 2048K, 7 young (14336K), 2 survivors (4096K)
 Metaspace       used 78810K, committed 79488K, reserved 1122304K
  class space    used 10546K, committed 10816K, reserved 1048576K
}
Event: 42.578 GC heap after
{Heap after GC invocations=32 (full 0):
 garbage-first heap   total 182272K, used 102279K [0x0000000700000000, 0x0000000800000000)
  region size 2048K, 2 young (4096K), 2 survivors (4096K)
 Metaspace       used 78810K, committed 79488K, reserved 1122304K
  class space    used 10546K, committed 10816K, reserved 1048576K
}
Event: 44.733 GC heap before
{Heap before GC invocations=33 (full 0):
 garbage-first heap   total 192512K, used 149383K [0x0000000700000000, 0x0000000800000000)
  region size 2048K, 22 young (45056K), 2 survivors (4096K)
 Metaspace       used 85219K, committed 85952K, reserved 1130496K
  class space    used 11734K, committed 12032K, reserved 1048576K
}
Event: 44.745 GC heap after
{Heap after GC invocations=34 (full 0):
 garbage-first heap   total 192512K, used 103529K [0x0000000700000000, 0x0000000800000000)
  region size 2048K, 3 young (6144K), 3 survivors (6144K)
 Metaspace       used 85219K, committed 85952K, reserved 1130496K
  class space    used 11734K, committed 12032K, reserved 1048576K
}
Event: 48.384 GC heap before
{Heap before GC invocations=34 (full 0):
 garbage-first heap   total 192512K, used 150633K [0x0000000700000000, 0x0000000800000000)
  region size 2048K, 27 young (55296K), 3 survivors (6144K)
 Metaspace       used 87301K, committed 87936K, reserved 1130496K
  class space    used 11962K, committed 12224K, reserved 1048576K
}
Event: 48.393 GC heap after
{Heap after GC invocations=35 (full 0):
 garbage-first heap   total 192512K, used 104091K [0x0000000700000000, 0x0000000800000000)
  region size 2048K, 3 young (6144K), 3 survivors (6144K)
 Metaspace       used 87301K, committed 87936K, reserved 1130496K
  class space    used 11962K, committed 12224K, reserved 1048576K
}
Event: 49.806 GC heap before
{Heap before GC invocations=36 (full 0):
 garbage-first heap   total 192512K, used 126619K [0x0000000700000000, 0x0000000800000000)
  region size 2048K, 15 young (30720K), 3 survivors (6144K)
 Metaspace       used 91050K, committed 91840K, reserved 1130496K
  class space    used 12427K, committed 12800K, reserved 1048576K
}
Event: 49.819 GC heap after
{Heap after GC invocations=37 (full 0):
 garbage-first heap   total 231424K, used 104840K [0x0000000700000000, 0x0000000800000000)
  region size 2048K, 2 young (4096K), 2 survivors (4096K)
 Metaspace       used 91050K, committed 91840K, reserved 1130496K
  class space    used 12427K, committed 12800K, reserved 1048576K
}
Event: 51.080 GC heap before
{Heap before GC invocations=37 (full 0):
 garbage-first heap   total 231424K, used 145800K [0x0000000700000000, 0x0000000800000000)
  region size 2048K, 21 young (43008K), 2 survivors (4096K)
 Metaspace       used 96565K, committed 97280K, reserved 1138688K
  class space    used 13136K, committed 13440K, reserved 1048576K
}
Event: 51.091 GC heap after
{Heap after GC invocations=38 (full 0):
 garbage-first heap   total 231424K, used 109958K [0x0000000700000000, 0x0000000800000000)
  region size 2048K, 3 young (6144K), 3 survivors (6144K)
 Metaspace       used 96565K, committed 97280K, reserved 1138688K
  class space    used 13136K, committed 13440K, reserved 1048576K
}
Event: 52.731 GC heap before
{Heap before GC invocations=39 (full 0):
 garbage-first heap   total 231424K, used 193926K [0x0000000700000000, 0x0000000800000000)
  region size 2048K, 41 young (83968K), 3 survivors (6144K)
 Metaspace       used 96738K, committed 97536K, reserved 1138688K
  class space    used 13145K, committed 13504K, reserved 1048576K
}
Event: 52.794 GC heap after
{Heap after GC invocations=40 (full 0):
 garbage-first heap   total 231424K, used 133324K [0x0000000700000000, 0x0000000800000000)
  region size 2048K, 6 young (12288K), 6 survivors (12288K)
 Metaspace       used 96738K, committed 97536K, reserved 1138688K
  class space    used 13145K, committed 13504K, reserved 1048576K
}
Event: 54.289 GC heap before
{Heap before GC invocations=40 (full 0):
 garbage-first heap   total 231424K, used 170188K [0x0000000700000000, 0x0000000800000000)
  region size 2048K, 25 young (51200K), 6 survivors (12288K)
 Metaspace       used 100212K, committed 100928K, reserved 1138688K
  class space    used 13571K, committed 13888K, reserved 1048576K
}
Event: 54.315 GC heap after
{Heap after GC invocations=41 (full 0):
 garbage-first heap   total 231424K, used 139647K [0x0000000700000000, 0x0000000800000000)
  region size 2048K, 3 young (6144K), 3 survivors (6144K)
 Metaspace       used 100212K, committed 100928K, reserved 1138688K
  class space    used 13571K, committed 13888K, reserved 1048576K
}
Event: 55.768 GC heap before
{Heap before GC invocations=42 (full 0):
 garbage-first heap   total 260096K, used 190847K [0x0000000700000000, 0x0000000800000000)
  region size 2048K, 25 young (51200K), 3 survivors (6144K)
 Metaspace       used 104681K, committed 105472K, reserved 1146880K
  class space    used 13972K, committed 14336K, reserved 1048576K
}
Event: 55.786 GC heap after
{Heap after GC invocations=43 (full 0):
 garbage-first heap   total 260096K, used 150650K [0x0000000700000000, 0x0000000800000000)
  region size 2048K, 4 young (8192K), 4 survivors (8192K)
 Metaspace       used 104681K, committed 105472K, reserved 1146880K
  class space    used 13972K, committed 14336K, reserved 1048576K
}
Event: 57.897 GC heap before
{Heap before GC invocations=43 (full 0):
 garbage-first heap   total 260096K, used 205946K [0x0000000700000000, 0x0000000800000000)
  region size 2048K, 31 young (63488K), 4 survivors (8192K)
 Metaspace       used 112251K, committed 113024K, reserved 1146880K
  class space    used 14889K, committed 15232K, reserved 1048576K
}
Event: 57.911 GC heap after
{Heap after GC invocations=44 (full 0):
 garbage-first heap   total 260096K, used 154339K [0x0000000700000000, 0x0000000800000000)
  region size 2048K, 2 young (4096K), 2 survivors (4096K)
 Metaspace       used 112251K, committed 113024K, reserved 1146880K
  class space    used 14889K, committed 15232K, reserved 1048576K
}

Dll operation events (2 events):
Event: 0.026 Loaded shared library C:\Program Files\Android\Android Studio1\jbr\bin\java.dll
Event: 1.953 Loaded shared library C:\Program Files\Android\Android Studio1\jbr\bin\verify.dll

Deoptimization events (20 events):
Event: 59.504 Thread 0x0000015f5e29d130 Uncommon trap: trap_request=0xffffffde fr.pc=0x0000015f48e1dd78 relative=0x0000000000000158
Event: 59.504 Thread 0x0000015f5e29d130 Uncommon trap: reason=class_check action=maybe_recompile pc=0x0000015f48e1dd78 method=java.util.ArrayList.hashCodeRange(II)I @ 53 c2
Event: 59.504 Thread 0x0000015f5e29d130 DEOPT PACKING pc=0x0000015f48e1dd78 sp=0x0000001bfdff3fa0
Event: 59.504 Thread 0x0000015f5e29d130 DEOPT UNPACKING pc=0x0000015f485769a3 sp=0x0000001bfdff3ea8 mode 2
Event: 59.504 Thread 0x0000015f5e29d130 Uncommon trap: trap_request=0xffffffde fr.pc=0x0000015f48e1dd78 relative=0x0000000000000158
Event: 59.504 Thread 0x0000015f5e29d130 Uncommon trap: reason=class_check action=maybe_recompile pc=0x0000015f48e1dd78 method=java.util.ArrayList.hashCodeRange(II)I @ 53 c2
Event: 59.504 Thread 0x0000015f5e29d130 DEOPT PACKING pc=0x0000015f48e1dd78 sp=0x0000001bfdff3fa0
Event: 59.504 Thread 0x0000015f5e29d130 DEOPT UNPACKING pc=0x0000015f485769a3 sp=0x0000001bfdff3ea8 mode 2
Event: 59.504 Thread 0x0000015f5e29d130 Uncommon trap: trap_request=0xffffffde fr.pc=0x0000015f48e1dd78 relative=0x0000000000000158
Event: 59.504 Thread 0x0000015f5e29d130 Uncommon trap: reason=class_check action=maybe_recompile pc=0x0000015f48e1dd78 method=java.util.ArrayList.hashCodeRange(II)I @ 53 c2
Event: 59.504 Thread 0x0000015f5e29d130 DEOPT PACKING pc=0x0000015f48e1dd78 sp=0x0000001bfdff4290
Event: 59.504 Thread 0x0000015f5e29d130 DEOPT UNPACKING pc=0x0000015f485769a3 sp=0x0000001bfdff4198 mode 2
Event: 59.536 Thread 0x0000015f5e29d130 Uncommon trap: trap_request=0xffffffde fr.pc=0x0000015f48e1dd78 relative=0x0000000000000158
Event: 59.536 Thread 0x0000015f5e29d130 Uncommon trap: reason=class_check action=maybe_recompile pc=0x0000015f48e1dd78 method=java.util.ArrayList.hashCodeRange(II)I @ 53 c2
Event: 59.536 Thread 0x0000015f5e29d130 DEOPT PACKING pc=0x0000015f48e1dd78 sp=0x0000001bfdff3fa0
Event: 59.536 Thread 0x0000015f5e29d130 DEOPT UNPACKING pc=0x0000015f485769a3 sp=0x0000001bfdff3ea8 mode 2
Event: 59.536 Thread 0x0000015f5e29d130 Uncommon trap: trap_request=0xffffffde fr.pc=0x0000015f48d98648 relative=0x0000000000000128
Event: 59.536 Thread 0x0000015f5e29d130 Uncommon trap: reason=class_check action=maybe_recompile pc=0x0000015f48d98648 method=java.util.ArrayList.hashCodeRange(II)I @ 53 c2
Event: 59.536 Thread 0x0000015f5e29d130 DEOPT PACKING pc=0x0000015f48d98648 sp=0x0000001bfdff3f20
Event: 59.536 Thread 0x0000015f5e29d130 DEOPT UNPACKING pc=0x0000015f485769a3 sp=0x0000001bfdff3ea8 mode 2

Classes unloaded (0 events):
No events

Classes redefined (0 events):
No events

Internal exceptions (20 events):
Event: 43.238 Thread 0x0000015f5e29d130 Exception <a 'java/lang/NoSuchMethodError'{0x000000070b33fa18}: 'java.lang.Object java.lang.invoke.DirectMethodHandle$Holder.invokeStaticInit(java.lang.Object, int)'> (0x000000070b33fa18) 
thrown [s\src\hotspot\share\interpreter\linkResolver.cpp, line 771]
Event: 43.272 Thread 0x0000015f5e29d130 Exception <a 'java/lang/NoSuchMethodError'{0x000000070ac6f460}: 'int java.lang.invoke.DelegatingMethodHandle$Holder.reinvoke_L(java.lang.Object, java.lang.Object, java.lang.Object, long, int, int)'> (0x000000070ac6f460) 
thrown [s\src\hotspot\share\interpreter\linkResolver.cpp, line 771]
Event: 43.273 Thread 0x0000015f5e29d130 Exception <a 'java/lang/NoSuchMethodError'{0x000000070ac7f248}: 'int java.lang.invoke.DelegatingMethodHandle$Holder.reinvoke_L(java.lang.Object, java.lang.Object, java.lang.Object, long, long, long)'> (0x000000070ac7f248) 
thrown [s\src\hotspot\share\interpreter\linkResolver.cpp, line 771]
Event: 43.277 Thread 0x0000015f5e29d130 Exception <a 'java/lang/NoSuchMethodError'{0x000000070ac9b2e8}: 'int java.lang.invoke.DelegatingMethodHandle$Holder.reinvoke_L(java.lang.Object, java.lang.Object, java.lang.Object, long, java.lang.Object, java.lang.Object)'> (0x000000070ac9b2e8) 
thrown [s\src\hotspot\share\interpreter\linkResolver.cpp, line 771]
Event: 43.279 Thread 0x0000015f5e29d130 Exception <a 'java/lang/NoSuchMethodError'{0x000000070acab220}: 'void java.lang.invoke.DelegatingMethodHandle$Holder.reinvoke_L(java.lang.Object, java.lang.Object, java.lang.Object, long, java.lang.Object)'> (0x000000070acab220) 
thrown [s\src\hotspot\share\interpreter\linkResolver.cpp, line 771]
Event: 43.281 Thread 0x0000015f5e29d130 Exception <a 'java/lang/NoSuchMethodError'{0x000000070acb3b50}: 'java.lang.Object java.lang.invoke.DirectMethodHandle$Holder.invokeSpecial(java.lang.Object, java.lang.Object, java.lang.Object, java.lang.Object, long)'> (0x000000070acb3b50) 
thrown [s\src\hotspot\share\interpreter\linkResolver.cpp, line 771]
Event: 43.287 Thread 0x0000015f5e29d130 Exception <a 'java/lang/NoSuchMethodError'{0x000000070acd99e0}: 'long java.lang.invoke.Invokers$Holder.invoke_MT(java.lang.Object, java.lang.Object, java.lang.Object, java.lang.Object)'> (0x000000070acd99e0) 
thrown [s\src\hotspot\share\interpreter\linkResolver.cpp, line 771]
Event: 43.290 Thread 0x0000015f5e29d130 Exception <a 'java/lang/NoSuchMethodError'{0x000000070ace2d88}: 'int java.lang.invoke.Invokers$Holder.invoke_MT(java.lang.Object, java.lang.Object, java.lang.Object, java.lang.Object)'> (0x000000070ace2d88) 
thrown [s\src\hotspot\share\interpreter\linkResolver.cpp, line 771]
Event: 43.294 Thread 0x0000015f5e29d130 Exception <a 'java/lang/NoSuchMethodError'{0x000000070acf3fe8}: 'int java.lang.invoke.DelegatingMethodHandle$Holder.reinvoke_L(java.lang.Object, java.lang.Object, java.lang.Object, long, int)'> (0x000000070acf3fe8) 
thrown [s\src\hotspot\share\interpreter\linkResolver.cpp, line 771]
Event: 43.298 Thread 0x0000015f5e29d130 Exception <a 'java/lang/NoSuchMethodError'{0x000000070ad07a90}: 'java.lang.Object java.lang.invoke.Invokers$Holder.invokeExact_MT(java.lang.Object, java.lang.Object, long, java.lang.Object)'> (0x000000070ad07a90) 
thrown [s\src\hotspot\share\interpreter\linkResolver.cpp, line 771]
Event: 43.756 Thread 0x0000015f5e29d130 Implicit null exception at 0x0000015f48ed0f93 to 0x0000015f48ed10dc
Event: 47.347 Thread 0x0000015f5e29d130 Implicit null exception at 0x0000015f48e5ad53 to 0x0000015f48e5c37c
Event: 49.245 Thread 0x0000015f5e29d130 Exception <a 'java/lang/NoSuchMethodError'{0x000000070ae684d0}: 'long java.lang.invoke.DirectMethodHandle$Holder.invokeStatic(java.lang.Object)'> (0x000000070ae684d0) 
thrown [s\src\hotspot\share\interpreter\linkResolver.cpp, line 771]
Event: 49.246 Thread 0x0000015f5e29d130 Exception <a 'java/lang/NoSuchMethodError'{0x000000070ae6d070}: 'long java.lang.invoke.DirectMethodHandle$Holder.invokeStaticInit(java.lang.Object)'> (0x000000070ae6d070) 
thrown [s\src\hotspot\share\interpreter\linkResolver.cpp, line 771]
Event: 49.803 Thread 0x0000015f5e29d130 Implicit null exception at 0x0000015f48ccac8c to 0x0000015f48ccadc2
Event: 51.030 Thread 0x0000015f5e29d130 Exception <a 'java/lang/NoSuchMethodError'{0x000000070bf2d120}: 'java.lang.Object java.lang.invoke.Invokers$Holder.invoke_MT(java.lang.Object, java.lang.Object, java.lang.Object)'> (0x000000070bf2d120) 
thrown [s\src\hotspot\share\interpreter\linkResolver.cpp, line 771]
Event: 51.874 Thread 0x0000015f5e29d130 Implicit null exception at 0x0000015f48ce5a5b to 0x0000015f48ce7a70
Event: 52.033 Thread 0x0000015f5e29d130 Implicit null exception at 0x0000015f48ca213f to 0x0000015f48ca3644
Event: 52.216 Thread 0x0000015f5e29d130 Implicit null exception at 0x0000015f48b75180 to 0x0000015f48b75205
Event: 57.970 Thread 0x0000015f5e29d130 Exception <a 'java/lang/NoSuchMethodError'{0x000000070fd217a0}: 'java.lang.Object java.lang.invoke.DirectMethodHandle$Holder.invokeStatic(java.lang.Object, java.lang.Object, java.lang.Object, java.lang.Object, int)'> (0x000000070fd217a0) 
thrown [s\src\hotspot\share\interpreter\linkResolver.cpp, line 771]

VM Operations (20 events):
Event: 56.585 Executing VM operation: HandshakeAllThreads
Event: 56.585 Executing VM operation: HandshakeAllThreads done
Event: 57.132 Executing VM operation: HandshakeAllThreads
Event: 57.132 Executing VM operation: HandshakeAllThreads done
Event: 57.132 Executing VM operation: Cleanup
Event: 57.132 Executing VM operation: Cleanup done
Event: 57.889 Executing VM operation: HandshakeAllThreads
Event: 57.889 Executing VM operation: HandshakeAllThreads done
Event: 57.896 Executing VM operation: HandshakeAllThreads
Event: 57.897 Executing VM operation: HandshakeAllThreads done
Event: 57.897 Executing VM operation: G1CollectForAllocation
Event: 57.911 Executing VM operation: G1CollectForAllocation done
Event: 58.167 Executing VM operation: HandshakeAllThreads
Event: 58.167 Executing VM operation: HandshakeAllThreads done
Event: 58.210 Executing VM operation: G1Concurrent
Event: 58.227 Executing VM operation: G1Concurrent done
Event: 58.344 Executing VM operation: G1Concurrent
Event: 58.345 Executing VM operation: G1Concurrent done
Event: 59.353 Executing VM operation: Cleanup
Event: 59.355 Executing VM operation: Cleanup done

Events (20 events):
Event: 53.032 loading class java/nio/channels/Channels$ReadableByteChannelImpl
Event: 53.032 loading class java/nio/channels/Channels$ReadableByteChannelImpl done
Event: 53.033 loading class java/nio/channels/NonWritableChannelException
Event: 53.033 loading class java/nio/channels/NonWritableChannelException done
Event: 53.760 Thread 0x0000015f6040f6e0 Thread exited: 0x0000015f6040f6e0
Event: 57.102 loading class java/text/StringCharacterIterator
Event: 57.102 loading class java/text/StringCharacterIterator done
Event: 57.171 loading class java/io/NotSerializableException
Event: 57.172 loading class java/io/NotSerializableException done
Event: 57.525 Thread 0x0000015f6040d880 Thread added: 0x0000015f6040d880
Event: 57.814 loading class java/util/function/IntUnaryOperator
Event: 57.814 loading class java/util/function/IntUnaryOperator done
Event: 57.894 loading class java/util/AbstractList$SubList
Event: 57.894 loading class java/util/AbstractList$SubList done
Event: 57.894 loading class java/util/AbstractList$SubList$1
Event: 57.894 loading class java/util/AbstractList$SubList$1 done
Event: 57.895 loading class java/util/AbstractList$ListItr
Event: 57.895 loading class java/util/AbstractList$ListItr done
Event: 58.029 Thread 0x0000015f6040d880 Thread exited: 0x0000015f6040d880
Event: 58.681 Thread 0x0000015f6040f1d0 Thread added: 0x0000015f6040f1d0


Dynamic libraries:
0x00007ff76dfe0000 - 0x00007ff76dfea000 	C:\Program Files\Android\Android Studio1\jbr\bin\java.exe
0x00007ffb4f9c0000 - 0x00007ffb4fbcf000 	C:\WINDOWS\SYSTEM32\ntdll.dll
0x00007ffb4f140000 - 0x00007ffb4f1fd000 	C:\WINDOWS\System32\KERNEL32.DLL
0x00007ffb4cfd0000 - 0x00007ffb4d364000 	C:\WINDOWS\System32\KERNELBASE.dll
0x00007ffb4ce40000 - 0x00007ffb4cf51000 	C:\WINDOWS\System32\ucrtbase.dll
0x00007ffb45cc0000 - 0x00007ffb45cdb000 	C:\Program Files\Android\Android Studio1\jbr\bin\VCRUNTIME140.dll
0x00007ffafa7a0000 - 0x00007ffafa7b7000 	C:\Program Files\Android\Android Studio1\jbr\bin\jli.dll
0x00007ffb4f650000 - 0x00007ffb4f7fa000 	C:\WINDOWS\System32\USER32.dll
0x00007ffb4d670000 - 0x00007ffb4d696000 	C:\WINDOWS\System32\win32u.dll
0x00007ffb4e900000 - 0x00007ffb4e929000 	C:\WINDOWS\System32\GDI32.dll
0x00007ffb4d3f0000 - 0x00007ffb4d507000 	C:\WINDOWS\System32\gdi32full.dll
0x00007ffb4d510000 - 0x00007ffb4d5aa000 	C:\WINDOWS\System32\msvcp_win.dll
0x00007ffb35a60000 - 0x00007ffb35d01000 	C:\WINDOWS\WinSxS\amd64_microsoft.windows.common-controls_6595b64144ccf1df_6.0.22543.1000_none_25f07d7fa9409c95\COMCTL32.dll
0x00007ffb4f8d0000 - 0x00007ffb4f974000 	C:\WINDOWS\System32\msvcrt.dll
0x00007ffb4f890000 - 0x00007ffb4f8c1000 	C:\WINDOWS\System32\IMM32.DLL
0x00007ffb48180000 - 0x00007ffb4818c000 	C:\Program Files\Android\Android Studio1\jbr\bin\vcruntime140_1.dll
0x00007ffb12e00000 - 0x00007ffb12e8d000 	C:\Program Files\Android\Android Studio1\jbr\bin\msvcp140.dll
0x00007ffb0d040000 - 0x00007ffb0dcae000 	C:\Program Files\Android\Android Studio1\jbr\bin\server\jvm.dll
0x00007ffb4f260000 - 0x00007ffb4f30e000 	C:\WINDOWS\System32\ADVAPI32.dll
0x00007ffb4e5e0000 - 0x00007ffb4e685000 	C:\WINDOWS\System32\sechost.dll
0x00007ffb4f510000 - 0x00007ffb4f62f000 	C:\WINDOWS\System32\RPCRT4.dll
0x00007ffb2d130000 - 0x00007ffb2d139000 	C:\WINDOWS\SYSTEM32\WSOCK32.dll
0x00007ffb4f490000 - 0x00007ffb4f501000 	C:\WINDOWS\System32\WS2_32.dll
0x00007ffb45220000 - 0x00007ffb45254000 	C:\WINDOWS\SYSTEM32\WINMM.dll
0x00007ffb45210000 - 0x00007ffb4521a000 	C:\WINDOWS\SYSTEM32\VERSION.dll
0x00007ffb4be80000 - 0x00007ffb4be97000 	C:\WINDOWS\SYSTEM32\kernel.appcore.dll
0x00007ffb3c7a0000 - 0x00007ffb3c7aa000 	C:\Program Files\Android\Android Studio1\jbr\bin\jimage.dll
0x00007ffb4a960000 - 0x00007ffb4ab84000 	C:\WINDOWS\SYSTEM32\DBGHELP.DLL
0x00007ffb4d8f0000 - 0x00007ffb4dc61000 	C:\WINDOWS\System32\combase.dll
0x00007ffb4e930000 - 0x00007ffb4ea07000 	C:\WINDOWS\System32\OLEAUT32.dll
0x00007ffb35d70000 - 0x00007ffb35da1000 	C:\WINDOWS\SYSTEM32\dbgcore.DLL
0x00007ffb4d370000 - 0x00007ffb4d3eb000 	C:\WINDOWS\System32\bcryptPrimitives.dll
0x00007ffb0d010000 - 0x00007ffb0d035000 	C:\Program Files\Android\Android Studio1\jbr\bin\java.dll
0x00007ffb0cff0000 - 0x00007ffb0d008000 	C:\Program Files\Android\Android Studio1\jbr\bin\zip.dll
0x00007ffb4dc70000 - 0x00007ffb4e42d000 	C:\WINDOWS\System32\SHELL32.dll
0x00007ffb4aea0000 - 0x00007ffb4b6f9000 	C:\WINDOWS\SYSTEM32\windows.storage.dll
0x00007ffb4ad60000 - 0x00007ffb4ae9c000 	C:\WINDOWS\SYSTEM32\wintypes.dll
0x00007ffb4f310000 - 0x00007ffb4f401000 	C:\WINDOWS\System32\SHCORE.dll
0x00007ffb4ea20000 - 0x00007ffb4ea7b000 	C:\WINDOWS\System32\shlwapi.dll
0x00007ffb4cd70000 - 0x00007ffb4cd91000 	C:\WINDOWS\SYSTEM32\profapi.dll
0x00007ffb0cfd0000 - 0x00007ffb0cfe9000 	C:\Program Files\Android\Android Studio1\jbr\bin\net.dll
0x00007ffb44bf0000 - 0x00007ffb44d01000 	C:\WINDOWS\SYSTEM32\WINHTTP.dll
0x00007ffb4c340000 - 0x00007ffb4c3a9000 	C:\WINDOWS\system32\mswsock.dll
0x00007ffb0cfb0000 - 0x00007ffb0cfc6000 	C:\Program Files\Android\Android Studio1\jbr\bin\nio.dll
0x00007ffb3a0f0000 - 0x00007ffb3a100000 	C:\Program Files\Android\Android Studio1\jbr\bin\verify.dll
0x00007ffb18120000 - 0x00007ffb18147000 	C:\Users\wilda\native\68d5fa5c4cc2d200863cafc0d521ce42e7d3e7ee720ec0a83991735586a16f82\windows-amd64\native-platform.dll
0x00007ffb09280000 - 0x00007ffb093c4000 	C:\Users\wilda\native\e376f236ea51e6404a007f0833ffe2c6e607c4080706a723a18a27aeea778392\windows-amd64\native-platform-file-events.dll
0x00007ffb39de0000 - 0x00007ffb39de9000 	C:\Program Files\Android\Android Studio1\jbr\bin\management.dll
0x00007ffb39d00000 - 0x00007ffb39d0b000 	C:\Program Files\Android\Android Studio1\jbr\bin\management_ext.dll
0x00007ffb4e430000 - 0x00007ffb4e438000 	C:\WINDOWS\System32\PSAPI.DLL
0x00007ffb4c590000 - 0x00007ffb4c5ac000 	C:\WINDOWS\SYSTEM32\CRYPTSP.dll
0x00007ffb4bde0000 - 0x00007ffb4be15000 	C:\WINDOWS\system32\rsaenh.dll
0x00007ffb4c440000 - 0x00007ffb4c467000 	C:\WINDOWS\SYSTEM32\USERENV.dll
0x00007ffb4c720000 - 0x00007ffb4c748000 	C:\WINDOWS\SYSTEM32\bcrypt.dll
0x00007ffb4c5b0000 - 0x00007ffb4c5bc000 	C:\WINDOWS\SYSTEM32\CRYPTBASE.dll
0x00007ffb4b950000 - 0x00007ffb4b97d000 	C:\WINDOWS\SYSTEM32\IPHLPAPI.DLL
0x00007ffb4ea10000 - 0x00007ffb4ea19000 	C:\WINDOWS\System32\NSI.dll
0x00007ffb45290000 - 0x00007ffb452a9000 	C:\WINDOWS\SYSTEM32\dhcpcsvc6.DLL
0x00007ffb44e60000 - 0x00007ffb44e7f000 	C:\WINDOWS\SYSTEM32\dhcpcsvc.DLL
0x00007ffb4b980000 - 0x00007ffb4ba76000 	C:\WINDOWS\SYSTEM32\DNSAPI.dll
0x00007ffb2d4e0000 - 0x00007ffb2d4e8000 	C:\WINDOWS\system32\wshunix.dll
0x00007ffb42340000 - 0x00007ffb4234a000 	C:\Windows\System32\rasadhlp.dll
0x00007ffb439e0000 - 0x00007ffb43a62000 	C:\WINDOWS\System32\fwpuclnt.dll

dbghelp: loaded successfully - version: 4.0.5 - missing functions: none
symbol engine: initialized successfully - sym options: 0x614 - pdb path: .;C:\Program Files\Android\Android Studio1\jbr\bin;C:\WINDOWS\SYSTEM32;C:\WINDOWS\WinSxS\amd64_microsoft.windows.common-controls_6595b64144ccf1df_6.0.22543.1000_none_25f07d7fa9409c95;C:\Program Files\Android\Android Studio1\jbr\bin\server;C:\Users\wilda\native\68d5fa5c4cc2d200863cafc0d521ce42e7d3e7ee720ec0a83991735586a16f82\windows-amd64;C:\Users\wilda\native\e376f236ea51e6404a007f0833ffe2c6e607c4080706a723a18a27aeea778392\windows-amd64

VM Arguments:
jvm_args: --add-opens=java.base/java.util=ALL-UNNAMED --add-opens=java.base/java.lang=ALL-UNNAMED --add-opens=java.base/java.lang.invoke=ALL-UNNAMED --add-opens=java.prefs/java.util.prefs=ALL-UNNAMED --add-opens=java.base/java.nio.charset=ALL-UNNAMED --add-opens=java.base/java.net=ALL-UNNAMED --add-opens=java.base/java.util.concurrent.atomic=ALL-UNNAMED -Xmx4096m -Dfile.encoding=UTF-8 -Duser.country=ID -Duser.language=en -Duser.variant 
java_command: org.gradle.launcher.daemon.bootstrap.GradleDaemon 8.0
java_class_path (initial): C:\Users\wilda\wrapper\dists\gradle-8.0-bin\ca5e32bp14vu59qr306oxotwh\gradle-8.0\lib\gradle-launcher-8.0.jar
Launcher Type: SUN_STANDARD

[Global flags]
     intx CICompilerCount                          = 3                                         {product} {ergonomic}
     uint ConcGCThreads                            = 1                                         {product} {ergonomic}
     uint G1ConcRefinementThreads                  = 4                                         {product} {ergonomic}
   size_t G1HeapRegionSize                         = 2097152                                   {product} {ergonomic}
    uintx GCDrainStackTargetSize                   = 64                                        {product} {ergonomic}
   size_t InitialHeapSize                          = 167772160                                 {product} {ergonomic}
   size_t MarkStackSize                            = 4194304                                   {product} {ergonomic}
   size_t MaxHeapSize                              = 4294967296                                {product} {command line}
   size_t MaxNewSize                               = 2575302656                                {product} {ergonomic}
   size_t MinHeapDeltaBytes                        = 2097152                                   {product} {ergonomic}
   size_t MinHeapSize                              = 8388608                                   {product} {ergonomic}
    uintx NonNMethodCodeHeapSize                   = 5832780                                {pd product} {ergonomic}
    uintx NonProfiledCodeHeapSize                  = 122912730                              {pd product} {ergonomic}
    uintx ProfiledCodeHeapSize                     = 122912730                              {pd product} {ergonomic}
    uintx ReservedCodeCacheSize                    = 251658240                              {pd product} {ergonomic}
     bool SegmentedCodeCache                       = true                                      {product} {ergonomic}
   size_t SoftMaxHeapSize                          = 4294967296                             {manageable} {ergonomic}
     bool UseCompressedClassPointers               = true                           {product lp64_product} {ergonomic}
     bool UseCompressedOops                        = true                           {product lp64_product} {ergonomic}
     bool UseG1GC                                  = true                                      {product} {ergonomic}
     bool UseLargePagesIndividualAllocation        = false                                  {pd product} {ergonomic}

Logging:
Log output configuration:
 #0: stdout all=warning uptime,level,tags
 #1: stderr all=off uptime,level,tags

Environment Variables:
JAVA_HOME=C:\Users\wilda\AppData\Local\jdk-19.0.2
PATH=C:\Program Files (x86)\VMware\VMware Workstation\bin\;C:\Program Files (x86)\Common Files\Oracle\Java\javapath;C:\WINDOWS\system32;C:\WINDOWS;C:\WINDOWS\System32\Wbem;C:\WINDOWS\System32\WindowsPowerShell\v1.0\;C:\WINDOWS\System32\OpenSSH\;C:\ProgramData\chocolatey\bin;C:\Program Files\PuTTY\;C:\Program Files\Git\cmd;C:\Program Files\Docker\Docker\resources\bin;C:\ProgramData\DockerDesktop\version-bin;C:\Program Files\PowerShell\7\;C:\Program Files\nodejs\;C:\Users\wilda\AppData\Local\jdk-19.0.2;C:\Program Files (x86)\NoteBook FanControl\;C:\Users\wilda\AppData\Local\Programs\Python\Python38\;C:\Users\wilda\AppData\Local\Programs\Python\Python310\Scripts\;C:\Users\wilda\AppData\Local\Programs\Python\Python310\;C:\Users\wilda\AppData\Local\Programs\Python\Python39\Scripts\;C:\Users\wilda\AppData\Local\Programs\Python\Python39\;C:\Users\wilda\AppData\Local\Microsoft\WindowsApps;C:\Program Files\heroku\bin;C:\Program Files (x86)\Nmap;C:\Users\wilda\AppData\Local\Programs\Microsoft VS Code\bin;C:\Users\wilda\AppData\Roaming\npm;C:\Program Files\JetBrains\PyCharm 2023.1.3\bin;;C:\Users\wilda\flutter_windows_3.7.12-stable\flutter\bin;C:\tools\dart-sdk\bin;C:\Users\wilda\AppData\Roaming\Pub\Cache\bin;C:\Users\wilda\AppData\Local\Android\Sdk\tools\bin;C:\Users\wilda\AppData\Local\Gradle\gradle-8.0.2\bin;C:\Users\wilda\AppData\Local\jdk-19.0.2\bin;C:\Program Files\Java\jdk1.8.0_271\bin;C:\Users\wilda\dart-sdk\bin;C:\Program Files\JetBrains\PyCharm Community Edition 2023.2.1\bin;;;C:\Program Files\JetBrains\IntelliJ IDEA Community Edition 2023.2.1\bin;
USERNAME=wildanassyidiq142
OS=Windows_NT
PROCESSOR_IDENTIFIER=AMD64 Family 23 Model 24 Stepping 1, AuthenticAMD
TMP=C:\Users\wilda\AppData\Local\Temp
TEMP=C:\Users\wilda\AppData\Local\Temp


JNI global refs:
JNI global refs: 28, weak refs: 13

JNI global refs memory usage: 843, weak refs: 841


---------------  S Y S T E M  ---------------

OS:
 Windows 11 , 64 bit Build 22543 (10.0.22543.1000)
OS uptime: 0 days 16:36 hours
Hyper-V role detected

CPU: total 4 (initial active 4) (4 cores per cpu, 2 threads per core) family 23 model 24 stepping 1 microcode 0x0, cx8, cmov, fxsr, ht, mmx, 3dnowpref, sse, sse2, sse3, ssse3, sse4a, sse4.1, sse4.2, popcnt, lzcnt, tsc, tscinvbit, avx, avx2, aes, clmul, bmi1, bmi2, adx, sha, fma, vzeroupper, clflush, clflushopt, hv

Memory: 4k page, system-wide physical 10177M (794M free)
TotalPageFile size 13177M (AvailPageFile size 5M)
current process WorkingSet (physical memory assigned to process): 540M, peak: 541M
current process commit charge ("private bytes"): 567M, peak: 570M

vm_info: OpenJDK 64-Bit Server VM (17.0.6+0-b2043.56-10027231) for windows-amd64 JRE (17.0.6+0-b2043.56-10027231), built on Apr 28 2023 00:43:19 by "androidbuild" with MS VC++ 16.10 / 16.11 (VS2019)

END.
