#
# There is insufficient memory for the Java Runtime Environment to continue.
# Native memory allocation (malloc) failed to allocate 832336 bytes for Chunk::new
# Possible reasons:
#   The system is out of physical RAM or swap space
#   The process is running with CompressedOops enabled, and the Java Heap may be blocking the growth of the native heap
# Possible solutions:
#   Reduce memory load on the system
#   Increase physical memory or swap space
#   Check if swap backing store is full
#   Decrease Java heap size (-Xmx/-Xms)
#   Decrease number of Java threads
#   Decrease Java thread stack sizes (-Xss)
#   Set larger code cache with -XX:ReservedCodeCacheSize=
#   JVM is running with Zero Based Compressed Oops mode in which the Java heap is
#     placed in the first 32GB address space. The Java Heap base address is the
#     maximum limit for the native heap growth. Please use -XX:HeapBaseMinAddress
#     to set the Java Heap base and to place the Java Heap above 32GB virtual address.
# This output file may be truncated or incomplete.
#
#  Out of Memory Error (arena.cpp:189), pid=16428, tid=13488
#
# JRE version: OpenJDK Runtime Environment (17.0.6) (build 17.0.6+0-b2043.56-10027231)
# Java VM: OpenJDK 64-Bit Server VM (17.0.6+0-b2043.56-10027231, mixed mode, tiered, compressed oops, compressed class ptrs, g1 gc, windows-amd64)
# No core dump will be written. Minidumps are not enabled by default on client versions of Windows
#

---------------  S U M M A R Y ------------

Command Line: --add-opens=java.base/java.util=ALL-UNNAMED --add-opens=java.base/java.lang=ALL-UNNAMED --add-opens=java.base/java.lang.invoke=ALL-UNNAMED --add-opens=java.prefs/java.util.prefs=ALL-UNNAMED --add-opens=java.base/java.nio.charset=ALL-UNNAMED --add-opens=java.base/java.net=ALL-UNNAMED --add-opens=java.base/java.util.concurrent.atomic=ALL-UNNAMED -Xmx4096m -Dfile.encoding=UTF-8 -Duser.country=ID -Duser.language=en -Duser.variant org.gradle.launcher.daemon.bootstrap.GradleDaemon 8.0

Host: AMD Ryzen 3 3250U with Radeon Graphics         , 4 cores, 9G,  Windows 11 , 64 bit Build 22543 (10.0.22543.1000)
Time: Sat Dec 23 17:34:52 2023 SE Asia Standard Time elapsed time: 57.008538 seconds (0d 0h 0m 57s)

---------------  T H R E A D  ---------------

Current thread (0x0000011d630384d0):  JavaThread "C2 CompilerThread0" daemon [_thread_in_native, id=13488, stack(0x00000015d6f00000,0x00000015d7000000)]


Current CompileTask:
C2:  57008 8190   !   4       java.net.URL::<init> (543 bytes)

Stack: [0x00000015d6f00000,0x00000015d7000000]
Native frames: (J=compiled Java code, j=interpreted, Vv=VM code, C=native code)
V  [jvm.dll+0x683c9a]
V  [jvm.dll+0x8427a4]
V  [jvm.dll+0x843f9e]
V  [jvm.dll+0x844603]
V  [jvm.dll+0x249b75]
V  [jvm.dll+0xabcac]
V  [jvm.dll+0xac27c]
V  [jvm.dll+0x368802]
V  [jvm.dll+0x1bced2]
V  [jvm.dll+0x21c359]
V  [jvm.dll+0x21b621]
V  [jvm.dll+0x1a4fdd]
V  [jvm.dll+0x22b098]
V  [jvm.dll+0x229159]
V  [jvm.dll+0x7f81ec]
V  [jvm.dll+0x7f274a]
V  [jvm.dll+0x682ad5]
C  [ucrtbase.dll+0x293cc]
C  [KERNEL32.DLL+0x11350]
C  [ntdll.dll+0x51dc8]


---------------  P R O C E S S  ---------------

Threads class SMR info:
_java_thread_list=0x0000011d680aa8b0, length=40, elements={
0x0000011d423ad2a0, 0x0000011d63012250, 0x0000011d63012e00, 0x0000011d6250d640,
0x0000011d6250e1f0, 0x0000011d630347c0, 0x0000011d63037090, 0x0000011d630384d0,
0x0000011d6303cc10, 0x0000011d6303dda0, 0x0000011d631a4e80, 0x0000011d631dd050,
0x0000011d634c5ce0, 0x0000011d634c3b30, 0x0000011d634c27f0, 0x0000011d634c61b0,
0x0000011d634c2cc0, 0x0000011d634c5340, 0x0000011d634c49a0, 0x0000011d634c3660,
0x0000011d634c44d0, 0x0000011d634c4000, 0x0000011d634c4e70, 0x0000011d649f00d0,
0x0000011d649eed90, 0x0000011d649e8d50, 0x0000011d649e9bc0, 0x0000011d649ed0b0,
0x0000011d649e8880, 0x0000011d649ef260, 0x0000011d649ed580, 0x0000011d649ef730,
0x0000011d649ecbe0, 0x0000011d649edf20, 0x0000011d649ea560, 0x0000011d649ee3f0,
0x0000011d649efc00, 0x0000011d649ec240, 0x0000011d697004d0, 0x0000011d697009a0
}

Java Threads: ( => current thread )
  0x0000011d423ad2a0 JavaThread "main" [_thread_blocked, id=10336, stack(0x00000015d6100000,0x00000015d6200000)]
  0x0000011d63012250 JavaThread "Reference Handler" daemon [_thread_blocked, id=10488, stack(0x00000015d6900000,0x00000015d6a00000)]
  0x0000011d63012e00 JavaThread "Finalizer" daemon [_thread_blocked, id=15280, stack(0x00000015d6a00000,0x00000015d6b00000)]
  0x0000011d6250d640 JavaThread "Signal Dispatcher" daemon [_thread_blocked, id=12192, stack(0x00000015d6b00000,0x00000015d6c00000)]
  0x0000011d6250e1f0 JavaThread "Attach Listener" daemon [_thread_blocked, id=2764, stack(0x00000015d6c00000,0x00000015d6d00000)]
  0x0000011d630347c0 JavaThread "Service Thread" daemon [_thread_blocked, id=16768, stack(0x00000015d6d00000,0x00000015d6e00000)]
  0x0000011d63037090 JavaThread "Monitor Deflation Thread" daemon [_thread_blocked, id=5736, stack(0x00000015d6e00000,0x00000015d6f00000)]
=>0x0000011d630384d0 JavaThread "C2 CompilerThread0" daemon [_thread_in_native, id=13488, stack(0x00000015d6f00000,0x00000015d7000000)]
  0x0000011d6303cc10 JavaThread "C1 CompilerThread0" daemon [_thread_blocked, id=13360, stack(0x00000015d7000000,0x00000015d7100000)]
  0x0000011d6303dda0 JavaThread "Sweeper thread" daemon [_thread_blocked, id=3256, stack(0x00000015d7100000,0x00000015d7200000)]
  0x0000011d631a4e80 JavaThread "Common-Cleaner" daemon [_thread_blocked, id=4852, stack(0x00000015d7200000,0x00000015d7300000)]
  0x0000011d631dd050 JavaThread "Notification Thread" daemon [_thread_blocked, id=15900, stack(0x00000015d7300000,0x00000015d7400000)]
  0x0000011d634c5ce0 JavaThread "Daemon health stats" [_thread_blocked, id=15892, stack(0x00000015d7900000,0x00000015d7a00000)]
  0x0000011d634c3b30 JavaThread "Incoming local TCP Connector on port 44734" [_thread_in_native, id=9740, stack(0x00000015d7500000,0x00000015d7600000)]
  0x0000011d634c27f0 JavaThread "Daemon periodic checks" [_thread_blocked, id=16180, stack(0x00000015d7a00000,0x00000015d7b00000)]
  0x0000011d634c61b0 JavaThread "Daemon" [_thread_blocked, id=14384, stack(0x00000015d7b00000,0x00000015d7c00000)]
  0x0000011d634c2cc0 JavaThread "Handler for socket connection from /127.0.0.1:44734 to /127.0.0.1:44735" [_thread_in_native, id=17260, stack(0x00000015d7c00000,0x00000015d7d00000)]
  0x0000011d634c5340 JavaThread "Cancel handler" [_thread_blocked, id=12760, stack(0x00000015d7d00000,0x00000015d7e00000)]
  0x0000011d634c49a0 JavaThread "Daemon worker" [_thread_in_vm, id=6616, stack(0x00000015d7e00000,0x00000015d7f00000)]
  0x0000011d634c3660 JavaThread "Asynchronous log dispatcher for DefaultDaemonConnection: socket connection from /127.0.0.1:44734 to /127.0.0.1:44735" [_thread_blocked, id=15808, stack(0x00000015d7f00000,0x00000015d8000000)]
  0x0000011d634c44d0 JavaThread "Stdin handler" [_thread_blocked, id=14316, stack(0x00000015d8000000,0x00000015d8100000)]
  0x0000011d634c4000 JavaThread "Daemon client event forwarder" [_thread_blocked, id=17300, stack(0x00000015d8100000,0x00000015d8200000)]
  0x0000011d634c4e70 JavaThread "Cache worker for journal cache (C:\Users\wilda\caches\journal-1)" [_thread_blocked, id=16804, stack(0x00000015d8200000,0x00000015d8300000)]
  0x0000011d649f00d0 JavaThread "File lock request listener" [_thread_in_native, id=11404, stack(0x00000015d8300000,0x00000015d8400000)]
  0x0000011d649eed90 JavaThread "Cache worker for file hash cache (C:\Users\wilda\caches\8.0\fileHashes)" [_thread_blocked, id=14692, stack(0x00000015d8400000,0x00000015d8500000)]
  0x0000011d649e8d50 JavaThread "File watcher server" daemon [_thread_in_native, id=15396, stack(0x00000015d8800000,0x00000015d8900000)]
  0x0000011d649e9bc0 JavaThread "File watcher consumer" daemon [_thread_blocked, id=4800, stack(0x00000015d8900000,0x00000015d8a00000)]
  0x0000011d649ed0b0 JavaThread "jar transforms" [_thread_blocked, id=4444, stack(0x00000015d8a00000,0x00000015d8b00000)]
  0x0000011d649e8880 JavaThread "jar transforms Thread 2" [_thread_blocked, id=5576, stack(0x00000015d8b00000,0x00000015d8c00000)]
  0x0000011d649ef260 JavaThread "jar transforms Thread 3" [_thread_blocked, id=16040, stack(0x00000015d8c00000,0x00000015d8d00000)]
  0x0000011d649ed580 JavaThread "jar transforms Thread 4" [_thread_blocked, id=5148, stack(0x00000015d8d00000,0x00000015d8e00000)]
  0x0000011d649ef730 JavaThread "Cache worker for checksums cache (C:\Users\wilda\AndroidStudioProjects\FilmKu\.gradle\8.0\checksums)" [_thread_blocked, id=6364, stack(0x00000015d8700000,0x00000015d8800000)]
  0x0000011d649ecbe0 JavaThread "Cache worker for cache directory md-rule (C:\Users\wilda\caches\8.0\md-rule)" [_thread_blocked, id=11784, stack(0x00000015d8e00000,0x00000015d8f00000)]
  0x0000011d649edf20 JavaThread "Cache worker for file content cache (C:\Users\wilda\caches\8.0\fileContent)" [_thread_blocked, id=14148, stack(0x00000015d8f00000,0x00000015d9000000)]
  0x0000011d649ea560 JavaThread "Cache worker for file hash cache (C:\Users\wilda\AndroidStudioProjects\FilmKu\.gradle\8.0\fileHashes)" [_thread_blocked, id=17292, stack(0x00000015d9000000,0x00000015d9100000)]
  0x0000011d649ee3f0 JavaThread "Cache worker for cache directory md-supplier (C:\Users\wilda\caches\8.0\md-supplier)" [_thread_blocked, id=8024, stack(0x00000015d9100000,0x00000015d9200000)]
  0x0000011d649efc00 JavaThread "Cache worker for execution history cache (C:\Users\wilda\caches\8.0\executionHistory)" [_thread_blocked, id=6128, stack(0x00000015d9200000,0x00000015d9300000)]
  0x0000011d649ec240 JavaThread "Cache worker for kotlin-dsl (C:\Users\wilda\caches\8.0\kotlin-dsl)" [_thread_blocked, id=16580, stack(0x00000015d9300000,0x00000015d9400000)]
  0x0000011d697004d0 JavaThread "Cache worker for dependencies-accessors (C:\Users\wilda\AndroidStudioProjects\FilmKu\.gradle\8.0\dependencies-accessors)" [_thread_blocked, id=11904, stack(0x00000015d9400000,0x00000015d9500000)]
  0x0000011d697009a0 JavaThread "Cache worker for Build Output Cleanup Cache (C:\Users\wilda\AndroidStudioProjects\FilmKu\.gradle\buildOutputCleanup)" [_thread_blocked, id=256, stack(0x00000015d9600000,0x00000015d9700000)]

Other Threads:
  0x0000011d624f2fa0 VMThread "VM Thread" [stack: 0x00000015d6800000,0x00000015d6900000] [id=5628]
  0x0000011d631a5350 WatcherThread [stack: 0x00000015d7400000,0x00000015d7500000] [id=15268]
  0x0000011d42417ec0 GCTaskThread "GC Thread#0" [stack: 0x00000015d6300000,0x00000015d6400000] [id=7652]
  0x0000011d6371fae0 GCTaskThread "GC Thread#1" [stack: 0x00000015d7600000,0x00000015d7700000] [id=7944]
  0x0000011d6384c7a0 GCTaskThread "GC Thread#2" [stack: 0x00000015d7700000,0x00000015d7800000] [id=1652]
  0x0000011d637f16f0 GCTaskThread "GC Thread#3" [stack: 0x00000015d7800000,0x00000015d7900000] [id=16284]
  0x0000011d42428e00 ConcurrentGCThread "G1 Main Marker" [stack: 0x00000015d6400000,0x00000015d6500000] [id=13756]
  0x0000011d42429970 ConcurrentGCThread "G1 Conc#0" [stack: 0x00000015d6500000,0x00000015d6600000] [id=15840]
  0x0000011d623520b0 ConcurrentGCThread "G1 Refine#0" [stack: 0x00000015d6600000,0x00000015d6700000] [id=15084]
  0x0000011d648e7350 ConcurrentGCThread "G1 Refine#1" [stack: 0x00000015d8500000,0x00000015d8600000] [id=14076]
  0x0000011d648e7bf0 ConcurrentGCThread "G1 Refine#2" [stack: 0x00000015d8600000,0x00000015d8700000] [id=4596]
  0x0000011d65f8b1b0 ConcurrentGCThread "G1 Refine#3" [stack: 0x00000015d9500000,0x00000015d9600000] [id=16540]
  0x0000011d62352c30 ConcurrentGCThread "G1 Service" [stack: 0x00000015d6700000,0x00000015d6800000] [id=15260]

Threads with active compile tasks:
C2 CompilerThread0    57075 8190   !   4       java.net.URL::<init> (543 bytes)

VM state: not at safepoint (normal execution)

VM Mutex/Monitor currently owned by a thread: None

Heap address: 0x0000000700000000, size: 4096 MB, Compressed Oops mode: Zero based, Oop shift amount: 3

CDS archive(s) not mapped
Compressed class space mapped at: 0x0000000800000000-0x0000000840000000, reserved size: 1073741824
Narrow klass base: 0x0000000800000000, Narrow klass shift: 0, Narrow klass range: 0x40000000

GC Precious Log:
 CPUs: 4 total, 4 available
 Memory: 10177M
 Large Page Support: Disabled
 NUMA Support: Disabled
 Compressed Oops: Enabled (Zero based)
 Heap Region Size: 2M
 Heap Min Capacity: 8M
 Heap Initial Capacity: 160M
 Heap Max Capacity: 4G
 Pre-touch: Disabled
 Parallel Workers: 4
 Concurrent Workers: 1
 Concurrent Refinement Workers: 4
 Periodic GC: Disabled

Heap:
 garbage-first heap   total 221184K, used 138468K [0x0000000700000000, 0x0000000800000000)
  region size 2048K, 15 young (30720K), 3 survivors (6144K)
 Metaspace       used 118248K, committed 118912K, reserved 1155072K
  class space    used 15350K, committed 15680K, reserved 1048576K

Heap Regions: E=young(eden), S=young(survivor), O=old, HS=humongous(starts), HC=humongous(continues), CS=collection set, F=free, OA=open archive, CA=closed archive, TAMS=top-at-mark-start (previous, next)
|   0|0x0000000700000000, 0x0000000700200000, 0x0000000700200000|100%| O|  |TAMS 0x0000000700200000, 0x0000000700000000| Untracked 
|   1|0x0000000700200000, 0x0000000700400000, 0x0000000700400000|100%|HS|  |TAMS 0x0000000700400000, 0x0000000700200000| Complete 
|   2|0x0000000700400000, 0x0000000700600000, 0x0000000700600000|100%|HC|  |TAMS 0x0000000700600000, 0x0000000700400000| Complete 
|   3|0x0000000700600000, 0x0000000700800000, 0x0000000700800000|100%|HS|  |TAMS 0x0000000700800000, 0x0000000700600000| Complete 
|   4|0x0000000700800000, 0x0000000700a00000, 0x0000000700a00000|100%| O|  |TAMS 0x0000000700a00000, 0x0000000700800000| Untracked 
|   5|0x0000000700a00000, 0x0000000700c00000, 0x0000000700c00000|100%| O|  |TAMS 0x0000000700c00000, 0x0000000700a00000| Untracked 
|   6|0x0000000700c00000, 0x0000000700e00000, 0x0000000700e00000|100%| O|  |TAMS 0x0000000700e00000, 0x0000000700c00000| Untracked 
|   7|0x0000000700e00000, 0x0000000701000000, 0x0000000701000000|100%| O|  |TAMS 0x0000000701000000, 0x0000000700e00000| Untracked 
|   8|0x0000000701000000, 0x0000000701200000, 0x0000000701200000|100%| O|  |TAMS 0x0000000701200000, 0x0000000701000000| Untracked 
|   9|0x0000000701200000, 0x0000000701400000, 0x0000000701400000|100%| O|  |TAMS 0x0000000701400000, 0x0000000701200000| Untracked 
|  10|0x0000000701400000, 0x0000000701600000, 0x0000000701600000|100%| O|  |TAMS 0x0000000701600000, 0x0000000701400000| Untracked 
|  11|0x0000000701600000, 0x0000000701800000, 0x0000000701800000|100%|HS|  |TAMS 0x0000000701800000, 0x0000000701600000| Complete 
|  12|0x0000000701800000, 0x0000000701a00000, 0x0000000701a00000|100%|HC|  |TAMS 0x0000000701a00000, 0x0000000701800000| Complete 
|  13|0x0000000701a00000, 0x0000000701c00000, 0x0000000701c00000|100%|HS|  |TAMS 0x0000000701c00000, 0x0000000701a00000| Complete 
|  14|0x0000000701c00000, 0x0000000701e00000, 0x0000000701e00000|100%|HC|  |TAMS 0x0000000701e00000, 0x0000000701c00000| Complete 
|  15|0x0000000701e00000, 0x0000000702000000, 0x0000000702000000|100%| O|  |TAMS 0x0000000702000000, 0x0000000701e00000| Untracked 
|  16|0x0000000702000000, 0x0000000702200000, 0x0000000702200000|100%| O|  |TAMS 0x0000000702200000, 0x0000000702000000| Untracked 
|  17|0x0000000702200000, 0x0000000702400000, 0x0000000702400000|100%|HS|  |TAMS 0x0000000702400000, 0x0000000702200000| Complete 
|  18|0x0000000702400000, 0x0000000702600000, 0x0000000702600000|100%| O|  |TAMS 0x0000000702600000, 0x0000000702400000| Untracked 
|  19|0x0000000702600000, 0x0000000702800000, 0x0000000702800000|100%| O|  |TAMS 0x0000000702800000, 0x0000000702600000| Untracked 
|  20|0x0000000702800000, 0x0000000702a00000, 0x0000000702a00000|100%| O|  |TAMS 0x0000000702a00000, 0x0000000702800000| Untracked 
|  21|0x0000000702a00000, 0x0000000702c00000, 0x0000000702c00000|100%|HS|  |TAMS 0x0000000702c00000, 0x0000000702a00000| Complete 
|  22|0x0000000702c00000, 0x0000000702e00000, 0x0000000702e00000|100%|HC|  |TAMS 0x0000000702e00000, 0x0000000702c00000| Complete 
|  23|0x0000000702e00000, 0x0000000703000000, 0x0000000703000000|100%|HC|  |TAMS 0x0000000703000000, 0x0000000702e00000| Complete 
|  24|0x0000000703000000, 0x0000000703200000, 0x0000000703200000|100%|HC|  |TAMS 0x0000000703200000, 0x0000000703000000| Complete 
|  25|0x0000000703200000, 0x0000000703400000, 0x0000000703400000|100%|HC|  |TAMS 0x0000000703400000, 0x0000000703200000| Complete 
|  26|0x0000000703400000, 0x0000000703600000, 0x0000000703600000|100%|HC|  |TAMS 0x0000000703600000, 0x0000000703400000| Complete 
|  27|0x0000000703600000, 0x0000000703800000, 0x0000000703800000|100%| O|  |TAMS 0x0000000703800000, 0x0000000703600000| Untracked 
|  28|0x0000000703800000, 0x0000000703a00000, 0x0000000703a00000|100%|HS|  |TAMS 0x0000000703a00000, 0x0000000703800000| Complete 
|  29|0x0000000703a00000, 0x0000000703c00000, 0x0000000703c00000|100%|HC|  |TAMS 0x0000000703c00000, 0x0000000703a00000| Complete 
|  30|0x0000000703c00000, 0x0000000703e00000, 0x0000000703e00000|100%|HS|  |TAMS 0x0000000703e00000, 0x0000000703c00000| Complete 
|  31|0x0000000703e00000, 0x0000000704000000, 0x0000000704000000|100%|HC|  |TAMS 0x0000000704000000, 0x0000000703e00000| Complete 
|  32|0x0000000704000000, 0x0000000704200000, 0x0000000704200000|100%| O|  |TAMS 0x0000000704200000, 0x0000000704000000| Untracked 
|  33|0x0000000704200000, 0x0000000704400000, 0x0000000704400000|100%| O|  |TAMS 0x0000000704400000, 0x0000000704200000| Untracked 
|  34|0x0000000704400000, 0x0000000704600000, 0x0000000704600000|100%| O|  |TAMS 0x0000000704600000, 0x0000000704400000| Untracked 
|  35|0x0000000704600000, 0x0000000704800000, 0x0000000704800000|100%| O|  |TAMS 0x0000000704800000, 0x0000000704600000| Untracked 
|  36|0x0000000704800000, 0x0000000704a00000, 0x0000000704a00000|100%|HS|  |TAMS 0x0000000704a00000, 0x0000000704800000| Complete 
|  37|0x0000000704a00000, 0x0000000704c00000, 0x0000000704c00000|100%|HC|  |TAMS 0x0000000704c00000, 0x0000000704a00000| Complete 
|  38|0x0000000704c00000, 0x0000000704e00000, 0x0000000704e00000|100%| O|  |TAMS 0x0000000704e00000, 0x0000000704c00000| Untracked 
|  39|0x0000000704e00000, 0x0000000705000000, 0x0000000705000000|100%| O|  |TAMS 0x0000000705000000, 0x0000000704e00000| Untracked 
|  40|0x0000000705000000, 0x0000000705200000, 0x0000000705200000|100%| O|  |TAMS 0x0000000705200000, 0x0000000705000000| Untracked 
|  41|0x0000000705200000, 0x0000000705400000, 0x0000000705400000|100%| O|  |TAMS 0x0000000705200000, 0x0000000705200000| Untracked 
|  42|0x0000000705400000, 0x0000000705600000, 0x0000000705600000|100%| O|  |TAMS 0x0000000705600000, 0x0000000705400000| Untracked 
|  43|0x0000000705600000, 0x0000000705800000, 0x0000000705800000|100%| O|  |TAMS 0x0000000705800000, 0x0000000705600000| Untracked 
|  44|0x0000000705800000, 0x0000000705a00000, 0x0000000705a00000|100%| O|  |TAMS 0x0000000705a00000, 0x0000000705800000| Untracked 
|  45|0x0000000705a00000, 0x0000000705c00000, 0x0000000705c00000|100%|HS|  |TAMS 0x0000000705c00000, 0x0000000705a00000| Complete 
|  46|0x0000000705c00000, 0x0000000705e00000, 0x0000000705e00000|100%|HC|  |TAMS 0x0000000705e00000, 0x0000000705c00000| Complete 
|  47|0x0000000705e00000, 0x0000000706000000, 0x0000000706000000|100%|HC|  |TAMS 0x0000000706000000, 0x0000000705e00000| Complete 
|  48|0x0000000706000000, 0x0000000706200000, 0x0000000706200000|100%| O|  |TAMS 0x0000000706200000, 0x0000000706000000| Untracked 
|  49|0x0000000706200000, 0x0000000706400000, 0x0000000706400000|100%| O|  |TAMS 0x0000000706400000, 0x0000000706200000| Untracked 
|  50|0x0000000706400000, 0x0000000706600000, 0x0000000706600000|100%| O|  |TAMS 0x0000000706600000, 0x0000000706400000| Untracked 
|  51|0x0000000706600000, 0x0000000706800000, 0x0000000706800000|100%| O|  |TAMS 0x0000000706800000, 0x0000000706600000| Untracked 
|  52|0x0000000706800000, 0x0000000706a00000, 0x0000000706a00000|100%| O|  |TAMS 0x000000070696c800, 0x0000000706800000| Untracked 
|  53|0x0000000706a00000, 0x0000000706b39200, 0x0000000706c00000| 61%| O|  |TAMS 0x0000000706a00000, 0x0000000706a00000| Untracked 
|  54|0x0000000706c00000, 0x0000000706c00000, 0x0000000706e00000|  0%| F|  |TAMS 0x0000000706c00000, 0x0000000706c00000| Untracked 
|  55|0x0000000706e00000, 0x0000000706e00000, 0x0000000707000000|  0%| F|  |TAMS 0x0000000706e00000, 0x0000000706e00000| Untracked 
|  56|0x0000000707000000, 0x0000000707000000, 0x0000000707200000|  0%| F|  |TAMS 0x0000000707000000, 0x0000000707000000| Untracked 
|  57|0x0000000707200000, 0x0000000707200000, 0x0000000707400000|  0%| F|  |TAMS 0x0000000707200000, 0x0000000707200000| Untracked 
|  58|0x0000000707400000, 0x0000000707400000, 0x0000000707600000|  0%| F|  |TAMS 0x0000000707400000, 0x0000000707400000| Untracked 
|  59|0x0000000707600000, 0x0000000707600000, 0x0000000707800000|  0%| F|  |TAMS 0x0000000707600000, 0x0000000707600000| Untracked 
|  60|0x0000000707800000, 0x0000000707800000, 0x0000000707a00000|  0%| F|  |TAMS 0x0000000707800000, 0x0000000707800000| Untracked 
|  61|0x0000000707a00000, 0x0000000707a00000, 0x0000000707c00000|  0%| F|  |TAMS 0x0000000707a00000, 0x0000000707a00000| Untracked 
|  62|0x0000000707c00000, 0x0000000707c00000, 0x0000000707e00000|  0%| F|  |TAMS 0x0000000707c00000, 0x0000000707c00000| Untracked 
|  63|0x0000000707e00000, 0x0000000707e00000, 0x0000000708000000|  0%| F|  |TAMS 0x0000000707e00000, 0x0000000707e00000| Untracked 
|  64|0x0000000708000000, 0x0000000708000000, 0x0000000708200000|  0%| F|  |TAMS 0x0000000708000000, 0x0000000708000000| Untracked 
|  65|0x0000000708200000, 0x0000000708200000, 0x0000000708400000|  0%| F|  |TAMS 0x0000000708200000, 0x0000000708200000| Untracked 
|  66|0x0000000708400000, 0x0000000708400000, 0x0000000708600000|  0%| F|  |TAMS 0x0000000708400000, 0x0000000708400000| Untracked 
|  67|0x0000000708600000, 0x0000000708600000, 0x0000000708800000|  0%| F|  |TAMS 0x0000000708600000, 0x0000000708600000| Untracked 
|  68|0x0000000708800000, 0x0000000708800000, 0x0000000708a00000|  0%| F|  |TAMS 0x0000000708800000, 0x0000000708800000| Untracked 
|  69|0x0000000708a00000, 0x0000000708a00000, 0x0000000708c00000|  0%| F|  |TAMS 0x0000000708a00000, 0x0000000708a00000| Untracked 
|  70|0x0000000708c00000, 0x0000000708c00000, 0x0000000708e00000|  0%| F|  |TAMS 0x0000000708c00000, 0x0000000708c00000| Untracked 
|  71|0x0000000708e00000, 0x0000000708e00000, 0x0000000709000000|  0%| F|  |TAMS 0x0000000708e00000, 0x0000000708e00000| Untracked 
|  72|0x0000000709000000, 0x0000000709000000, 0x0000000709200000|  0%| F|  |TAMS 0x0000000709000000, 0x0000000709000000| Untracked 
|  73|0x0000000709200000, 0x0000000709400000, 0x0000000709400000|100%| S|CS|TAMS 0x0000000709200000, 0x0000000709200000| Complete 
|  74|0x0000000709400000, 0x0000000709600000, 0x0000000709600000|100%| S|CS|TAMS 0x0000000709400000, 0x0000000709400000| Complete 
|  75|0x0000000709600000, 0x0000000709800000, 0x0000000709800000|100%| S|CS|TAMS 0x0000000709600000, 0x0000000709600000| Complete 
|  76|0x0000000709800000, 0x0000000709800000, 0x0000000709a00000|  0%| F|  |TAMS 0x0000000709800000, 0x0000000709800000| Untracked 
|  77|0x0000000709a00000, 0x0000000709a00000, 0x0000000709c00000|  0%| F|  |TAMS 0x0000000709a00000, 0x0000000709a00000| Untracked 
|  78|0x0000000709c00000, 0x0000000709c00000, 0x0000000709e00000|  0%| F|  |TAMS 0x0000000709c00000, 0x0000000709c00000| Untracked 
|  79|0x0000000709e00000, 0x0000000709e00000, 0x000000070a000000|  0%| F|  |TAMS 0x0000000709e00000, 0x0000000709e00000| Untracked 
|  80|0x000000070a000000, 0x000000070a000000, 0x000000070a200000|  0%| F|  |TAMS 0x000000070a000000, 0x000000070a000000| Untracked 
|  81|0x000000070a200000, 0x000000070a200000, 0x000000070a400000|  0%| F|  |TAMS 0x000000070a200000, 0x000000070a200000| Untracked 
|  82|0x000000070a400000, 0x000000070a400000, 0x000000070a600000|  0%| F|  |TAMS 0x000000070a400000, 0x000000070a400000| Untracked 
|  83|0x000000070a600000, 0x000000070a600000, 0x000000070a800000|  0%| F|  |TAMS 0x000000070a600000, 0x000000070a600000| Untracked 
|  84|0x000000070a800000, 0x000000070a800000, 0x000000070aa00000|  0%| F|  |TAMS 0x000000070a800000, 0x000000070a800000| Untracked 
|  85|0x000000070aa00000, 0x000000070aa00000, 0x000000070ac00000|  0%| F|  |TAMS 0x000000070aa00000, 0x000000070aa00000| Untracked 
|  86|0x000000070ac00000, 0x000000070ac00000, 0x000000070ae00000|  0%| F|  |TAMS 0x000000070ac00000, 0x000000070ac00000| Untracked 
|  87|0x000000070ae00000, 0x000000070ae00000, 0x000000070b000000|  0%| F|  |TAMS 0x000000070ae00000, 0x000000070ae00000| Untracked 
|  88|0x000000070b000000, 0x000000070b000000, 0x000000070b200000|  0%| F|  |TAMS 0x000000070b000000, 0x000000070b000000| Untracked 
|  89|0x000000070b200000, 0x000000070b200000, 0x000000070b400000|  0%| F|  |TAMS 0x000000070b200000, 0x000000070b200000| Untracked 
|  90|0x000000070b400000, 0x000000070b400000, 0x000000070b600000|  0%| F|  |TAMS 0x000000070b400000, 0x000000070b400000| Untracked 
|  91|0x000000070b600000, 0x000000070b600000, 0x000000070b800000|  0%| F|  |TAMS 0x000000070b600000, 0x000000070b600000| Untracked 
|  92|0x000000070b800000, 0x000000070b800000, 0x000000070ba00000|  0%| F|  |TAMS 0x000000070b800000, 0x000000070b800000| Untracked 
|  93|0x000000070ba00000, 0x000000070ba00000, 0x000000070bc00000|  0%| F|  |TAMS 0x000000070ba00000, 0x000000070ba00000| Untracked 
|  94|0x000000070bc00000, 0x000000070bc00000, 0x000000070be00000|  0%| F|  |TAMS 0x000000070bc00000, 0x000000070bc00000| Untracked 
|  95|0x000000070be00000, 0x000000070be00000, 0x000000070c000000|  0%| F|  |TAMS 0x000000070be00000, 0x000000070be00000| Untracked 
|  96|0x000000070c000000, 0x000000070c200000, 0x000000070c200000|100%| E|  |TAMS 0x000000070c000000, 0x000000070c000000| Complete 
|  97|0x000000070c200000, 0x000000070c400000, 0x000000070c400000|100%| E|CS|TAMS 0x000000070c200000, 0x000000070c200000| Complete 
|  98|0x000000070c400000, 0x000000070c600000, 0x000000070c600000|100%| E|CS|TAMS 0x000000070c400000, 0x000000070c400000| Complete 
|  99|0x000000070c600000, 0x000000070c800000, 0x000000070c800000|100%| E|CS|TAMS 0x000000070c600000, 0x000000070c600000| Complete 
| 100|0x000000070c800000, 0x000000070ca00000, 0x000000070ca00000|100%| E|CS|TAMS 0x000000070c800000, 0x000000070c800000| Complete 
| 101|0x000000070ca00000, 0x000000070cc00000, 0x000000070cc00000|100%| E|CS|TAMS 0x000000070ca00000, 0x000000070ca00000| Complete 
| 102|0x000000070cc00000, 0x000000070ce00000, 0x000000070ce00000|100%| E|CS|TAMS 0x000000070cc00000, 0x000000070cc00000| Complete 
| 103|0x000000070ce00000, 0x000000070d000000, 0x000000070d000000|100%| E|CS|TAMS 0x000000070ce00000, 0x000000070ce00000| Complete 
| 104|0x000000070d000000, 0x000000070d200000, 0x000000070d200000|100%| E|CS|TAMS 0x000000070d000000, 0x000000070d000000| Complete 
| 105|0x000000070d200000, 0x000000070d400000, 0x000000070d400000|100%| E|CS|TAMS 0x000000070d200000, 0x000000070d200000| Complete 
| 106|0x000000070d400000, 0x000000070d600000, 0x000000070d600000|100%| E|CS|TAMS 0x000000070d400000, 0x000000070d400000| Complete 
| 107|0x000000070d600000, 0x000000070d800000, 0x000000070d800000|100%| E|CS|TAMS 0x000000070d600000, 0x000000070d600000| Complete 

Card table byte_map: [0x0000011d56e80000,0x0000011d57680000] _byte_map_base: 0x0000011d53680000

Marking Bits (Prev, Next): (CMBitMap*) 0x0000011d424184d0, (CMBitMap*) 0x0000011d42418510
 Prev Bits: [0x0000011d57e80000, 0x0000011d5be80000)
 Next Bits: [0x0000011d5be80000, 0x0000011d5fe80000)

Polling page: 0x0000011d42470000

Metaspace:

Usage:
  Non-class:    100.52 MB used.
      Class:     14.99 MB used.
       Both:    115.51 MB used.

Virtual space:
  Non-class space:      104.00 MB reserved,     100.88 MB ( 97%) committed,  13 nodes.
      Class space:        1.00 GB reserved,      15.31 MB (  1%) committed,  1 nodes.
             Both:        1.10 GB reserved,     116.19 MB ( 10%) committed. 

Chunk freelists:
   Non-Class:  3.16 MB
       Class:  592.00 KB
        Both:  3.73 MB

MaxMetaspaceSize: unlimited
CompressedClassSpaceSize: 1.00 GB
Initial GC threshold: 21.00 MB
Current GC threshold: 185.75 MB
CDS: off
MetaspaceReclaimPolicy: balanced
 - commit_granule_bytes: 65536.
 - commit_granule_words: 8192.
 - virtual_space_node_default_size: 1048576.
 - enlarge_chunks_in_place: 1.
 - new_chunks_are_fully_committed: 0.
 - uncommit_free_chunks: 1.
 - use_allocation_guard: 0.
 - handle_deallocations: 1.


Internal statistics:

num_allocs_failed_limit: 3.
num_arena_births: 834.
num_arena_deaths: 0.
num_vsnodes_births: 14.
num_vsnodes_deaths: 0.
num_space_committed: 1857.
num_space_uncommitted: 0.
num_chunks_returned_to_freelist: 3.
num_chunks_taken_from_freelist: 4684.
num_chunk_merges: 3.
num_chunk_splits: 3610.
num_chunks_enlarged: 2943.
num_purges: 0.
num_inconsistent_stats: 0.

CodeHeap 'non-profiled nmethods': size=120000Kb used=3795Kb max_used=4356Kb free=116204Kb
 bounds [0x0000011d4eb30000, 0x0000011d4ef80000, 0x0000011d56060000]
CodeHeap 'profiled nmethods': size=120000Kb used=13616Kb max_used=15298Kb free=106383Kb
 bounds [0x0000011d47060000, 0x0000011d47f60000, 0x0000011d4e590000]
CodeHeap 'non-nmethods': size=5760Kb used=2510Kb max_used=2544Kb free=3249Kb
 bounds [0x0000011d4e590000, 0x0000011d4e810000, 0x0000011d4eb30000]
 total_blobs=7947 nmethods=6874 adapters=985
 compilation: enabled
              stopped_count=0, restarted_count=0
 full_count=0

Compilation events (20 events):
Event: 56.558 Thread 0x0000011d6972c030 8186       4       java.lang.String::contains (19 bytes)
Event: 56.562 Thread 0x0000011d6972c030 nmethod 8186 0x0000011d4eb6f790 code [0x0000011d4eb6f920, 0x0000011d4eb6fcd8]
Event: 56.564 Thread 0x0000011d630384d0 nmethod 8172 0x0000011d4ee2f610 code [0x0000011d4ee2f840, 0x0000011d4ee31d48]
Event: 56.573 Thread 0x0000011d6303cc10 8187   !   3       java.util.concurrent.ConcurrentHashMap::putVal (432 bytes)
Event: 56.574 Thread 0x0000011d630384d0 8188       4       java.util.concurrent.ConcurrentHashMap$Node::<init> (20 bytes)
Event: 56.576 Thread 0x0000011d6303cc10 nmethod 8187 0x0000011d47128510 code [0x0000011d47128860, 0x0000011d4712a3e8]
Event: 56.578 Thread 0x0000011d6303cc10 8189       3       java.lang.StringUTF16::hashCode (33 bytes)
Event: 56.579 Thread 0x0000011d6303cc10 nmethod 8189 0x0000011d476f5710 code [0x0000011d476f58a0, 0x0000011d476f5a58]
Event: 56.579 Thread 0x0000011d630384d0 nmethod 8188 0x0000011d4ed02e90 code [0x0000011d4ed03000, 0x0000011d4ed03238]
Event: 56.646 Thread 0x0000011d630384d0 8190   !   4       java.net.URL::<init> (543 bytes)
Event: 56.709 Thread 0x0000011d6303cc10 8191       3       java.net.URLStreamHandler::setURL (73 bytes)
Event: 56.712 Thread 0x0000011d6303cc10 nmethod 8191 0x0000011d470a1710 code [0x0000011d470a19e0, 0x0000011d470a2858]
Event: 56.714 Thread 0x0000011d6303cc10 8193   !   2       jdk.internal.loader.Resource::getBytes (244 bytes)
Event: 56.717 Thread 0x0000011d6303cc10 nmethod 8193 0x0000011d47b3e890 code [0x0000011d47b3eb00, 0x0000011d47b3f4e8]
Event: 56.718 Thread 0x0000011d6303cc10 8194   !   2       java.net.URLClassLoader::defineClass (224 bytes)
Event: 56.720 Thread 0x0000011d6303cc10 nmethod 8194 0x0000011d4708b810 code [0x0000011d4708bb40, 0x0000011d4708c698]
Event: 56.946 Thread 0x0000011d6303cc10 8197       3       org.apache.http.message.ParserCursor::atEnd (17 bytes)
Event: 56.946 Thread 0x0000011d6303cc10 nmethod 8197 0x0000011d478d7290 code [0x0000011d478d7420, 0x0000011d478d7598]
Event: 56.946 Thread 0x0000011d6303cc10 8198       3       org.apache.http.message.ParserCursor::updatePos (100 bytes)
Event: 56.948 Thread 0x0000011d6303cc10 nmethod 8198 0x0000011d4711b810 code [0x0000011d4711bb40, 0x0000011d4711c9d8]

GC Heap History (20 events):
Event: 31.917 GC heap before
{Heap before GC invocations=27 (full 0):
 garbage-first heap   total 151552K, used 87147K [0x0000000700000000, 0x0000000800000000)
  region size 2048K, 6 young (12288K), 2 survivors (4096K)
 Metaspace       used 71587K, committed 72256K, reserved 1114112K
  class space    used 10008K, committed 10304K, reserved 1048576K
}
Event: 31.926 GC heap after
{Heap after GC invocations=28 (full 0):
 garbage-first heap   total 151552K, used 81280K [0x0000000700000000, 0x0000000800000000)
  region size 2048K, 2 young (4096K), 2 survivors (4096K)
 Metaspace       used 71587K, committed 72256K, reserved 1114112K
  class space    used 10008K, committed 10304K, reserved 1048576K
}
Event: 33.866 GC heap before
{Heap before GC invocations=29 (full 0):
 garbage-first heap   total 157696K, used 130432K [0x0000000700000000, 0x0000000800000000)
  region size 2048K, 23 young (47104K), 2 survivors (4096K)
 Metaspace       used 72431K, committed 73152K, reserved 1114112K
  class space    used 10098K, committed 10432K, reserved 1048576K
}
Event: 33.891 GC heap after
{Heap after GC invocations=30 (full 0):
 garbage-first heap   total 157696K, used 90560K [0x0000000700000000, 0x0000000800000000)
  region size 2048K, 3 young (6144K), 3 survivors (6144K)
 Metaspace       used 72431K, committed 73152K, reserved 1114112K
  class space    used 10098K, committed 10432K, reserved 1048576K
}
Event: 37.457 GC heap before
{Heap before GC invocations=30 (full 0):
 garbage-first heap   total 157696K, used 115136K [0x0000000700000000, 0x0000000800000000)
  region size 2048K, 16 young (32768K), 3 survivors (6144K)
 Metaspace       used 76112K, committed 76800K, reserved 1122304K
  class space    used 10520K, committed 10816K, reserved 1048576K
}
Event: 37.475 GC heap after
{Heap after GC invocations=31 (full 0):
 garbage-first heap   total 157696K, used 93719K [0x0000000700000000, 0x0000000800000000)
  region size 2048K, 2 young (4096K), 2 survivors (4096K)
 Metaspace       used 76112K, committed 76800K, reserved 1122304K
  class space    used 10520K, committed 10816K, reserved 1048576K
}
Event: 38.998 GC heap before
{Heap before GC invocations=32 (full 0):
 garbage-first heap   total 174080K, used 132631K [0x0000000700000000, 0x0000000800000000)
  region size 2048K, 18 young (36864K), 2 survivors (4096K)
 Metaspace       used 79982K, committed 80640K, reserved 1122304K
  class space    used 10905K, committed 11200K, reserved 1048576K
}
Event: 39.015 GC heap after
{Heap after GC invocations=33 (full 0):
 garbage-first heap   total 174080K, used 102251K [0x0000000700000000, 0x0000000800000000)
  region size 2048K, 3 young (6144K), 3 survivors (6144K)
 Metaspace       used 79982K, committed 80640K, reserved 1122304K
  class space    used 10905K, committed 11200K, reserved 1048576K
}
Event: 40.777 GC heap before
{Heap before GC invocations=33 (full 0):
 garbage-first heap   total 174080K, used 139115K [0x0000000700000000, 0x0000000800000000)
  region size 2048K, 21 young (43008K), 3 survivors (6144K)
 Metaspace       used 85206K, committed 85888K, reserved 1130496K
  class space    used 11470K, committed 11776K, reserved 1048576K
}
Event: 40.790 GC heap after
{Heap after GC invocations=34 (full 0):
 garbage-first heap   total 174080K, used 104214K [0x0000000700000000, 0x0000000800000000)
  region size 2048K, 3 young (6144K), 3 survivors (6144K)
 Metaspace       used 85206K, committed 85888K, reserved 1130496K
  class space    used 11470K, committed 11776K, reserved 1048576K
}
Event: 42.558 GC heap before
{Heap before GC invocations=35 (full 0):
 garbage-first heap   total 184320K, used 141078K [0x0000000700000000, 0x0000000800000000)
  region size 2048K, 21 young (43008K), 3 survivors (6144K)
 Metaspace       used 90261K, committed 90880K, reserved 1130496K
  class space    used 12077K, committed 12352K, reserved 1048576K
}
Event: 42.575 GC heap after
{Heap after GC invocations=36 (full 0):
 garbage-first heap   total 184320K, used 106696K [0x0000000700000000, 0x0000000800000000)
  region size 2048K, 3 young (6144K), 3 survivors (6144K)
 Metaspace       used 90261K, committed 90880K, reserved 1130496K
  class space    used 12077K, committed 12352K, reserved 1048576K
}
Event: 42.727 GC heap before
{Heap before GC invocations=36 (full 0):
 garbage-first heap   total 184320K, used 108744K [0x0000000700000000, 0x0000000800000000)
  region size 2048K, 4 young (8192K), 3 survivors (6144K)
 Metaspace       used 90693K, committed 91328K, reserved 1130496K
  class space    used 12135K, committed 12416K, reserved 1048576K
}
Event: 42.748 GC heap after
{Heap after GC invocations=37 (full 0):
 garbage-first heap   total 221184K, used 106657K [0x0000000700000000, 0x0000000800000000)
  region size 2048K, 1 young (2048K), 1 survivors (2048K)
 Metaspace       used 90693K, committed 91328K, reserved 1130496K
  class space    used 12135K, committed 12416K, reserved 1048576K
}
Event: 45.790 GC heap before
{Heap before GC invocations=37 (full 0):
 garbage-first heap   total 221184K, used 172193K [0x0000000700000000, 0x0000000800000000)
  region size 2048K, 33 young (67584K), 1 survivors (2048K)
 Metaspace       used 93940K, committed 94656K, reserved 1130496K
  class space    used 12543K, committed 12864K, reserved 1048576K
}
Event: 45.800 GC heap after
{Heap after GC invocations=38 (full 0):
 garbage-first heap   total 221184K, used 109896K [0x0000000700000000, 0x0000000800000000)
  region size 2048K, 2 young (4096K), 2 survivors (4096K)
 Metaspace       used 93940K, committed 94656K, reserved 1130496K
  class space    used 12543K, committed 12864K, reserved 1048576K
}
Event: 49.973 GC heap before
{Heap before GC invocations=39 (full 0):
 garbage-first heap   total 221184K, used 181576K [0x0000000700000000, 0x0000000800000000)
  region size 2048K, 37 young (75776K), 2 survivors (4096K)
 Metaspace       used 102044K, committed 102720K, reserved 1138688K
  class space    used 13489K, committed 13760K, reserved 1048576K
}
Event: 50.003 GC heap after
{Heap after GC invocations=40 (full 0):
 garbage-first heap   total 221184K, used 114559K [0x0000000700000000, 0x0000000800000000)
  region size 2048K, 5 young (10240K), 5 survivors (10240K)
 Metaspace       used 102044K, committed 102720K, reserved 1138688K
  class space    used 13489K, committed 13760K, reserved 1048576K
}
Event: 53.815 GC heap before
{Heap before GC invocations=40 (full 0):
 garbage-first heap   total 221184K, used 178047K [0x0000000700000000, 0x0000000800000000)
  region size 2048K, 37 young (75776K), 5 survivors (10240K)
 Metaspace       used 113267K, committed 113920K, reserved 1155072K
  class space    used 14712K, committed 14976K, reserved 1048576K
}
Event: 53.832 GC heap after
{Heap after GC invocations=41 (full 0):
 garbage-first heap   total 221184K, used 115940K [0x0000000700000000, 0x0000000800000000)
  region size 2048K, 3 young (6144K), 3 survivors (6144K)
 Metaspace       used 113267K, committed 113920K, reserved 1155072K
  class space    used 14712K, committed 14976K, reserved 1048576K
}

Dll operation events (2 events):
Event: 0.160 Loaded shared library C:\Program Files\Android\Android Studio1\jbr\bin\java.dll
Event: 2.039 Loaded shared library C:\Program Files\Android\Android Studio1\jbr\bin\verify.dll

Deoptimization events (20 events):
Event: 56.425 Thread 0x0000011d634c49a0 DEOPT PACKING pc=0x0000011d47531ffe sp=0x00000015d7ef5bb0
Event: 56.425 Thread 0x0000011d634c49a0 DEOPT UNPACKING pc=0x0000011d4e5e7143 sp=0x00000015d7ef5020 mode 0
Event: 56.429 Thread 0x0000011d634c49a0 DEOPT PACKING pc=0x0000011d47531ffe sp=0x00000015d7ef5bb0
Event: 56.429 Thread 0x0000011d634c49a0 DEOPT UNPACKING pc=0x0000011d4e5e7143 sp=0x00000015d7ef5020 mode 0
Event: 56.438 Thread 0x0000011d634c49a0 Uncommon trap: trap_request=0xffffff45 fr.pc=0x0000011d4ebf4254 relative=0x00000000000001d4
Event: 56.438 Thread 0x0000011d634c49a0 Uncommon trap: reason=unstable_if action=reinterpret pc=0x0000011d4ebf4254 method=java.lang.String.indexOf(Ljava/lang/String;)I @ 10 c2
Event: 56.438 Thread 0x0000011d634c49a0 DEOPT PACKING pc=0x0000011d4ebf4254 sp=0x00000015d7ef5de0
Event: 56.438 Thread 0x0000011d634c49a0 DEOPT UNPACKING pc=0x0000011d4e5e69a3 sp=0x00000015d7ef5d70 mode 2
Event: 56.530 Thread 0x0000011d634c49a0 DEOPT PACKING pc=0x0000011d474c301c sp=0x00000015d7ef5840
Event: 56.530 Thread 0x0000011d634c49a0 DEOPT UNPACKING pc=0x0000011d4e5e7143 sp=0x00000015d7ef4d98 mode 0
Event: 56.531 Thread 0x0000011d634c49a0 DEOPT PACKING pc=0x0000011d474c301c sp=0x00000015d7ef5840
Event: 56.531 Thread 0x0000011d634c49a0 DEOPT UNPACKING pc=0x0000011d4e5e7143 sp=0x00000015d7ef4d98 mode 0
Event: 56.571 Thread 0x0000011d634c49a0 Uncommon trap: trap_request=0xffffff45 fr.pc=0x0000011d4ebda218 relative=0x0000000000001078
Event: 56.571 Thread 0x0000011d634c49a0 Uncommon trap: reason=unstable_if action=reinterpret pc=0x0000011d4ebda218 method=java.util.concurrent.ConcurrentHashMap.putVal(Ljava/lang/Object;Ljava/lang/Object;Z)Ljava/lang/Object; @ 401 c2
Event: 56.571 Thread 0x0000011d634c49a0 DEOPT PACKING pc=0x0000011d4ebda218 sp=0x00000015d7ef5d80
Event: 56.571 Thread 0x0000011d634c49a0 DEOPT UNPACKING pc=0x0000011d4e5e69a3 sp=0x00000015d7ef5d10 mode 2
Event: 56.577 Thread 0x0000011d634c49a0 Uncommon trap: trap_request=0xffffff45 fr.pc=0x0000011d4ebff648 relative=0x00000000000012e8
Event: 56.577 Thread 0x0000011d634c49a0 Uncommon trap: reason=unstable_if action=reinterpret pc=0x0000011d4ebff648 method=java.util.concurrent.ConcurrentHashMap.transfer([Ljava/util/concurrent/ConcurrentHashMap$Node;[Ljava/util/concurrent/ConcurrentHashMap$Node;)V @ 352 c2
Event: 56.577 Thread 0x0000011d634c49a0 DEOPT PACKING pc=0x0000011d4ebff648 sp=0x00000015d7ef5c00
Event: 56.577 Thread 0x0000011d634c49a0 DEOPT UNPACKING pc=0x0000011d4e5e69a3 sp=0x00000015d7ef5b88 mode 2

Classes unloaded (0 events):
No events

Classes redefined (0 events):
No events

Internal exceptions (20 events):
Event: 42.999 Thread 0x0000011d634c49a0 Exception <a 'java/lang/NoSuchMethodError'{0x000000070d2193d0}: 'java.lang.Object java.lang.invoke.DirectMethodHandle$Holder.invokeStatic(java.lang.Object, java.lang.Object, java.lang.Object, java.lang.Object, int)'> (0x000000070d2193d0) 
thrown [s\src\hotspot\share\interpreter\linkResolver.cpp, line 771]
Event: 43.000 Thread 0x0000011d634c49a0 Exception <a 'java/lang/NoSuchMethodError'{0x000000070d224a58}: 'java.lang.Object java.lang.invoke.DirectMethodHandle$Holder.newInvokeSpecial(java.lang.Object, java.lang.Object, java.lang.Object, java.lang.Object, int)'> (0x000000070d224a58) 
thrown [s\src\hotspot\share\interpreter\linkResolver.cpp, line 771]
Event: 43.001 Thread 0x0000011d634c49a0 Exception <a 'java/lang/NoSuchMethodError'{0x000000070d22b278}: 'java.lang.Object java.lang.invoke.DirectMethodHandle$Holder.invokeSpecial(java.lang.Object, java.lang.Object, java.lang.Object, java.lang.Object, java.lang.Object, int)'> (0x000000070d22b278) 
thrown [s\src\hotspot\share\interpreter\linkResolver.cpp, line 771]
Event: 43.002 Thread 0x0000011d634c49a0 Exception <a 'java/lang/NoSuchMethodError'{0x000000070d231448}: 'java.lang.Object java.lang.invoke.Invokers$Holder.linkToTargetMethod(java.lang.Object, java.lang.Object, java.lang.Object, int, java.lang.Object)'> (0x000000070d231448) 
thrown [s\src\hotspot\share\interpreter\linkResolver.cpp, line 771]
Event: 46.764 Thread 0x0000011d634c49a0 Implicit null exception at 0x0000011d4eede8bd to 0x0000011d4eedf028
Event: 46.764 Thread 0x0000011d634c49a0 Implicit null exception at 0x0000011d4ee8ab8f to 0x0000011d4ee8abc0
Event: 48.562 Thread 0x0000011d634c49a0 Exception <a 'java/lang/NoSuchMethodError'{0x000000070ab98568}: 'java.lang.Object java.lang.invoke.DirectMethodHandle$Holder.newInvokeSpecial(java.lang.Object, java.lang.Object, java.lang.Object, int, int, java.lang.Object, java.lang.Object)'> (0x000000070ab98568) 
thrown [s\src\hotspot\share\interpreter\linkResolver.cpp, line 771]
Event: 53.217 Thread 0x0000011d649e8880 Exception <a 'sun/nio/fs/WindowsException'{0x0000000709f84f08}> (0x0000000709f84f08) 
thrown [s\src\hotspot\share\prims\jni.cpp, line 517]
Event: 53.340 Thread 0x0000011d649e8880 Exception <a 'sun/nio/fs/WindowsException'{0x0000000709cd6a08}> (0x0000000709cd6a08) 
thrown [s\src\hotspot\share\prims\jni.cpp, line 517]
Event: 53.341 Thread 0x0000011d649e8880 Exception <a 'sun/nio/fs/WindowsException'{0x0000000709cd6bf8}> (0x0000000709cd6bf8) 
thrown [s\src\hotspot\share\prims\jni.cpp, line 517]
Event: 54.643 Thread 0x0000011d634c49a0 Exception <a 'java/lang/NoSuchMethodError'{0x000000070d26f4d8}: 'java.lang.Object java.lang.invoke.DirectMethodHandle$Holder.newInvokeSpecial(java.lang.Object, java.lang.Object, java.lang.Object, java.lang.Object, java.lang.Object, int)'> (0x000000070d26f4d8) 
thrown [s\src\hotspot\share\interpreter\linkResolver.cpp, line 771]
Event: 54.649 Thread 0x0000011d634c49a0 Exception <a 'java/lang/NoSuchMethodError'{0x000000070d2748e8}: 'java.lang.Object java.lang.invoke.DirectMethodHandle$Holder.invokeSpecial(java.lang.Object, java.lang.Object, java.lang.Object, java.lang.Object, java.lang.Object, java.lang.Object, int)'> (0x000000070d2748e8) 
thrown [s\src\hotspot\share\interpreter\linkResolver.cpp, line 771]
Event: 54.677 Thread 0x0000011d634c49a0 Exception <a 'java/lang/NoSuchMethodError'{0x000000070d311d08}: 'void java.lang.invoke.DirectMethodHandle$Holder.invokeStatic(java.lang.Object, java.lang.Object, java.lang.Object, int, java.lang.Object)'> (0x000000070d311d08) 
thrown [s\src\hotspot\share\interpreter\linkResolver.cpp, line 771]
Event: 54.760 Thread 0x0000011d634c49a0 Implicit null exception at 0x0000011d4ed4554e to 0x0000011d4ed45574
Event: 54.791 Thread 0x0000011d634c4000 Exception <a 'java/lang/NoSuchMethodError'{0x000000070d111878}: static Lorg/gradle/internal/build/event/types/DefaultOperationStartedProgressEvent;.<clinit>()V> (0x000000070d111878) 
thrown [s\src\hotspot\share\prims\jni.cpp, line 1108]
Event: 54.792 Thread 0x0000011d634c4000 Exception <a 'java/lang/NoSuchMethodError'{0x000000070d1134e8}: static Lorg/gradle/internal/build/event/types/AbstractProgressEvent;.<clinit>()V> (0x000000070d1134e8) 
thrown [s\src\hotspot\share\prims\jni.cpp, line 1108]
Event: 54.795 Thread 0x0000011d634c4000 Exception <a 'java/lang/NoSuchMethodError'{0x000000070d126838}: static Lorg/gradle/internal/build/event/types/DefaultFileDownloadDescriptor;.<clinit>()V> (0x000000070d126838) 
thrown [s\src\hotspot\share\prims\jni.cpp, line 1108]
Event: 54.795 Thread 0x0000011d634c4000 Exception <a 'java/lang/NoSuchMethodError'{0x000000070d1292a0}: static Lorg/gradle/internal/build/event/types/DefaultOperationDescriptor;.<clinit>()V> (0x000000070d1292a0) 
thrown [s\src\hotspot\share\prims\jni.cpp, line 1108]
Event: 54.798 Thread 0x0000011d634c4000 Exception <a 'java/lang/NoSuchMethodError'{0x000000070d13b918}: static Lorg/gradle/internal/operations/OperationIdentifier;.<clinit>()V> (0x000000070d13b918) 
thrown [s\src\hotspot\share\prims\jni.cpp, line 1108]
Event: 54.894 Thread 0x0000011d634c49a0 Exception <a 'sun/nio/fs/WindowsException'{0x000000070ce54290}> (0x000000070ce54290) 
thrown [s\src\hotspot\share\prims\jni.cpp, line 517]

VM Operations (20 events):
Event: 54.339 Executing VM operation: HandshakeAllThreads
Event: 54.339 Executing VM operation: HandshakeAllThreads done
Event: 54.902 Executing VM operation: HandshakeAllThreads
Event: 54.902 Executing VM operation: HandshakeAllThreads done
Event: 54.917 Executing VM operation: HandshakeAllThreads
Event: 54.918 Executing VM operation: HandshakeAllThreads done
Event: 54.921 Executing VM operation: HandshakeAllThreads
Event: 54.921 Executing VM operation: HandshakeAllThreads done
Event: 54.927 Executing VM operation: HandshakeAllThreads
Event: 54.927 Executing VM operation: HandshakeAllThreads done
Event: 54.961 Executing VM operation: HandshakeAllThreads
Event: 54.961 Executing VM operation: HandshakeAllThreads done
Event: 55.337 Executing VM operation: HandshakeAllThreads
Event: 55.337 Executing VM operation: HandshakeAllThreads done
Event: 55.337 Executing VM operation: Cleanup
Event: 55.338 Executing VM operation: Cleanup done
Event: 56.352 Executing VM operation: Cleanup
Event: 56.352 Executing VM operation: Cleanup done
Event: 56.671 Executing VM operation: HandshakeAllThreads
Event: 56.671 Executing VM operation: HandshakeAllThreads done

Events (20 events):
Event: 56.388 loading class java/net/Proxy$Type
Event: 56.388 loading class java/net/Proxy$Type done
Event: 56.388 loading class sun/net/spi/DefaultProxySelector$1
Event: 56.388 loading class sun/net/spi/DefaultProxySelector$1 done
Event: 56.441 Thread 0x0000011d6972c030 Thread added: 0x0000011d6972c030
Event: 56.571 loading class java/util/concurrent/ConcurrentHashMap$TreeNode
Event: 56.571 loading class java/util/concurrent/ConcurrentHashMap$TreeNode done
Event: 56.571 loading class java/util/concurrent/ConcurrentHashMap$TreeBin
Event: 56.572 loading class java/util/concurrent/ConcurrentHashMap$TreeBin done
Event: 56.675 loading class java/net/SocketTimeoutException
Event: 56.675 loading class java/net/SocketTimeoutException done
Event: 56.675 loading class java/net/ConnectException
Event: 56.675 loading class java/net/ConnectException done
Event: 56.675 loading class java/net/NoRouteToHostException
Event: 56.675 loading class java/net/NoRouteToHostException done
Event: 56.710 Thread 0x0000011d6972c030 Thread exited: 0x0000011d6972c030
Event: 56.934 loading class sun/net/spi/DefaultProxySelector$NonProxyInfo
Event: 56.935 loading class sun/net/spi/DefaultProxySelector$NonProxyInfo done
Event: 56.935 loading class sun/net/spi/DefaultProxySelector$3
Event: 56.935 loading class sun/net/spi/DefaultProxySelector$3 done


Dynamic libraries:
0x00007ff76dfe0000 - 0x00007ff76dfea000 	C:\Program Files\Android\Android Studio1\jbr\bin\java.exe
0x00007ffb4f9c0000 - 0x00007ffb4fbcf000 	C:\WINDOWS\SYSTEM32\ntdll.dll
0x00007ffb4f140000 - 0x00007ffb4f1fd000 	C:\WINDOWS\System32\KERNEL32.DLL
0x00007ffb4cfd0000 - 0x00007ffb4d364000 	C:\WINDOWS\System32\KERNELBASE.dll
0x00007ffb4ce40000 - 0x00007ffb4cf51000 	C:\WINDOWS\System32\ucrtbase.dll
0x00007ffafa7a0000 - 0x00007ffafa7b7000 	C:\Program Files\Android\Android Studio1\jbr\bin\jli.dll
0x00007ffb4f650000 - 0x00007ffb4f7fa000 	C:\WINDOWS\System32\USER32.dll
0x00007ffb4d670000 - 0x00007ffb4d696000 	C:\WINDOWS\System32\win32u.dll
0x00007ffb4e900000 - 0x00007ffb4e929000 	C:\WINDOWS\System32\GDI32.dll
0x00007ffb4d3f0000 - 0x00007ffb4d507000 	C:\WINDOWS\System32\gdi32full.dll
0x00007ffb4d510000 - 0x00007ffb4d5aa000 	C:\WINDOWS\System32\msvcp_win.dll
0x00007ffb45cc0000 - 0x00007ffb45cdb000 	C:\Program Files\Android\Android Studio1\jbr\bin\VCRUNTIME140.dll
0x00007ffb35a60000 - 0x00007ffb35d01000 	C:\WINDOWS\WinSxS\amd64_microsoft.windows.common-controls_6595b64144ccf1df_6.0.22543.1000_none_25f07d7fa9409c95\COMCTL32.dll
0x00007ffb4f8d0000 - 0x00007ffb4f974000 	C:\WINDOWS\System32\msvcrt.dll
0x00007ffb4f890000 - 0x00007ffb4f8c1000 	C:\WINDOWS\System32\IMM32.DLL
0x00007ffb48180000 - 0x00007ffb4818c000 	C:\Program Files\Android\Android Studio1\jbr\bin\vcruntime140_1.dll
0x00007ffb12e00000 - 0x00007ffb12e8d000 	C:\Program Files\Android\Android Studio1\jbr\bin\msvcp140.dll
0x00007ffb0d040000 - 0x00007ffb0dcae000 	C:\Program Files\Android\Android Studio1\jbr\bin\server\jvm.dll
0x00007ffb4f260000 - 0x00007ffb4f30e000 	C:\WINDOWS\System32\ADVAPI32.dll
0x00007ffb4e5e0000 - 0x00007ffb4e685000 	C:\WINDOWS\System32\sechost.dll
0x00007ffb4f510000 - 0x00007ffb4f62f000 	C:\WINDOWS\System32\RPCRT4.dll
0x00007ffb2d130000 - 0x00007ffb2d139000 	C:\WINDOWS\SYSTEM32\WSOCK32.dll
0x00007ffb4f490000 - 0x00007ffb4f501000 	C:\WINDOWS\System32\WS2_32.dll
0x00007ffb45220000 - 0x00007ffb45254000 	C:\WINDOWS\SYSTEM32\WINMM.dll
0x00007ffb45210000 - 0x00007ffb4521a000 	C:\WINDOWS\SYSTEM32\VERSION.dll
0x00007ffb4be80000 - 0x00007ffb4be97000 	C:\WINDOWS\SYSTEM32\kernel.appcore.dll
0x00007ffb3c7a0000 - 0x00007ffb3c7aa000 	C:\Program Files\Android\Android Studio1\jbr\bin\jimage.dll
0x00007ffb4a960000 - 0x00007ffb4ab84000 	C:\WINDOWS\SYSTEM32\DBGHELP.DLL
0x00007ffb4d8f0000 - 0x00007ffb4dc61000 	C:\WINDOWS\System32\combase.dll
0x00007ffb4e930000 - 0x00007ffb4ea07000 	C:\WINDOWS\System32\OLEAUT32.dll
0x00007ffb35d70000 - 0x00007ffb35da1000 	C:\WINDOWS\SYSTEM32\dbgcore.DLL
0x00007ffb4d370000 - 0x00007ffb4d3eb000 	C:\WINDOWS\System32\bcryptPrimitives.dll
0x00007ffb0d010000 - 0x00007ffb0d035000 	C:\Program Files\Android\Android Studio1\jbr\bin\java.dll
0x00007ffb0cff0000 - 0x00007ffb0d008000 	C:\Program Files\Android\Android Studio1\jbr\bin\zip.dll
0x00007ffb4dc70000 - 0x00007ffb4e42d000 	C:\WINDOWS\System32\SHELL32.dll
0x00007ffb4aea0000 - 0x00007ffb4b6f9000 	C:\WINDOWS\SYSTEM32\windows.storage.dll
0x00007ffb4ad60000 - 0x00007ffb4ae9c000 	C:\WINDOWS\SYSTEM32\wintypes.dll
0x00007ffb4f310000 - 0x00007ffb4f401000 	C:\WINDOWS\System32\SHCORE.dll
0x00007ffb4ea20000 - 0x00007ffb4ea7b000 	C:\WINDOWS\System32\shlwapi.dll
0x00007ffb4cd70000 - 0x00007ffb4cd91000 	C:\WINDOWS\SYSTEM32\profapi.dll
0x00007ffb0cfd0000 - 0x00007ffb0cfe9000 	C:\Program Files\Android\Android Studio1\jbr\bin\net.dll
0x00007ffb44bf0000 - 0x00007ffb44d01000 	C:\WINDOWS\SYSTEM32\WINHTTP.dll
0x00007ffb4c340000 - 0x00007ffb4c3a9000 	C:\WINDOWS\system32\mswsock.dll
0x00007ffb0cfb0000 - 0x00007ffb0cfc6000 	C:\Program Files\Android\Android Studio1\jbr\bin\nio.dll
0x00007ffb3a0f0000 - 0x00007ffb3a100000 	C:\Program Files\Android\Android Studio1\jbr\bin\verify.dll
0x00007ffb18120000 - 0x00007ffb18147000 	C:\Users\wilda\native\68d5fa5c4cc2d200863cafc0d521ce42e7d3e7ee720ec0a83991735586a16f82\windows-amd64\native-platform.dll
0x00007ffb09280000 - 0x00007ffb093c4000 	C:\Users\wilda\native\e376f236ea51e6404a007f0833ffe2c6e607c4080706a723a18a27aeea778392\windows-amd64\native-platform-file-events.dll
0x00007ffb39de0000 - 0x00007ffb39de9000 	C:\Program Files\Android\Android Studio1\jbr\bin\management.dll
0x00007ffb39d00000 - 0x00007ffb39d0b000 	C:\Program Files\Android\Android Studio1\jbr\bin\management_ext.dll
0x00007ffb4e430000 - 0x00007ffb4e438000 	C:\WINDOWS\System32\PSAPI.DLL
0x00007ffb4c590000 - 0x00007ffb4c5ac000 	C:\WINDOWS\SYSTEM32\CRYPTSP.dll
0x00007ffb4bde0000 - 0x00007ffb4be15000 	C:\WINDOWS\system32\rsaenh.dll
0x00007ffb4c440000 - 0x00007ffb4c467000 	C:\WINDOWS\SYSTEM32\USERENV.dll
0x00007ffb4c720000 - 0x00007ffb4c748000 	C:\WINDOWS\SYSTEM32\bcrypt.dll
0x00007ffb4c5b0000 - 0x00007ffb4c5bc000 	C:\WINDOWS\SYSTEM32\CRYPTBASE.dll
0x00007ffb4b950000 - 0x00007ffb4b97d000 	C:\WINDOWS\SYSTEM32\IPHLPAPI.DLL
0x00007ffb4ea10000 - 0x00007ffb4ea19000 	C:\WINDOWS\System32\NSI.dll
0x00007ffb45290000 - 0x00007ffb452a9000 	C:\WINDOWS\SYSTEM32\dhcpcsvc6.DLL
0x00007ffb44e60000 - 0x00007ffb44e7f000 	C:\WINDOWS\SYSTEM32\dhcpcsvc.DLL
0x00007ffb4b980000 - 0x00007ffb4ba76000 	C:\WINDOWS\SYSTEM32\DNSAPI.dll
0x00007ffb2d4e0000 - 0x00007ffb2d4e8000 	C:\WINDOWS\system32\wshunix.dll

dbghelp: loaded successfully - version: 4.0.5 - missing functions: none
symbol engine: initialized successfully - sym options: 0x614 - pdb path: .;C:\Program Files\Android\Android Studio1\jbr\bin;C:\WINDOWS\SYSTEM32;C:\WINDOWS\WinSxS\amd64_microsoft.windows.common-controls_6595b64144ccf1df_6.0.22543.1000_none_25f07d7fa9409c95;C:\Program Files\Android\Android Studio1\jbr\bin\server;C:\Users\wilda\native\68d5fa5c4cc2d200863cafc0d521ce42e7d3e7ee720ec0a83991735586a16f82\windows-amd64;C:\Users\wilda\native\e376f236ea51e6404a007f0833ffe2c6e607c4080706a723a18a27aeea778392\windows-amd64

VM Arguments:
jvm_args: --add-opens=java.base/java.util=ALL-UNNAMED --add-opens=java.base/java.lang=ALL-UNNAMED --add-opens=java.base/java.lang.invoke=ALL-UNNAMED --add-opens=java.prefs/java.util.prefs=ALL-UNNAMED --add-opens=java.base/java.nio.charset=ALL-UNNAMED --add-opens=java.base/java.net=ALL-UNNAMED --add-opens=java.base/java.util.concurrent.atomic=ALL-UNNAMED -Xmx4096m -Dfile.encoding=UTF-8 -Duser.country=ID -Duser.language=en -Duser.variant 
java_command: org.gradle.launcher.daemon.bootstrap.GradleDaemon 8.0
java_class_path (initial): C:\Users\wilda\wrapper\dists\gradle-8.0-bin\ca5e32bp14vu59qr306oxotwh\gradle-8.0\lib\gradle-launcher-8.0.jar
Launcher Type: SUN_STANDARD

[Global flags]
     intx CICompilerCount                          = 3                                         {product} {ergonomic}
     uint ConcGCThreads                            = 1                                         {product} {ergonomic}
     uint G1ConcRefinementThreads                  = 4                                         {product} {ergonomic}
   size_t G1HeapRegionSize                         = 2097152                                   {product} {ergonomic}
    uintx GCDrainStackTargetSize                   = 64                                        {product} {ergonomic}
   size_t InitialHeapSize                          = 167772160                                 {product} {ergonomic}
   size_t MarkStackSize                            = 4194304                                   {product} {ergonomic}
   size_t MaxHeapSize                              = 4294967296                                {product} {command line}
   size_t MaxNewSize                               = 2575302656                                {product} {ergonomic}
   size_t MinHeapDeltaBytes                        = 2097152                                   {product} {ergonomic}
   size_t MinHeapSize                              = 8388608                                   {product} {ergonomic}
    uintx NonNMethodCodeHeapSize                   = 5832780                                {pd product} {ergonomic}
    uintx NonProfiledCodeHeapSize                  = 122912730                              {pd product} {ergonomic}
    uintx ProfiledCodeHeapSize                     = 122912730                              {pd product} {ergonomic}
    uintx ReservedCodeCacheSize                    = 251658240                              {pd product} {ergonomic}
     bool SegmentedCodeCache                       = true                                      {product} {ergonomic}
   size_t SoftMaxHeapSize                          = 4294967296                             {manageable} {ergonomic}
     bool UseCompressedClassPointers               = true                           {product lp64_product} {ergonomic}
     bool UseCompressedOops                        = true                           {product lp64_product} {ergonomic}
     bool UseG1GC                                  = true                                      {product} {ergonomic}
     bool UseLargePagesIndividualAllocation        = false                                  {pd product} {ergonomic}

Logging:
Log output configuration:
 #0: stdout all=warning uptime,level,tags
 #1: stderr all=off uptime,level,tags

Environment Variables:
JAVA_HOME=C:\Users\wilda\AppData\Local\jdk-19.0.2
PATH=C:\Program Files (x86)\VMware\VMware Workstation\bin\;C:\Program Files (x86)\Common Files\Oracle\Java\javapath;C:\WINDOWS\system32;C:\WINDOWS;C:\WINDOWS\System32\Wbem;C:\WINDOWS\System32\WindowsPowerShell\v1.0\;C:\WINDOWS\System32\OpenSSH\;C:\ProgramData\chocolatey\bin;C:\Program Files\PuTTY\;C:\Program Files\Git\cmd;C:\Program Files\Docker\Docker\resources\bin;C:\ProgramData\DockerDesktop\version-bin;C:\Program Files\PowerShell\7\;C:\Program Files\nodejs\;C:\Users\wilda\AppData\Local\jdk-19.0.2;C:\Program Files (x86)\NoteBook FanControl\;C:\Users\wilda\AppData\Local\Programs\Python\Python38\;C:\Users\wilda\AppData\Local\Programs\Python\Python310\Scripts\;C:\Users\wilda\AppData\Local\Programs\Python\Python310\;C:\Users\wilda\AppData\Local\Programs\Python\Python39\Scripts\;C:\Users\wilda\AppData\Local\Programs\Python\Python39\;C:\Users\wilda\AppData\Local\Microsoft\WindowsApps;C:\Program Files\heroku\bin;C:\Program Files (x86)\Nmap;C:\Users\wilda\AppData\Local\Programs\Microsoft VS Code\bin;C:\Users\wilda\AppData\Roaming\npm;C:\Program Files\JetBrains\PyCharm 2023.1.3\bin;;C:\Users\wilda\flutter_windows_3.7.12-stable\flutter\bin;C:\tools\dart-sdk\bin;C:\Users\wilda\AppData\Roaming\Pub\Cache\bin;C:\Users\wilda\AppData\Local\Android\Sdk\tools\bin;C:\Users\wilda\AppData\Local\Gradle\gradle-8.0.2\bin;C:\Users\wilda\AppData\Local\jdk-19.0.2\bin;C:\Program Files\Java\jdk1.8.0_271\bin;C:\Users\wilda\dart-sdk\bin;C:\Program Files\JetBrains\PyCharm Community Edition 2023.2.1\bin;;;C:\Program Files\JetBrains\IntelliJ IDEA Community Edition 2023.2.1\bin;
USERNAME=wildanassyidiq142
OS=Windows_NT
PROCESSOR_IDENTIFIER=AMD64 Family 23 Model 24 Stepping 1, AuthenticAMD
TMP=C:\Users\wilda\AppData\Local\Temp
TEMP=C:\Users\wilda\AppData\Local\Temp


JNI global refs:
JNI global refs: 23, weak refs: 0

JNI global refs memory usage: 843, weak refs: 841


---------------  S Y S T E M  ---------------

OS:
 Windows 11 , 64 bit Build 22543 (10.0.22543.1000)
OS uptime: 0 days 16:33 hours
Hyper-V role detected

CPU: total 4 (initial active 4) (4 cores per cpu, 2 threads per core) family 23 model 24 stepping 1 microcode 0x0, cx8, cmov, fxsr, ht, mmx, 3dnowpref, sse, sse2, sse3, ssse3, sse4a, sse4.1, sse4.2, popcnt, lzcnt, tsc, tscinvbit, avx, avx2, aes, clmul, bmi1, bmi2, adx, sha, fma, vzeroupper, clflush, clflushopt, hv

Memory: 4k page, system-wide physical 10177M (844M free)
TotalPageFile size 13177M (AvailPageFile size 9M)
current process WorkingSet (physical memory assigned to process): 469M, peak: 471M
current process commit charge ("private bytes"): 496M, peak: 498M

vm_info: OpenJDK 64-Bit Server VM (17.0.6+0-b2043.56-10027231) for windows-amd64 JRE (17.0.6+0-b2043.56-10027231), built on Apr 28 2023 00:43:19 by "androidbuild" with MS VC++ 16.10 / 16.11 (VS2019)

END.
