#
# There is insufficient memory for the Java Runtime Environment to continue.
# Native memory allocation (mmap) failed to map 4194304 bytes for G1 virtual space
# Possible reasons:
#   The system is out of physical RAM or swap space
#   The process is running with CompressedOops enabled, and the Java Heap may be blocking the growth of the native heap
# Possible solutions:
#   Reduce memory load on the system
#   Increase physical memory or swap space
#   Check if swap backing store is full
#   Decrease Java heap size (-Xmx/-Xms)
#   Decrease number of Java threads
#   Decrease Java thread stack sizes (-Xss)
#   Set larger code cache with -XX:ReservedCodeCacheSize=
#   JVM is running with Zero Based Compressed Oops mode in which the Java heap is
#     placed in the first 32GB address space. The Java Heap base address is the
#     maximum limit for the native heap growth. Please use -XX:HeapBaseMinAddress
#     to set the Java Heap base and to place the Java Heap above 32GB virtual address.
# This output file may be truncated or incomplete.
#
#  Out of Memory Error (os_windows.cpp:3769), pid=9608, tid=13900
#
# JRE version: OpenJDK Runtime Environment (17.0.6) (build 17.0.6+0-b2043.56-10027231)
# Java VM: OpenJDK 64-Bit Server VM (17.0.6+0-b2043.56-10027231, mixed mode, tiered, compressed oops, compressed class ptrs, g1 gc, windows-amd64)
# No core dump will be written. Minidumps are not enabled by default on client versions of Windows
#

---------------  S U M M A R Y ------------

Command Line: --add-opens=java.base/java.util.concurrent.atomic=ALL-UNNAMED --add-opens=java.base/java.util=ALL-UNNAMED --add-opens=java.base/java.lang=ALL-UNNAMED --add-opens=java.base/java.lang.invoke=ALL-UNNAMED --add-opens=java.prefs/java.util.prefs=ALL-UNNAMED --add-opens=java.base/java.nio.charset=ALL-UNNAMED --add-opens=java.base/java.net=ALL-UNNAMED --add-opens=java.base/java.util.concurrent.atomic=ALL-UNNAMED -Xmx4096m -Dfile.encoding=UTF-8 -Duser.country=ID -Duser.language=en -Duser.variant org.gradle.launcher.daemon.bootstrap.GradleDaemon 8.0

Host: AMD Ryzen 3 3250U with Radeon Graphics         , 4 cores, 9G,  Windows 11 , 64 bit Build 22543 (10.0.22543.1000)
Time: Sat Dec 23 20:43:08 2023 SE Asia Standard Time elapsed time: 19.653153 seconds (0d 0h 0m 19s)

---------------  T H R E A D  ---------------

Current thread (0x000001f3b32bb350):  VMThread "VM Thread" [stack: 0x000000450cc00000,0x000000450cd00000] [id=13900]

Stack: [0x000000450cc00000,0x000000450cd00000]
Native frames: (J=compiled Java code, j=interpreted, Vv=VM code, C=native code)
V  [jvm.dll+0x683c9a]
V  [jvm.dll+0x8427a4]
V  [jvm.dll+0x843f9e]
V  [jvm.dll+0x844603]
V  [jvm.dll+0x249b75]
V  [jvm.dll+0x680b69]
V  [jvm.dll+0x67505a]
V  [jvm.dll+0x309acb]
V  [jvm.dll+0x310f86]
V  [jvm.dll+0x3608ee]
V  [jvm.dll+0x360b1f]
V  [jvm.dll+0x2dfbf8]
V  [jvm.dll+0x2e2ce6]
V  [jvm.dll+0x2ed478]
V  [jvm.dll+0x322150]
V  [jvm.dll+0x848ccb]
V  [jvm.dll+0x849a04]
V  [jvm.dll+0x849f1d]
V  [jvm.dll+0x84a2f4]
V  [jvm.dll+0x84a3c0]
V  [jvm.dll+0x7f274a]
V  [jvm.dll+0x682ad5]
C  [ucrtbase.dll+0x293cc]
C  [KERNEL32.DLL+0x11350]
C  [ntdll.dll+0x51dc8]

VM_Operation (0x000000450c8ff560): G1Concurrent, mode: safepoint, requested by thread 0x000001f39515a2a0


---------------  P R O C E S S  ---------------

Threads class SMR info:
_java_thread_list=0x000001f3b6754b60, length=38, elements={
0x000001f3950de930, 0x000001f3b32ce020, 0x000001f3b329d030, 0x000001f3b3c51660,
0x000001f3b3c454a0, 0x000001f3b3c46050, 0x000001f3b3c46b00, 0x000001f3b3c477e0,
0x000001f3b3c4ac30, 0x000001f3b3c4cfb0, 0x000001f3b3de9d40, 0x000001f3b3dea210,
0x000001f3b50dc340, 0x000001f3b66f9820, 0x000001f3b6311840, 0x000001f3b55dd860,
0x000001f3b4238070, 0x000001f3b6303c80, 0x000001f3b6895440, 0x000001f3b4922a70,
0x000001f3b49238e0, 0x000001f3b49255c0, 0x000001f3b4925a90, 0x000001f3b4923410,
0x000001f3b4924c20, 0x000001f3b49225a0, 0x000001f3b4923db0, 0x000001f3b4925f60,
0x000001f3b4924280, 0x000001f3b4924750, 0x000001f3b4445790, 0x000001f3b44422a0,
0x000001f3b4443110, 0x000001f3b4449150, 0x000001f3b44482e0, 0x000001f3b4442770,
0x000001f3b4446ad0, 0x000001f3b63b37e0
}

Java Threads: ( => current thread )
  0x000001f3950de930 JavaThread "main" [_thread_blocked, id=10080, stack(0x000000450c600000,0x000000450c700000)]
  0x000001f3b32ce020 JavaThread "Reference Handler" daemon [_thread_blocked, id=17136, stack(0x000000450cd00000,0x000000450ce00000)]
  0x000001f3b329d030 JavaThread "Finalizer" daemon [_thread_blocked, id=9652, stack(0x000000450ce00000,0x000000450cf00000)]
  0x000001f3b3c51660 JavaThread "Signal Dispatcher" daemon [_thread_blocked, id=16596, stack(0x000000450cf00000,0x000000450d000000)]
  0x000001f3b3c454a0 JavaThread "Attach Listener" daemon [_thread_blocked, id=17368, stack(0x000000450d000000,0x000000450d100000)]
  0x000001f3b3c46050 JavaThread "Service Thread" daemon [_thread_blocked, id=13756, stack(0x000000450d100000,0x000000450d200000)]
  0x000001f3b3c46b00 JavaThread "Monitor Deflation Thread" daemon [_thread_blocked, id=12948, stack(0x000000450d200000,0x000000450d300000)]
  0x000001f3b3c477e0 JavaThread "C2 CompilerThread0" daemon [_thread_blocked, id=3208, stack(0x000000450d300000,0x000000450d400000)]
  0x000001f3b3c4ac30 JavaThread "C1 CompilerThread0" daemon [_thread_blocked, id=4368, stack(0x000000450d400000,0x000000450d500000)]
  0x000001f3b3c4cfb0 JavaThread "Sweeper thread" daemon [_thread_blocked, id=11604, stack(0x000000450d500000,0x000000450d600000)]
  0x000001f3b3de9d40 JavaThread "Common-Cleaner" daemon [_thread_blocked, id=16280, stack(0x000000450d600000,0x000000450d700000)]
  0x000001f3b3dea210 JavaThread "Notification Thread" daemon [_thread_blocked, id=3988, stack(0x000000450d700000,0x000000450d800000)]
  0x000001f3b50dc340 JavaThread "Daemon health stats" [_thread_blocked, id=1532, stack(0x000000450dd00000,0x000000450de00000)]
  0x000001f3b66f9820 JavaThread "Incoming local TCP Connector on port 29889" [_thread_in_native, id=3728, stack(0x000000450db00000,0x000000450dc00000)]
  0x000001f3b6311840 JavaThread "Daemon periodic checks" [_thread_blocked, id=9328, stack(0x000000450de00000,0x000000450df00000)]
  0x000001f3b55dd860 JavaThread "Daemon" [_thread_blocked, id=10008, stack(0x000000450df00000,0x000000450e000000)]
  0x000001f3b4238070 JavaThread "Handler for socket connection from /127.0.0.1:29889 to /127.0.0.1:29890" [_thread_in_native, id=672, stack(0x000000450e000000,0x000000450e100000)]
  0x000001f3b6303c80 JavaThread "Cancel handler" [_thread_blocked, id=16220, stack(0x000000450e100000,0x000000450e200000)]
  0x000001f3b6895440 JavaThread "Daemon worker" [_thread_blocked, id=14236, stack(0x000000450e200000,0x000000450e300000)]
  0x000001f3b4922a70 JavaThread "Asynchronous log dispatcher for DefaultDaemonConnection: socket connection from /127.0.0.1:29889 to /127.0.0.1:29890" [_thread_blocked, id=13268, stack(0x000000450e300000,0x000000450e400000)]
  0x000001f3b49238e0 JavaThread "Stdin handler" [_thread_blocked, id=6108, stack(0x000000450e400000,0x000000450e500000)]
  0x000001f3b49255c0 JavaThread "Daemon client event forwarder" [_thread_blocked, id=4048, stack(0x000000450e500000,0x000000450e600000)]
  0x000001f3b4925a90 JavaThread "Cache worker for journal cache (C:\Users\wilda\caches\journal-1)" [_thread_blocked, id=11864, stack(0x000000450e600000,0x000000450e700000)]
  0x000001f3b4923410 JavaThread "File lock request listener" [_thread_in_native, id=5008, stack(0x000000450e700000,0x000000450e800000)]
  0x000001f3b4924c20 JavaThread "Cache worker for file hash cache (C:\Users\wilda\caches\8.0\fileHashes)" [_thread_blocked, id=4192, stack(0x000000450e800000,0x000000450e900000)]
  0x000001f3b49225a0 JavaThread "File watcher server" daemon [_thread_in_native, id=15684, stack(0x000000450ea00000,0x000000450eb00000)]
  0x000001f3b4923db0 JavaThread "File watcher consumer" daemon [_thread_blocked, id=4628, stack(0x000000450eb00000,0x000000450ec00000)]
  0x000001f3b4925f60 JavaThread "jar transforms" [_thread_blocked, id=9888, stack(0x000000450ec00000,0x000000450ed00000)]
  0x000001f3b4924280 JavaThread "jar transforms Thread 2" [_thread_blocked, id=15152, stack(0x000000450ed00000,0x000000450ee00000)]
  0x000001f3b4924750 JavaThread "jar transforms Thread 3" [_thread_blocked, id=10804, stack(0x000000450ee00000,0x000000450ef00000)]
  0x000001f3b4445790 JavaThread "jar transforms Thread 4" [_thread_blocked, id=10512, stack(0x000000450ef00000,0x000000450f000000)]
  0x000001f3b44422a0 JavaThread "Cache worker for checksums cache (C:\Users\wilda\AndroidStudioProjects\FilmKu\buildSrc\.gradle\8.0\checksums)" [_thread_blocked, id=4108, stack(0x000000450e900000,0x000000450ea00000)]
  0x000001f3b4443110 JavaThread "Cache worker for cache directory md-rule (C:\Users\wilda\caches\8.0\md-rule)" [_thread_blocked, id=16092, stack(0x000000450f000000,0x000000450f100000)]
  0x000001f3b4449150 JavaThread "Cache worker for file content cache (C:\Users\wilda\caches\8.0\fileContent)" [_thread_blocked, id=8164, stack(0x000000450f100000,0x000000450f200000)]
  0x000001f3b44482e0 JavaThread "Cache worker for file hash cache (C:\Users\wilda\AndroidStudioProjects\FilmKu\buildSrc\.gradle\8.0\fileHashes)" [_thread_blocked, id=15944, stack(0x000000450f200000,0x000000450f300000)]
  0x000001f3b4442770 JavaThread "Cache worker for cache directory md-supplier (C:\Users\wilda\caches\8.0\md-supplier)" [_thread_blocked, id=9852, stack(0x000000450f300000,0x000000450f400000)]
  0x000001f3b4446ad0 JavaThread "Cache worker for execution history cache (C:\Users\wilda\caches\8.0\executionHistory)" [_thread_blocked, id=7500, stack(0x000000450f400000,0x000000450f500000)]
  0x000001f3b63b37e0 JavaThread "C2 CompilerThread1" daemon [_thread_blocked, id=4564, stack(0x000000450f500000,0x000000450f600000)]

Other Threads:
=>0x000001f3b32bb350 VMThread "VM Thread" [stack: 0x000000450cc00000,0x000000450cd00000] [id=13900]
  0x000001f3b3dec6f0 WatcherThread [stack: 0x000000450d800000,0x000000450d900000] [id=15624]
  0x000001f395149360 GCTaskThread "GC Thread#0" [stack: 0x000000450c700000,0x000000450c800000] [id=16944]
  0x000001f3b3ed3280 GCTaskThread "GC Thread#1" [stack: 0x000000450d900000,0x000000450da00000] [id=17100]
  0x000001f3b42e20e0 GCTaskThread "GC Thread#2" [stack: 0x000000450da00000,0x000000450db00000] [id=8564]
  0x000001f3b4efdb70 GCTaskThread "GC Thread#3" [stack: 0x000000450dc00000,0x000000450dd00000] [id=15852]
  0x000001f39515a2a0 ConcurrentGCThread "G1 Main Marker" [stack: 0x000000450c800000,0x000000450c900000] [id=10632]
  0x000001f39515acb0 ConcurrentGCThread "G1 Conc#0" [stack: 0x000000450c900000,0x000000450ca00000] [id=14256]
  0x000001f395197660 ConcurrentGCThread "G1 Refine#0" [stack: 0x000000450ca00000,0x000000450cb00000] [id=7976]
  0x000001f3b31120b0 ConcurrentGCThread "G1 Service" [stack: 0x000000450cb00000,0x000000450cc00000] [id=14012]

Threads with active compile tasks:
C2 CompilerThread0    19724 3736       4       java.lang.String::split (327 bytes)

VM state: at safepoint (normal execution)

VM Mutex/Monitor currently owned by a thread:  ([mutex/lock_event])
[0x000001f3950d83e0] Threads_lock - owner thread: 0x000001f3b32bb350
[0x000001f3950d7ed0] Heap_lock - owner thread: 0x000001f39515a2a0

Heap address: 0x0000000700000000, size: 4096 MB, Compressed Oops mode: Zero based, Oop shift amount: 3

CDS archive(s) not mapped
Compressed class space mapped at: 0x0000000800000000-0x0000000840000000, reserved size: 1073741824
Narrow klass base: 0x0000000800000000, Narrow klass shift: 0, Narrow klass range: 0x40000000

GC Precious Log:
 CPUs: 4 total, 4 available
 Memory: 10177M
 Large Page Support: Disabled
 NUMA Support: Disabled
 Compressed Oops: Enabled (Zero based)
 Heap Region Size: 2M
 Heap Min Capacity: 8M
 Heap Initial Capacity: 160M
 Heap Max Capacity: 4G
 Pre-touch: Disabled
 Parallel Workers: 4
 Concurrent Workers: 1
 Concurrent Refinement Workers: 4
 Periodic GC: Disabled

Heap:
 garbage-first heap   total 102400K, used 60024K [0x0000000700000000, 0x0000000800000000)
  region size 2048K, 3 young (6144K), 2 survivors (4096K)
 Metaspace       used 42855K, committed 43264K, reserved 1089536K
  class space    used 5628K, committed 5824K, reserved 1048576K

Heap Regions: E=young(eden), S=young(survivor), O=old, HS=humongous(starts), HC=humongous(continues), CS=collection set, F=free, OA=open archive, CA=closed archive, TAMS=top-at-mark-start (previous, next)
|   0|0x0000000700000000, 0x0000000700200000, 0x0000000700200000|100%| O|  |TAMS 0x0000000700200000, 0x0000000700000000| Untracked 
|   1|0x0000000700200000, 0x0000000700400000, 0x0000000700400000|100%|HS|  |TAMS 0x0000000700400000, 0x0000000700200000| Complete 
|   2|0x0000000700400000, 0x0000000700600000, 0x0000000700600000|100%|HC|  |TAMS 0x0000000700600000, 0x0000000700400000| Complete 
|   3|0x0000000700600000, 0x0000000700800000, 0x0000000700800000|100%|HS|  |TAMS 0x0000000700800000, 0x0000000700600000| Complete 
|   4|0x0000000700800000, 0x0000000700a00000, 0x0000000700a00000|100%| O|  |TAMS 0x0000000700a00000, 0x0000000700800000| Untracked 
|   5|0x0000000700a00000, 0x0000000700c00000, 0x0000000700c00000|100%| O|  |TAMS 0x0000000700c00000, 0x0000000700a00000| Untracked 
|   6|0x0000000700c00000, 0x0000000700e00000, 0x0000000700e00000|100%| O|  |TAMS 0x0000000700e00000, 0x0000000700c00000| Untracked 
|   7|0x0000000700e00000, 0x0000000701000000, 0x0000000701000000|100%| O|  |TAMS 0x0000000701000000, 0x0000000700e00000| Untracked 
|   8|0x0000000701000000, 0x0000000701200000, 0x0000000701200000|100%| O|  |TAMS 0x0000000701200000, 0x0000000701000000| Untracked 
|   9|0x0000000701200000, 0x0000000701400000, 0x0000000701400000|100%| O|  |TAMS 0x0000000701400000, 0x0000000701200000| Untracked 
|  10|0x0000000701400000, 0x0000000701600000, 0x0000000701600000|100%| O|  |TAMS 0x0000000701600000, 0x0000000701400000| Updating 
|  11|0x0000000701600000, 0x0000000701800000, 0x0000000701800000|100%|HS|  |TAMS 0x0000000701800000, 0x0000000701600000| Complete 
|  12|0x0000000701800000, 0x0000000701a00000, 0x0000000701a00000|100%|HC|  |TAMS 0x0000000701a00000, 0x0000000701800000| Complete 
|  13|0x0000000701a00000, 0x0000000701c00000, 0x0000000701c00000|100%|HS|  |TAMS 0x0000000701c00000, 0x0000000701a00000| Complete 
|  14|0x0000000701c00000, 0x0000000701e00000, 0x0000000701e00000|100%|HC|  |TAMS 0x0000000701e00000, 0x0000000701c00000| Complete 
|  15|0x0000000701e00000, 0x0000000702000000, 0x0000000702000000|100%| O|  |TAMS 0x0000000702000000, 0x0000000701e00000| Untracked 
|  16|0x0000000702000000, 0x0000000702200000, 0x0000000702200000|100%| O|  |TAMS 0x0000000702200000, 0x0000000702000000| Untracked 
|  17|0x0000000702200000, 0x0000000702400000, 0x0000000702400000|100%|HS|  |TAMS 0x0000000702400000, 0x0000000702200000| Complete 
|  18|0x0000000702400000, 0x0000000702600000, 0x0000000702600000|100%| O|  |TAMS 0x0000000702600000, 0x0000000702400000| Untracked 
|  19|0x0000000702600000, 0x0000000702800000, 0x0000000702800000|100%| O|  |TAMS 0x0000000702800000, 0x0000000702600000| Updating 
|  20|0x0000000702800000, 0x00000007029ee000, 0x0000000702a00000| 96%| O|  |TAMS 0x00000007029ee000, 0x0000000702800000| Untracked 
|  21|0x0000000702a00000, 0x0000000702c00000, 0x0000000702c00000|100%|HS|  |TAMS 0x0000000702c00000, 0x0000000702a00000| Complete 
|  22|0x0000000702c00000, 0x0000000702e00000, 0x0000000702e00000|100%|HC|  |TAMS 0x0000000702e00000, 0x0000000702c00000| Complete 
|  23|0x0000000702e00000, 0x0000000703000000, 0x0000000703000000|100%|HC|  |TAMS 0x0000000703000000, 0x0000000702e00000| Complete 
|  24|0x0000000703000000, 0x0000000703200000, 0x0000000703200000|100%|HC|  |TAMS 0x0000000703200000, 0x0000000703000000| Complete 
|  25|0x0000000703200000, 0x0000000703400000, 0x0000000703400000|100%|HC|  |TAMS 0x0000000703400000, 0x0000000703200000| Complete 
|  26|0x0000000703400000, 0x0000000703600000, 0x0000000703600000|100%|HC|  |TAMS 0x0000000703600000, 0x0000000703400000| Complete 
|  27|0x0000000703600000, 0x0000000703800000, 0x0000000703800000|100%|HS|  |TAMS 0x0000000703600000, 0x0000000703600000| Complete 
|  28|0x0000000703800000, 0x0000000703800000, 0x0000000703a00000|  0%| F|  |TAMS 0x0000000703800000, 0x0000000703800000| Untracked 
|  29|0x0000000703a00000, 0x0000000703a00000, 0x0000000703c00000|  0%| F|  |TAMS 0x0000000703a00000, 0x0000000703a00000| Untracked 
|  30|0x0000000703c00000, 0x0000000703c00000, 0x0000000703e00000|  0%| F|  |TAMS 0x0000000703c00000, 0x0000000703c00000| Untracked 
|  31|0x0000000703e00000, 0x0000000703e00000, 0x0000000704000000|  0%| F|  |TAMS 0x0000000703e00000, 0x0000000703e00000| Untracked 
|  32|0x0000000704000000, 0x0000000704000000, 0x0000000704200000|  0%| F|  |TAMS 0x0000000704000000, 0x0000000704000000| Untracked 
|  33|0x0000000704200000, 0x0000000704200000, 0x0000000704400000|  0%| F|  |TAMS 0x0000000704200000, 0x0000000704200000| Untracked 
|  34|0x0000000704400000, 0x0000000704400000, 0x0000000704600000|  0%| F|  |TAMS 0x0000000704400000, 0x0000000704400000| Untracked 
|  35|0x0000000704600000, 0x0000000704600000, 0x0000000704800000|  0%| F|  |TAMS 0x0000000704600000, 0x0000000704600000| Untracked 
|  36|0x0000000704800000, 0x0000000704800000, 0x0000000704a00000|  0%| F|  |TAMS 0x0000000704800000, 0x0000000704800000| Untracked 
|  37|0x0000000704a00000, 0x0000000704a00000, 0x0000000704c00000|  0%| F|  |TAMS 0x0000000704a00000, 0x0000000704a00000| Untracked 
|  38|0x0000000704c00000, 0x0000000704c00000, 0x0000000704e00000|  0%| F|  |TAMS 0x0000000704c00000, 0x0000000704c00000| Untracked 
|  39|0x0000000704e00000, 0x0000000704e00000, 0x0000000705000000|  0%| F|  |TAMS 0x0000000704e00000, 0x0000000704e00000| Untracked 
|  40|0x0000000705000000, 0x0000000705000000, 0x0000000705200000|  0%| F|  |TAMS 0x0000000705000000, 0x0000000705000000| Untracked 
|  41|0x0000000705200000, 0x0000000705200000, 0x0000000705400000|  0%| F|  |TAMS 0x0000000705200000, 0x0000000705200000| Untracked 
|  42|0x0000000705400000, 0x0000000705400000, 0x0000000705600000|  0%| F|  |TAMS 0x0000000705400000, 0x0000000705400000| Untracked 
|  43|0x0000000705600000, 0x0000000705600000, 0x0000000705800000|  0%| F|  |TAMS 0x0000000705600000, 0x0000000705600000| Untracked 
|  49|0x0000000706200000, 0x0000000706200000, 0x0000000706400000|  0%| F|  |TAMS 0x0000000706200000, 0x0000000706200000| Untracked 
|  50|0x0000000706400000, 0x0000000706400000, 0x0000000706600000|  0%| F|  |TAMS 0x0000000706400000, 0x0000000706400000| Untracked 
|  51|0x0000000706600000, 0x0000000706600000, 0x0000000706800000|  0%| F|  |TAMS 0x0000000706600000, 0x0000000706600000| Untracked 
|  52|0x0000000706800000, 0x00000007068b0110, 0x0000000706a00000| 34%| S|CS|TAMS 0x0000000706800000, 0x0000000706800000| Complete 
|  53|0x0000000706a00000, 0x0000000706c00000, 0x0000000706c00000|100%| S|CS|TAMS 0x0000000706a00000, 0x0000000706a00000| Complete 
|  79|0x0000000709e00000, 0x0000000709e4e9b0, 0x000000070a000000| 15%| E|  |TAMS 0x0000000709e00000, 0x0000000709e00000| Complete 

Card table byte_map: [0x000001f3a7da0000,0x000001f3a85a0000] _byte_map_base: 0x000001f3a45a0000

Marking Bits (Prev, Next): (CMBitMap*) 0x000001f3951499b0, (CMBitMap*) 0x000001f395149970
 Prev Bits: [0x000001f3acda0000, 0x000001f3b0da0000)
 Next Bits: [0x000001f3a8da0000, 0x000001f3acda0000)

Polling page: 0x000001f393010000

Metaspace:

Usage:
  Non-class:     36.35 MB used.
      Class:      5.50 MB used.
       Both:     41.85 MB used.

Virtual space:
  Non-class space:       40.00 MB reserved,      36.56 MB ( 91%) committed,  5 nodes.
      Class space:        1.00 GB reserved,       5.69 MB ( <1%) committed,  1 nodes.
             Both:        1.04 GB reserved,      42.25 MB (  4%) committed. 

Chunk freelists:
   Non-Class:  3.08 MB
       Class:  2.16 MB
        Both:  5.23 MB

MaxMetaspaceSize: unlimited
CompressedClassSpaceSize: 1.00 GB
Initial GC threshold: 21.00 MB
Current GC threshold: 68.69 MB
CDS: off
MetaspaceReclaimPolicy: balanced
 - commit_granule_bytes: 65536.
 - commit_granule_words: 8192.
 - virtual_space_node_default_size: 1048576.
 - enlarge_chunks_in_place: 1.
 - new_chunks_are_fully_committed: 0.
 - uncommit_free_chunks: 1.
 - use_allocation_guard: 0.
 - handle_deallocations: 1.


Internal statistics:

num_allocs_failed_limit: 3.
num_arena_births: 394.
num_arena_deaths: 0.
num_vsnodes_births: 6.
num_vsnodes_deaths: 0.
num_space_committed: 676.
num_space_uncommitted: 0.
num_chunks_returned_to_freelist: 3.
num_chunks_taken_from_freelist: 1640.
num_chunk_merges: 3.
num_chunk_splits: 1065.
num_chunks_enlarged: 733.
num_purges: 0.
num_inconsistent_stats: 0.

CodeHeap 'non-profiled nmethods': size=120000Kb used=2215Kb max_used=2215Kb free=117784Kb
 bounds [0x000001f3a0070000, 0x000001f3a02e0000, 0x000001f3a75a0000]
CodeHeap 'profiled nmethods': size=120000Kb used=7958Kb max_used=7958Kb free=112041Kb
 bounds [0x000001f3985a0000, 0x000001f398d70000, 0x000001f39fad0000]
CodeHeap 'non-nmethods': size=5760Kb used=2286Kb max_used=2286Kb free=3473Kb
 bounds [0x000001f39fad0000, 0x000001f39fd40000, 0x000001f3a0070000]
 total_blobs=4644 nmethods=3853 adapters=703
 compilation: enabled
              stopped_count=0, restarted_count=0
 full_count=0

Compilation events (20 events):
Event: 19.526 Thread 0x000001f3b63b37e0 nmethod 3834 0x000001f3a0298290 code [0x000001f3a0298400, 0x000001f3a0298638]
Event: 19.526 Thread 0x000001f3b63b37e0 3839       4       java.lang.reflect.Modifier::isStatic (13 bytes)
Event: 19.526 Thread 0x000001f3b3c4ac30 nmethod 3865 0x000001f398d61190 code [0x000001f398d61600, 0x000001f398d641f8]
Event: 19.527 Thread 0x000001f3b3c4ac30 3866       3       groovy.lang.MetaClassImpl::getPropName (19 bytes)
Event: 19.527 Thread 0x000001f3b63b37e0 nmethod 3839 0x000001f3a0298690 code [0x000001f3a0298800, 0x000001f3a0298858]
Event: 19.527 Thread 0x000001f3b63b37e0 3820       4       java.util.LinkedHashMap$LinkedValueIterator::next (8 bytes)
Event: 19.528 Thread 0x000001f3b3c4ac30 nmethod 3866 0x000001f398d64c10 code [0x000001f398d64e20, 0x000001f398d65518]
Event: 19.528 Thread 0x000001f3b3c4ac30 3867       3       groovy.lang.MetaClassImpl$$Lambda$458/0x0000000800557b68::<init> (10 bytes)
Event: 19.528 Thread 0x000001f3b3c4ac30 nmethod 3867 0x000001f398d65790 code [0x000001f398d65920, 0x000001f398d65ad8]
Event: 19.528 Thread 0x000001f3b3c4ac30 3861       1       groovy.lang.MetaProperty::getType (5 bytes)
Event: 19.528 Thread 0x000001f3b3c4ac30 nmethod 3861 0x000001f3a0298990 code [0x000001f3a0298b20, 0x000001f3a0298bf8]
Event: 19.528 Thread 0x000001f3b3c4ac30 3862       1       groovy.lang.MetaBeanProperty::getGetter (5 bytes)
Event: 19.528 Thread 0x000001f3b3c4ac30 nmethod 3862 0x000001f3a0298c90 code [0x000001f3a0298e20, 0x000001f3a0298ef8]
Event: 19.528 Thread 0x000001f3b3c4ac30 3863       1       groovy.lang.MetaBeanProperty::getField (5 bytes)
Event: 19.529 Thread 0x000001f3b3c4ac30 nmethod 3863 0x000001f3a0298f90 code [0x000001f3a0299120, 0x000001f3a02991f8]
Event: 19.529 Thread 0x000001f3b3c4ac30 3868       1       groovy.lang.MetaBeanProperty::setGetter (6 bytes)
Event: 19.529 Thread 0x000001f3b3c4ac30 nmethod 3868 0x000001f3a0299290 code [0x000001f3a0299420, 0x000001f3a0299538]
Event: 19.535 Thread 0x000001f3b63b37e0 nmethod 3820 0x000001f3a0299590 code [0x000001f3a0299700, 0x000001f3a0299998]
Event: 19.535 Thread 0x000001f3b63b37e0 3848       4       java.lang.reflect.Method::getParameterCount (6 bytes)
Event: 19.537 Thread 0x000001f3b63b37e0 nmethod 3848 0x000001f3a0299a90 code [0x000001f3a0299c00, 0x000001f3a0299c98]

GC Heap History (20 events):
Event: 10.551 GC heap before
{Heap before GC invocations=6 (full 0):
 garbage-first heap   total 69632K, used 22280K [0x0000000700000000, 0x0000000800000000)
  region size 2048K, 3 young (6144K), 2 survivors (4096K)
 Metaspace       used 26223K, committed 26560K, reserved 1073152K
  class space    used 3431K, committed 3584K, reserved 1048576K
}
Event: 10.559 GC heap after
{Heap after GC invocations=7 (full 0):
 garbage-first heap   total 69632K, used 20422K [0x0000000700000000, 0x0000000800000000)
  region size 2048K, 1 young (2048K), 1 survivors (2048K)
 Metaspace       used 26223K, committed 26560K, reserved 1073152K
  class space    used 3431K, committed 3584K, reserved 1048576K
}
Event: 12.605 GC heap before
{Heap before GC invocations=7 (full 0):
 garbage-first heap   total 69632K, used 51142K [0x0000000700000000, 0x0000000800000000)
  region size 2048K, 13 young (26624K), 1 survivors (2048K)
 Metaspace       used 29356K, committed 29760K, reserved 1081344K
  class space    used 3981K, committed 4160K, reserved 1048576K
}
Event: 12.613 GC heap after
{Heap after GC invocations=8 (full 0):
 garbage-first heap   total 83968K, used 34816K [0x0000000700000000, 0x0000000800000000)
  region size 2048K, 2 young (4096K), 2 survivors (4096K)
 Metaspace       used 29356K, committed 29760K, reserved 1081344K
  class space    used 3981K, committed 4160K, reserved 1048576K
}
Event: 12.709 GC heap before
{Heap before GC invocations=8 (full 0):
 garbage-first heap   total 83968K, used 47104K [0x0000000700000000, 0x0000000800000000)
  region size 2048K, 3 young (6144K), 2 survivors (4096K)
 Metaspace       used 29362K, committed 29760K, reserved 1081344K
  class space    used 3981K, committed 4160K, reserved 1048576K
}
Event: 12.718 GC heap after
{Heap after GC invocations=9 (full 0):
 garbage-first heap   total 83968K, used 46995K [0x0000000700000000, 0x0000000800000000)
  region size 2048K, 1 young (2048K), 1 survivors (2048K)
 Metaspace       used 29362K, committed 29760K, reserved 1081344K
  class space    used 3981K, committed 4160K, reserved 1048576K
}
Event: 14.375 GC heap before
{Heap before GC invocations=10 (full 0):
 garbage-first heap   total 90112K, used 63379K [0x0000000700000000, 0x0000000800000000)
  region size 2048K, 9 young (18432K), 1 survivors (2048K)
 Metaspace       used 31451K, committed 31808K, reserved 1081344K
  class space    used 4314K, committed 4480K, reserved 1048576K
}
Event: 14.381 GC heap after
{Heap after GC invocations=11 (full 0):
 garbage-first heap   total 90112K, used 50990K [0x0000000700000000, 0x0000000800000000)
  region size 2048K, 1 young (2048K), 1 survivors (2048K)
 Metaspace       used 31451K, committed 31808K, reserved 1081344K
  class space    used 4314K, committed 4480K, reserved 1048576K
}
Event: 14.636 GC heap before
{Heap before GC invocations=11 (full 0):
 garbage-first heap   total 90112K, used 53038K [0x0000000700000000, 0x0000000800000000)
  region size 2048K, 2 young (4096K), 1 survivors (2048K)
 Metaspace       used 31690K, committed 32064K, reserved 1081344K
  class space    used 4356K, committed 4544K, reserved 1048576K
}
Event: 14.641 GC heap after
{Heap after GC invocations=12 (full 0):
 garbage-first heap   total 90112K, used 50148K [0x0000000700000000, 0x0000000800000000)
  region size 2048K, 1 young (2048K), 1 survivors (2048K)
 Metaspace       used 31690K, committed 32064K, reserved 1081344K
  class space    used 4356K, committed 4544K, reserved 1048576K
}
Event: 16.142 GC heap before
{Heap before GC invocations=12 (full 0):
 garbage-first heap   total 90112K, used 66532K [0x0000000700000000, 0x0000000800000000)
  region size 2048K, 9 young (18432K), 1 survivors (2048K)
 Metaspace       used 34035K, committed 34496K, reserved 1081344K
  class space    used 4727K, committed 4928K, reserved 1048576K
}
Event: 16.145 GC heap after
{Heap after GC invocations=13 (full 0):
 garbage-first heap   total 90112K, used 50885K [0x0000000700000000, 0x0000000800000000)
  region size 2048K, 1 young (2048K), 1 survivors (2048K)
 Metaspace       used 34035K, committed 34496K, reserved 1081344K
  class space    used 4727K, committed 4928K, reserved 1048576K
}
Event: 18.072 GC heap before
{Heap before GC invocations=14 (full 0):
 garbage-first heap   total 92160K, used 69317K [0x0000000700000000, 0x0000000800000000)
  region size 2048K, 10 young (20480K), 1 survivors (2048K)
 Metaspace       used 38235K, committed 38656K, reserved 1089536K
  class space    used 5195K, committed 5376K, reserved 1048576K
}
Event: 18.079 GC heap after
{Heap after GC invocations=15 (full 0):
 garbage-first heap   total 92160K, used 52723K [0x0000000700000000, 0x0000000800000000)
  region size 2048K, 2 young (4096K), 2 survivors (4096K)
 Metaspace       used 38235K, committed 38656K, reserved 1089536K
  class space    used 5195K, committed 5376K, reserved 1048576K
}
Event: 18.987 GC heap before
{Heap before GC invocations=15 (full 0):
 garbage-first heap   total 92160K, used 71155K [0x0000000700000000, 0x0000000800000000)
  region size 2048K, 11 young (22528K), 2 survivors (4096K)
 Metaspace       used 41785K, committed 42176K, reserved 1089536K
  class space    used 5582K, committed 5760K, reserved 1048576K
}
Event: 18.998 GC heap after
{Heap after GC invocations=16 (full 0):
 garbage-first heap   total 92160K, used 55768K [0x0000000700000000, 0x0000000800000000)
  region size 2048K, 2 young (4096K), 2 survivors (4096K)
 Metaspace       used 41785K, committed 42176K, reserved 1089536K
  class space    used 5582K, committed 5760K, reserved 1048576K
}
Event: 19.511 GC heap before
{Heap before GC invocations=17 (full 0):
 garbage-first heap   total 102400K, used 70104K [0x0000000700000000, 0x0000000800000000)
  region size 2048K, 10 young (20480K), 2 survivors (4096K)
 Metaspace       used 42217K, committed 42624K, reserved 1089536K
  class space    used 5628K, committed 5824K, reserved 1048576K
}
Event: 19.525 GC heap after
{Heap after GC invocations=18 (full 0):
 garbage-first heap   total 102400K, used 57446K [0x0000000700000000, 0x0000000800000000)
  region size 2048K, 2 young (4096K), 2 survivors (4096K)
 Metaspace       used 42217K, committed 42624K, reserved 1089536K
  class space    used 5628K, committed 5824K, reserved 1048576K
}
Event: 19.529 GC heap before
{Heap before GC invocations=18 (full 0):
 garbage-first heap   total 102400K, used 57446K [0x0000000700000000, 0x0000000800000000)
  region size 2048K, 3 young (6144K), 2 survivors (4096K)
 Metaspace       used 42218K, committed 42624K, reserved 1089536K
  class space    used 5628K, committed 5824K, reserved 1048576K
}
Event: 19.534 GC heap after
{Heap after GC invocations=19 (full 0):
 garbage-first heap   total 102400K, used 57976K [0x0000000700000000, 0x0000000800000000)
  region size 2048K, 2 young (4096K), 2 survivors (4096K)
 Metaspace       used 42218K, committed 42624K, reserved 1089536K
  class space    used 5628K, committed 5824K, reserved 1048576K
}

Dll operation events (2 events):
Event: 0.024 Loaded shared library C:\Program Files\Android\Android Studio1\jbr\bin\java.dll
Event: 1.285 Loaded shared library C:\Program Files\Android\Android Studio1\jbr\bin\verify.dll

Deoptimization events (20 events):
Event: 19.283 Thread 0x000001f3b6895440 Uncommon trap: trap_request=0xffffffde fr.pc=0x000001f3a0288854 relative=0x0000000000000474
Event: 19.283 Thread 0x000001f3b6895440 Uncommon trap: reason=class_check action=maybe_recompile pc=0x000001f3a0288854 method=java.util.regex.Pattern$Start.match(Ljava/util/regex/Matcher;ILjava/lang/CharSequence;)Z @ 44 c2
Event: 19.283 Thread 0x000001f3b6895440 DEOPT PACKING pc=0x000001f3a0288854 sp=0x000000450e2f8090
Event: 19.283 Thread 0x000001f3b6895440 DEOPT UNPACKING pc=0x000001f39fb269a3 sp=0x000000450e2f7f58 mode 2
Event: 19.408 Thread 0x000001f3b6895440 Uncommon trap: trap_request=0xffffffbe fr.pc=0x000001f3a0293f00 relative=0x00000000000007c0
Event: 19.408 Thread 0x000001f3b6895440 Uncommon trap: reason=profile_predicate action=maybe_recompile pc=0x000001f3a0293f00 method=java.lang.PublicMethods$MethodList.filter([Ljava/lang/reflect/Method;Ljava/lang/String;[Ljava/lang/Class;Z)Ljava/lang/PublicMethods$MethodList; @ 21 c2
Event: 19.408 Thread 0x000001f3b6895440 DEOPT PACKING pc=0x000001f3a0293f00 sp=0x000000450e2f8750
Event: 19.408 Thread 0x000001f3b6895440 DEOPT UNPACKING pc=0x000001f39fb269a3 sp=0x000000450e2f8708 mode 2
Event: 19.408 Thread 0x000001f3b6895440 Uncommon trap: trap_request=0xffffffbe fr.pc=0x000001f3a0293f00 relative=0x00000000000007c0
Event: 19.408 Thread 0x000001f3b6895440 Uncommon trap: reason=profile_predicate action=maybe_recompile pc=0x000001f3a0293f00 method=java.lang.PublicMethods$MethodList.filter([Ljava/lang/reflect/Method;Ljava/lang/String;[Ljava/lang/Class;Z)Ljava/lang/PublicMethods$MethodList; @ 21 c2
Event: 19.408 Thread 0x000001f3b6895440 DEOPT PACKING pc=0x000001f3a0293f00 sp=0x000000450e2f8750
Event: 19.408 Thread 0x000001f3b6895440 DEOPT UNPACKING pc=0x000001f39fb269a3 sp=0x000000450e2f8708 mode 2
Event: 19.408 Thread 0x000001f3b6895440 Uncommon trap: trap_request=0xffffffbe fr.pc=0x000001f3a0293f00 relative=0x00000000000007c0
Event: 19.408 Thread 0x000001f3b6895440 Uncommon trap: reason=profile_predicate action=maybe_recompile pc=0x000001f3a0293f00 method=java.lang.PublicMethods$MethodList.filter([Ljava/lang/reflect/Method;Ljava/lang/String;[Ljava/lang/Class;Z)Ljava/lang/PublicMethods$MethodList; @ 21 c2
Event: 19.409 Thread 0x000001f3b6895440 DEOPT PACKING pc=0x000001f3a0293f00 sp=0x000000450e2f8750
Event: 19.409 Thread 0x000001f3b6895440 DEOPT UNPACKING pc=0x000001f39fb269a3 sp=0x000000450e2f8708 mode 2
Event: 19.409 Thread 0x000001f3b6895440 Uncommon trap: trap_request=0xffffffbe fr.pc=0x000001f3a0293f00 relative=0x00000000000007c0
Event: 19.409 Thread 0x000001f3b6895440 Uncommon trap: reason=profile_predicate action=maybe_recompile pc=0x000001f3a0293f00 method=java.lang.PublicMethods$MethodList.filter([Ljava/lang/reflect/Method;Ljava/lang/String;[Ljava/lang/Class;Z)Ljava/lang/PublicMethods$MethodList; @ 21 c2
Event: 19.409 Thread 0x000001f3b6895440 DEOPT PACKING pc=0x000001f3a0293f00 sp=0x000000450e2f8750
Event: 19.409 Thread 0x000001f3b6895440 DEOPT UNPACKING pc=0x000001f39fb269a3 sp=0x000000450e2f8708 mode 2

Classes unloaded (0 events):
No events

Classes redefined (0 events):
No events

Internal exceptions (20 events):
Event: 19.225 Thread 0x000001f3b6895440 Exception <a 'java/lang/ClassNotFoundException'{0x00000007065c5180}: ijmapper_94eclu8mz924an8ss0szak4z1BeanInfo> (0x00000007065c5180) 
thrown [s\src\hotspot\share\classfile\systemDictionary.cpp, line 256]
Event: 19.226 Thread 0x000001f3b6895440 Exception <a 'java/lang/ClassNotFoundException'{0x00000007065cf6b0}: org/gradle/initialization/InitScriptBeanInfo> (0x00000007065cf6b0) 
thrown [s\src\hotspot\share\classfile\systemDictionary.cpp, line 256]
Event: 19.227 Thread 0x000001f3b6895440 Exception <a 'java/lang/ClassNotFoundException'{0x00000007065d9c60}: org/gradle/groovy/scripts/DefaultScriptBeanInfo> (0x00000007065d9c60) 
thrown [s\src\hotspot\share\classfile\systemDictionary.cpp, line 256]
Event: 19.228 Thread 0x000001f3b6895440 Exception <a 'java/lang/ClassNotFoundException'{0x00000007065e44c8}: org/gradle/groovy/scripts/BasicScriptBeanInfo> (0x00000007065e44c8) 
thrown [s\src\hotspot\share\classfile\systemDictionary.cpp, line 256]
Event: 19.229 Thread 0x000001f3b6895440 Exception <a 'java/lang/ClassNotFoundException'{0x00000007065ee9c8}: org/gradle/groovy/scripts/ScriptBeanInfo> (0x00000007065ee9c8) 
thrown [s\src\hotspot\share\classfile\systemDictionary.cpp, line 256]
Event: 19.230 Thread 0x000001f3b6895440 Exception <a 'java/lang/ClassNotFoundException'{0x0000000706206d88}: groovy/lang/ScriptBeanInfo> (0x0000000706206d88) 
thrown [s\src\hotspot\share\classfile\systemDictionary.cpp, line 256]
Event: 19.233 Thread 0x000001f3b6895440 Exception <a 'java/lang/ClassNotFoundException'{0x000000070621e6f0}: groovy/lang/ScriptCustomizer> (0x000000070621e6f0) 
thrown [s\src\hotspot\share\classfile\systemDictionary.cpp, line 256]
Event: 19.236 Thread 0x000001f3b6895440 Exception <a 'java/lang/ClassNotFoundException'{0x0000000706230928}: org/gradle/groovy/scripts/ScriptCustomizer> (0x0000000706230928) 
thrown [s\src\hotspot\share\classfile\systemDictionary.cpp, line 256]
Event: 19.238 Thread 0x000001f3b6895440 Exception <a 'java/lang/ClassNotFoundException'{0x0000000706241b68}: org/gradle/groovy/scripts/BasicScriptCustomizer> (0x0000000706241b68) 
thrown [s\src\hotspot\share\classfile\systemDictionary.cpp, line 256]
Event: 19.241 Thread 0x000001f3b6895440 Exception <a 'java/lang/ClassNotFoundException'{0x0000000706258c50}: org/gradle/groovy/scripts/DefaultScriptCustomizer> (0x0000000706258c50) 
thrown [s\src\hotspot\share\classfile\systemDictionary.cpp, line 256]
Event: 19.286 Thread 0x000001f3b6895440 Exception <a 'java/lang/ClassNotFoundException'{0x0000000706280d50}: org/gradle/initialization/InitScriptCustomizer> (0x0000000706280d50) 
thrown [s\src\hotspot\share\classfile\systemDictionary.cpp, line 256]
Event: 19.288 Thread 0x000001f3b6895440 Exception <a 'java/lang/ClassNotFoundException'{0x000000070628faf0}: ijmapper_94eclu8mz924an8ss0szak4z1Customizer> (0x000000070628faf0) 
thrown [s\src\hotspot\share\classfile\systemDictionary.cpp, line 256]
Event: 19.333 Thread 0x000001f3b6895440 Exception <a 'java/lang/ClassNotFoundException'{0x0000000706332af0}: org/gradle/internal/extensibility/DefaultExtraPropertiesExtensionBeanInfo> (0x0000000706332af0) 
thrown [s\src\hotspot\share\classfile\systemDictionary.cpp, line 256]
Event: 19.334 Thread 0x000001f3b6895440 Exception <a 'java/lang/ClassNotFoundException'{0x000000070633d6d0}: org/gradle/internal/extensibility/DefaultExtraPropertiesExtensionCustomizer> (0x000000070633d6d0) 
thrown [s\src\hotspot\share\classfile\systemDictionary.cpp, line 256]
Event: 19.419 Thread 0x000001f3b6895440 Exception <a 'java/lang/ClassNotFoundException'{0x00000007056cfaf0}: org/gradle/invocation/DefaultGradle_DecoratedBeanInfo> (0x00000007056cfaf0) 
thrown [s\src\hotspot\share\classfile\systemDictionary.cpp, line 256]
Event: 19.421 Thread 0x000001f3b6895440 Exception <a 'java/lang/ClassNotFoundException'{0x00000007056df9e8}: org/gradle/invocation/DefaultGradleBeanInfo> (0x00000007056df9e8) 
thrown [s\src\hotspot\share\classfile\systemDictionary.cpp, line 256]
Event: 19.424 Thread 0x000001f3b6895440 Exception <a 'java/lang/ClassNotFoundException'{0x00000007056eff78}: org/gradle/api/internal/project/AbstractPluginAwareBeanInfo> (0x00000007056eff78) 
thrown [s\src\hotspot\share\classfile\systemDictionary.cpp, line 256]
Event: 19.426 Thread 0x000001f3b6895440 Exception <a 'java/lang/ClassNotFoundException'{0x00000007057001a0}: org/gradle/api/internal/project/AbstractPluginAwareCustomizer> (0x00000007057001a0) 
thrown [s\src\hotspot\share\classfile\systemDictionary.cpp, line 256]
Event: 19.430 Thread 0x000001f3b6895440 Exception <a 'java/lang/ClassNotFoundException'{0x0000000705715ce0}: org/gradle/invocation/DefaultGradleCustomizer> (0x0000000705715ce0) 
thrown [s\src\hotspot\share\classfile\systemDictionary.cpp, line 256]
Event: 19.437 Thread 0x000001f3b6895440 Exception <a 'java/lang/ClassNotFoundException'{0x00000007057565f8}: org/gradle/invocation/DefaultGradle_DecoratedCustomizer> (0x00000007057565f8) 
thrown [s\src\hotspot\share\classfile\systemDictionary.cpp, line 256]

VM Operations (20 events):
Event: 18.576 Executing VM operation: HandshakeAllThreads done
Event: 18.582 Executing VM operation: HandshakeAllThreads
Event: 18.582 Executing VM operation: HandshakeAllThreads done
Event: 18.593 Executing VM operation: HandshakeAllThreads
Event: 18.594 Executing VM operation: HandshakeAllThreads done
Event: 18.613 Executing VM operation: HandshakeAllThreads
Event: 18.614 Executing VM operation: HandshakeAllThreads done
Event: 18.796 Executing VM operation: HandshakeAllThreads
Event: 18.797 Executing VM operation: HandshakeAllThreads done
Event: 18.987 Executing VM operation: G1CollectForAllocation
Event: 18.999 Executing VM operation: G1CollectForAllocation done
Event: 19.061 Executing VM operation: G1Concurrent
Event: 19.067 Executing VM operation: G1Concurrent done
Event: 19.088 Executing VM operation: G1Concurrent
Event: 19.089 Executing VM operation: G1Concurrent done
Event: 19.511 Executing VM operation: G1CollectForAllocation
Event: 19.525 Executing VM operation: G1CollectForAllocation done
Event: 19.529 Executing VM operation: G1TryInitiateConcMark
Event: 19.535 Executing VM operation: G1TryInitiateConcMark done
Event: 19.615 Executing VM operation: G1Concurrent

Events (20 events):
Event: 18.795 loading class jdk/internal/jimage/ImageReader$SharedImageReader$LocationVisitor
Event: 18.795 loading class jdk/internal/jimage/ImageReader$SharedImageReader$LocationVisitor done
Event: 18.796 loading class java/nio/ByteBufferAsIntBufferL
Event: 18.796 loading class java/nio/ByteBufferAsIntBufferL done
Event: 18.797 loading class jdk/internal/jrtfs/JrtFileAttributes
Event: 18.797 loading class jdk/internal/jrtfs/JrtFileAttributes done
Event: 18.797 loading class jdk/internal/jrtfs/JrtDirectoryStream
Event: 18.798 loading class jdk/internal/jrtfs/JrtDirectoryStream done
Event: 18.799 loading class jdk/internal/jrtfs/JrtDirectoryStream$1
Event: 18.799 loading class jdk/internal/jrtfs/JrtDirectoryStream$1 done
Event: 18.800 loading class java/util/function/BooleanSupplier
Event: 18.800 loading class java/util/function/BooleanSupplier done
Event: 18.801 loading class jdk/internal/jimage/ImageReader$Resource
Event: 18.801 loading class jdk/internal/jimage/ImageReader$Resource done
Event: 19.144 loading class java/util/WeakHashMap$KeyIterator
Event: 19.145 loading class java/util/WeakHashMap$HashIterator
Event: 19.145 loading class java/util/WeakHashMap$HashIterator done
Event: 19.145 loading class java/util/WeakHashMap$KeyIterator done
Event: 19.505 loading class jdk/internal/reflect/UnsafeObjectFieldAccessorImpl
Event: 19.506 loading class jdk/internal/reflect/UnsafeObjectFieldAccessorImpl done


Dynamic libraries:
0x00007ff76dfe0000 - 0x00007ff76dfea000 	C:\Program Files\Android\Android Studio1\jbr\bin\java.exe
0x00007ffb4f9c0000 - 0x00007ffb4fbcf000 	C:\WINDOWS\SYSTEM32\ntdll.dll
0x00007ffb4f140000 - 0x00007ffb4f1fd000 	C:\WINDOWS\System32\KERNEL32.DLL
0x00007ffb4cfd0000 - 0x00007ffb4d364000 	C:\WINDOWS\System32\KERNELBASE.dll
0x00007ffb4ce40000 - 0x00007ffb4cf51000 	C:\WINDOWS\System32\ucrtbase.dll
0x00007ffafa7a0000 - 0x00007ffafa7b7000 	C:\Program Files\Android\Android Studio1\jbr\bin\jli.dll
0x00007ffb4f650000 - 0x00007ffb4f7fa000 	C:\WINDOWS\System32\USER32.dll
0x00007ffb4d670000 - 0x00007ffb4d696000 	C:\WINDOWS\System32\win32u.dll
0x00007ffb4e900000 - 0x00007ffb4e929000 	C:\WINDOWS\System32\GDI32.dll
0x00007ffb4d3f0000 - 0x00007ffb4d507000 	C:\WINDOWS\System32\gdi32full.dll
0x00007ffb4d510000 - 0x00007ffb4d5aa000 	C:\WINDOWS\System32\msvcp_win.dll
0x00007ffb48380000 - 0x00007ffb4839b000 	C:\Program Files\Android\Android Studio1\jbr\bin\VCRUNTIME140.dll
0x00007ffb35a60000 - 0x00007ffb35d01000 	C:\WINDOWS\WinSxS\amd64_microsoft.windows.common-controls_6595b64144ccf1df_6.0.22543.1000_none_25f07d7fa9409c95\COMCTL32.dll
0x00007ffb4f8d0000 - 0x00007ffb4f974000 	C:\WINDOWS\System32\msvcrt.dll
0x00007ffb4f890000 - 0x00007ffb4f8c1000 	C:\WINDOWS\System32\IMM32.DLL
0x00007ffb49850000 - 0x00007ffb4985c000 	C:\Program Files\Android\Android Studio1\jbr\bin\vcruntime140_1.dll
0x00007ffb1cd80000 - 0x00007ffb1ce0d000 	C:\Program Files\Android\Android Studio1\jbr\bin\msvcp140.dll
0x00007ffb0d040000 - 0x00007ffb0dcae000 	C:\Program Files\Android\Android Studio1\jbr\bin\server\jvm.dll
0x00007ffb4f260000 - 0x00007ffb4f30e000 	C:\WINDOWS\System32\ADVAPI32.dll
0x00007ffb4e5e0000 - 0x00007ffb4e685000 	C:\WINDOWS\System32\sechost.dll
0x00007ffb4f510000 - 0x00007ffb4f62f000 	C:\WINDOWS\System32\RPCRT4.dll
0x00007ffb2d130000 - 0x00007ffb2d139000 	C:\WINDOWS\SYSTEM32\WSOCK32.dll
0x00007ffb45220000 - 0x00007ffb45254000 	C:\WINDOWS\SYSTEM32\WINMM.dll
0x00007ffb45210000 - 0x00007ffb4521a000 	C:\WINDOWS\SYSTEM32\VERSION.dll
0x00007ffb4f490000 - 0x00007ffb4f501000 	C:\WINDOWS\System32\WS2_32.dll
0x00007ffb4be80000 - 0x00007ffb4be97000 	C:\WINDOWS\SYSTEM32\kernel.appcore.dll
0x00007ffb3c7a0000 - 0x00007ffb3c7aa000 	C:\Program Files\Android\Android Studio1\jbr\bin\jimage.dll
0x00007ffb4a960000 - 0x00007ffb4ab84000 	C:\WINDOWS\SYSTEM32\DBGHELP.DLL
0x00007ffb4d8f0000 - 0x00007ffb4dc61000 	C:\WINDOWS\System32\combase.dll
0x00007ffb4e930000 - 0x00007ffb4ea07000 	C:\WINDOWS\System32\OLEAUT32.dll
0x00007ffb35d70000 - 0x00007ffb35da1000 	C:\WINDOWS\SYSTEM32\dbgcore.DLL
0x00007ffb4d370000 - 0x00007ffb4d3eb000 	C:\WINDOWS\System32\bcryptPrimitives.dll
0x00007ffb0d010000 - 0x00007ffb0d035000 	C:\Program Files\Android\Android Studio1\jbr\bin\java.dll
0x00007ffb0cff0000 - 0x00007ffb0d008000 	C:\Program Files\Android\Android Studio1\jbr\bin\zip.dll
0x00007ffb4dc70000 - 0x00007ffb4e42d000 	C:\WINDOWS\System32\SHELL32.dll
0x00007ffb4aea0000 - 0x00007ffb4b6f9000 	C:\WINDOWS\SYSTEM32\windows.storage.dll
0x00007ffb4ad60000 - 0x00007ffb4ae9c000 	C:\WINDOWS\SYSTEM32\wintypes.dll
0x00007ffb4f310000 - 0x00007ffb4f401000 	C:\WINDOWS\System32\SHCORE.dll
0x00007ffb4ea20000 - 0x00007ffb4ea7b000 	C:\WINDOWS\System32\shlwapi.dll
0x00007ffb4cd70000 - 0x00007ffb4cd91000 	C:\WINDOWS\SYSTEM32\profapi.dll
0x00007ffb0cfd0000 - 0x00007ffb0cfe9000 	C:\Program Files\Android\Android Studio1\jbr\bin\net.dll
0x00007ffb44bf0000 - 0x00007ffb44d01000 	C:\WINDOWS\SYSTEM32\WINHTTP.dll
0x00007ffb4c340000 - 0x00007ffb4c3a9000 	C:\WINDOWS\system32\mswsock.dll
0x00007ffb0cfb0000 - 0x00007ffb0cfc6000 	C:\Program Files\Android\Android Studio1\jbr\bin\nio.dll
0x00007ffb3a0f0000 - 0x00007ffb3a100000 	C:\Program Files\Android\Android Studio1\jbr\bin\verify.dll
0x00007ffb18120000 - 0x00007ffb18147000 	C:\Users\wilda\native\68d5fa5c4cc2d200863cafc0d521ce42e7d3e7ee720ec0a83991735586a16f82\windows-amd64\native-platform.dll
0x00007ffb18710000 - 0x00007ffb18854000 	C:\Users\wilda\native\e376f236ea51e6404a007f0833ffe2c6e607c4080706a723a18a27aeea778392\windows-amd64\native-platform-file-events.dll
0x00007ffb39de0000 - 0x00007ffb39de9000 	C:\Program Files\Android\Android Studio1\jbr\bin\management.dll
0x00007ffb39d00000 - 0x00007ffb39d0b000 	C:\Program Files\Android\Android Studio1\jbr\bin\management_ext.dll
0x00007ffb4e430000 - 0x00007ffb4e438000 	C:\WINDOWS\System32\PSAPI.DLL
0x00007ffb4c590000 - 0x00007ffb4c5ac000 	C:\WINDOWS\SYSTEM32\CRYPTSP.dll
0x00007ffb4bde0000 - 0x00007ffb4be15000 	C:\WINDOWS\system32\rsaenh.dll
0x00007ffb4c440000 - 0x00007ffb4c467000 	C:\WINDOWS\SYSTEM32\USERENV.dll
0x00007ffb4c720000 - 0x00007ffb4c748000 	C:\WINDOWS\SYSTEM32\bcrypt.dll
0x00007ffb4c5b0000 - 0x00007ffb4c5bc000 	C:\WINDOWS\SYSTEM32\CRYPTBASE.dll
0x00007ffb4b950000 - 0x00007ffb4b97d000 	C:\WINDOWS\SYSTEM32\IPHLPAPI.DLL
0x00007ffb4ea10000 - 0x00007ffb4ea19000 	C:\WINDOWS\System32\NSI.dll
0x00007ffb45290000 - 0x00007ffb452a9000 	C:\WINDOWS\SYSTEM32\dhcpcsvc6.DLL
0x00007ffb44e60000 - 0x00007ffb44e7f000 	C:\WINDOWS\SYSTEM32\dhcpcsvc.DLL
0x00007ffb4b980000 - 0x00007ffb4ba76000 	C:\WINDOWS\SYSTEM32\DNSAPI.dll
0x00007ffb2d4e0000 - 0x00007ffb2d4e8000 	C:\WINDOWS\system32\wshunix.dll

dbghelp: loaded successfully - version: 4.0.5 - missing functions: none
symbol engine: initialized successfully - sym options: 0x614 - pdb path: .;C:\Program Files\Android\Android Studio1\jbr\bin;C:\WINDOWS\SYSTEM32;C:\WINDOWS\WinSxS\amd64_microsoft.windows.common-controls_6595b64144ccf1df_6.0.22543.1000_none_25f07d7fa9409c95;C:\Program Files\Android\Android Studio1\jbr\bin\server;C:\Users\wilda\native\68d5fa5c4cc2d200863cafc0d521ce42e7d3e7ee720ec0a83991735586a16f82\windows-amd64;C:\Users\wilda\native\e376f236ea51e6404a007f0833ffe2c6e607c4080706a723a18a27aeea778392\windows-amd64

VM Arguments:
jvm_args: --add-opens=java.base/java.util.concurrent.atomic=ALL-UNNAMED --add-opens=java.base/java.util=ALL-UNNAMED --add-opens=java.base/java.lang=ALL-UNNAMED --add-opens=java.base/java.lang.invoke=ALL-UNNAMED --add-opens=java.prefs/java.util.prefs=ALL-UNNAMED --add-opens=java.base/java.nio.charset=ALL-UNNAMED --add-opens=java.base/java.net=ALL-UNNAMED --add-opens=java.base/java.util.concurrent.atomic=ALL-UNNAMED -Xmx4096m -Dfile.encoding=UTF-8 -Duser.country=ID -Duser.language=en -Duser.variant 
java_command: org.gradle.launcher.daemon.bootstrap.GradleDaemon 8.0
java_class_path (initial): C:\Users\wilda\wrapper\dists\gradle-8.0-bin\ca5e32bp14vu59qr306oxotwh\gradle-8.0\lib\gradle-launcher-8.0.jar
Launcher Type: SUN_STANDARD

[Global flags]
     intx CICompilerCount                          = 3                                         {product} {ergonomic}
     uint ConcGCThreads                            = 1                                         {product} {ergonomic}
     uint G1ConcRefinementThreads                  = 4                                         {product} {ergonomic}
   size_t G1HeapRegionSize                         = 2097152                                   {product} {ergonomic}
    uintx GCDrainStackTargetSize                   = 64                                        {product} {ergonomic}
   size_t InitialHeapSize                          = 167772160                                 {product} {ergonomic}
   size_t MarkStackSize                            = 4194304                                   {product} {ergonomic}
   size_t MaxHeapSize                              = 4294967296                                {product} {command line}
   size_t MaxNewSize                               = 2575302656                                {product} {ergonomic}
   size_t MinHeapDeltaBytes                        = 2097152                                   {product} {ergonomic}
   size_t MinHeapSize                              = 8388608                                   {product} {ergonomic}
    uintx NonNMethodCodeHeapSize                   = 5832780                                {pd product} {ergonomic}
    uintx NonProfiledCodeHeapSize                  = 122912730                              {pd product} {ergonomic}
    uintx ProfiledCodeHeapSize                     = 122912730                              {pd product} {ergonomic}
    uintx ReservedCodeCacheSize                    = 251658240                              {pd product} {ergonomic}
     bool SegmentedCodeCache                       = true                                      {product} {ergonomic}
   size_t SoftMaxHeapSize                          = 4294967296                             {manageable} {ergonomic}
     bool UseCompressedClassPointers               = true                           {product lp64_product} {ergonomic}
     bool UseCompressedOops                        = true                           {product lp64_product} {ergonomic}
     bool UseG1GC                                  = true                                      {product} {ergonomic}
     bool UseLargePagesIndividualAllocation        = false                                  {pd product} {ergonomic}

Logging:
Log output configuration:
 #0: stdout all=warning uptime,level,tags
 #1: stderr all=off uptime,level,tags

Environment Variables:
JAVA_HOME=C:\Users\wilda\AppData\Local\jdk-19.0.2
PATH=C:\Program Files (x86)\VMware\VMware Workstation\bin\;C:\Program Files (x86)\Common Files\Oracle\Java\javapath;C:\WINDOWS\system32;C:\WINDOWS;C:\WINDOWS\System32\Wbem;C:\WINDOWS\System32\WindowsPowerShell\v1.0\;C:\WINDOWS\System32\OpenSSH\;C:\ProgramData\chocolatey\bin;C:\Program Files\PuTTY\;C:\Program Files\Git\cmd;C:\Program Files\Docker\Docker\resources\bin;C:\ProgramData\DockerDesktop\version-bin;C:\Program Files\PowerShell\7\;C:\Program Files\nodejs\;C:\Users\wilda\AppData\Local\jdk-19.0.2;C:\Program Files (x86)\NoteBook FanControl\;C:\Users\wilda\AppData\Local\Programs\Python\Python38\;C:\Users\wilda\AppData\Local\Programs\Python\Python310\Scripts\;C:\Users\wilda\AppData\Local\Programs\Python\Python310\;C:\Users\wilda\AppData\Local\Programs\Python\Python39\Scripts\;C:\Users\wilda\AppData\Local\Programs\Python\Python39\;C:\Users\wilda\AppData\Local\Microsoft\WindowsApps;C:\Program Files\heroku\bin;C:\Program Files (x86)\Nmap;C:\Users\wilda\AppData\Local\Programs\Microsoft VS Code\bin;C:\Users\wilda\AppData\Roaming\npm;C:\Program Files\JetBrains\PyCharm 2023.1.3\bin;;C:\Users\wilda\flutter_windows_3.7.12-stable\flutter\bin;C:\tools\dart-sdk\bin;C:\Users\wilda\AppData\Roaming\Pub\Cache\bin;C:\Users\wilda\AppData\Local\Android\Sdk\tools\bin;C:\Users\wilda\AppData\Local\Gradle\gradle-8.0.2\bin;C:\Users\wilda\AppData\Local\jdk-19.0.2\bin;C:\Program Files\Java\jdk1.8.0_271\bin;C:\Users\wilda\dart-sdk\bin;C:\Program Files\JetBrains\PyCharm Community Edition 2023.2.1\bin;;;C:\Program Files\JetBrains\IntelliJ IDEA Community Edition 2023.2.1\bin;
USERNAME=wildanassyidiq142
OS=Windows_NT
PROCESSOR_IDENTIFIER=AMD64 Family 23 Model 24 Stepping 1, AuthenticAMD
TMP=C:\Users\wilda\AppData\Local\Temp
TEMP=C:\Users\wilda\AppData\Local\Temp


JNI global refs:
JNI global refs: 23, weak refs: 0

JNI global refs memory usage: 843, weak refs: 841


---------------  S Y S T E M  ---------------

OS:
 Windows 11 , 64 bit Build 22543 (10.0.22543.1000)
OS uptime: 0 days 19:42 hours
Hyper-V role detected

CPU: total 4 (initial active 4) (4 cores per cpu, 2 threads per core) family 23 model 24 stepping 1 microcode 0x0, cx8, cmov, fxsr, ht, mmx, 3dnowpref, sse, sse2, sse3, ssse3, sse4a, sse4.1, sse4.2, popcnt, lzcnt, tsc, tscinvbit, avx, avx2, aes, clmul, bmi1, bmi2, adx, sha, fma, vzeroupper, clflush, clflushopt, hv

Memory: 4k page, system-wide physical 10177M (785M free)
TotalPageFile size 13177M (AvailPageFile size 10M)
current process WorkingSet (physical memory assigned to process): 231M, peak: 233M
current process commit charge ("private bytes"): 274M, peak: 280M

vm_info: OpenJDK 64-Bit Server VM (17.0.6+0-b2043.56-10027231) for windows-amd64 JRE (17.0.6+0-b2043.56-10027231), built on Apr 28 2023 00:43:19 by "androidbuild" with MS VC++ 16.10 / 16.11 (VS2019)

END.
